2024-02-08 11:36:55.353 [info] Reading sessions from keychain...
2024-02-08 11:36:55.353 [info] Getting sessions for all scopes...
2024-02-08 11:36:55.504 [info] Getting sessions for read:user,repo,user:email,workflow...
2024-02-08 11:36:55.540 [info] Got stored sessions!
2024-02-08 11:36:55.540 [info] Got 2 verified sessions.
2024-02-08 11:36:55.540 [info] Got 2 sessions for ...
2024-02-08 11:36:55.541 [info] Got 1 sessions for read:user,repo,user:email,workflow...
2024-02-08 11:36:56.217 [info] Getting sessions for all scopes...
2024-02-08 11:36:56.220 [info] Got 2 sessions for ...
2024-02-08 11:36:56.904 [info] Getting sessions for read:user,repo,user:email,workflow...
2024-02-08 11:36:56.904 [info] Got 1 sessions for read:user,repo,user:email,workflow...
2024-02-08 11:36:57.482 [info] Getting sessions for all scopes...
2024-02-08 11:36:57.483 [info] Got 2 sessions for ...
2024-02-08 11:36:59.210 [info] Getting sessions for user:email...
2024-02-08 11:36:59.211 [info] Got 1 sessions for user:email...
2024-02-08 11:41:48.453 [info] Getting sessions for read:user,repo,user:email,workflow...
2024-02-08 11:41:48.460 [info] Got 1 sessions for read:user,repo,user:email,workflow...
2024-02-08 12:49:59.842 [info] Getting sessions for read:user,repo,user:email,workflow...
2024-02-08 12:49:59.875 [info] Got 1 sessions for read:user,repo,user:email,workflow...
2024-02-08 13:15:02.405 [info] Getting sessions for read:user,repo,user:email,workflow...
2024-02-08 13:15:02.405 [info] Got 1 sessions for read:user,repo,user:email,workflow...
2024-02-08 14:24:24.209 [info] Getting sessions for read:user,repo,user:email,workflow...
2024-02-08 14:24:24.307 [info] Got 1 sessions for read:user,repo,user:email,workflow...
