2024-02-08 09:57:53.609 [warning] Via 'product.json#extensionEnabledApiProposals' extension 'ms-python.python' wants API proposal 'registerIssueDataProvider' but that proposal DOES NOT EXIST. Likely, the proposal has been finalized (check 'vscode.d.ts') or was abandoned.
2024-02-08 09:57:56.784 [info] Started local extension host with pid 3633.
2024-02-08 09:59:51.830 [info] [perf] Render performance baseline is 148ms
2024-02-08 10:32:09.456 [error] Cannot read properties of undefined (reading 'slice'): TypeError: Cannot read properties of undefined (reading 'slice')
	at insertCursor (/home/chris/.vscode/extensions/james-yu.latex-workshop-9.18.0/out/src/preview/math/mathpreviewlib/cursorrenderer.js:64:57)
	at async Object.onTeX (/home/chris/.vscode/extensions/james-yu.latex-workshop-9.18.0/out/src/preview/math.js:67:13)
	at async HoverProvider.provideHover (/home/chris/.vscode/extensions/james-yu.latex-workshop-9.18.0/out/src/preview/hover.js:42:31)
	at async p.provideHover (/opt/visual-studio-code/resources/app/out/vs/workbench/api/node/extensionHostProcess.js:143:42365)
2024-02-08 10:34:20.653 [error] Cannot read properties of undefined (reading 'slice'): TypeError: Cannot read properties of undefined (reading 'slice')
	at insertCursor (/home/chris/.vscode/extensions/james-yu.latex-workshop-9.18.0/out/src/preview/math/mathpreviewlib/cursorrenderer.js:64:57)
	at async Object.onTeX (/home/chris/.vscode/extensions/james-yu.latex-workshop-9.18.0/out/src/preview/math.js:67:13)
	at async HoverProvider.provideHover (/home/chris/.vscode/extensions/james-yu.latex-workshop-9.18.0/out/src/preview/hover.js:42:31)
	at async p.provideHover (/opt/visual-studio-code/resources/app/out/vs/workbench/api/node/extensionHostProcess.js:143:42365)
2024-02-08 10:34:22.945 [error] Cannot read properties of undefined (reading 'slice'): TypeError: Cannot read properties of undefined (reading 'slice')
	at insertCursor (/home/chris/.vscode/extensions/james-yu.latex-workshop-9.18.0/out/src/preview/math/mathpreviewlib/cursorrenderer.js:64:57)
2024-02-08 10:34:24.583 [error] Cannot read properties of undefined (reading 'slice'): TypeError: Cannot read properties of undefined (reading 'slice')
	at insertCursor (/home/chris/.vscode/extensions/james-yu.latex-workshop-9.18.0/out/src/preview/math/mathpreviewlib/cursorrenderer.js:64:57)
2024-02-08 10:34:26.709 [error] Cannot read properties of undefined (reading 'slice'): TypeError: Cannot read properties of undefined (reading 'slice')
	at insertCursor (/home/chris/.vscode/extensions/james-yu.latex-workshop-9.18.0/out/src/preview/math/mathpreviewlib/cursorrenderer.js:64:57)
	at async Object.onTeX (/home/chris/.vscode/extensions/james-yu.latex-workshop-9.18.0/out/src/preview/math.js:67:13)
	at async HoverProvider.provideHover (/home/chris/.vscode/extensions/james-yu.latex-workshop-9.18.0/out/src/preview/hover.js:42:31)
	at async p.provideHover (/opt/visual-studio-code/resources/app/out/vs/workbench/api/node/extensionHostProcess.js:143:42365)
2024-02-08 10:35:25.418 [error] Cannot read properties of undefined (reading 'slice'): TypeError: Cannot read properties of undefined (reading 'slice')
	at insertCursor (/home/chris/.vscode/extensions/james-yu.latex-workshop-9.18.0/out/src/preview/math/mathpreviewlib/cursorrenderer.js:64:57)
2024-02-08 10:35:31.209 [error] Cannot read properties of undefined (reading 'slice'): TypeError: Cannot read properties of undefined (reading 'slice')
	at insertCursor (/home/chris/.vscode/extensions/james-yu.latex-workshop-9.18.0/out/src/preview/math/mathpreviewlib/cursorrenderer.js:64:57)
2024-02-08 10:35:35.193 [error] Cannot read properties of undefined (reading 'slice'): TypeError: Cannot read properties of undefined (reading 'slice')
	at insertCursor (/home/chris/.vscode/extensions/james-yu.latex-workshop-9.18.0/out/src/preview/math/mathpreviewlib/cursorrenderer.js:64:57)
	at async Object.onTeX (/home/chris/.vscode/extensions/james-yu.latex-workshop-9.18.0/out/src/preview/math.js:67:13)
	at async HoverProvider.provideHover (/home/chris/.vscode/extensions/james-yu.latex-workshop-9.18.0/out/src/preview/hover.js:42:31)
	at async p.provideHover (/opt/visual-studio-code/resources/app/out/vs/workbench/api/node/extensionHostProcess.js:143:42365)
2024-02-08 10:35:39.054 [error] Cannot read properties of undefined (reading 'slice'): TypeError: Cannot read properties of undefined (reading 'slice')
	at insertCursor (/home/chris/.vscode/extensions/james-yu.latex-workshop-9.18.0/out/src/preview/math/mathpreviewlib/cursorrenderer.js:64:57)
	at async Object.onTeX (/home/chris/.vscode/extensions/james-yu.latex-workshop-9.18.0/out/src/preview/math.js:67:13)
	at async HoverProvider.provideHover (/home/chris/.vscode/extensions/james-yu.latex-workshop-9.18.0/out/src/preview/hover.js:42:31)
	at async p.provideHover (/opt/visual-studio-code/resources/app/out/vs/workbench/api/node/extensionHostProcess.js:143:42365)
2024-02-08 10:35:45.018 [error] Cannot read properties of undefined (reading 'slice'): TypeError: Cannot read properties of undefined (reading 'slice')
	at insertCursor (/home/chris/.vscode/extensions/james-yu.latex-workshop-9.18.0/out/src/preview/math/mathpreviewlib/cursorrenderer.js:64:57)
	at async Object.onTeX (/home/chris/.vscode/extensions/james-yu.latex-workshop-9.18.0/out/src/preview/math.js:67:13)
	at async HoverProvider.provideHover (/home/chris/.vscode/extensions/james-yu.latex-workshop-9.18.0/out/src/preview/hover.js:42:31)
	at async p.provideHover (/opt/visual-studio-code/resources/app/out/vs/workbench/api/node/extensionHostProcess.js:143:42365)
2024-02-08 10:35:45.755 [error] Cannot read properties of undefined (reading 'slice'): TypeError: Cannot read properties of undefined (reading 'slice')
	at insertCursor (/home/chris/.vscode/extensions/james-yu.latex-workshop-9.18.0/out/src/preview/math/mathpreviewlib/cursorrenderer.js:64:57)
2024-02-08 10:35:58.853 [error] Cannot read properties of undefined (reading 'slice'): TypeError: Cannot read properties of undefined (reading 'slice')
	at insertCursor (/home/chris/.vscode/extensions/james-yu.latex-workshop-9.18.0/out/src/preview/math/mathpreviewlib/cursorrenderer.js:64:57)
	at async Object.onTeX (/home/chris/.vscode/extensions/james-yu.latex-workshop-9.18.0/out/src/preview/math.js:67:13)
	at async HoverProvider.provideHover (/home/chris/.vscode/extensions/james-yu.latex-workshop-9.18.0/out/src/preview/hover.js:42:31)
	at async p.provideHover (/opt/visual-studio-code/resources/app/out/vs/workbench/api/node/extensionHostProcess.js:143:42365)
2024-02-08 10:44:46.311 [error] Cannot read properties of undefined (reading 'slice'): TypeError: Cannot read properties of undefined (reading 'slice')
	at insertCursor (/home/chris/.vscode/extensions/james-yu.latex-workshop-9.18.0/out/src/preview/math/mathpreviewlib/cursorrenderer.js:64:57)
	at async Object.onTeX (/home/chris/.vscode/extensions/james-yu.latex-workshop-9.18.0/out/src/preview/math.js:67:13)
	at async HoverProvider.provideHover (/home/chris/.vscode/extensions/james-yu.latex-workshop-9.18.0/out/src/preview/hover.js:42:31)
	at async p.provideHover (/opt/visual-studio-code/resources/app/out/vs/workbench/api/node/extensionHostProcess.js:143:42365)
2024-02-08 11:15:32.862 [error] Cannot read properties of undefined (reading 'slice'): TypeError: Cannot read properties of undefined (reading 'slice')
	at insertCursor (/home/chris/.vscode/extensions/james-yu.latex-workshop-9.18.0/out/src/preview/math/mathpreviewlib/cursorrenderer.js:64:57)
	at async Object.onTeX (/home/chris/.vscode/extensions/james-yu.latex-workshop-9.18.0/out/src/preview/math.js:67:13)
	at async HoverProvider.provideHover (/home/chris/.vscode/extensions/james-yu.latex-workshop-9.18.0/out/src/preview/hover.js:42:31)
	at async p.provideHover (/opt/visual-studio-code/resources/app/out/vs/workbench/api/node/extensionHostProcess.js:143:42365)
2024-02-08 12:52:27.163 [error] Cannot read properties of undefined (reading 'slice'): TypeError: Cannot read properties of undefined (reading 'slice')
	at insertCursor (/home/chris/.vscode/extensions/james-yu.latex-workshop-9.18.0/out/src/preview/math/mathpreviewlib/cursorrenderer.js:64:57)
	at async Object.onTeX (/home/chris/.vscode/extensions/james-yu.latex-workshop-9.18.0/out/src/preview/math.js:67:13)
	at async HoverProvider.provideHover (/home/chris/.vscode/extensions/james-yu.latex-workshop-9.18.0/out/src/preview/hover.js:42:31)
	at async p.provideHover (/opt/visual-studio-code/resources/app/out/vs/workbench/api/node/extensionHostProcess.js:143:42365)
2024-02-08 12:52:27.343 [error] Cannot read properties of undefined (reading 'slice'): TypeError: Cannot read properties of undefined (reading 'slice')
	at insertCursor (/home/chris/.vscode/extensions/james-yu.latex-workshop-9.18.0/out/src/preview/math/mathpreviewlib/cursorrenderer.js:64:57)
2024-02-08 12:52:34.473 [error] Cannot read properties of undefined (reading 'slice'): TypeError: Cannot read properties of undefined (reading 'slice')
	at insertCursor (/home/chris/.vscode/extensions/james-yu.latex-workshop-9.18.0/out/src/preview/math/mathpreviewlib/cursorrenderer.js:64:57)
	at async Object.onTeX (/home/chris/.vscode/extensions/james-yu.latex-workshop-9.18.0/out/src/preview/math.js:67:13)
	at async HoverProvider.provideHover (/home/chris/.vscode/extensions/james-yu.latex-workshop-9.18.0/out/src/preview/hover.js:42:31)
	at async p.provideHover (/opt/visual-studio-code/resources/app/out/vs/workbench/api/node/extensionHostProcess.js:143:42365)
