2024-02-07 14:59:13.899 [info] Log level: Info
2024-02-07 14:59:13.899 [info] Validating found git in: "git"
2024-02-07 14:59:13.989 [info] Using git "2.43.0" from "git"
2024-02-07 14:59:15.122 [info] > git rev-parse --show-toplevel [1043ms]
2024-02-07 14:59:15.757 [info] > git rev-parse --git-dir --git-common-dir [8ms]
2024-02-07 14:59:15.818 [info] Open repository: /mnt/Mis archivos/Google Drive/Tesis pregrado/bachelor-thesis
2024-02-07 14:59:16.006 [info] > git rev-parse --show-toplevel [26ms]
2024-02-07 14:59:16.012 [info] > git config --get commit.template [62ms]
2024-02-07 14:59:16.348 [info] > git rev-parse --show-toplevel [174ms]
2024-02-07 14:59:17.319 [info] > git check-ignore -v -z --stdin [53ms]
2024-02-07 14:59:17.345 [info] > git for-each-ref --format=%(refname)%00%(upstream:short)%00%(objectname)%00%(upstream:track)%00%(upstream:remotename)%00%(upstream:remoteref) refs/heads/main refs/remotes/main [1122ms]
2024-02-07 14:59:17.355 [info] > git rev-parse --show-toplevel [47ms]
2024-02-07 14:59:17.390 [info] > git rev-parse --show-toplevel [7ms]
2024-02-07 14:59:17.511 [info] > git rev-parse --show-toplevel [53ms]
2024-02-07 14:59:17.581 [info] > git status -z -uall [155ms]
2024-02-07 14:59:17.598 [info] > git rev-parse --show-toplevel [22ms]
2024-02-07 14:59:17.649 [info] > git config --get commit.template [23ms]
2024-02-07 14:59:17.669 [info] > git rev-parse --show-toplevel [22ms]
2024-02-07 14:59:17.743 [info] > git show --textconv :sources/chap03.tex [51ms]
2024-02-07 14:59:17.743 [info] > git for-each-ref --format=%(refname)%00%(upstream:short)%00%(objectname)%00%(upstream:track)%00%(upstream:remotename)%00%(upstream:remoteref) refs/heads/main refs/remotes/main [76ms]
2024-02-07 14:59:17.747 [info] > git ls-files --stage -- /mnt/Mis archivos/Google Drive/Tesis pregrado/bachelor-thesis/sources/chap03.tex [21ms]
2024-02-07 14:59:17.846 [info] > git cat-file -s 9a70488f56e92eb9b131ad84b7d1c6f295655b3e [77ms]
2024-02-07 14:59:17.883 [info] > git status -z -uall [12ms]
2024-02-07 15:36:13.493 [info] > git config --get commit.template [39ms]
2024-02-07 15:36:13.577 [info] > git for-each-ref --format=%(refname)%00%(upstream:short)%00%(objectname)%00%(upstream:track)%00%(upstream:remotename)%00%(upstream:remoteref) refs/heads/main refs/remotes/main [87ms]
2024-02-07 15:36:13.896 [info] > git status -z -uall [275ms]
2024-02-07 15:36:28.886 [info] > git config --get commit.template [39ms]
2024-02-07 15:36:28.895 [info] > git for-each-ref --format=%(refname)%00%(upstream:short)%00%(objectname)%00%(upstream:track)%00%(upstream:remotename)%00%(upstream:remoteref) refs/heads/main refs/remotes/main [16ms]
2024-02-07 15:36:28.946 [info] > git status -z -uall [18ms]
2024-02-07 15:37:11.724 [info] > git config --get commit.template [12ms]
2024-02-07 15:37:11.832 [info] > git for-each-ref --format=%(refname)%00%(upstream:short)%00%(objectname)%00%(upstream:track)%00%(upstream:remotename)%00%(upstream:remoteref) refs/heads/main refs/remotes/main [28ms]
2024-02-07 15:37:12.070 [info] > git status -z -uall [113ms]
2024-02-07 15:37:41.341 [info] > git config --get commit.template [11ms]
2024-02-07 15:37:41.391 [info] > git for-each-ref --format=%(refname)%00%(upstream:short)%00%(objectname)%00%(upstream:track)%00%(upstream:remotename)%00%(upstream:remoteref) refs/heads/main refs/remotes/main [10ms]
2024-02-07 15:37:41.447 [info] > git status -z -uall [19ms]
2024-02-07 15:40:25.142 [info] > git for-each-ref --format=%(refname)%00%(upstream:short)%00%(objectname)%00%(upstream:track)%00%(upstream:remotename)%00%(upstream:remoteref) refs/heads/main refs/remotes/main [71ms]
2024-02-07 15:40:25.180 [info] > git config --get commit.template [140ms]
2024-02-07 15:40:25.236 [info] > git status -z -uall [17ms]
2024-02-07 15:41:26.576 [info] > git config --get commit.template [46ms]
2024-02-07 15:41:26.583 [info] > git for-each-ref --format=%(refname)%00%(upstream:short)%00%(objectname)%00%(upstream:track)%00%(upstream:remotename)%00%(upstream:remoteref) refs/heads/main refs/remotes/main [10ms]
2024-02-07 15:41:26.635 [info] > git status -z -uall [19ms]
2024-02-07 15:41:31.776 [info] > git config --get commit.template [61ms]
2024-02-07 15:41:31.792 [info] > git for-each-ref --format=%(refname)%00%(upstream:short)%00%(objectname)%00%(upstream:track)%00%(upstream:remotename)%00%(upstream:remoteref) refs/heads/main refs/remotes/main [20ms]
2024-02-07 15:41:31.896 [info] > git status -z -uall [39ms]
2024-02-07 15:41:44.714 [info] > git config --get commit.template [37ms]
2024-02-07 15:41:44.724 [info] > git for-each-ref --format=%(refname)%00%(upstream:short)%00%(objectname)%00%(upstream:track)%00%(upstream:remotename)%00%(upstream:remoteref) refs/heads/main refs/remotes/main [13ms]
2024-02-07 15:41:44.783 [info] > git status -z -uall [20ms]
2024-02-07 15:41:49.896 [info] > git config --get commit.template [41ms]
2024-02-07 15:41:49.905 [info] > git for-each-ref --format=%(refname)%00%(upstream:short)%00%(objectname)%00%(upstream:track)%00%(upstream:remotename)%00%(upstream:remoteref) refs/heads/main refs/remotes/main [12ms]
2024-02-07 15:41:49.963 [info] > git status -z -uall [19ms]
2024-02-07 15:43:08.209 [info] > git config --get commit.template [37ms]
2024-02-07 15:43:08.216 [info] > git for-each-ref --format=%(refname)%00%(upstream:short)%00%(objectname)%00%(upstream:track)%00%(upstream:remotename)%00%(upstream:remoteref) refs/heads/main refs/remotes/main [10ms]
2024-02-07 15:43:08.270 [info] > git status -z -uall [17ms]
2024-02-07 15:43:24.768 [info] > git config --get commit.template [5ms]
2024-02-07 15:43:24.880 [info] > git for-each-ref --format=%(refname)%00%(upstream:short)%00%(objectname)%00%(upstream:track)%00%(upstream:remotename)%00%(upstream:remoteref) refs/heads/main refs/remotes/main [29ms]
2024-02-07 15:43:25.005 [info] > git status -z -uall [37ms]
2024-02-07 15:43:33.892 [info] > git config --get commit.template [41ms]
2024-02-07 15:43:33.934 [info] > git for-each-ref --format=%(refname)%00%(upstream:short)%00%(objectname)%00%(upstream:track)%00%(upstream:remotename)%00%(upstream:remoteref) refs/heads/main refs/remotes/main [45ms]
2024-02-07 15:43:34.090 [info] > git status -z -uall [117ms]
2024-02-07 15:44:08.836 [info] > git config --get commit.template [38ms]
2024-02-07 15:44:08.844 [info] > git for-each-ref --format=%(refname)%00%(upstream:short)%00%(objectname)%00%(upstream:track)%00%(upstream:remotename)%00%(upstream:remoteref) refs/heads/main refs/remotes/main [9ms]
2024-02-07 15:44:08.897 [info] > git status -z -uall [18ms]
2024-02-07 15:44:25.759 [info] > git config --get commit.template [33ms]
2024-02-07 15:44:25.765 [info] > git for-each-ref --format=%(refname)%00%(upstream:short)%00%(objectname)%00%(upstream:track)%00%(upstream:remotename)%00%(upstream:remoteref) refs/heads/main refs/remotes/main [7ms]
2024-02-07 15:44:25.817 [info] > git status -z -uall [18ms]
2024-02-07 15:45:28.093 [info] > git for-each-ref --format=%(refname)%00%(upstream:short)%00%(objectname)%00%(upstream:track)%00%(upstream:remotename)%00%(upstream:remoteref) refs/heads/main refs/remotes/main [40ms]
2024-02-07 15:45:28.096 [info] > git config --get commit.template [5ms]
2024-02-07 15:45:28.142 [info] > git status -z -uall [14ms]
2024-02-07 15:46:15.804 [info] > git config --get commit.template [35ms]
2024-02-07 15:46:15.810 [info] > git for-each-ref --format=%(refname)%00%(upstream:short)%00%(objectname)%00%(upstream:track)%00%(upstream:remotename)%00%(upstream:remoteref) refs/heads/main refs/remotes/main [9ms]
2024-02-07 15:46:15.858 [info] > git status -z -uall [15ms]
2024-02-07 15:46:42.230 [info] > git config --get commit.template [33ms]
2024-02-07 15:46:42.236 [info] > git for-each-ref --format=%(refname)%00%(upstream:short)%00%(objectname)%00%(upstream:track)%00%(upstream:remotename)%00%(upstream:remoteref) refs/heads/main refs/remotes/main [8ms]
2024-02-07 15:46:42.283 [info] > git status -z -uall [17ms]
2024-02-07 15:47:03.673 [info] > git config --get commit.template [35ms]
2024-02-07 15:47:03.680 [info] > git for-each-ref --format=%(refname)%00%(upstream:short)%00%(objectname)%00%(upstream:track)%00%(upstream:remotename)%00%(upstream:remoteref) refs/heads/main refs/remotes/main [9ms]
2024-02-07 15:47:03.727 [info] > git status -z -uall [16ms]
2024-02-07 15:49:32.090 [info] > git config --get commit.template [50ms]
2024-02-07 15:49:32.102 [info] > git for-each-ref --format=%(refname)%00%(upstream:short)%00%(objectname)%00%(upstream:track)%00%(upstream:remotename)%00%(upstream:remoteref) refs/heads/main refs/remotes/main [15ms]
2024-02-07 15:49:32.179 [info] > git status -z -uall [25ms]
2024-02-07 15:49:59.161 [info] > git config --get commit.template [33ms]
2024-02-07 15:49:59.167 [info] > git for-each-ref --format=%(refname)%00%(upstream:short)%00%(objectname)%00%(upstream:track)%00%(upstream:remotename)%00%(upstream:remoteref) refs/heads/main refs/remotes/main [8ms]
2024-02-07 15:49:59.215 [info] > git status -z -uall [18ms]
2024-02-07 16:00:42.903 [info] > git ls-files --stage -- /mnt/Mis archivos/Google Drive/Tesis pregrado/bachelor-thesis/sources/chap02.tex [55ms]
2024-02-07 16:00:43.000 [info] > git show --textconv :sources/chap02.tex [291ms]
2024-02-07 16:00:43.011 [info] > git cat-file -s fbb80b2f720b36c4ef152c3578762346a727e384 [20ms]
2024-02-07 16:01:20.882 [info] > git config --get commit.template [19ms]
2024-02-07 16:01:21.019 [info] > git for-each-ref --format=%(refname)%00%(upstream:short)%00%(objectname)%00%(upstream:track)%00%(upstream:remotename)%00%(upstream:remoteref) refs/heads/main refs/remotes/main [30ms]
2024-02-07 16:01:21.391 [info] > git status -z -uall [262ms]
2024-02-07 16:01:53.459 [info] > git config --get commit.template [39ms]
2024-02-07 16:01:53.464 [info] > git for-each-ref --format=%(refname)%00%(upstream:short)%00%(objectname)%00%(upstream:track)%00%(upstream:remotename)%00%(upstream:remoteref) refs/heads/main refs/remotes/main [8ms]
2024-02-07 16:01:53.515 [info] > git status -z -uall [17ms]
2024-02-07 16:02:25.483 [info] > git config --get commit.template [43ms]
2024-02-07 16:02:25.488 [info] > git for-each-ref --format=%(refname)%00%(upstream:short)%00%(objectname)%00%(upstream:track)%00%(upstream:remotename)%00%(upstream:remoteref) refs/heads/main refs/remotes/main [8ms]
2024-02-07 16:02:25.540 [info] > git status -z -uall [15ms]
2024-02-07 16:04:13.879 [info] > git config --get commit.template [43ms]
2024-02-07 16:04:13.884 [info] > git for-each-ref --format=%(refname)%00%(upstream:short)%00%(objectname)%00%(upstream:track)%00%(upstream:remotename)%00%(upstream:remoteref) refs/heads/main refs/remotes/main [13ms]
2024-02-07 16:04:14.030 [info] > git status -z -uall [108ms]
2024-02-07 16:04:14.041 [info] > git show --textconv :sources/chap03.tex [74ms]
2024-02-07 16:04:14.041 [info] > git ls-files --stage -- /mnt/Mis archivos/Google Drive/Tesis pregrado/bachelor-thesis/sources/chap03.tex [13ms]
2024-02-07 16:04:14.086 [info] > git cat-file -s 9a70488f56e92eb9b131ad84b7d1c6f295655b3e [11ms]
2024-02-07 16:04:19.104 [info] > git config --get commit.template [33ms]
2024-02-07 16:04:19.110 [info] > git for-each-ref --format=%(refname)%00%(upstream:short)%00%(objectname)%00%(upstream:track)%00%(upstream:remotename)%00%(upstream:remoteref) refs/heads/main refs/remotes/main [8ms]
2024-02-07 16:04:19.158 [info] > git status -z -uall [16ms]
2024-02-07 16:55:38.335 [info] > git config --get commit.template [41ms]
2024-02-07 16:55:38.343 [info] > git for-each-ref --format=%(refname)%00%(upstream:short)%00%(objectname)%00%(upstream:track)%00%(upstream:remotename)%00%(upstream:remoteref) refs/heads/main refs/remotes/main [10ms]
2024-02-07 16:55:38.401 [info] > git status -z -uall [19ms]
2024-02-07 16:56:27.959 [info] > git config --get commit.template [34ms]
2024-02-07 16:56:27.965 [info] > git for-each-ref --format=%(refname)%00%(upstream:short)%00%(objectname)%00%(upstream:track)%00%(upstream:remotename)%00%(upstream:remoteref) refs/heads/main refs/remotes/main [8ms]
2024-02-07 16:56:28.013 [info] > git status -z -uall [16ms]
2024-02-07 16:59:28.415 [info] > git config --get commit.template [37ms]
2024-02-07 16:59:28.422 [info] > git for-each-ref --format=%(refname)%00%(upstream:short)%00%(objectname)%00%(upstream:track)%00%(upstream:remotename)%00%(upstream:remoteref) refs/heads/main refs/remotes/main [8ms]
2024-02-07 16:59:28.467 [info] > git status -z -uall [15ms]
2024-02-07 16:59:30.304 [info] > git show --textconv :sources/chap04.tex [43ms]
2024-02-07 16:59:30.310 [info] > git ls-files --stage -- /mnt/Mis archivos/Google Drive/Tesis pregrado/bachelor-thesis/sources/chap04.tex [7ms]
2024-02-07 16:59:30.349 [info] > git cat-file -s 79887ff35180d8f3bc7892c90356a05d07b42b20 [7ms]
2024-02-07 16:59:37.345 [info] > git config --get commit.template [59ms]
2024-02-07 16:59:37.361 [info] > git for-each-ref --format=%(refname)%00%(upstream:short)%00%(objectname)%00%(upstream:track)%00%(upstream:remotename)%00%(upstream:remoteref) refs/heads/main refs/remotes/main [19ms]
2024-02-07 16:59:37.425 [info] > git status -z -uall [23ms]
2024-02-07 16:59:42.742 [info] > git config --get commit.template [31ms]
2024-02-07 16:59:42.749 [info] > git for-each-ref --format=%(refname)%00%(upstream:short)%00%(objectname)%00%(upstream:track)%00%(upstream:remotename)%00%(upstream:remoteref) refs/heads/main refs/remotes/main [8ms]
2024-02-07 16:59:42.796 [info] > git status -z -uall [15ms]
2024-02-07 16:59:47.168 [info] > git show --textconv :thesis.tex [41ms]
2024-02-07 16:59:47.173 [info] > git ls-files --stage -- /mnt/Mis archivos/Google Drive/Tesis pregrado/bachelor-thesis/thesis.tex [7ms]
2024-02-07 16:59:47.229 [info] > git cat-file -s 58ccc285ee317badc82bb58677a5ffa8ec3f6786 [11ms]
2024-02-07 16:59:47.935 [info] > git config --get commit.template [56ms]
2024-02-07 16:59:47.948 [info] > git for-each-ref --format=%(refname)%00%(upstream:short)%00%(objectname)%00%(upstream:track)%00%(upstream:remotename)%00%(upstream:remoteref) refs/heads/main refs/remotes/main [15ms]
2024-02-07 16:59:48.020 [info] > git status -z -uall [29ms]
2024-02-07 16:59:53.698 [info] > git show --textconv :sources/chap04.tex [40ms]
2024-02-07 16:59:53.704 [info] > git ls-files --stage -- /mnt/Mis archivos/Google Drive/Tesis pregrado/bachelor-thesis/sources/chap04.tex [8ms]
2024-02-07 16:59:53.770 [info] > git cat-file -s 79887ff35180d8f3bc7892c90356a05d07b42b20 [19ms]
2024-02-07 17:00:17.664 [info] > git config --get commit.template [34ms]
2024-02-07 17:00:17.671 [info] > git for-each-ref --format=%(refname)%00%(upstream:short)%00%(objectname)%00%(upstream:track)%00%(upstream:remotename)%00%(upstream:remoteref) refs/heads/main refs/remotes/main [8ms]
2024-02-07 17:00:17.733 [info] > git status -z -uall [23ms]
2024-02-07 17:01:31.728 [info] > git config --get commit.template [36ms]
2024-02-07 17:01:31.737 [info] > git for-each-ref --format=%(refname)%00%(upstream:short)%00%(objectname)%00%(upstream:track)%00%(upstream:remotename)%00%(upstream:remoteref) refs/heads/main refs/remotes/main [14ms]
2024-02-07 17:01:31.791 [info] > git status -z -uall [16ms]
2024-02-07 17:02:27.233 [info] > git config --get commit.template [33ms]
2024-02-07 17:02:27.239 [info] > git for-each-ref --format=%(refname)%00%(upstream:short)%00%(objectname)%00%(upstream:track)%00%(upstream:remotename)%00%(upstream:remoteref) refs/heads/main refs/remotes/main [8ms]
2024-02-07 17:02:27.287 [info] > git status -z -uall [15ms]
2024-02-07 17:03:07.239 [info] > git config --get commit.template [34ms]
2024-02-07 17:03:07.247 [info] > git for-each-ref --format=%(refname)%00%(upstream:short)%00%(objectname)%00%(upstream:track)%00%(upstream:remotename)%00%(upstream:remoteref) refs/heads/main refs/remotes/main [10ms]
2024-02-07 17:03:07.292 [info] > git status -z -uall [16ms]
2024-02-07 19:59:13.763 [info] > git config --get commit.template [59ms]
2024-02-07 19:59:13.773 [info] > git for-each-ref --format=%(refname)%00%(upstream:short)%00%(objectname)%00%(upstream:track)%00%(upstream:remotename)%00%(upstream:remoteref) refs/heads/main refs/remotes/main [16ms]
2024-02-07 19:59:13.848 [info] > git status -z -uall [29ms]
2024-02-07 20:45:13.114 [info] > git show --textconv :sources/chap03.tex [18ms]
2024-02-07 20:45:13.165 [info] > git ls-files --stage -- /mnt/Mis archivos/Google Drive/Tesis pregrado/bachelor-thesis/sources/chap03.tex [52ms]
2024-02-07 20:45:13.187 [info] > git cat-file -s 9a70488f56e92eb9b131ad84b7d1c6f295655b3e [5ms]
2024-02-07 20:45:30.569 [info] > git config --get commit.template [22ms]
2024-02-07 20:45:30.573 [info] > git for-each-ref --format=%(refname)%00%(upstream:short)%00%(objectname)%00%(upstream:track)%00%(upstream:remotename)%00%(upstream:remoteref) refs/heads/main refs/remotes/main [5ms]
2024-02-07 20:45:30.602 [info] > git status -z -uall [9ms]
2024-02-07 20:45:47.566 [info] > git config --get commit.template [3ms]
2024-02-07 20:45:47.609 [info] > git for-each-ref --format=%(refname)%00%(upstream:short)%00%(objectname)%00%(upstream:track)%00%(upstream:remotename)%00%(upstream:remoteref) refs/heads/main refs/remotes/main [23ms]
2024-02-07 20:45:47.651 [info] > git status -z -uall [23ms]
2024-02-07 20:45:58.963 [info] > git config --get commit.template [21ms]
2024-02-07 20:45:58.967 [info] > git for-each-ref --format=%(refname)%00%(upstream:short)%00%(objectname)%00%(upstream:track)%00%(upstream:remotename)%00%(upstream:remoteref) refs/heads/main refs/remotes/main [5ms]
2024-02-07 20:45:58.998 [info] > git status -z -uall [8ms]
2024-02-07 20:46:32.723 [info] > git config --get commit.template [20ms]
2024-02-07 20:46:32.727 [info] > git for-each-ref --format=%(refname)%00%(upstream:short)%00%(objectname)%00%(upstream:track)%00%(upstream:remotename)%00%(upstream:remoteref) refs/heads/main refs/remotes/main [4ms]
2024-02-07 20:46:32.754 [info] > git status -z -uall [9ms]
2024-02-07 20:53:13.137 [info] > git config --get commit.template [35ms]
2024-02-07 20:53:13.145 [info] > git for-each-ref --format=%(refname)%00%(upstream:short)%00%(objectname)%00%(upstream:track)%00%(upstream:remotename)%00%(upstream:remoteref) refs/heads/main refs/remotes/main [8ms]
2024-02-07 20:53:13.194 [info] > git status -z -uall [17ms]
2024-02-07 20:54:45.086 [info] > git config --get commit.template [49ms]
2024-02-07 20:54:45.096 [info] > git for-each-ref --format=%(refname)%00%(upstream:short)%00%(objectname)%00%(upstream:track)%00%(upstream:remotename)%00%(upstream:remoteref) refs/heads/main refs/remotes/main [14ms]
2024-02-07 20:54:45.157 [info] > git status -z -uall [20ms]
2024-02-07 20:55:13.258 [info] > git config --get commit.template [37ms]
2024-02-07 20:55:13.265 [info] > git for-each-ref --format=%(refname)%00%(upstream:short)%00%(objectname)%00%(upstream:track)%00%(upstream:remotename)%00%(upstream:remoteref) refs/heads/main refs/remotes/main [8ms]
2024-02-07 20:55:13.318 [info] > git status -z -uall [16ms]
2024-02-07 20:55:48.930 [info] > git config --get commit.template [34ms]
2024-02-07 20:55:48.936 [info] > git for-each-ref --format=%(refname)%00%(upstream:short)%00%(objectname)%00%(upstream:track)%00%(upstream:remotename)%00%(upstream:remoteref) refs/heads/main refs/remotes/main [8ms]
2024-02-07 20:55:48.986 [info] > git status -z -uall [16ms]
2024-02-07 20:56:49.199 [info] > git config --get commit.template [36ms]
2024-02-07 20:56:49.205 [info] > git for-each-ref --format=%(refname)%00%(upstream:short)%00%(objectname)%00%(upstream:track)%00%(upstream:remotename)%00%(upstream:remoteref) refs/heads/main refs/remotes/main [9ms]
2024-02-07 20:56:49.255 [info] > git status -z -uall [15ms]
2024-02-07 20:58:40.322 [info] > git config --get commit.template [36ms]
2024-02-07 20:58:40.330 [info] > git for-each-ref --format=%(refname)%00%(upstream:short)%00%(objectname)%00%(upstream:track)%00%(upstream:remotename)%00%(upstream:remoteref) refs/heads/main refs/remotes/main [9ms]
2024-02-07 20:58:40.385 [info] > git status -z -uall [16ms]
2024-02-07 20:59:07.602 [info] > git config --get commit.template [43ms]
2024-02-07 20:59:07.609 [info] > git for-each-ref --format=%(refname)%00%(upstream:short)%00%(objectname)%00%(upstream:track)%00%(upstream:remotename)%00%(upstream:remoteref) refs/heads/main refs/remotes/main [10ms]
2024-02-07 20:59:07.664 [info] > git status -z -uall [15ms]
2024-02-07 20:59:30.692 [info] > git config --get commit.template [34ms]
2024-02-07 20:59:30.699 [info] > git for-each-ref --format=%(refname)%00%(upstream:short)%00%(objectname)%00%(upstream:track)%00%(upstream:remotename)%00%(upstream:remoteref) refs/heads/main refs/remotes/main [9ms]
2024-02-07 20:59:30.751 [info] > git status -z -uall [16ms]
2024-02-07 21:01:20.082 [info] > git config --get commit.template [67ms]
2024-02-07 21:01:20.088 [info] > git for-each-ref --format=%(refname)%00%(upstream:short)%00%(objectname)%00%(upstream:track)%00%(upstream:remotename)%00%(upstream:remoteref) refs/heads/main refs/remotes/main [12ms]
2024-02-07 21:01:20.144 [info] > git status -z -uall [14ms]
2024-02-07 21:02:18.449 [info] > git config --get commit.template [39ms]
2024-02-07 21:02:18.456 [info] > git for-each-ref --format=%(refname)%00%(upstream:short)%00%(objectname)%00%(upstream:track)%00%(upstream:remotename)%00%(upstream:remoteref) refs/heads/main refs/remotes/main [9ms]
2024-02-07 21:02:18.508 [info] > git status -z -uall [16ms]
2024-02-07 21:03:16.067 [info] > git config --get commit.template [43ms]
2024-02-07 21:03:16.075 [info] > git for-each-ref --format=%(refname)%00%(upstream:short)%00%(objectname)%00%(upstream:track)%00%(upstream:remotename)%00%(upstream:remoteref) refs/heads/main refs/remotes/main [10ms]
2024-02-07 21:03:16.125 [info] > git status -z -uall [16ms]
2024-02-07 21:03:26.629 [info] > git config --get commit.template [34ms]
2024-02-07 21:03:26.636 [info] > git for-each-ref --format=%(refname)%00%(upstream:short)%00%(objectname)%00%(upstream:track)%00%(upstream:remotename)%00%(upstream:remoteref) refs/heads/main refs/remotes/main [9ms]
2024-02-07 21:03:26.686 [info] > git status -z -uall [16ms]
2024-02-07 21:05:20.684 [info] > git config --get commit.template [40ms]
2024-02-07 21:05:20.690 [info] > git for-each-ref --format=%(refname)%00%(upstream:short)%00%(objectname)%00%(upstream:track)%00%(upstream:remotename)%00%(upstream:remoteref) refs/heads/main refs/remotes/main [8ms]
2024-02-07 21:05:20.737 [info] > git status -z -uall [16ms]
2024-02-07 21:05:25.809 [info] > git config --get commit.template [31ms]
2024-02-07 21:05:25.817 [info] > git for-each-ref --format=%(refname)%00%(upstream:short)%00%(objectname)%00%(upstream:track)%00%(upstream:remotename)%00%(upstream:remoteref) refs/heads/main refs/remotes/main [9ms]
2024-02-07 21:05:25.871 [info] > git status -z -uall [18ms]
2024-02-07 21:05:53.502 [info] > git config --get commit.template [35ms]
2024-02-07 21:05:53.510 [info] > git for-each-ref --format=%(refname)%00%(upstream:short)%00%(objectname)%00%(upstream:track)%00%(upstream:remotename)%00%(upstream:remoteref) refs/heads/main refs/remotes/main [9ms]
2024-02-07 21:05:53.562 [info] > git status -z -uall [15ms]
2024-02-07 21:06:23.864 [info] > git config --get commit.template [42ms]
2024-02-07 21:06:23.872 [info] > git for-each-ref --format=%(refname)%00%(upstream:short)%00%(objectname)%00%(upstream:track)%00%(upstream:remotename)%00%(upstream:remoteref) refs/heads/main refs/remotes/main [13ms]
2024-02-07 21:06:23.928 [info] > git status -z -uall [18ms]
2024-02-07 21:08:14.483 [info] > git config --get commit.template [40ms]
2024-02-07 21:08:14.491 [info] > git for-each-ref --format=%(refname)%00%(upstream:short)%00%(objectname)%00%(upstream:track)%00%(upstream:remotename)%00%(upstream:remoteref) refs/heads/main refs/remotes/main [10ms]
2024-02-07 21:08:14.543 [info] > git status -z -uall [16ms]
2024-02-07 21:09:39.466 [info] > git config --get commit.template [38ms]
2024-02-07 21:09:39.472 [info] > git for-each-ref --format=%(refname)%00%(upstream:short)%00%(objectname)%00%(upstream:track)%00%(upstream:remotename)%00%(upstream:remoteref) refs/heads/main refs/remotes/main [9ms]
2024-02-07 21:09:39.520 [info] > git status -z -uall [15ms]
2024-02-07 21:10:37.123 [info] > git config --get commit.template [97ms]
2024-02-07 21:10:37.128 [info] > git for-each-ref --format=%(refname)%00%(upstream:short)%00%(objectname)%00%(upstream:track)%00%(upstream:remotename)%00%(upstream:remoteref) refs/heads/main refs/remotes/main [61ms]
2024-02-07 21:10:37.194 [info] > git status -z -uall [21ms]
2024-02-07 21:11:57.351 [info] > git config --get commit.template [37ms]
2024-02-07 21:11:57.358 [info] > git for-each-ref --format=%(refname)%00%(upstream:short)%00%(objectname)%00%(upstream:track)%00%(upstream:remotename)%00%(upstream:remoteref) refs/heads/main refs/remotes/main [10ms]
2024-02-07 21:11:57.411 [info] > git status -z -uall [17ms]
2024-02-07 21:12:29.721 [info] > git config --get commit.template [39ms]
2024-02-07 21:12:29.729 [info] > git for-each-ref --format=%(refname)%00%(upstream:short)%00%(objectname)%00%(upstream:track)%00%(upstream:remotename)%00%(upstream:remoteref) refs/heads/main refs/remotes/main [10ms]
2024-02-07 21:12:29.789 [info] > git status -z -uall [23ms]
2024-02-07 21:24:04.458 [info] > git config --get commit.template [36ms]
2024-02-07 21:24:04.466 [info] > git for-each-ref --format=%(refname)%00%(upstream:short)%00%(objectname)%00%(upstream:track)%00%(upstream:remotename)%00%(upstream:remoteref) refs/heads/main refs/remotes/main [10ms]
2024-02-07 21:24:04.522 [info] > git status -z -uall [21ms]
2024-02-07 21:24:33.621 [info] > git config --get commit.template [99ms]
2024-02-07 21:24:33.632 [info] > git for-each-ref --format=%(refname)%00%(upstream:short)%00%(objectname)%00%(upstream:track)%00%(upstream:remotename)%00%(upstream:remoteref) refs/heads/main refs/remotes/main [11ms]
2024-02-07 21:24:33.684 [info] > git status -z -uall [16ms]
2024-02-07 21:24:51.479 [info] > git config --get commit.template [56ms]
2024-02-07 21:24:51.523 [info] > git for-each-ref --format=%(refname)%00%(upstream:short)%00%(objectname)%00%(upstream:track)%00%(upstream:remotename)%00%(upstream:remoteref) refs/heads/main refs/remotes/main [47ms]
2024-02-07 21:24:51.599 [info] > git status -z -uall [26ms]
2024-02-07 21:25:03.902 [info] > git config --get commit.template [15ms]
2024-02-07 21:25:03.979 [info] > git for-each-ref --format=%(refname)%00%(upstream:short)%00%(objectname)%00%(upstream:track)%00%(upstream:remotename)%00%(upstream:remoteref) refs/heads/main refs/remotes/main [18ms]
2024-02-07 21:25:04.078 [info] > git status -z -uall [32ms]
2024-02-07 21:25:22.432 [info] > git config --get commit.template [39ms]
2024-02-07 21:25:22.439 [info] > git for-each-ref --format=%(refname)%00%(upstream:short)%00%(objectname)%00%(upstream:track)%00%(upstream:remotename)%00%(upstream:remoteref) refs/heads/main refs/remotes/main [12ms]
2024-02-07 21:25:22.497 [info] > git status -z -uall [17ms]
2024-02-07 21:26:07.305 [info] > git config --get commit.template [37ms]
2024-02-07 21:26:07.312 [info] > git for-each-ref --format=%(refname)%00%(upstream:short)%00%(objectname)%00%(upstream:track)%00%(upstream:remotename)%00%(upstream:remoteref) refs/heads/main refs/remotes/main [8ms]
2024-02-07 21:26:07.367 [info] > git status -z -uall [16ms]
2024-02-07 21:26:44.932 [info] > git config --get commit.template [36ms]
2024-02-07 21:26:44.939 [info] > git for-each-ref --format=%(refname)%00%(upstream:short)%00%(objectname)%00%(upstream:track)%00%(upstream:remotename)%00%(upstream:remoteref) refs/heads/main refs/remotes/main [9ms]
2024-02-07 21:26:44.986 [info] > git status -z -uall [15ms]
2024-02-07 21:28:34.480 [info] > git config --get commit.template [38ms]
2024-02-07 21:28:34.487 [info] > git for-each-ref --format=%(refname)%00%(upstream:short)%00%(objectname)%00%(upstream:track)%00%(upstream:remotename)%00%(upstream:remoteref) refs/heads/main refs/remotes/main [8ms]
2024-02-07 21:28:34.549 [info] > git status -z -uall [24ms]
2024-02-07 21:28:56.428 [info] > git config --get commit.template [73ms]
2024-02-07 21:28:56.444 [info] > git for-each-ref --format=%(refname)%00%(upstream:short)%00%(objectname)%00%(upstream:track)%00%(upstream:remotename)%00%(upstream:remoteref) refs/heads/main refs/remotes/main [18ms]
2024-02-07 21:28:56.524 [info] > git status -z -uall [27ms]
2024-02-07 21:29:40.868 [info] > git config --get commit.template [46ms]
2024-02-07 21:29:40.877 [info] > git for-each-ref --format=%(refname)%00%(upstream:short)%00%(objectname)%00%(upstream:track)%00%(upstream:remotename)%00%(upstream:remoteref) refs/heads/main refs/remotes/main [12ms]
2024-02-07 21:29:40.992 [info] > git status -z -uall [24ms]
2024-02-07 21:30:47.631 [info] > git config --get commit.template [38ms]
2024-02-07 21:30:47.638 [info] > git for-each-ref --format=%(refname)%00%(upstream:short)%00%(objectname)%00%(upstream:track)%00%(upstream:remotename)%00%(upstream:remoteref) refs/heads/main refs/remotes/main [9ms]
2024-02-07 21:30:47.693 [info] > git status -z -uall [17ms]
2024-02-07 21:31:17.120 [info] > git config --get commit.template [63ms]
2024-02-07 21:31:17.129 [info] > git for-each-ref --format=%(refname)%00%(upstream:short)%00%(objectname)%00%(upstream:track)%00%(upstream:remotename)%00%(upstream:remoteref) refs/heads/main refs/remotes/main [15ms]
2024-02-07 21:31:17.201 [info] > git status -z -uall [22ms]
2024-02-07 21:31:30.628 [info] > git config --get commit.template [71ms]
2024-02-07 21:31:30.696 [info] > git for-each-ref --format=%(refname)%00%(upstream:short)%00%(objectname)%00%(upstream:track)%00%(upstream:remotename)%00%(upstream:remoteref) refs/heads/main refs/remotes/main [26ms]
2024-02-07 21:31:30.763 [info] > git status -z -uall [24ms]
2024-02-07 21:31:53.690 [info] > git config --get commit.template [40ms]
2024-02-07 21:31:53.696 [info] > git for-each-ref --format=%(refname)%00%(upstream:short)%00%(objectname)%00%(upstream:track)%00%(upstream:remotename)%00%(upstream:remoteref) refs/heads/main refs/remotes/main [8ms]
2024-02-07 21:31:53.746 [info] > git status -z -uall [16ms]
2024-02-07 21:33:08.565 [info] > git config --get commit.template [34ms]
2024-02-07 21:33:08.572 [info] > git for-each-ref --format=%(refname)%00%(upstream:short)%00%(objectname)%00%(upstream:track)%00%(upstream:remotename)%00%(upstream:remoteref) refs/heads/main refs/remotes/main [8ms]
2024-02-07 21:33:08.621 [info] > git status -z -uall [15ms]
2024-02-07 21:33:31.372 [info] > git config --get commit.template [39ms]
2024-02-07 21:33:31.378 [info] > git for-each-ref --format=%(refname)%00%(upstream:short)%00%(objectname)%00%(upstream:track)%00%(upstream:remotename)%00%(upstream:remoteref) refs/heads/main refs/remotes/main [9ms]
2024-02-07 21:33:31.429 [info] > git status -z -uall [16ms]
2024-02-07 21:34:00.996 [info] > git config --get commit.template [32ms]
2024-02-07 21:34:01.002 [info] > git for-each-ref --format=%(refname)%00%(upstream:short)%00%(objectname)%00%(upstream:track)%00%(upstream:remotename)%00%(upstream:remoteref) refs/heads/main refs/remotes/main [8ms]
2024-02-07 21:34:01.052 [info] > git status -z -uall [17ms]
2024-02-07 21:34:37.845 [info] > git config --get commit.template [35ms]
2024-02-07 21:34:37.851 [info] > git for-each-ref --format=%(refname)%00%(upstream:short)%00%(objectname)%00%(upstream:track)%00%(upstream:remotename)%00%(upstream:remoteref) refs/heads/main refs/remotes/main [7ms]
2024-02-07 21:34:37.901 [info] > git status -z -uall [17ms]
2024-02-07 21:36:58.173 [info] > git config --get commit.template [35ms]
2024-02-07 21:36:58.180 [info] > git for-each-ref --format=%(refname)%00%(upstream:short)%00%(objectname)%00%(upstream:track)%00%(upstream:remotename)%00%(upstream:remoteref) refs/heads/main refs/remotes/main [8ms]
2024-02-07 21:36:58.233 [info] > git status -z -uall [19ms]
2024-02-07 21:37:45.651 [info] > git config --get commit.template [41ms]
2024-02-07 21:37:45.658 [info] > git for-each-ref --format=%(refname)%00%(upstream:short)%00%(objectname)%00%(upstream:track)%00%(upstream:remotename)%00%(upstream:remoteref) refs/heads/main refs/remotes/main [10ms]
2024-02-07 21:37:45.716 [info] > git status -z -uall [20ms]
2024-02-07 21:38:01.039 [info] > git config --get commit.template [173ms]
2024-02-07 21:38:01.068 [info] > git for-each-ref --format=%(refname)%00%(upstream:short)%00%(objectname)%00%(upstream:track)%00%(upstream:remotename)%00%(upstream:remoteref) refs/heads/main refs/remotes/main [30ms]
2024-02-07 21:38:01.270 [info] > git status -z -uall [50ms]
2024-02-07 21:38:06.464 [info] > git config --get commit.template [129ms]
2024-02-07 21:38:06.466 [info] > git for-each-ref --format=%(refname)%00%(upstream:short)%00%(objectname)%00%(upstream:track)%00%(upstream:remotename)%00%(upstream:remoteref) refs/heads/main refs/remotes/main [73ms]
2024-02-07 21:38:06.539 [info] > git status -z -uall [17ms]
2024-02-07 21:38:11.620 [info] > git config --get commit.template [38ms]
2024-02-07 21:38:11.627 [info] > git for-each-ref --format=%(refname)%00%(upstream:short)%00%(objectname)%00%(upstream:track)%00%(upstream:remotename)%00%(upstream:remoteref) refs/heads/main refs/remotes/main [9ms]
2024-02-07 21:38:11.677 [info] > git status -z -uall [16ms]
2024-02-07 21:39:04.916 [info] > git config --get commit.template [46ms]
2024-02-07 21:39:04.923 [info] > git for-each-ref --format=%(refname)%00%(upstream:short)%00%(objectname)%00%(upstream:track)%00%(upstream:remotename)%00%(upstream:remoteref) refs/heads/main refs/remotes/main [11ms]
2024-02-07 21:39:04.983 [info] > git status -z -uall [20ms]
2024-02-07 21:39:05.882 [info] > git show --textconv :thesis.tex [62ms]
2024-02-07 21:39:05.899 [info] > git ls-files --stage -- /mnt/Mis archivos/Google Drive/Tesis pregrado/bachelor-thesis/thesis.tex [18ms]
2024-02-07 21:39:05.964 [info] > git cat-file -s 58ccc285ee317badc82bb58677a5ffa8ec3f6786 [13ms]
2024-02-07 21:39:09.252 [info] > git show --textconv :preamble.tex [111ms]
2024-02-07 21:39:09.275 [info] > git ls-files --stage -- /mnt/Mis archivos/Google Drive/Tesis pregrado/bachelor-thesis/preamble.tex [25ms]
2024-02-07 21:39:09.345 [info] > git cat-file -s ecc9f535d17f3b1f71837a9a97dd9fabaacf8877 [11ms]
2024-02-07 21:39:26.058 [info] > git config --get commit.template [44ms]
2024-02-07 21:39:26.065 [info] > git for-each-ref --format=%(refname)%00%(upstream:short)%00%(objectname)%00%(upstream:track)%00%(upstream:remotename)%00%(upstream:remoteref) refs/heads/main refs/remotes/main [12ms]
2024-02-07 21:39:26.123 [info] > git status -z -uall [18ms]
2024-02-07 21:39:56.122 [info] > git config --get commit.template [49ms]
2024-02-07 21:39:56.138 [info] > git for-each-ref --format=%(refname)%00%(upstream:short)%00%(objectname)%00%(upstream:track)%00%(upstream:remotename)%00%(upstream:remoteref) refs/heads/main refs/remotes/main [17ms]
2024-02-07 21:39:56.341 [info] > git status -z -uall [161ms]
2024-02-07 21:39:56.341 [info] > git show --textconv :sources/chap04.tex [112ms]
2024-02-07 21:39:56.355 [info] > git ls-files --stage -- /mnt/Mis archivos/Google Drive/Tesis pregrado/bachelor-thesis/sources/chap04.tex [15ms]
2024-02-07 21:39:56.405 [info] > git cat-file -s 79887ff35180d8f3bc7892c90356a05d07b42b20 [9ms]
2024-02-07 21:40:03.405 [info] > git show --textconv :thesis.tex [92ms]
2024-02-07 21:40:03.414 [info] > git ls-files --stage -- /mnt/Mis archivos/Google Drive/Tesis pregrado/bachelor-thesis/thesis.tex [10ms]
2024-02-07 21:40:03.482 [info] > git cat-file -s 58ccc285ee317badc82bb58677a5ffa8ec3f6786 [13ms]
2024-02-07 21:40:53.859 [info] > git config --get commit.template [37ms]
2024-02-07 21:40:53.934 [info] > git for-each-ref --format=%(refname)%00%(upstream:short)%00%(objectname)%00%(upstream:track)%00%(upstream:remotename)%00%(upstream:remoteref) refs/heads/main refs/remotes/main [77ms]
2024-02-07 21:40:53.972 [info] > git ls-files --stage -- /mnt/Mis archivos/Google Drive/Tesis pregrado/bachelor-thesis/thesis.tex [39ms]
2024-02-07 21:40:54.010 [info] > git status -z -uall [40ms]
2024-02-07 21:40:54.024 [info] > git cat-file -s 0c15a6029672acb9b010d26dd437386b23926f09 [15ms]
2024-02-07 21:40:54.105 [info] > git show --textconv :thesis.tex [10ms]
2024-02-07 21:40:55.613 [info] > git log --oneline --cherry main...main@{upstream} -- [59ms]
2024-02-07 21:40:56.977 [info] > git ls-files --stage -- /mnt/Mis archivos/Google Drive/Tesis pregrado/bachelor-thesis/thesis.tex [6ms]
2024-02-07 21:40:57.025 [info] > git cat-file -s 0c15a6029672acb9b010d26dd437386b23926f09 [9ms]
2024-02-07 21:40:57.086 [info] > git show --textconv :thesis.tex [11ms]
2024-02-07 21:40:58.426 [info] > git pull --tags origin main [2749ms]
2024-02-07 21:40:58.426 [info] From https://github.com/christian-chavez/bachelor-thesis
 * branch            main       -> FETCH_HEAD
2024-02-07 21:41:00.527 [info] > git push origin main:main [2063ms]
2024-02-07 21:41:00.527 [info] To https://github.com/christian-chavez/bachelor-thesis.git
   db8bf2a..1b9b7ea  main -> main
2024-02-07 21:41:00.600 [info] > git config --get commit.template [38ms]
2024-02-07 21:41:00.606 [info] > git for-each-ref --format=%(refname)%00%(upstream:short)%00%(objectname)%00%(upstream:track)%00%(upstream:remotename)%00%(upstream:remoteref) refs/heads/main refs/remotes/main [8ms]
2024-02-07 21:41:00.662 [info] > git status -z -uall [18ms]
2024-02-07 21:41:32.609 [info] > git ls-files --stage -- /mnt/Mis archivos/Google Drive/Tesis pregrado/bachelor-thesis/thesis.tex [7ms]
2024-02-07 21:41:32.666 [info] > git cat-file -s 0c15a6029672acb9b010d26dd437386b23926f09 [9ms]
2024-02-07 21:41:32.720 [info] > git show --textconv :thesis.tex [11ms]
