2024-02-06 21:17:46.284 [info] Log level: Info
2024-02-06 21:17:46.284 [info] Validating found git in: "git"
2024-02-06 21:17:46.284 [info] Using git "2.43.0" from "git"
2024-02-06 21:17:46.835 [info] > git rev-parse --show-toplevel [645ms]
2024-02-06 21:17:52.215 [info] > git rev-parse --git-dir --git-common-dir [331ms]
2024-02-06 21:17:52.327 [info] Open repository: /home/chris/Documents/website/gatsby-starter-lumen-master
2024-02-06 21:17:52.645 [info] > git rev-parse --show-toplevel [23ms]
2024-02-06 21:17:52.801 [info] > git config --get commit.template [214ms]
2024-02-06 21:17:52.917 [info] > git rev-parse --show-toplevel [127ms]
2024-02-06 21:17:53.097 [info] > git for-each-ref --format=%(refname)%00%(upstream:short)%00%(objectname)%00%(upstream:track)%00%(upstream:remotename)%00%(upstream:remoteref) refs/heads/gatsby-test refs/remotes/gatsby-test [236ms]
2024-02-06 21:17:53.261 [info] > git rev-parse --show-toplevel [169ms]
2024-02-06 21:17:53.356 [info] > git rev-parse --show-toplevel [16ms]
2024-02-06 21:17:53.529 [info] > git rev-parse --show-toplevel [98ms]
2024-02-06 21:17:53.637 [info] > git status -z -uall [439ms]
2024-02-06 21:17:53.642 [info] > git check-ignore -v -z --stdin [123ms]
2024-02-06 21:17:53.672 [info] > git rev-parse --show-toplevel [82ms]
2024-02-06 21:17:54.052 [info] > git config --get commit.template [6ms]
2024-02-06 21:17:54.053 [info] > git rev-parse --show-toplevel [45ms]
2024-02-06 21:17:54.121 [info] > git for-each-ref --format=%(refname)%00%(upstream:short)%00%(objectname)%00%(upstream:track)%00%(upstream:remotename)%00%(upstream:remoteref) refs/heads/gatsby-test refs/remotes/gatsby-test [7ms]
2024-02-06 21:17:54.277 [info] > git status -z -uall [108ms]
2024-02-06 21:18:04.035 [info] > git ls-files --stage -- /home/chris/Documents/website/gatsby-starter-lumen-master/.prettierrc [17ms]
2024-02-06 21:18:04.191 [info] > git show --textconv :.prettierrc [204ms]
2024-02-06 21:18:04.192 [info] > git cat-file -s 25c96b784aab286b922ca58c09ec4d9092e8a8ec [126ms]
2024-02-06 21:26:57.269 [info] > git config --get commit.template [25ms]
2024-02-06 21:26:57.305 [info] > git check-ignore -v -z --stdin [40ms]
2024-02-06 21:26:57.309 [info] > git for-each-ref --format=%(refname)%00%(upstream:short)%00%(objectname)%00%(upstream:track)%00%(upstream:remotename)%00%(upstream:remoteref) refs/heads/gatsby-test refs/remotes/gatsby-test [19ms]
2024-02-06 21:26:57.368 [info] > git status -z -uall [37ms]
2024-02-06 21:27:05.493 [info] > git check-ignore -v -z --stdin [8ms]
2024-02-06 21:33:43.372 [info] > git config --get commit.template [1288ms]
2024-02-06 21:33:43.551 [info] > git for-each-ref --format=%(refname)%00%(upstream:short)%00%(objectname)%00%(upstream:track)%00%(upstream:remotename)%00%(upstream:remoteref) refs/heads/gatsby-test refs/remotes/gatsby-test [1374ms]
2024-02-06 21:33:43.685 [info] > git check-ignore -v -z --stdin [674ms]
2024-02-06 21:33:44.644 [info] > git status -z -uall [1058ms]
2024-02-06 21:33:46.109 [info] > git check-ignore -v -z --stdin [6ms]
2024-02-06 21:33:49.712 [info] > git config --get commit.template [28ms]
2024-02-06 21:33:49.715 [info] > git for-each-ref --format=%(refname)%00%(upstream:short)%00%(objectname)%00%(upstream:track)%00%(upstream:remotename)%00%(upstream:remoteref) refs/heads/gatsby-test refs/remotes/gatsby-test [6ms]
2024-02-06 21:33:49.770 [info] > git status -z -uall [31ms]
2024-02-06 21:34:13.131 [info] > git config --get commit.template [55ms]
2024-02-06 21:34:13.203 [info] > git for-each-ref --format=%(refname)%00%(upstream:short)%00%(objectname)%00%(upstream:track)%00%(upstream:remotename)%00%(upstream:remoteref) refs/heads/gatsby-test refs/remotes/gatsby-test [25ms]
2024-02-06 21:34:13.273 [info] > git status -z -uall [37ms]
2024-02-06 21:35:13.888 [info] > git ls-files --stage -- /home/chris/Documents/website/gatsby-starter-lumen-master/content/config.json [26ms]
2024-02-06 21:35:13.990 [info] > git show --textconv :content/config.json [163ms]
2024-02-06 21:35:14.007 [info] > git cat-file -s eeb9348001aaed44188c2cd41af0574ed206754e [94ms]
2024-02-06 21:35:30.469 [info] > git check-ignore -v -z --stdin [4ms]
2024-02-06 21:35:35.078 [info] > git check-ignore -v -z --stdin [12ms]
2024-02-06 21:35:35.476 [info] > git ls-files --stage -- /home/chris/Documents/website/gatsby-starter-lumen-master/internal/gatsby/constants/routes.ts [8ms]
2024-02-06 21:35:35.523 [info] > git show --textconv :internal/gatsby/constants/routes.ts [89ms]
2024-02-06 21:35:35.524 [info] > git cat-file -s 0dc94734344a636c21093bdcbe661a6e73d1655e [13ms]
2024-02-06 21:35:39.631 [info] > git check-ignore -v -z --stdin [13ms]
2024-02-06 21:35:40.691 [info] > git ls-files --stage -- /home/chris/Documents/website/gatsby-starter-lumen-master/src/templates/NotFoundTemplate/NotFoundTemplate.tsx [18ms]
2024-02-06 21:35:40.755 [info] > git show --textconv :src/templates/NotFoundTemplate/NotFoundTemplate.tsx [128ms]
2024-02-06 21:35:40.765 [info] > git cat-file -s 1cb47340cc972b5fbbc309030d4755718b203094 [19ms]
2024-02-06 21:35:52.489 [info] > git config --get commit.template [40ms]
2024-02-06 21:35:52.491 [info] > git for-each-ref --format=%(refname)%00%(upstream:short)%00%(objectname)%00%(upstream:track)%00%(upstream:remotename)%00%(upstream:remoteref) refs/heads/gatsby-test refs/remotes/gatsby-test [7ms]
2024-02-06 21:35:52.543 [info] > git status -z -uall [27ms]
2024-02-06 21:36:10.470 [info] > git config --get commit.template [5ms]
2024-02-06 21:36:10.510 [info] > git for-each-ref --format=%(refname)%00%(upstream:short)%00%(objectname)%00%(upstream:track)%00%(upstream:remotename)%00%(upstream:remoteref) refs/heads/gatsby-test refs/remotes/gatsby-test [4ms]
2024-02-06 21:36:10.582 [info] > git status -z -uall [41ms]
2024-02-06 21:37:56.663 [info] > git config --get commit.template [42ms]
2024-02-06 21:37:56.674 [info] > git for-each-ref --format=%(refname)%00%(upstream:short)%00%(objectname)%00%(upstream:track)%00%(upstream:remotename)%00%(upstream:remoteref) refs/heads/gatsby-test refs/remotes/gatsby-test [23ms]
2024-02-06 21:37:56.814 [info] > git status -z -uall [64ms]
2024-02-06 21:37:57.665 [info] > git check-ignore -v -z --stdin [4ms]
2024-02-06 21:38:00.397 [info] > git ls-files --stage -- /home/chris/Documents/website/gatsby-starter-lumen-master/.stylelintignore [5ms]
2024-02-06 21:38:00.489 [info] > git show --textconv :.stylelintignore [128ms]
2024-02-06 21:38:00.489 [info] > git cat-file -s d9a740db825b1481d82c73f704e95707cb1594ce [57ms]
2024-02-06 21:38:01.886 [info] > git config --get commit.template [27ms]
2024-02-06 21:38:01.888 [info] > git for-each-ref --format=%(refname)%00%(upstream:short)%00%(objectname)%00%(upstream:track)%00%(upstream:remotename)%00%(upstream:remoteref) refs/heads/gatsby-test refs/remotes/gatsby-test [4ms]
2024-02-06 21:38:01.933 [info] > git status -z -uall [21ms]
2024-02-06 21:38:06.582 [info] > git check-ignore -v -z --stdin [6ms]
2024-02-06 21:38:12.286 [info] > git check-ignore -v -z --stdin [8ms]
2024-02-06 21:38:12.879 [info] > git check-ignore -v -z --stdin [3ms]
2024-02-06 21:38:13.976 [info] > git check-ignore -v -z --stdin [4ms]
2024-02-06 21:38:18.458 [info] > git config --get commit.template [34ms]
2024-02-06 21:38:18.463 [info] > git for-each-ref --format=%(refname)%00%(upstream:short)%00%(objectname)%00%(upstream:track)%00%(upstream:remotename)%00%(upstream:remoteref) refs/heads/gatsby-test refs/remotes/gatsby-test [9ms]
2024-02-06 21:38:18.525 [info] > git status -z -uall [30ms]
2024-02-06 21:38:19.456 [info] > git check-ignore -v -z --stdin [8ms]
2024-02-06 21:38:20.486 [info] > git check-ignore -v -z --stdin [4ms]
2024-02-06 21:38:21.495 [info] > git check-ignore -v -z --stdin [3ms]
2024-02-06 21:38:23.982 [info] > git check-ignore -v -z --stdin [7ms]
2024-02-06 21:38:25.271 [info] > git check-ignore -v -z --stdin [5ms]
2024-02-06 21:38:31.042 [info] > git show --textconv :public/googleb4fc002b4e6dfc54.html [70ms]
2024-02-06 21:38:31.055 [info] > git ls-files --stage -- /home/chris/Documents/website/gatsby-starter-lumen-master/public/googleb4fc002b4e6dfc54.html [19ms]
2024-02-06 21:38:52.348 [info] > git config --get commit.template [13ms]
2024-02-06 21:38:52.397 [info] > git for-each-ref --format=%(refname)%00%(upstream:short)%00%(objectname)%00%(upstream:track)%00%(upstream:remotename)%00%(upstream:remoteref) refs/heads/gatsby-test refs/remotes/gatsby-test [4ms]
2024-02-06 21:38:52.462 [info] > git status -z -uall [34ms]
2024-02-06 21:49:16.270 [info] > git config --get commit.template [82ms]
2024-02-06 21:49:16.271 [info] > git for-each-ref --format=%(refname)%00%(upstream:short)%00%(objectname)%00%(upstream:track)%00%(upstream:remotename)%00%(upstream:remoteref) refs/heads/gatsby-test refs/remotes/gatsby-test [10ms]
2024-02-06 21:49:16.370 [info] > git status -z -uall [59ms]
2024-02-06 21:49:21.431 [info] > git config --get commit.template [24ms]
2024-02-06 21:49:21.433 [info] > git for-each-ref --format=%(refname)%00%(upstream:short)%00%(objectname)%00%(upstream:track)%00%(upstream:remotename)%00%(upstream:remoteref) refs/heads/gatsby-test refs/remotes/gatsby-test [4ms]
2024-02-06 21:49:21.474 [info] > git status -z -uall [21ms]
2024-02-06 21:50:43.796 [info] > git config --get commit.template [24ms]
2024-02-06 21:50:43.797 [info] > git for-each-ref --format=%(refname)%00%(upstream:short)%00%(objectname)%00%(upstream:track)%00%(upstream:remotename)%00%(upstream:remoteref) refs/heads/gatsby-test refs/remotes/gatsby-test [4ms]
2024-02-06 21:50:43.824 [info] > git status -z -uall [9ms]
2024-02-06 21:50:43.937 [info] > git ls-files --stage -- /home/chris/Documents/website/gatsby-starter-lumen-master/public/googleb4fc002b4e6dfc54.html [11ms]
2024-02-06 21:50:43.970 [info] > git show --textconv :public/googleb4fc002b4e6dfc54.html [4ms]
2024-02-06 21:50:59.169 [info] > git config --get commit.template [22ms]
2024-02-06 21:50:59.171 [info] > git for-each-ref --format=%(refname)%00%(upstream:short)%00%(objectname)%00%(upstream:track)%00%(upstream:remotename)%00%(upstream:remoteref) refs/heads/gatsby-test refs/remotes/gatsby-test [4ms]
2024-02-06 21:50:59.251 [info] > git ls-files --stage -- /home/chris/Documents/website/gatsby-starter-lumen-master/public/googleb4fc002b4e6dfc54.html [4ms]
2024-02-06 21:50:59.276 [info] > git show --textconv :public/googleb4fc002b4e6dfc54.html [3ms]
2024-02-06 21:50:59.370 [info] > git status -z -uall [179ms]
2024-02-06 21:51:10.404 [info] > git config --get commit.template [3ms]
2024-02-06 21:51:10.426 [info] > git for-each-ref --format=%(refname)%00%(upstream:short)%00%(objectname)%00%(upstream:track)%00%(upstream:remotename)%00%(upstream:remoteref) refs/heads/gatsby-test refs/remotes/gatsby-test [4ms]
2024-02-06 21:51:10.456 [info] > git status -z -uall [10ms]
2024-02-06 21:51:10.565 [info] > git ls-files --stage -- /home/chris/Documents/website/gatsby-starter-lumen-master/public/googleb4fc002b4e6dfc54.html [4ms]
2024-02-06 21:51:10.592 [info] > git show --textconv :public/googleb4fc002b4e6dfc54.html [3ms]
