2024-03-28 00:17:07.767 [info] Log level: Info
2024-03-28 00:17:07.767 [info] Validating found git in: "git"
2024-03-28 00:17:07.767 [info] Using git "2.44.0" from "git"
2024-03-28 00:17:38.679 [info] Log level: Info
2024-03-28 00:17:38.679 [info] Validating found git in: "git"
2024-03-28 00:17:38.679 [info] Using git "2.44.0" from "git"
2024-03-28 00:17:38.679 [info] > git rev-parse --show-toplevel [20ms]
2024-03-28 00:17:38.679 [info] fatal: not a git repository (or any parent up to mount point /mnt)
Stopping at filesystem boundary (GIT_DISCOVERY_ACROSS_FILESYSTEM not set).
2024-03-28 00:17:38.830 [info] > git rev-parse --show-toplevel [116ms]
2024-03-28 00:17:38.830 [info] fatal: not a git repository (or any parent up to mount point /mnt)
Stopping at filesystem boundary (GIT_DISCOVERY_ACROSS_FILESYSTEM not set).
2024-03-28 00:17:39.022 [info] > git rev-parse --show-toplevel [5ms]
2024-03-28 00:17:39.022 [info] fatal: not a git repository (or any parent up to mount point /mnt)
Stopping at filesystem boundary (GIT_DISCOVERY_ACROSS_FILESYSTEM not set).
2024-03-28 00:17:55.416 [info] > git rev-parse --show-toplevel [5ms]
2024-03-28 00:17:55.416 [info] fatal: not a git repository (or any parent up to mount point /mnt)
Stopping at filesystem boundary (GIT_DISCOVERY_ACROSS_FILESYSTEM not set).
2024-03-28 00:20:08.184 [info] > git rev-parse --show-toplevel [8ms]
2024-03-28 00:20:08.184 [info] fatal: not a git repository (or any parent up to mount point /mnt)
Stopping at filesystem boundary (GIT_DISCOVERY_ACROSS_FILESYSTEM not set).
2024-03-28 00:20:38.013 [info] > git rev-parse --show-toplevel [5ms]
2024-03-28 00:20:38.014 [info] fatal: not a git repository (or any parent up to mount point /mnt)
Stopping at filesystem boundary (GIT_DISCOVERY_ACROSS_FILESYSTEM not set).
2024-03-28 00:20:38.159 [info] > git rev-parse --show-toplevel [11ms]
2024-03-28 00:20:38.160 [info] fatal: not a git repository (or any parent up to mount point /mnt)
Stopping at filesystem boundary (GIT_DISCOVERY_ACROSS_FILESYSTEM not set).
