2024-02-08 09:58:11.419 [info] Log level: Info
2024-02-08 09:58:11.419 [info] Validating found git in: "git"
2024-02-08 09:58:11.419 [info] Using git "2.43.0" from "git"
2024-02-08 09:58:11.419 [info] > git rev-parse --show-toplevel [1881ms]
2024-02-08 09:58:13.138 [info] > git rev-parse --git-dir --git-common-dir [1555ms]
2024-02-08 09:58:13.199 [info] Open repository: /mnt/Mis archivos/Google Drive/Tesis pregrado/bachelor-thesis
2024-02-08 09:58:13.660 [info] > git rev-parse --show-toplevel [191ms]
2024-02-08 09:58:13.677 [info] > git config --get commit.template [298ms]
2024-02-08 09:58:14.224 [info] > git rev-parse --show-toplevel [421ms]
2024-02-08 09:58:14.544 [info] > git check-ignore -v -z --stdin [278ms]
2024-02-08 09:58:14.548 [info] > git for-each-ref --format=%(refname)%00%(upstream:short)%00%(objectname)%00%(upstream:track)%00%(upstream:remotename)%00%(upstream:remoteref) refs/heads/main refs/remotes/main [328ms]
2024-02-08 09:58:14.549 [info] > git rev-parse --show-toplevel [202ms]
2024-02-08 09:58:14.632 [info] > git rev-parse --show-toplevel [19ms]
2024-02-08 09:58:14.739 [info] > git rev-parse --show-toplevel [61ms]
2024-02-08 09:58:14.792 [info] > git rev-parse --show-toplevel [5ms]
2024-02-08 09:58:14.887 [info] > git status -z -uall [156ms]
2024-02-08 09:58:14.888 [info] > git show --textconv :thesis.tex [47ms]
2024-02-08 09:58:14.972 [info] > git ls-files --stage -- /mnt/Mis archivos/Google Drive/Tesis pregrado/bachelor-thesis/thesis.tex [84ms]
2024-02-08 09:58:15.022 [info] > git config --get commit.template [55ms]
2024-02-08 09:58:15.068 [info] > git cat-file -s 0c15a6029672acb9b010d26dd437386b23926f09 [50ms]
2024-02-08 09:58:15.191 [info] > git for-each-ref --format=%(refname)%00%(upstream:short)%00%(objectname)%00%(upstream:track)%00%(upstream:remotename)%00%(upstream:remoteref) refs/heads/main refs/remotes/main [129ms]
2024-02-08 09:58:15.284 [info] > git status -z -uall [53ms]
2024-02-08 09:59:35.255 [info] > git check-ignore -v -z --stdin [8ms]
2024-02-08 09:59:35.498 [info] > git show --textconv :sources/chap03.tex [76ms]
2024-02-08 09:59:35.528 [info] > git ls-files --stage -- /mnt/Mis archivos/Google Drive/Tesis pregrado/bachelor-thesis/sources/chap03.tex [35ms]
2024-02-08 09:59:35.673 [info] > git cat-file -s abb6f46ccf3570c5e10130831d133a2577d2db82 [40ms]
2024-02-08 09:59:41.768 [info] > git config --get commit.template [33ms]
2024-02-08 09:59:41.775 [info] > git for-each-ref --format=%(refname)%00%(upstream:short)%00%(objectname)%00%(upstream:track)%00%(upstream:remotename)%00%(upstream:remoteref) refs/heads/main refs/remotes/main [10ms]
2024-02-08 09:59:41.822 [info] > git status -z -uall [17ms]
2024-02-08 10:02:37.511 [info] > git config --get commit.template [7ms]
2024-02-08 10:02:37.561 [info] > git for-each-ref --format=%(refname)%00%(upstream:short)%00%(objectname)%00%(upstream:track)%00%(upstream:remotename)%00%(upstream:remoteref) refs/heads/main refs/remotes/main [14ms]
2024-02-08 10:02:37.624 [info] > git status -z -uall [26ms]
2024-02-08 10:02:42.751 [info] > git config --get commit.template [56ms]
2024-02-08 10:02:42.763 [info] > git for-each-ref --format=%(refname)%00%(upstream:short)%00%(objectname)%00%(upstream:track)%00%(upstream:remotename)%00%(upstream:remoteref) refs/heads/main refs/remotes/main [15ms]
2024-02-08 10:02:42.829 [info] > git status -z -uall [24ms]
2024-02-08 10:18:55.878 [info] > git config --get commit.template [32ms]
2024-02-08 10:18:55.888 [info] > git for-each-ref --format=%(refname)%00%(upstream:short)%00%(objectname)%00%(upstream:track)%00%(upstream:remotename)%00%(upstream:remoteref) refs/heads/main refs/remotes/main [12ms]
2024-02-08 10:18:55.936 [info] > git status -z -uall [17ms]
2024-02-08 10:20:17.453 [info] > git config --get commit.template [53ms]
2024-02-08 10:20:17.465 [info] > git for-each-ref --format=%(refname)%00%(upstream:short)%00%(objectname)%00%(upstream:track)%00%(upstream:remotename)%00%(upstream:remoteref) refs/heads/main refs/remotes/main [17ms]
2024-02-08 10:20:17.537 [info] > git status -z -uall [31ms]
2024-02-08 10:26:52.074 [info] > git config --get commit.template [37ms]
2024-02-08 10:26:52.082 [info] > git for-each-ref --format=%(refname)%00%(upstream:short)%00%(objectname)%00%(upstream:track)%00%(upstream:remotename)%00%(upstream:remoteref) refs/heads/main refs/remotes/main [11ms]
2024-02-08 10:26:52.129 [info] > git status -z -uall [17ms]
2024-02-08 10:27:56.526 [info] > git config --get commit.template [32ms]
2024-02-08 10:27:56.532 [info] > git for-each-ref --format=%(refname)%00%(upstream:short)%00%(objectname)%00%(upstream:track)%00%(upstream:remotename)%00%(upstream:remoteref) refs/heads/main refs/remotes/main [8ms]
2024-02-08 10:27:56.576 [info] > git status -z -uall [17ms]
2024-02-08 10:28:15.944 [info] > git config --get commit.template [29ms]
2024-02-08 10:28:15.950 [info] > git for-each-ref --format=%(refname)%00%(upstream:short)%00%(objectname)%00%(upstream:track)%00%(upstream:remotename)%00%(upstream:remoteref) refs/heads/main refs/remotes/main [9ms]
2024-02-08 10:28:16.002 [info] > git status -z -uall [17ms]
2024-02-08 10:31:04.817 [info] > git config --get commit.template [33ms]
2024-02-08 10:31:04.824 [info] > git for-each-ref --format=%(refname)%00%(upstream:short)%00%(objectname)%00%(upstream:track)%00%(upstream:remotename)%00%(upstream:remoteref) refs/heads/main refs/remotes/main [9ms]
2024-02-08 10:31:04.874 [info] > git status -z -uall [21ms]
2024-02-08 10:31:10.703 [info] > git config --get commit.template [14ms]
2024-02-08 10:31:10.772 [info] > git for-each-ref --format=%(refname)%00%(upstream:short)%00%(objectname)%00%(upstream:track)%00%(upstream:remotename)%00%(upstream:remoteref) refs/heads/main refs/remotes/main [27ms]
2024-02-08 10:31:10.880 [info] > git status -z -uall [34ms]
2024-02-08 10:31:49.502 [info] > git config --get commit.template [199ms]
2024-02-08 10:31:49.504 [info] > git for-each-ref --format=%(refname)%00%(upstream:short)%00%(objectname)%00%(upstream:track)%00%(upstream:remotename)%00%(upstream:remoteref) refs/heads/main refs/remotes/main [143ms]
2024-02-08 10:31:49.563 [info] > git status -z -uall [19ms]
2024-02-08 10:32:19.564 [info] > git config --get commit.template [37ms]
2024-02-08 10:32:19.571 [info] > git for-each-ref --format=%(refname)%00%(upstream:short)%00%(objectname)%00%(upstream:track)%00%(upstream:remotename)%00%(upstream:remoteref) refs/heads/main refs/remotes/main [8ms]
2024-02-08 10:32:19.620 [info] > git status -z -uall [16ms]
2024-02-08 10:33:26.115 [info] > git config --get commit.template [31ms]
2024-02-08 10:33:26.121 [info] > git for-each-ref --format=%(refname)%00%(upstream:short)%00%(objectname)%00%(upstream:track)%00%(upstream:remotename)%00%(upstream:remoteref) refs/heads/main refs/remotes/main [8ms]
2024-02-08 10:33:26.164 [info] > git status -z -uall [15ms]
2024-02-08 10:34:38.989 [info] > git config --get commit.template [36ms]
2024-02-08 10:34:38.995 [info] > git for-each-ref --format=%(refname)%00%(upstream:short)%00%(objectname)%00%(upstream:track)%00%(upstream:remotename)%00%(upstream:remoteref) refs/heads/main refs/remotes/main [8ms]
2024-02-08 10:34:39.042 [info] > git status -z -uall [14ms]
2024-02-08 10:36:13.045 [info] > git config --get commit.template [32ms]
2024-02-08 10:36:13.051 [info] > git for-each-ref --format=%(refname)%00%(upstream:short)%00%(objectname)%00%(upstream:track)%00%(upstream:remotename)%00%(upstream:remoteref) refs/heads/main refs/remotes/main [8ms]
2024-02-08 10:36:13.098 [info] > git status -z -uall [14ms]
2024-02-08 10:37:36.125 [info] > git config --get commit.template [16ms]
2024-02-08 10:37:36.129 [info] > git for-each-ref --format=%(refname)%00%(upstream:short)%00%(objectname)%00%(upstream:track)%00%(upstream:remotename)%00%(upstream:remoteref) refs/heads/main refs/remotes/main [4ms]
2024-02-08 10:37:36.151 [info] > git status -z -uall [7ms]
2024-02-08 10:38:02.752 [info] > git config --get commit.template [19ms]
2024-02-08 10:38:02.755 [info] > git for-each-ref --format=%(refname)%00%(upstream:short)%00%(objectname)%00%(upstream:track)%00%(upstream:remotename)%00%(upstream:remoteref) refs/heads/main refs/remotes/main [5ms]
2024-02-08 10:38:02.781 [info] > git status -z -uall [8ms]
2024-02-08 10:38:36.562 [info] > git config --get commit.template [20ms]
2024-02-08 10:38:36.565 [info] > git for-each-ref --format=%(refname)%00%(upstream:short)%00%(objectname)%00%(upstream:track)%00%(upstream:remotename)%00%(upstream:remoteref) refs/heads/main refs/remotes/main [4ms]
2024-02-08 10:38:36.592 [info] > git status -z -uall [7ms]
2024-02-08 10:38:56.190 [info] > git config --get commit.template [20ms]
2024-02-08 10:38:56.194 [info] > git for-each-ref --format=%(refname)%00%(upstream:short)%00%(objectname)%00%(upstream:track)%00%(upstream:remotename)%00%(upstream:remoteref) refs/heads/main refs/remotes/main [6ms]
2024-02-08 10:38:56.221 [info] > git status -z -uall [9ms]
2024-02-08 10:40:41.380 [info] > git config --get commit.template [20ms]
2024-02-08 10:40:41.385 [info] > git for-each-ref --format=%(refname)%00%(upstream:short)%00%(objectname)%00%(upstream:track)%00%(upstream:remotename)%00%(upstream:remoteref) refs/heads/main refs/remotes/main [6ms]
2024-02-08 10:40:41.412 [info] > git status -z -uall [8ms]
2024-02-08 10:41:10.117 [info] > git config --get commit.template [18ms]
2024-02-08 10:41:10.121 [info] > git for-each-ref --format=%(refname)%00%(upstream:short)%00%(objectname)%00%(upstream:track)%00%(upstream:remotename)%00%(upstream:remoteref) refs/heads/main refs/remotes/main [5ms]
2024-02-08 10:41:10.147 [info] > git status -z -uall [8ms]
2024-02-08 10:41:33.422 [info] > git config --get commit.template [17ms]
2024-02-08 10:41:33.425 [info] > git for-each-ref --format=%(refname)%00%(upstream:short)%00%(objectname)%00%(upstream:track)%00%(upstream:remotename)%00%(upstream:remoteref) refs/heads/main refs/remotes/main [4ms]
2024-02-08 10:41:33.448 [info] > git status -z -uall [8ms]
2024-02-08 10:43:04.703 [info] > git config --get commit.template [25ms]
2024-02-08 10:43:04.707 [info] > git for-each-ref --format=%(refname)%00%(upstream:short)%00%(objectname)%00%(upstream:track)%00%(upstream:remotename)%00%(upstream:remoteref) refs/heads/main refs/remotes/main [5ms]
2024-02-08 10:43:04.736 [info] > git status -z -uall [9ms]
2024-02-08 10:43:22.360 [info] > git config --get commit.template [19ms]
2024-02-08 10:43:22.364 [info] > git for-each-ref --format=%(refname)%00%(upstream:short)%00%(objectname)%00%(upstream:track)%00%(upstream:remotename)%00%(upstream:remoteref) refs/heads/main refs/remotes/main [5ms]
2024-02-08 10:43:22.389 [info] > git status -z -uall [9ms]
2024-02-08 10:43:33.083 [info] > git config --get commit.template [19ms]
2024-02-08 10:43:33.087 [info] > git for-each-ref --format=%(refname)%00%(upstream:short)%00%(objectname)%00%(upstream:track)%00%(upstream:remotename)%00%(upstream:remoteref) refs/heads/main refs/remotes/main [5ms]
2024-02-08 10:43:33.115 [info] > git status -z -uall [10ms]
2024-02-08 10:44:25.497 [info] > git config --get commit.template [26ms]
2024-02-08 10:44:25.499 [info] > git for-each-ref --format=%(refname)%00%(upstream:short)%00%(objectname)%00%(upstream:track)%00%(upstream:remotename)%00%(upstream:remoteref) refs/heads/main refs/remotes/main [4ms]
2024-02-08 10:44:25.527 [info] > git status -z -uall [9ms]
2024-02-08 10:44:32.862 [info] > git config --get commit.template [19ms]
2024-02-08 10:44:32.866 [info] > git for-each-ref --format=%(refname)%00%(upstream:short)%00%(objectname)%00%(upstream:track)%00%(upstream:remotename)%00%(upstream:remoteref) refs/heads/main refs/remotes/main [4ms]
2024-02-08 10:44:32.898 [info] > git status -z -uall [12ms]
2024-02-08 10:44:45.225 [info] > git config --get commit.template [17ms]
2024-02-08 10:44:45.229 [info] > git for-each-ref --format=%(refname)%00%(upstream:short)%00%(objectname)%00%(upstream:track)%00%(upstream:remotename)%00%(upstream:remoteref) refs/heads/main refs/remotes/main [5ms]
2024-02-08 10:44:45.254 [info] > git status -z -uall [8ms]
2024-02-08 10:45:01.875 [info] > git config --get commit.template [18ms]
2024-02-08 10:45:01.878 [info] > git for-each-ref --format=%(refname)%00%(upstream:short)%00%(objectname)%00%(upstream:track)%00%(upstream:remotename)%00%(upstream:remoteref) refs/heads/main refs/remotes/main [4ms]
2024-02-08 10:45:01.905 [info] > git status -z -uall [8ms]
2024-02-08 10:45:13.970 [info] > git config --get commit.template [17ms]
2024-02-08 10:45:13.974 [info] > git for-each-ref --format=%(refname)%00%(upstream:short)%00%(objectname)%00%(upstream:track)%00%(upstream:remotename)%00%(upstream:remoteref) refs/heads/main refs/remotes/main [5ms]
2024-02-08 10:45:14.001 [info] > git status -z -uall [9ms]
2024-02-08 10:45:24.724 [info] > git config --get commit.template [19ms]
2024-02-08 10:45:24.727 [info] > git for-each-ref --format=%(refname)%00%(upstream:short)%00%(objectname)%00%(upstream:track)%00%(upstream:remotename)%00%(upstream:remoteref) refs/heads/main refs/remotes/main [4ms]
2024-02-08 10:45:24.753 [info] > git status -z -uall [8ms]
2024-02-08 10:46:04.606 [info] > git config --get commit.template [27ms]
2024-02-08 10:46:04.608 [info] > git for-each-ref --format=%(refname)%00%(upstream:short)%00%(objectname)%00%(upstream:track)%00%(upstream:remotename)%00%(upstream:remoteref) refs/heads/main refs/remotes/main [7ms]
2024-02-08 10:46:04.644 [info] > git status -z -uall [13ms]
2024-02-08 10:46:10.058 [info] > git config --get commit.template [20ms]
2024-02-08 10:46:10.061 [info] > git for-each-ref --format=%(refname)%00%(upstream:short)%00%(objectname)%00%(upstream:track)%00%(upstream:remotename)%00%(upstream:remoteref) refs/heads/main refs/remotes/main [4ms]
2024-02-08 10:46:10.089 [info] > git status -z -uall [8ms]
2024-02-08 10:46:29.695 [info] > git config --get commit.template [17ms]
2024-02-08 10:46:29.698 [info] > git for-each-ref --format=%(refname)%00%(upstream:short)%00%(objectname)%00%(upstream:track)%00%(upstream:remotename)%00%(upstream:remoteref) refs/heads/main refs/remotes/main [4ms]
2024-02-08 10:46:29.722 [info] > git status -z -uall [7ms]
2024-02-08 10:46:59.823 [info] > git config --get commit.template [17ms]
2024-02-08 10:46:59.826 [info] > git for-each-ref --format=%(refname)%00%(upstream:short)%00%(objectname)%00%(upstream:track)%00%(upstream:remotename)%00%(upstream:remoteref) refs/heads/main refs/remotes/main [4ms]
2024-02-08 10:46:59.850 [info] > git status -z -uall [8ms]
2024-02-08 10:47:22.573 [info] > git config --get commit.template [17ms]
2024-02-08 10:47:22.577 [info] > git for-each-ref --format=%(refname)%00%(upstream:short)%00%(objectname)%00%(upstream:track)%00%(upstream:remotename)%00%(upstream:remoteref) refs/heads/main refs/remotes/main [5ms]
2024-02-08 10:47:22.604 [info] > git status -z -uall [10ms]
2024-02-08 10:47:28.960 [info] > git config --get commit.template [18ms]
2024-02-08 10:47:28.964 [info] > git for-each-ref --format=%(refname)%00%(upstream:short)%00%(objectname)%00%(upstream:track)%00%(upstream:remotename)%00%(upstream:remoteref) refs/heads/main refs/remotes/main [5ms]
2024-02-08 10:47:28.989 [info] > git status -z -uall [8ms]
2024-02-08 10:47:38.444 [info] > git config --get commit.template [18ms]
2024-02-08 10:47:38.448 [info] > git for-each-ref --format=%(refname)%00%(upstream:short)%00%(objectname)%00%(upstream:track)%00%(upstream:remotename)%00%(upstream:remoteref) refs/heads/main refs/remotes/main [5ms]
2024-02-08 10:47:38.472 [info] > git status -z -uall [6ms]
2024-02-08 10:48:07.175 [info] > git config --get commit.template [22ms]
2024-02-08 10:48:07.179 [info] > git for-each-ref --format=%(refname)%00%(upstream:short)%00%(objectname)%00%(upstream:track)%00%(upstream:remotename)%00%(upstream:remoteref) refs/heads/main refs/remotes/main [5ms]
2024-02-08 10:48:07.209 [info] > git status -z -uall [8ms]
2024-02-08 10:48:18.199 [info] > git config --get commit.template [16ms]
2024-02-08 10:48:18.201 [info] > git for-each-ref --format=%(refname)%00%(upstream:short)%00%(objectname)%00%(upstream:track)%00%(upstream:remotename)%00%(upstream:remoteref) refs/heads/main refs/remotes/main [3ms]
2024-02-08 10:48:18.225 [info] > git status -z -uall [7ms]
2024-02-08 10:48:28.022 [info] > git config --get commit.template [27ms]
2024-02-08 10:48:28.028 [info] > git for-each-ref --format=%(refname)%00%(upstream:short)%00%(objectname)%00%(upstream:track)%00%(upstream:remotename)%00%(upstream:remoteref) refs/heads/main refs/remotes/main [7ms]
2024-02-08 10:48:28.071 [info] > git status -z -uall [13ms]
2024-02-08 10:48:59.363 [info] > git config --get commit.template [19ms]
2024-02-08 10:48:59.366 [info] > git for-each-ref --format=%(refname)%00%(upstream:short)%00%(objectname)%00%(upstream:track)%00%(upstream:remotename)%00%(upstream:remoteref) refs/heads/main refs/remotes/main [4ms]
2024-02-08 10:48:59.393 [info] > git status -z -uall [8ms]
2024-02-08 10:49:40.685 [info] > git config --get commit.template [18ms]
2024-02-08 10:49:40.688 [info] > git for-each-ref --format=%(refname)%00%(upstream:short)%00%(objectname)%00%(upstream:track)%00%(upstream:remotename)%00%(upstream:remoteref) refs/heads/main refs/remotes/main [3ms]
2024-02-08 10:49:40.715 [info] > git status -z -uall [9ms]
2024-02-08 10:49:56.466 [info] > git config --get commit.template [27ms]
2024-02-08 10:49:56.470 [info] > git for-each-ref --format=%(refname)%00%(upstream:short)%00%(objectname)%00%(upstream:track)%00%(upstream:remotename)%00%(upstream:remoteref) refs/heads/main refs/remotes/main [4ms]
2024-02-08 10:49:56.499 [info] > git status -z -uall [10ms]
2024-02-08 10:50:07.348 [info] > git config --get commit.template [19ms]
2024-02-08 10:50:07.352 [info] > git for-each-ref --format=%(refname)%00%(upstream:short)%00%(objectname)%00%(upstream:track)%00%(upstream:remotename)%00%(upstream:remoteref) refs/heads/main refs/remotes/main [4ms]
2024-02-08 10:50:07.378 [info] > git status -z -uall [8ms]
2024-02-08 10:50:15.568 [info] > git config --get commit.template [19ms]
2024-02-08 10:50:15.571 [info] > git for-each-ref --format=%(refname)%00%(upstream:short)%00%(objectname)%00%(upstream:track)%00%(upstream:remotename)%00%(upstream:remoteref) refs/heads/main refs/remotes/main [4ms]
2024-02-08 10:50:15.594 [info] > git status -z -uall [7ms]
2024-02-08 10:50:26.222 [info] > git config --get commit.template [18ms]
2024-02-08 10:50:26.225 [info] > git for-each-ref --format=%(refname)%00%(upstream:short)%00%(objectname)%00%(upstream:track)%00%(upstream:remotename)%00%(upstream:remoteref) refs/heads/main refs/remotes/main [4ms]
2024-02-08 10:50:26.249 [info] > git status -z -uall [8ms]
2024-02-08 10:50:44.321 [info] > git config --get commit.template [18ms]
2024-02-08 10:50:44.325 [info] > git for-each-ref --format=%(refname)%00%(upstream:short)%00%(objectname)%00%(upstream:track)%00%(upstream:remotename)%00%(upstream:remoteref) refs/heads/main refs/remotes/main [5ms]
2024-02-08 10:50:44.352 [info] > git status -z -uall [9ms]
2024-02-08 10:51:08.322 [info] > git config --get commit.template [18ms]
2024-02-08 10:51:08.325 [info] > git for-each-ref --format=%(refname)%00%(upstream:short)%00%(objectname)%00%(upstream:track)%00%(upstream:remotename)%00%(upstream:remoteref) refs/heads/main refs/remotes/main [4ms]
2024-02-08 10:51:08.348 [info] > git status -z -uall [6ms]
2024-02-08 10:51:34.643 [info] > git config --get commit.template [29ms]
2024-02-08 10:51:34.647 [info] > git for-each-ref --format=%(refname)%00%(upstream:short)%00%(objectname)%00%(upstream:track)%00%(upstream:remotename)%00%(upstream:remoteref) refs/heads/main refs/remotes/main [6ms]
2024-02-08 10:51:34.682 [info] > git status -z -uall [12ms]
2024-02-08 10:51:40.350 [info] > git config --get commit.template [17ms]
2024-02-08 10:51:40.353 [info] > git for-each-ref --format=%(refname)%00%(upstream:short)%00%(objectname)%00%(upstream:track)%00%(upstream:remotename)%00%(upstream:remoteref) refs/heads/main refs/remotes/main [4ms]
2024-02-08 10:51:40.377 [info] > git status -z -uall [7ms]
2024-02-08 10:51:47.993 [info] > git config --get commit.template [19ms]
2024-02-08 10:51:47.996 [info] > git for-each-ref --format=%(refname)%00%(upstream:short)%00%(objectname)%00%(upstream:track)%00%(upstream:remotename)%00%(upstream:remoteref) refs/heads/main refs/remotes/main [4ms]
2024-02-08 10:51:48.023 [info] > git status -z -uall [8ms]
2024-02-08 10:52:17.303 [info] > git show --textconv :preamble.tex [88ms]
2024-02-08 10:52:17.305 [info] > git ls-files --stage -- /mnt/Mis archivos/Google Drive/Tesis pregrado/bachelor-thesis/preamble.tex [12ms]
2024-02-08 10:52:17.328 [info] > git cat-file -s cf42e40dfd419874f94cd17d6f99b451d7b180d3 [3ms]
2024-02-08 10:53:05.680 [info] > git config --get commit.template [19ms]
2024-02-08 10:53:05.686 [info] > git for-each-ref --format=%(refname)%00%(upstream:short)%00%(objectname)%00%(upstream:track)%00%(upstream:remotename)%00%(upstream:remoteref) refs/heads/main refs/remotes/main [7ms]
2024-02-08 10:53:05.805 [info] > git status -z -uall [101ms]
2024-02-08 10:53:18.836 [info] > git config --get commit.template [19ms]
2024-02-08 10:53:18.840 [info] > git for-each-ref --format=%(refname)%00%(upstream:short)%00%(objectname)%00%(upstream:track)%00%(upstream:remotename)%00%(upstream:remoteref) refs/heads/main refs/remotes/main [5ms]
2024-02-08 10:53:18.866 [info] > git status -z -uall [9ms]
2024-02-08 10:53:25.096 [info] > git show --textconv :sources/chap03.tex [17ms]
2024-02-08 10:53:25.098 [info] > git ls-files --stage -- /mnt/Mis archivos/Google Drive/Tesis pregrado/bachelor-thesis/sources/chap03.tex [3ms]
2024-02-08 10:53:25.118 [info] > git cat-file -s abb6f46ccf3570c5e10130831d133a2577d2db82 [3ms]
2024-02-08 10:54:22.075 [info] > git config --get commit.template [19ms]
2024-02-08 10:54:22.079 [info] > git for-each-ref --format=%(refname)%00%(upstream:short)%00%(objectname)%00%(upstream:track)%00%(upstream:remotename)%00%(upstream:remoteref) refs/heads/main refs/remotes/main [5ms]
2024-02-08 10:54:22.104 [info] > git status -z -uall [8ms]
2024-02-08 10:54:57.898 [info] > git config --get commit.template [18ms]
2024-02-08 10:54:57.902 [info] > git for-each-ref --format=%(refname)%00%(upstream:short)%00%(objectname)%00%(upstream:track)%00%(upstream:remotename)%00%(upstream:remoteref) refs/heads/main refs/remotes/main [4ms]
2024-02-08 10:54:57.927 [info] > git status -z -uall [8ms]
2024-02-08 10:59:16.502 [info] > git config --get commit.template [18ms]
2024-02-08 10:59:16.505 [info] > git for-each-ref --format=%(refname)%00%(upstream:short)%00%(objectname)%00%(upstream:track)%00%(upstream:remotename)%00%(upstream:remoteref) refs/heads/main refs/remotes/main [4ms]
2024-02-08 10:59:16.528 [info] > git status -z -uall [8ms]
2024-02-08 10:59:42.045 [info] > git config --get commit.template [16ms]
2024-02-08 10:59:42.047 [info] > git for-each-ref --format=%(refname)%00%(upstream:short)%00%(objectname)%00%(upstream:track)%00%(upstream:remotename)%00%(upstream:remoteref) refs/heads/main refs/remotes/main [4ms]
2024-02-08 10:59:42.072 [info] > git status -z -uall [8ms]
2024-02-08 11:00:13.559 [info] > git config --get commit.template [19ms]
2024-02-08 11:00:13.562 [info] > git for-each-ref --format=%(refname)%00%(upstream:short)%00%(objectname)%00%(upstream:track)%00%(upstream:remotename)%00%(upstream:remoteref) refs/heads/main refs/remotes/main [4ms]
2024-02-08 11:00:13.586 [info] > git status -z -uall [6ms]
2024-02-08 11:00:26.569 [info] > git config --get commit.template [5ms]
2024-02-08 11:00:26.632 [info] > git for-each-ref --format=%(refname)%00%(upstream:short)%00%(objectname)%00%(upstream:track)%00%(upstream:remotename)%00%(upstream:remoteref) refs/heads/main refs/remotes/main [9ms]
2024-02-08 11:00:26.688 [info] > git status -z -uall [24ms]
2024-02-08 11:01:18.853 [info] > git config --get commit.template [22ms]
2024-02-08 11:01:18.857 [info] > git for-each-ref --format=%(refname)%00%(upstream:short)%00%(objectname)%00%(upstream:track)%00%(upstream:remotename)%00%(upstream:remoteref) refs/heads/main refs/remotes/main [4ms]
2024-02-08 11:01:18.885 [info] > git status -z -uall [8ms]
2024-02-08 11:01:26.319 [info] > git config --get commit.template [19ms]
2024-02-08 11:01:26.322 [info] > git for-each-ref --format=%(refname)%00%(upstream:short)%00%(objectname)%00%(upstream:track)%00%(upstream:remotename)%00%(upstream:remoteref) refs/heads/main refs/remotes/main [4ms]
2024-02-08 11:01:26.349 [info] > git status -z -uall [8ms]
2024-02-08 11:05:34.245 [info] > git config --get commit.template [18ms]
2024-02-08 11:05:34.248 [info] > git for-each-ref --format=%(refname)%00%(upstream:short)%00%(objectname)%00%(upstream:track)%00%(upstream:remotename)%00%(upstream:remoteref) refs/heads/main refs/remotes/main [4ms]
2024-02-08 11:05:34.273 [info] > git status -z -uall [8ms]
2024-02-08 11:05:44.612 [info] > git config --get commit.template [18ms]
2024-02-08 11:05:44.615 [info] > git for-each-ref --format=%(refname)%00%(upstream:short)%00%(objectname)%00%(upstream:track)%00%(upstream:remotename)%00%(upstream:remoteref) refs/heads/main refs/remotes/main [4ms]
2024-02-08 11:05:44.641 [info] > git status -z -uall [8ms]
2024-02-08 11:05:50.588 [info] > git config --get commit.template [19ms]
2024-02-08 11:05:50.591 [info] > git for-each-ref --format=%(refname)%00%(upstream:short)%00%(objectname)%00%(upstream:track)%00%(upstream:remotename)%00%(upstream:remoteref) refs/heads/main refs/remotes/main [4ms]
2024-02-08 11:05:50.618 [info] > git status -z -uall [8ms]
2024-02-08 11:06:16.705 [info] > git config --get commit.template [26ms]
2024-02-08 11:06:16.711 [info] > git for-each-ref --format=%(refname)%00%(upstream:short)%00%(objectname)%00%(upstream:track)%00%(upstream:remotename)%00%(upstream:remoteref) refs/heads/main refs/remotes/main [6ms]
2024-02-08 11:06:16.742 [info] > git status -z -uall [11ms]
2024-02-08 11:06:24.675 [info] > git config --get commit.template [17ms]
2024-02-08 11:06:24.678 [info] > git for-each-ref --format=%(refname)%00%(upstream:short)%00%(objectname)%00%(upstream:track)%00%(upstream:remotename)%00%(upstream:remoteref) refs/heads/main refs/remotes/main [4ms]
2024-02-08 11:06:24.703 [info] > git status -z -uall [8ms]
2024-02-08 11:06:58.881 [info] > git config --get commit.template [18ms]
2024-02-08 11:06:58.885 [info] > git for-each-ref --format=%(refname)%00%(upstream:short)%00%(objectname)%00%(upstream:track)%00%(upstream:remotename)%00%(upstream:remoteref) refs/heads/main refs/remotes/main [5ms]
2024-02-08 11:06:58.911 [info] > git status -z -uall [8ms]
2024-02-08 11:09:05.590 [info] > git config --get commit.template [19ms]
2024-02-08 11:09:05.593 [info] > git for-each-ref --format=%(refname)%00%(upstream:short)%00%(objectname)%00%(upstream:track)%00%(upstream:remotename)%00%(upstream:remoteref) refs/heads/main refs/remotes/main [4ms]
2024-02-08 11:09:05.622 [info] > git status -z -uall [9ms]
2024-02-08 11:09:15.573 [info] > git config --get commit.template [19ms]
2024-02-08 11:09:15.577 [info] > git for-each-ref --format=%(refname)%00%(upstream:short)%00%(objectname)%00%(upstream:track)%00%(upstream:remotename)%00%(upstream:remoteref) refs/heads/main refs/remotes/main [5ms]
2024-02-08 11:09:15.604 [info] > git status -z -uall [8ms]
2024-02-08 11:09:43.270 [info] > git config --get commit.template [18ms]
2024-02-08 11:09:43.273 [info] > git for-each-ref --format=%(refname)%00%(upstream:short)%00%(objectname)%00%(upstream:track)%00%(upstream:remotename)%00%(upstream:remoteref) refs/heads/main refs/remotes/main [4ms]
2024-02-08 11:09:43.299 [info] > git status -z -uall [8ms]
2024-02-08 11:10:01.315 [info] > git config --get commit.template [18ms]
2024-02-08 11:10:01.319 [info] > git for-each-ref --format=%(refname)%00%(upstream:short)%00%(objectname)%00%(upstream:track)%00%(upstream:remotename)%00%(upstream:remoteref) refs/heads/main refs/remotes/main [5ms]
2024-02-08 11:10:01.345 [info] > git status -z -uall [8ms]
2024-02-08 11:11:27.044 [info] > git config --get commit.template [18ms]
2024-02-08 11:11:27.048 [info] > git for-each-ref --format=%(refname)%00%(upstream:short)%00%(objectname)%00%(upstream:track)%00%(upstream:remotename)%00%(upstream:remoteref) refs/heads/main refs/remotes/main [5ms]
2024-02-08 11:11:27.074 [info] > git status -z -uall [9ms]
2024-02-08 11:12:13.034 [info] > git config --get commit.template [20ms]
2024-02-08 11:12:13.038 [info] > git for-each-ref --format=%(refname)%00%(upstream:short)%00%(objectname)%00%(upstream:track)%00%(upstream:remotename)%00%(upstream:remoteref) refs/heads/main refs/remotes/main [4ms]
2024-02-08 11:12:13.070 [info] > git status -z -uall [10ms]
2024-02-08 11:12:20.462 [info] > git config --get commit.template [17ms]
2024-02-08 11:12:20.465 [info] > git for-each-ref --format=%(refname)%00%(upstream:short)%00%(objectname)%00%(upstream:track)%00%(upstream:remotename)%00%(upstream:remoteref) refs/heads/main refs/remotes/main [4ms]
2024-02-08 11:12:20.487 [info] > git status -z -uall [7ms]
2024-02-08 11:12:34.736 [info] > git config --get commit.template [17ms]
2024-02-08 11:12:34.739 [info] > git for-each-ref --format=%(refname)%00%(upstream:short)%00%(objectname)%00%(upstream:track)%00%(upstream:remotename)%00%(upstream:remoteref) refs/heads/main refs/remotes/main [4ms]
2024-02-08 11:12:34.763 [info] > git status -z -uall [8ms]
2024-02-08 11:13:11.870 [info] > git config --get commit.template [20ms]
2024-02-08 11:13:11.873 [info] > git for-each-ref --format=%(refname)%00%(upstream:short)%00%(objectname)%00%(upstream:track)%00%(upstream:remotename)%00%(upstream:remoteref) refs/heads/main refs/remotes/main [4ms]
2024-02-08 11:13:11.897 [info] > git status -z -uall [8ms]
2024-02-08 11:13:28.560 [info] > git config --get commit.template [18ms]
2024-02-08 11:13:28.564 [info] > git for-each-ref --format=%(refname)%00%(upstream:short)%00%(objectname)%00%(upstream:track)%00%(upstream:remotename)%00%(upstream:remoteref) refs/heads/main refs/remotes/main [5ms]
2024-02-08 11:13:28.590 [info] > git status -z -uall [8ms]
2024-02-08 11:13:39.652 [info] > git config --get commit.template [16ms]
2024-02-08 11:13:39.656 [info] > git for-each-ref --format=%(refname)%00%(upstream:short)%00%(objectname)%00%(upstream:track)%00%(upstream:remotename)%00%(upstream:remoteref) refs/heads/main refs/remotes/main [4ms]
2024-02-08 11:13:39.679 [info] > git status -z -uall [7ms]
2024-02-08 11:13:54.824 [info] > git config --get commit.template [20ms]
2024-02-08 11:13:54.827 [info] > git for-each-ref --format=%(refname)%00%(upstream:short)%00%(objectname)%00%(upstream:track)%00%(upstream:remotename)%00%(upstream:remoteref) refs/heads/main refs/remotes/main [3ms]
2024-02-08 11:13:54.850 [info] > git status -z -uall [7ms]
2024-02-08 11:15:39.306 [info] > git config --get commit.template [19ms]
2024-02-08 11:15:39.310 [info] > git for-each-ref --format=%(refname)%00%(upstream:short)%00%(objectname)%00%(upstream:track)%00%(upstream:remotename)%00%(upstream:remoteref) refs/heads/main refs/remotes/main [5ms]
2024-02-08 11:15:39.335 [info] > git status -z -uall [9ms]
2024-02-08 11:16:48.207 [info] > git config --get commit.template [18ms]
2024-02-08 11:16:48.210 [info] > git for-each-ref --format=%(refname)%00%(upstream:short)%00%(objectname)%00%(upstream:track)%00%(upstream:remotename)%00%(upstream:remoteref) refs/heads/main refs/remotes/main [4ms]
2024-02-08 11:16:48.234 [info] > git status -z -uall [7ms]
2024-02-08 11:16:54.562 [info] > git config --get commit.template [16ms]
2024-02-08 11:16:54.565 [info] > git for-each-ref --format=%(refname)%00%(upstream:short)%00%(objectname)%00%(upstream:track)%00%(upstream:remotename)%00%(upstream:remoteref) refs/heads/main refs/remotes/main [3ms]
2024-02-08 11:16:54.588 [info] > git status -z -uall [7ms]
2024-02-08 11:17:06.477 [info] > git config --get commit.template [17ms]
2024-02-08 11:17:06.480 [info] > git for-each-ref --format=%(refname)%00%(upstream:short)%00%(objectname)%00%(upstream:track)%00%(upstream:remotename)%00%(upstream:remoteref) refs/heads/main refs/remotes/main [4ms]
2024-02-08 11:17:06.502 [info] > git status -z -uall [7ms]
2024-02-08 11:17:24.258 [info] > git config --get commit.template [17ms]
2024-02-08 11:17:24.262 [info] > git for-each-ref --format=%(refname)%00%(upstream:short)%00%(objectname)%00%(upstream:track)%00%(upstream:remotename)%00%(upstream:remoteref) refs/heads/main refs/remotes/main [5ms]
2024-02-08 11:17:24.283 [info] > git status -z -uall [7ms]
2024-02-08 11:18:58.245 [info] > git config --get commit.template [18ms]
2024-02-08 11:18:58.249 [info] > git for-each-ref --format=%(refname)%00%(upstream:short)%00%(objectname)%00%(upstream:track)%00%(upstream:remotename)%00%(upstream:remoteref) refs/heads/main refs/remotes/main [5ms]
2024-02-08 11:18:58.275 [info] > git status -z -uall [9ms]
2024-02-08 11:19:07.172 [info] > git config --get commit.template [18ms]
2024-02-08 11:19:07.175 [info] > git for-each-ref --format=%(refname)%00%(upstream:short)%00%(objectname)%00%(upstream:track)%00%(upstream:remotename)%00%(upstream:remoteref) refs/heads/main refs/remotes/main [4ms]
2024-02-08 11:19:07.204 [info] > git status -z -uall [10ms]
2024-02-08 11:19:27.146 [info] > git config --get commit.template [20ms]
2024-02-08 11:19:27.150 [info] > git for-each-ref --format=%(refname)%00%(upstream:short)%00%(objectname)%00%(upstream:track)%00%(upstream:remotename)%00%(upstream:remoteref) refs/heads/main refs/remotes/main [5ms]
2024-02-08 11:19:27.176 [info] > git status -z -uall [8ms]
2024-02-08 11:19:44.736 [info] > git config --get commit.template [19ms]
2024-02-08 11:19:44.740 [info] > git for-each-ref --format=%(refname)%00%(upstream:short)%00%(objectname)%00%(upstream:track)%00%(upstream:remotename)%00%(upstream:remoteref) refs/heads/main refs/remotes/main [5ms]
2024-02-08 11:19:44.767 [info] > git status -z -uall [8ms]
2024-02-08 11:20:02.354 [info] > git config --get commit.template [23ms]
2024-02-08 11:20:02.358 [info] > git for-each-ref --format=%(refname)%00%(upstream:short)%00%(objectname)%00%(upstream:track)%00%(upstream:remotename)%00%(upstream:remoteref) refs/heads/main refs/remotes/main [5ms]
2024-02-08 11:20:02.386 [info] > git status -z -uall [10ms]
2024-02-08 11:20:12.896 [info] > git config --get commit.template [18ms]
2024-02-08 11:20:12.899 [info] > git for-each-ref --format=%(refname)%00%(upstream:short)%00%(objectname)%00%(upstream:track)%00%(upstream:remotename)%00%(upstream:remoteref) refs/heads/main refs/remotes/main [3ms]
2024-02-08 11:20:12.921 [info] > git status -z -uall [8ms]
2024-02-08 11:20:34.557 [info] > git config --get commit.template [20ms]
2024-02-08 11:20:34.560 [info] > git for-each-ref --format=%(refname)%00%(upstream:short)%00%(objectname)%00%(upstream:track)%00%(upstream:remotename)%00%(upstream:remoteref) refs/heads/main refs/remotes/main [4ms]
2024-02-08 11:20:34.583 [info] > git status -z -uall [8ms]
2024-02-08 11:20:49.463 [info] > git config --get commit.template [17ms]
2024-02-08 11:20:49.466 [info] > git for-each-ref --format=%(refname)%00%(upstream:short)%00%(objectname)%00%(upstream:track)%00%(upstream:remotename)%00%(upstream:remoteref) refs/heads/main refs/remotes/main [4ms]
2024-02-08 11:20:49.492 [info] > git status -z -uall [8ms]
2024-02-08 11:22:20.187 [info] > git config --get commit.template [22ms]
2024-02-08 11:22:20.191 [info] > git for-each-ref --format=%(refname)%00%(upstream:short)%00%(objectname)%00%(upstream:track)%00%(upstream:remotename)%00%(upstream:remoteref) refs/heads/main refs/remotes/main [4ms]
2024-02-08 11:22:20.220 [info] > git status -z -uall [9ms]
2024-02-08 11:24:19.107 [info] > git config --get commit.template [21ms]
2024-02-08 11:24:19.111 [info] > git for-each-ref --format=%(refname)%00%(upstream:short)%00%(objectname)%00%(upstream:track)%00%(upstream:remotename)%00%(upstream:remoteref) refs/heads/main refs/remotes/main [5ms]
2024-02-08 11:24:19.138 [info] > git status -z -uall [8ms]
2024-02-08 11:24:32.957 [info] > git config --get commit.template [20ms]
2024-02-08 11:24:32.961 [info] > git for-each-ref --format=%(refname)%00%(upstream:short)%00%(objectname)%00%(upstream:track)%00%(upstream:remotename)%00%(upstream:remoteref) refs/heads/main refs/remotes/main [5ms]
2024-02-08 11:24:32.987 [info] > git status -z -uall [9ms]
2024-02-08 11:30:15.026 [info] > git config --get commit.template [31ms]
2024-02-08 11:30:15.032 [info] > git for-each-ref --format=%(refname)%00%(upstream:short)%00%(objectname)%00%(upstream:track)%00%(upstream:remotename)%00%(upstream:remoteref) refs/heads/main refs/remotes/main [8ms]
2024-02-08 11:30:15.080 [info] > git status -z -uall [18ms]
2024-02-08 11:30:26.433 [info] > git config --get commit.template [36ms]
2024-02-08 11:30:26.441 [info] > git for-each-ref --format=%(refname)%00%(upstream:short)%00%(objectname)%00%(upstream:track)%00%(upstream:remotename)%00%(upstream:remoteref) refs/heads/main refs/remotes/main [10ms]
2024-02-08 11:30:26.490 [info] > git status -z -uall [16ms]
2024-02-08 11:31:01.674 [info] > git config --get commit.template [31ms]
2024-02-08 11:31:01.681 [info] > git for-each-ref --format=%(refname)%00%(upstream:short)%00%(objectname)%00%(upstream:track)%00%(upstream:remotename)%00%(upstream:remoteref) refs/heads/main refs/remotes/main [9ms]
2024-02-08 11:31:01.729 [info] > git status -z -uall [15ms]
2024-02-08 12:50:11.691 [info] > git config --get commit.template [35ms]
2024-02-08 12:50:11.807 [info] > git for-each-ref --format=%(refname)%00%(upstream:short)%00%(objectname)%00%(upstream:track)%00%(upstream:remotename)%00%(upstream:remoteref) refs/heads/main refs/remotes/main [119ms]
2024-02-08 12:50:12.145 [info] > git status -z -uall [300ms]
2024-02-08 12:51:08.041 [info] > git config --get commit.template [39ms]
2024-02-08 12:51:08.048 [info] > git for-each-ref --format=%(refname)%00%(upstream:short)%00%(objectname)%00%(upstream:track)%00%(upstream:remotename)%00%(upstream:remoteref) refs/heads/main refs/remotes/main [9ms]
2024-02-08 12:51:08.101 [info] > git status -z -uall [15ms]
2024-02-08 12:51:37.150 [info] > git config --get commit.template [31ms]
2024-02-08 12:51:37.157 [info] > git for-each-ref --format=%(refname)%00%(upstream:short)%00%(objectname)%00%(upstream:track)%00%(upstream:remotename)%00%(upstream:remoteref) refs/heads/main refs/remotes/main [9ms]
2024-02-08 12:51:37.203 [info] > git status -z -uall [15ms]
2024-02-08 12:51:57.224 [info] > git config --get commit.template [32ms]
2024-02-08 12:51:57.230 [info] > git for-each-ref --format=%(refname)%00%(upstream:short)%00%(objectname)%00%(upstream:track)%00%(upstream:remotename)%00%(upstream:remoteref) refs/heads/main refs/remotes/main [7ms]
2024-02-08 12:51:57.275 [info] > git status -z -uall [15ms]
2024-02-08 12:52:22.660 [info] > git config --get commit.template [30ms]
2024-02-08 12:52:22.668 [info] > git for-each-ref --format=%(refname)%00%(upstream:short)%00%(objectname)%00%(upstream:track)%00%(upstream:remotename)%00%(upstream:remoteref) refs/heads/main refs/remotes/main [9ms]
2024-02-08 12:52:22.726 [info] > git status -z -uall [24ms]
2024-02-08 12:53:31.816 [info] > git config --get commit.template [35ms]
2024-02-08 12:53:31.823 [info] > git for-each-ref --format=%(refname)%00%(upstream:short)%00%(objectname)%00%(upstream:track)%00%(upstream:remotename)%00%(upstream:remoteref) refs/heads/main refs/remotes/main [10ms]
2024-02-08 12:53:31.871 [info] > git status -z -uall [15ms]
2024-02-08 12:54:46.388 [info] > git config --get commit.template [38ms]
2024-02-08 12:54:46.394 [info] > git for-each-ref --format=%(refname)%00%(upstream:short)%00%(objectname)%00%(upstream:track)%00%(upstream:remotename)%00%(upstream:remoteref) refs/heads/main refs/remotes/main [8ms]
2024-02-08 12:54:46.440 [info] > git status -z -uall [14ms]
2024-02-08 12:55:11.261 [info] > git config --get commit.template [33ms]
2024-02-08 12:55:11.268 [info] > git for-each-ref --format=%(refname)%00%(upstream:short)%00%(objectname)%00%(upstream:track)%00%(upstream:remotename)%00%(upstream:remoteref) refs/heads/main refs/remotes/main [9ms]
2024-02-08 12:55:11.318 [info] > git status -z -uall [16ms]
2024-02-08 12:57:31.878 [info] > git config --get commit.template [44ms]
2024-02-08 12:57:31.885 [info] > git for-each-ref --format=%(refname)%00%(upstream:short)%00%(objectname)%00%(upstream:track)%00%(upstream:remotename)%00%(upstream:remoteref) refs/heads/main refs/remotes/main [10ms]
2024-02-08 12:57:31.939 [info] > git status -z -uall [18ms]
2024-02-08 12:57:50.232 [info] > git config --get commit.template [32ms]
2024-02-08 12:57:50.240 [info] > git for-each-ref --format=%(refname)%00%(upstream:short)%00%(objectname)%00%(upstream:track)%00%(upstream:remotename)%00%(upstream:remoteref) refs/heads/main refs/remotes/main [9ms]
2024-02-08 12:57:50.291 [info] > git status -z -uall [15ms]
2024-02-08 14:22:33.503 [info] > git config --get commit.template [22ms]
2024-02-08 14:22:33.543 [info] > git for-each-ref --format=%(refname)%00%(upstream:short)%00%(objectname)%00%(upstream:track)%00%(upstream:remotename)%00%(upstream:remoteref) refs/heads/main refs/remotes/main [41ms]
2024-02-08 14:22:33.579 [info] > git status -z -uall [18ms]
2024-02-08 14:38:18.241 [info] > git config --get commit.template [18ms]
2024-02-08 14:38:18.340 [info] > git for-each-ref --format=%(refname)%00%(upstream:short)%00%(objectname)%00%(upstream:track)%00%(upstream:remotename)%00%(upstream:remoteref) refs/heads/main refs/remotes/main [99ms]
2024-02-08 14:38:18.601 [info] > git status -z -uall [244ms]
2024-02-08 14:38:41.499 [info] > git config --get commit.template [22ms]
2024-02-08 14:38:41.502 [info] > git for-each-ref --format=%(refname)%00%(upstream:short)%00%(objectname)%00%(upstream:track)%00%(upstream:remotename)%00%(upstream:remoteref) refs/heads/main refs/remotes/main [4ms]
2024-02-08 14:38:41.530 [info] > git status -z -uall [8ms]
2024-02-08 14:38:52.978 [info] > git config --get commit.template [21ms]
2024-02-08 14:38:52.982 [info] > git for-each-ref --format=%(refname)%00%(upstream:short)%00%(objectname)%00%(upstream:track)%00%(upstream:remotename)%00%(upstream:remoteref) refs/heads/main refs/remotes/main [5ms]
2024-02-08 14:38:53.010 [info] > git status -z -uall [9ms]
2024-02-08 14:39:31.819 [info] > git config --get commit.template [26ms]
2024-02-08 14:39:31.824 [info] > git for-each-ref --format=%(refname)%00%(upstream:short)%00%(objectname)%00%(upstream:track)%00%(upstream:remotename)%00%(upstream:remoteref) refs/heads/main refs/remotes/main [7ms]
2024-02-08 14:39:31.878 [info] > git status -z -uall [13ms]
2024-02-08 14:39:49.761 [info] > git config --get commit.template [19ms]
2024-02-08 14:39:49.763 [info] > git for-each-ref --format=%(refname)%00%(upstream:short)%00%(objectname)%00%(upstream:track)%00%(upstream:remotename)%00%(upstream:remoteref) refs/heads/main refs/remotes/main [4ms]
2024-02-08 14:39:49.886 [info] > git status -z -uall [104ms]
2024-02-08 18:25:49.266 [info] > git config --get commit.template [87ms]
2024-02-08 18:25:49.520 [info] > git for-each-ref --format=%(refname)%00%(upstream:short)%00%(objectname)%00%(upstream:track)%00%(upstream:remotename)%00%(upstream:remoteref) refs/heads/main refs/remotes/main [292ms]
2024-02-08 18:25:49.748 [info] > git status -z -uall [186ms]
