2024-03-28 00:17:06.078 [info] Extension host with pid 88290 started
2024-03-28 00:17:06.280 [info] ExtensionService#_doActivateExtension mechatroner.rainbow-csv, startup: false, activationEvent: 'onLanguage:plaintext'
2024-03-28 00:17:06.320 [info] ExtensionService#_doActivateExtension vscode.emmet, startup: false, activationEvent: 'onLanguage'
2024-03-28 00:17:06.816 [info] ExtensionService#_doActivateExtension vscode.github-authentication, startup: false, activationEvent: 'onAuthenticationRequest:github'
2024-03-28 00:17:07.223 [info] ExtensionService#_doActivateExtension vscode.git-base, startup: true, activationEvent: '*', root cause: vscode.git
2024-03-28 00:17:07.348 [info] ExtensionService#_doActivateExtension vscode.git, startup: true, activationEvent: '*'
2024-03-28 00:17:07.453 [info] ExtensionService#_doActivateExtension vscode.github, startup: true, activationEvent: '*'
2024-03-28 00:17:07.758 [info] Eager extensions activated
2024-03-28 00:17:07.916 [info] ExtensionService#_doActivateExtension vscode.debug-auto-launch, startup: false, activationEvent: 'onStartupFinished'
2024-03-28 00:17:07.926 [info] ExtensionService#_doActivateExtension vscode.merge-conflict, startup: false, activationEvent: 'onStartupFinished'
2024-03-28 00:17:09.531 [info] ExtensionService#_doActivateExtension vscode.json-language-features, startup: false, activationEvent: 'onLanguage:jsonc'
2024-03-28 00:17:09.620 [info] ExtensionService#_doActivateExtension vscode.typescript-language-features, startup: false, activationEvent: 'onLanguage:jsonc'
2024-03-28 00:17:35.124 [info] Extension host terminating: renderer closed the MessagePort
2024-03-28 00:17:35.203 [info] Extension host with pid 88290 exiting with code 0
2024-03-28 00:17:38.125 [info] Extension host with pid 88510 started
2024-03-28 00:17:38.125 [info] Skipping acquiring lock for /home/christian/.config/Code/User/workspaceStorage/dc84a77db3710c81f8ddb3ed84cd669d.
2024-03-28 00:17:38.220 [info] ExtensionService#_doActivateExtension vscode.git-base, startup: true, activationEvent: '*', root cause: vscode.git
2024-03-28 00:17:38.241 [info] ExtensionService#_doActivateExtension vscode.git, startup: true, activationEvent: '*'
2024-03-28 00:17:38.336 [info] ExtensionService#_doActivateExtension vscode.github, startup: true, activationEvent: '*'
2024-03-28 00:17:38.544 [info] Eager extensions activated
2024-03-28 00:17:38.625 [info] ExtensionService#_doActivateExtension vscode.debug-auto-launch, startup: false, activationEvent: 'onStartupFinished'
2024-03-28 00:17:38.630 [info] ExtensionService#_doActivateExtension vscode.merge-conflict, startup: false, activationEvent: 'onStartupFinished'
2024-03-28 00:17:38.765 [info] ExtensionService#_doActivateExtension vscode.github-authentication, startup: false, activationEvent: 'onAuthenticationRequest:github'
2024-03-28 00:17:55.724 [info] ExtensionService#_doActivateExtension mechatroner.rainbow-csv, startup: false, activationEvent: 'onLanguage:plaintext'
2024-03-28 00:17:55.758 [info] ExtensionService#_doActivateExtension vscode.emmet, startup: false, activationEvent: 'onLanguage'
2024-03-28 00:18:09.547 [info] ExtensionService#_doActivateExtension vscode.ipynb, startup: false, activationEvent: 'onNotebookSerializer:jupyter-notebook'
2024-03-28 00:18:09.607 [info] ExtensionService#_doActivateExtension vscode.extension-editing, startup: false, activationEvent: 'onLanguage:json'
2024-03-28 00:18:09.632 [info] ExtensionService#_doActivateExtension vscode.json-language-features, startup: false, activationEvent: 'onLanguage:json'
2024-03-28 00:18:09.705 [info] ExtensionService#_doActivateExtension vscode.npm, startup: false, activationEvent: 'onLanguage:json'
2024-03-28 00:20:08.648 [info] ExtensionService#_doActivateExtension ms-toolsai.vscode-jupyter-slideshow, startup: false, activationEvent: 'onNotebook:jupyter-notebook'
2024-03-28 00:20:08.667 [info] ExtensionService#_doActivateExtension ms-toolsai.vscode-jupyter-cell-tags, startup: false, activationEvent: 'onNotebook:jupyter-notebook'
2024-03-28 00:20:08.686 [info] ExtensionService#_doActivateExtension ms-toolsai.jupyter-renderers, startup: false, activationEvent: 'onNotebook:*'
2024-03-28 00:20:08.699 [info] ExtensionService#_doActivateExtension ms-toolsai.jupyter, startup: false, activationEvent: 'onLanguage:python'
2024-03-28 00:20:38.355 [info] ExtensionService#_doActivateExtension ms-python.python, startup: false, activationEvent: 'api', root cause: ms-toolsai.jupyter
2024-03-28 00:20:39.430 [info] ExtensionService#_doActivateExtension ms-python.debugpy, startup: false, activationEvent: 'onLanguage:python'
2024-03-28 00:20:41.430 [info] ExtensionService#_doActivateExtension ms-python.vscode-pylance, startup: false, activationEvent: 'onLanguage:python'
2024-03-28 00:21:24.792 [error] Canceled: Canceled
	at pI.handleCommand (/home/christian/.vscode/extensions/ms-toolsai.jupyter-2024.1.1-linux-x64/dist/extension.node.js:362:15424)
	at async eb.selectRemoteServerFromRemoteKernelFinder (/home/christian/.vscode/extensions/ms-toolsai.jupyter-2024.1.1-linux-x64/dist/extension.node.js:282:126477)
	at async eb.getRemoteServersFromProvider (/home/christian/.vscode/extensions/ms-toolsai.jupyter-2024.1.1-linux-x64/dist/extension.node.js:282:126132)
	at async lx.stepThrough (/home/christian/.vscode/extensions/ms-toolsai.jupyter-2024.1.1-linux-x64/dist/extension.node.js:145:11429)
	at async eb.selectRemoteKernel (/home/christian/.vscode/extensions/ms-toolsai.jupyter-2024.1.1-linux-x64/dist/extension.node.js:282:121184)
	at async Qy.onSelectRemoteKernel (/home/christian/.vscode/extensions/ms-toolsai.jupyter-2024.1.1-linux-x64/dist/extension.node.js:282:94835)
	at async s.h (/opt/visual-studio-code/resources/app/out/vs/workbench/api/node/extensionHostProcess.js:150:175235)
	at async s.h (/opt/visual-studio-code/resources/app/out/vs/workbench/api/node/extensionHostProcess.js:150:175235) jupyter.kernel.selectJupyterServerKernel {"value":"ms-toolsai.jupyter","_lower":"ms-toolsai.jupyter"}
2024-03-28 00:21:24.792 [error] Canceled: Canceled
	at pI.handleCommand (/home/christian/.vscode/extensions/ms-toolsai.jupyter-2024.1.1-linux-x64/dist/extension.node.js:362:15424)
	at async eb.selectRemoteServerFromRemoteKernelFinder (/home/christian/.vscode/extensions/ms-toolsai.jupyter-2024.1.1-linux-x64/dist/extension.node.js:282:126477)
	at async eb.getRemoteServersFromProvider (/home/christian/.vscode/extensions/ms-toolsai.jupyter-2024.1.1-linux-x64/dist/extension.node.js:282:126132)
	at async lx.stepThrough (/home/christian/.vscode/extensions/ms-toolsai.jupyter-2024.1.1-linux-x64/dist/extension.node.js:145:11429)
	at async eb.selectRemoteKernel (/home/christian/.vscode/extensions/ms-toolsai.jupyter-2024.1.1-linux-x64/dist/extension.node.js:282:121184)
	at async Qy.onSelectRemoteKernel (/home/christian/.vscode/extensions/ms-toolsai.jupyter-2024.1.1-linux-x64/dist/extension.node.js:282:94835)
	at async s.h (/opt/visual-studio-code/resources/app/out/vs/workbench/api/node/extensionHostProcess.js:150:175235)
	at async s.h (/opt/visual-studio-code/resources/app/out/vs/workbench/api/node/extensionHostProcess.js:150:175235) jupyter.kernel.selectJupyterServerKernel undefined
2024-03-28 02:20:13.081 [info] Extension host terminating: renderer closed the MessagePort
2024-03-28 02:20:13.224 [info] Extension host with pid 88510 exiting with code 0
