[15:42:19.036][Logger] New log placeholder %WS1% registered for /home/christian/Documents/proyecto-latex .
[15:42:19.036][Extension] Initializing LaTeX Workshop.
[15:42:19.261][Build][Recipe] Set $LATEXWORKSHOP_DOCKER_LATEX: ""
[15:42:19.328][Server] Creating LaTeX Workshop http and websocket server.
[15:42:19.493][Format][Bib] Bibtex format config: {"tab":"  ","case":"lowercase","left":"{","right":"}","trailingComma":false,"sort":["key"],"alignOnEqual":true,"sortFields":false,"fieldsOrder":[],"firstEntries":["string","xdata"]}
[15:42:19.570][Server] Server successfully started: {"address":"127.0.0.1","family":"IPv4","port":39385} .
[15:42:19.621][Extension] Extension root: /home/christian/.vscode/extensions/james-yu.latex-workshop-9.19.1
[15:42:19.621][Extension] $PATH: /usr/local/texlive/2023/bin/x86_64-linux:/usr/local/bin:/usr/bin:/bin:/usr/local/sbin:/usr/bin/site_perl:/usr/bin/vendor_perl:/usr/bin/core_perl
[15:42:19.621][Extension] $SHELL: /usr/bin/bash
[15:42:19.621][Extension] $LANG: en_US.UTF-8
[15:42:19.621][Extension] $LC_ALL: undefined
[15:42:19.622][Extension] process.platform: linux
[15:42:19.622][Extension] process.arch: x64
[15:42:19.622][Extension] vscode.env.appName: Visual Studio Code
[15:42:19.622][Extension] vscode.env.remoteName: undefined
[15:42:19.623][Extension] vscode.env.uiKind: 1
[15:42:19.633][Config] latex-workshop.latex.recipes: [{"name":"LaTeXMk","tools":["LaTeXMk"]},{"name":"PdfLaTeX","tools":["PdfLaTeX"]},{"name":"PdfLaTeX + Biber + PdfLaTeX (2)","tools":["PdfLaTeX","biber","PdfLaTeX","PdfLaTeX"]},{"name":"Xelatex latexmk","tools":["Xelatex latexmk"]},{"name":"LuaLaTeXMk","tools":["LuaLaTeXMk"]}] .
[15:42:19.660][Config] latex-workshop.latex.recipe.default: "LaTeXMk" .
[15:42:19.662][Config] latex-workshop.latex.tools: [{"name":"LaTeXMk","command":"latexmk","args":["-synctex=1","-shell-escape","-interaction=nonstopmode","-file-line-error","-pdf","-outdir=%OUTDIR%","%DOC%.tex"]},{"name":"Xelatex latexmk","command":"latexmk","args":["-xelatex","-synctex=1","-interaction=nonstopmode","-file-line-error","-pdf","-pdflatex=xelatex -shell-escape %O %S","-outdir=%OUTDIR%","%DOC%.tex"]},{"name":"PdfLaTeX","command":"pdflatex","args":["-shell-escape","-synctex=1","-interaction=nonstopmode","-file-line-error","%DOC%"]},{"name":"bibtex","command":"bibtex","args":["%DOCFILE%"]},{"name":"biber","command":"biber","args":["%DOCFILE%"]},{"name":"LuaLaTeXMk","command":"latexmk","args":["-synctex=1","-interaction=nonstopmode","-file-line-error","-pdflatex=lualatex","-pdf","-outdir=%OUTDIR%","%DOC%.tex"]}] .
[15:42:19.668][Config] latex-workshop.latex.outDir: "%DIR%/_temp" .
[15:42:19.690][Config] latex-workshop.latex.autoBuild.run: "onSave" .
[15:42:19.693][Config] latex-workshop.latex.clean.fileTypes: ["*.aux"] .
[15:42:19.745][Config] latex-workshop.view.pdf.viewer: "external" .
[15:42:19.747][Config] latex-workshop.view.pdf.external.viewer.command: "zathura" .
[15:42:19.756][Config] latex-workshop.view.pdf.external.viewer.args: ["--synctex-editor-command","code -r -g \"%{input}:%{line}\"","%PDF%"] .
[15:42:19.757][Config] latex-workshop.view.pdf.external.synctex.command: "zathura" .
[15:42:19.758][Config] latex-workshop.view.pdf.external.synctex.args: ["--synctex-forward=%LINE%:0:%TEX%","%PDF%"] .
[15:42:19.798][Config] latex-workshop.message.warning.show: false .
[15:42:19.799][Config] latex-workshop.message.error.show: false .
[15:42:19.807][Config] latex-workshop.showContextMenu: true .
[15:42:19.844][Extension] Trigger characters for intellisense of LaTeX documents: ["\\",",","{"]
[15:42:19.848][Root] Current workspace folders: ["file://%WS1%"]
[15:42:19.849][Extension] LaTeX Workshop initialized.
[15:42:19.850][Root] Current workspaceRootDir: file://%WS1% .
[15:42:19.858][Server] valdOrigin is http://127.0.0.1:39385
[15:42:19.980][Root] No root file found.
[15:42:19.980][Structure] Structure cleared on undefined root.
[15:42:19.983][Event] ROOT_FILE_SEARCHED
[15:42:19.983][Event] STRUCTURE_UPDATED
[15:42:21.907][Cacher] Error loading cache: %WS1%/main.tex . Forcing.
[15:42:21.911][Cacher] Caching %WS1%/main.tex .
[15:42:21.912][Cacher] Updated inputs of %WS1%/main.tex .
[15:42:21.913][Cacher] Parse LaTeX AST: %WS1%/main.tex .
[15:42:21.913][Cacher] Error loading cache: %WS1%/main.tex . Forcing.
[15:42:21.917][Cacher] Caching %WS1%/main.tex .
[15:42:21.918][Cacher] Updated inputs of %WS1%/main.tex .
[15:42:21.919][Cacher] Parse LaTeX AST: %WS1%/main.tex .
[15:42:21.920][Cacher] Error loading cache: %WS1%/main.tex . Forcing.
[15:42:21.922][Cacher] Caching %WS1%/main.tex .
[15:42:21.923][Cacher] Updated inputs of %WS1%/main.tex .
[15:42:21.923][Cacher] Parse LaTeX AST: %WS1%/main.tex .
[15:42:21.929][Cacher] Parsed LaTeX AST: %WS1%/main.tex .
[15:42:21.931][Cacher] Updated elements in 0.77 ms: %WS1%/main.tex .
[15:42:21.932][Event] FILE_PARSED: "%WS1%/main.tex"
[15:42:21.932][Structure][LaTeX] Error loading content during structuring: %WS1%/main.tex .
[15:42:21.933][Cacher] Parsed LaTeX AST: %WS1%/main.tex .
[15:42:21.933][Cacher] Updated elements in 0.36 ms: %WS1%/main.tex .
[15:42:21.935][Event] FILE_PARSED: "%WS1%/main.tex"
[15:42:21.935][Structure][LaTeX] Error loading content during structuring: %WS1%/main.tex .
[15:42:21.936][Cacher] Parsed LaTeX AST: %WS1%/main.tex .
[15:42:21.937][Cacher] Updated elements in 0.13 ms: %WS1%/main.tex .
[15:42:21.937][Event] FILE_PARSED: "%WS1%/main.tex"
[15:42:21.938][Structure] Structure cleared on undefined root.
[15:42:21.938][Event] STRUCTURE_UPDATED
[15:42:21.939][Structure][LaTeX] Error loading content during structuring: %WS1%/main.tex .
[15:42:44.615][Structure][LaTeX] Error loading content during structuring: %WS1%/main.tex .
[15:42:46.024][Structure][LaTeX] Error loading content during structuring: %WS1%/main.tex .
[15:42:47.056][Structure][LaTeX] Error loading content during structuring: %WS1%/main.tex .
[15:42:48.450][Structure][LaTeX] Error loading content during structuring: %WS1%/main.tex .
[15:42:50.305][Structure][LaTeX] Error loading content during structuring: %WS1%/main.tex .
[15:42:51.064][Structure][LaTeX] Error loading content during structuring: %WS1%/main.tex .
[15:42:52.305][Extension] onDidSaveTextDocument triggered: file://%WS1%/main.tex
[15:42:52.309][Build] Auto build startedon saving file: %WS1%/main.tex .
[15:42:52.309][Event] AUTO_BUILD_INITIATED: {"type":"onSave","file":"%WS1%/main.tex"}
[15:42:52.310][Build] The document of the active editor: file://%WS1%/main.tex
[15:42:52.310][Build] The languageId of the document: latex
[15:42:52.310][Root] Current workspace folders: ["file://%WS1%"]
[15:42:52.312][Root] Found root file from active editor: %WS1%/main.tex
[15:42:52.313][Root] Root file changed: from %WS1%/main.tex to %WS1%/main.tex, langID latex . Refresh dependencies
[15:42:52.313][Event] ROOT_FILE_CHANGED: "%WS1%/main.tex"
[15:42:52.314][Cacher][Watcher] Reset.
[15:42:52.314][Cacher][Watcher] Reset.
[15:42:52.318][Cacher] Adding %WS1%/main.tex .
[15:42:52.320][Cacher][Watcher] Watched %WS1%/main.tex with a new .* watcher on %WS1% .
[15:42:52.321][Event] FILE_WATCHED: "%WS1%/main.tex"
[15:42:52.324][Cacher] Caching %WS1%/main.tex .
[15:42:52.325][Cacher] Updated inputs of %WS1%/main.tex .
[15:42:52.326][Cacher] Parse LaTeX AST: %WS1%/main.tex .
[15:42:52.326][Event] ROOT_FILE_SEARCHED
[15:42:52.326][Build] Building root file: %WS1%/main.tex
[15:42:52.327][Build][Recipe] Build root file %WS1%/main.tex
[15:42:52.335][Build][Recipe] Preparing to run recipe: LaTeXMk.
[15:42:52.336][Build][Recipe] Prepared 1 tools.
[15:42:52.358][Build][Recipe] outDir: %WS1%/_temp .
[15:42:52.360][Build] Recipe step 1 The command is latexmk:["-synctex=1","-shell-escape","-interaction=nonstopmode","-file-line-error","-pdf","-outdir=%WS1%/_temp","%WS1%/main.tex"].
[15:42:52.361][Build] env: undefined
[15:42:52.361][Build] root: %WS1%/main.tex
[15:42:52.361][Build] cwd: %WS1%
[15:42:52.374][Build] LaTeX build process spawned with PID 19373.
[15:42:52.377][Cacher] Parsed LaTeX AST: %WS1%/main.tex .
[15:42:52.377][File] Calling kpsewhich to resolve style.cls .
[15:42:52.504][File] kpsewhich returned with non-zero code 1.
[15:42:52.506][Cacher] Updated elements in 127.60 ms: %WS1%/main.tex .
[15:42:52.507][Event] FILE_PARSED: "%WS1%/main.tex"
[15:42:52.508][Structure] Structure force updated with 0 root sections for %WS1%/main.tex .
[15:42:52.510][Event] STRUCTURE_UPDATED
[15:42:52.511][Cacher][Watcher] "change" emitted on %WS1%/main.tex.
[15:42:52.512][Cacher] Caching %WS1%/main.tex .
[15:42:52.513][Cacher] Updated inputs of %WS1%/main.tex .
[15:42:52.513][Cacher] Parse LaTeX AST: %WS1%/main.tex .
[15:42:52.514][Event] FILE_CHANGED: "%WS1%/main.tex"
[15:42:52.517][Cacher] Parsed LaTeX AST: %WS1%/main.tex .
[15:42:52.519][File] Calling kpsewhich to resolve style.cls .
[15:42:52.646][File] kpsewhich returned with non-zero code 1.
[15:42:52.647][Cacher] Updated elements in 128.22 ms: %WS1%/main.tex .
[15:42:52.647][Event] FILE_PARSED: "%WS1%/main.tex"
[15:42:52.648][Structure] Structure force updated with 0 root sections for %WS1%/main.tex .
[15:42:52.649][Event] STRUCTURE_UPDATED
[15:42:52.879][Parser][TexLog] Logged 2 messages.
[15:42:52.881][Build] Recipe returns with error code 12/null on PID 19373.
[15:42:52.881][Build] Does the executable exist? $PATH: /usr/local/texlive/2023/bin/x86_64-linux:/usr/local/bin:/usr/bin:/bin:/usr/local/sbin:/usr/bin/site_perl:/usr/bin/vendor_perl:/usr/bin/core_perl, $Path: undefined, $SHELL: /usr/bin/bash
[15:42:52.882][Build] Latexmk: If appropriate, the -f option can be used to get latexmk
  to try to force complete processing.

[15:42:52.883][Build] Cleaning auxiliary files and retrying build after toolchain error.
[15:42:52.886][Cleaner] Clean temporary files command The command is latexmk:["-outdir=%WS1%/_temp","-c","%WS1%/main.tex"].
[15:42:52.902][Build] Recipe step 1 The command is latexmk:["-synctex=1","-shell-escape","-interaction=nonstopmode","-file-line-error","-pdf","-outdir=%WS1%/_temp","%WS1%/main.tex"].
[15:42:52.902][Build] env: undefined
[15:42:52.903][Build] root: %WS1%/main.tex
[15:42:52.903][Build] cwd: %WS1%
[15:42:52.920][Build] LaTeX build process spawned with PID 19379.
[15:42:53.070][Event] AUTO_CLEANED
[15:42:53.371][Parser][TexLog] Logged 2 messages.
[15:42:53.372][Build] Recipe returns with error code 12/null on PID 19379.
[15:42:53.372][Build] Does the executable exist? $PATH: /usr/local/texlive/2023/bin/x86_64-linux:/usr/local/bin:/usr/bin:/bin:/usr/local/sbin:/usr/bin/site_perl:/usr/bin/vendor_perl:/usr/bin/core_perl, $Path: undefined, $SHELL: /usr/bin/bash
[15:42:53.372][Build] Latexmk: If appropriate, the -f option can be used to get latexmk
  to try to force complete processing.

[15:43:07.504][Extension] onDidSaveTextDocument triggered: file://%WS1%/main.tex
[15:43:07.505][Build] Auto build startedon saving file: %WS1%/main.tex .
[15:43:07.506][Event] AUTO_BUILD_INITIATED: {"type":"onSave","file":"%WS1%/main.tex"}
[15:43:07.506][Build] The document of the active editor: file://%WS1%/main.tex
[15:43:07.506][Build] The languageId of the document: latex
[15:43:07.507][Build] Building root file: %WS1%/main.tex
[15:43:07.507][Build][Recipe] Build root file %WS1%/main.tex
[15:43:07.520][Build][Recipe] Preparing to run recipe: LaTeXMk.
[15:43:07.520][Build][Recipe] Prepared 1 tools.
[15:43:07.522][Build][Recipe] outDir: %WS1%/_temp .
[15:43:07.524][Build] Recipe step 1 The command is latexmk:["-synctex=1","-shell-escape","-interaction=nonstopmode","-file-line-error","-pdf","-outdir=%WS1%/_temp","%WS1%/main.tex"].
[15:43:07.524][Build] env: undefined
[15:43:07.524][Build] root: %WS1%/main.tex
[15:43:07.525][Build] cwd: %WS1%
[15:43:07.539][Build] LaTeX build process spawned with PID 19475.
[15:43:07.571][Cacher][Watcher] "change" emitted on %WS1%/main.tex.
[15:43:07.572][Cacher] Caching %WS1%/main.tex .
[15:43:07.573][Cacher] Updated inputs of %WS1%/main.tex .
[15:43:07.574][Cacher] Parse LaTeX AST: %WS1%/main.tex .
[15:43:07.575][Event] FILE_CHANGED: "%WS1%/main.tex"
[15:43:07.577][Cacher] Parsed LaTeX AST: %WS1%/main.tex .
[15:43:07.578][File] Calling kpsewhich to resolve beamer.cls .
[15:43:07.700][File] kpsewhich returned with '/usr/local/texlive/2023/texmf-dist/tex/latex/beamer/beamer.cls'.
[15:43:07.702][Cacher] Updated elements in 124.22 ms: %WS1%/main.tex .
[15:43:07.703][Event] FILE_PARSED: "%WS1%/main.tex"
[15:43:07.704][Structure] Structure force updated with 0 root sections for %WS1%/main.tex .
[15:43:07.704][Event] STRUCTURE_UPDATED
[15:43:07.971][Parser][TexLog] Logged 2 messages.
[15:43:07.972][Build] Recipe returns with error code 12/null on PID 19475.
[15:43:07.973][Build] Does the executable exist? $PATH: /usr/local/texlive/2023/bin/x86_64-linux:/usr/local/bin:/usr/bin:/bin:/usr/local/sbin:/usr/bin/site_perl:/usr/bin/vendor_perl:/usr/bin/core_perl, $Path: undefined, $SHELL: /usr/bin/bash
[15:43:07.973][Build] Latexmk: If appropriate, the -f option can be used to get latexmk
  to try to force complete processing.

[15:43:07.974][Build] Cleaning auxiliary files and retrying build after toolchain error.
[15:43:07.976][Cleaner] Clean temporary files command The command is latexmk:["-outdir=%WS1%/_temp","-c","%WS1%/main.tex"].
[15:43:07.989][Build] Recipe step 1 The command is latexmk:["-synctex=1","-shell-escape","-interaction=nonstopmode","-file-line-error","-pdf","-outdir=%WS1%/_temp","%WS1%/main.tex"].
[15:43:07.989][Build] env: undefined
[15:43:07.990][Build] root: %WS1%/main.tex
[15:43:07.990][Build] cwd: %WS1%
[15:43:08.006][Build] LaTeX build process spawned with PID 19480.
[15:43:08.165][Event] AUTO_CLEANED
[15:43:08.472][Parser][TexLog] Logged 2 messages.
[15:43:08.474][Build] Recipe returns with error code 12/null on PID 19480.
[15:43:08.474][Build] Does the executable exist? $PATH: /usr/local/texlive/2023/bin/x86_64-linux:/usr/local/bin:/usr/bin:/bin:/usr/local/sbin:/usr/bin/site_perl:/usr/bin/vendor_perl:/usr/bin/core_perl, $Path: undefined, $SHELL: /usr/bin/bash
[15:43:08.474][Build] Latexmk: If appropriate, the -f option can be used to get latexmk
  to try to force complete processing.

[15:43:10.128][Extension] onDidSaveTextDocument triggered: file://%WS1%/main.tex
[15:43:10.129][Build] Auto build startedon saving file: %WS1%/main.tex .
[15:43:10.130][Event] AUTO_BUILD_INITIATED: {"type":"onSave","file":"%WS1%/main.tex"}
[15:43:10.130][Build] The document of the active editor: file://%WS1%/main.tex
[15:43:10.131][Build] The languageId of the document: latex
[15:43:10.131][Build] Building root file: %WS1%/main.tex
[15:43:10.131][Build][Recipe] Build root file %WS1%/main.tex
[15:43:10.140][Build][Recipe] Preparing to run recipe: LaTeXMk.
[15:43:10.141][Build][Recipe] Prepared 1 tools.
[15:43:10.142][Build][Recipe] outDir: %WS1%/_temp .
[15:43:10.143][Build] Recipe step 1 The command is latexmk:["-synctex=1","-shell-escape","-interaction=nonstopmode","-file-line-error","-pdf","-outdir=%WS1%/_temp","%WS1%/main.tex"].
[15:43:10.143][Build] env: undefined
[15:43:10.143][Build] root: %WS1%/main.tex
[15:43:10.144][Build] cwd: %WS1%
[15:43:10.159][Build] LaTeX build process spawned with PID 19491.
[15:43:10.199][Cacher][Watcher] "change" emitted on %WS1%/main.tex.
[15:43:10.201][Cacher] Caching %WS1%/main.tex .
[15:43:10.202][Cacher] Updated inputs of %WS1%/main.tex .
[15:43:10.203][Cacher] Parse LaTeX AST: %WS1%/main.tex .
[15:43:10.203][Event] FILE_CHANGED: "%WS1%/main.tex"
[15:43:10.205][Cacher] Parsed LaTeX AST: %WS1%/main.tex .
[15:43:10.205][File] kpsewhich cache hit on beamer.cls: /usr/local/texlive/2023/texmf-dist/tex/latex/beamer/beamer.cls .
[15:43:10.206][Cacher] Updated elements in 0.77 ms: %WS1%/main.tex .
[15:43:10.207][Event] FILE_PARSED: "%WS1%/main.tex"
[15:43:10.207][Structure] Structure force updated with 0 root sections for %WS1%/main.tex .
[15:43:10.208][Event] STRUCTURE_UPDATED
[15:43:10.586][Parser][TexLog] Logged 2 messages.
[15:43:10.587][Build] Recipe returns with error code 12/null on PID 19491.
[15:43:10.588][Build] Does the executable exist? $PATH: /usr/local/texlive/2023/bin/x86_64-linux:/usr/local/bin:/usr/bin:/bin:/usr/local/sbin:/usr/bin/site_perl:/usr/bin/vendor_perl:/usr/bin/core_perl, $Path: undefined, $SHELL: /usr/bin/bash
[15:43:10.588][Build] Latexmk: If appropriate, the -f option can be used to get latexmk
  to try to force complete processing.

[15:43:10.589][Build] Cleaning auxiliary files and retrying build after toolchain error.
[15:43:10.590][Cleaner] Clean temporary files command The command is latexmk:["-outdir=%WS1%/_temp","-c","%WS1%/main.tex"].
[15:43:10.603][Build] Recipe step 1 The command is latexmk:["-synctex=1","-shell-escape","-interaction=nonstopmode","-file-line-error","-pdf","-outdir=%WS1%/_temp","%WS1%/main.tex"].
[15:43:10.604][Build] env: undefined
[15:43:10.604][Build] root: %WS1%/main.tex
[15:43:10.605][Build] cwd: %WS1%
[15:43:10.618][Build] LaTeX build process spawned with PID 19505.
[15:43:10.747][Event] AUTO_CLEANED
[15:43:11.054][Parser][TexLog] Logged 2 messages.
[15:43:11.055][Build] Recipe returns with error code 12/null on PID 19505.
[15:43:11.056][Build] Does the executable exist? $PATH: /usr/local/texlive/2023/bin/x86_64-linux:/usr/local/bin:/usr/bin:/bin:/usr/local/sbin:/usr/bin/site_perl:/usr/bin/vendor_perl:/usr/bin/core_perl, $Path: undefined, $SHELL: /usr/bin/bash
[15:43:11.056][Build] Latexmk: If appropriate, the -f option can be used to get latexmk
  to try to force complete processing.

[15:43:20.250][Extension] onDidSaveTextDocument triggered: file://%WS1%/main.tex
[15:43:20.251][Build] Auto build startedon saving file: %WS1%/main.tex .
[15:43:20.251][Event] AUTO_BUILD_INITIATED: {"type":"onSave","file":"%WS1%/main.tex"}
[15:43:20.252][Build] The document of the active editor: file://%WS1%/main.tex
[15:43:20.252][Build] The languageId of the document: latex
[15:43:20.252][Build] Building root file: %WS1%/main.tex
[15:43:20.253][Build][Recipe] Build root file %WS1%/main.tex
[15:43:20.263][Build][Recipe] Preparing to run recipe: LaTeXMk.
[15:43:20.264][Build][Recipe] Prepared 1 tools.
[15:43:20.266][Build][Recipe] outDir: %WS1%/_temp .
[15:43:20.267][Build] Recipe step 1 The command is latexmk:["-synctex=1","-shell-escape","-interaction=nonstopmode","-file-line-error","-pdf","-outdir=%WS1%/_temp","%WS1%/main.tex"].
[15:43:20.268][Build] env: undefined
[15:43:20.268][Build] root: %WS1%/main.tex
[15:43:20.268][Build] cwd: %WS1%
[15:43:20.284][Build] LaTeX build process spawned with PID 19544.
[15:43:20.318][Cacher][Watcher] "change" emitted on %WS1%/main.tex.
[15:43:20.319][Cacher] Caching %WS1%/main.tex .
[15:43:20.320][Cacher] Updated inputs of %WS1%/main.tex .
[15:43:20.321][Cacher] Parse LaTeX AST: %WS1%/main.tex .
[15:43:20.321][Event] FILE_CHANGED: "%WS1%/main.tex"
[15:43:20.326][Cacher] Parsed LaTeX AST: %WS1%/main.tex .
[15:43:20.326][File] kpsewhich cache hit on beamer.cls: /usr/local/texlive/2023/texmf-dist/tex/latex/beamer/beamer.cls .
[15:43:20.327][Cacher] Updated elements in 1.09 ms: %WS1%/main.tex .
[15:43:20.328][Event] FILE_PARSED: "%WS1%/main.tex"
[15:43:20.329][Structure] Structure force updated with 0 root sections for %WS1%/main.tex .
[15:43:20.329][Event] STRUCTURE_UPDATED
[15:43:22.869][Build] Recipe returns with error code 12/null on PID 19544.
[15:43:22.870][Build] Does the executable exist? $PATH: /usr/local/texlive/2023/bin/x86_64-linux:/usr/local/bin:/usr/bin:/bin:/usr/local/sbin:/usr/bin/site_perl:/usr/bin/vendor_perl:/usr/bin/core_perl, $Path: undefined, $SHELL: /usr/bin/bash
[15:43:22.870][Build] Latexmk: Missing input file 'main.nav' (or dependence on it) from following:
  No file main.nav.
Failure to make '_temp/main.pdf'
Latexmk: If appropriate, the -f option can be used to get latexmk
  to try to force complete processing.

[15:43:22.870][Build] Cleaning auxiliary files and retrying build after toolchain error.
[15:43:22.871][Cleaner] Clean temporary files command The command is latexmk:["-outdir=%WS1%/_temp","-c","%WS1%/main.tex"].
[15:43:22.887][Build] Recipe step 1 The command is latexmk:["-synctex=1","-shell-escape","-interaction=nonstopmode","-file-line-error","-pdf","-outdir=%WS1%/_temp","%WS1%/main.tex"].
[15:43:22.887][Build] env: undefined
[15:43:22.888][Build] root: %WS1%/main.tex
[15:43:22.888][Build] cwd: %WS1%
[15:43:22.902][Build] LaTeX build process spawned with PID 19557.
[15:43:23.057][Event] AUTO_CLEANED
[15:43:25.234][Build] Recipe returns with error code 12/null on PID 19557.
[15:43:25.235][Build] Does the executable exist? $PATH: /usr/local/texlive/2023/bin/x86_64-linux:/usr/local/bin:/usr/bin:/bin:/usr/local/sbin:/usr/bin/site_perl:/usr/bin/vendor_perl:/usr/bin/core_perl, $Path: undefined, $SHELL: /usr/bin/bash
[15:43:25.235][Build] Failure to make '_temp/main.pdf'
Latexmk: If appropriate, the -f option can be used to get latexmk
  to try to force complete processing.

[15:43:45.968][Extension] onDidSaveTextDocument triggered: file://%WS1%/main.tex
[15:43:45.969][Build] Auto build startedon saving file: %WS1%/main.tex .
[15:43:45.969][Event] AUTO_BUILD_INITIATED: {"type":"onSave","file":"%WS1%/main.tex"}
[15:43:45.970][Build] The document of the active editor: file://%WS1%/main.tex
[15:43:45.970][Build] The languageId of the document: latex
[15:43:45.970][Build] Building root file: %WS1%/main.tex
[15:43:45.970][Build][Recipe] Build root file %WS1%/main.tex
[15:43:45.978][Build][Recipe] Preparing to run recipe: LaTeXMk.
[15:43:45.979][Build][Recipe] Prepared 1 tools.
[15:43:45.981][Build][Recipe] outDir: %WS1%/_temp .
[15:43:45.983][Build] Recipe step 1 The command is latexmk:["-synctex=1","-shell-escape","-interaction=nonstopmode","-file-line-error","-pdf","-outdir=%WS1%/_temp","%WS1%/main.tex"].
[15:43:45.983][Build] env: undefined
[15:43:45.984][Build] root: %WS1%/main.tex
[15:43:45.984][Build] cwd: %WS1%
[15:43:46.000][Build] LaTeX build process spawned with PID 19665.
[15:43:46.033][Cacher][Watcher] "change" emitted on %WS1%/main.tex.
[15:43:46.035][Cacher] Caching %WS1%/main.tex .
[15:43:46.036][Cacher] Updated inputs of %WS1%/main.tex .
[15:43:46.036][Cacher] Parse LaTeX AST: %WS1%/main.tex .
[15:43:46.037][Event] FILE_CHANGED: "%WS1%/main.tex"
[15:43:46.040][Cacher] Parsed LaTeX AST: %WS1%/main.tex .
[15:43:46.040][File] kpsewhich cache hit on beamer.cls: /usr/local/texlive/2023/texmf-dist/tex/latex/beamer/beamer.cls .
[15:43:46.041][Cacher] Updated elements in 0.77 ms: %WS1%/main.tex .
[15:43:46.042][Event] FILE_PARSED: "%WS1%/main.tex"
[15:43:46.042][Structure] Structure force updated with 0 root sections for %WS1%/main.tex .
[15:43:46.043][Event] STRUCTURE_UPDATED
[15:43:47.534][Build] Recipe returns with error code 12/null on PID 19665.
[15:43:47.535][Build] Does the executable exist? $PATH: /usr/local/texlive/2023/bin/x86_64-linux:/usr/local/bin:/usr/bin:/bin:/usr/local/sbin:/usr/bin/site_perl:/usr/bin/vendor_perl:/usr/bin/core_perl, $Path: undefined, $SHELL: /usr/bin/bash
[15:43:47.535][Build] Failure to make '_temp/main.pdf'
Latexmk: If appropriate, the -f option can be used to get latexmk
  to try to force complete processing.

[15:43:47.535][Build] Cleaning auxiliary files and retrying build after toolchain error.
[15:43:47.536][Cleaner] Clean temporary files command The command is latexmk:["-outdir=%WS1%/_temp","-c","%WS1%/main.tex"].
[15:43:47.551][Build] Recipe step 1 The command is latexmk:["-synctex=1","-shell-escape","-interaction=nonstopmode","-file-line-error","-pdf","-outdir=%WS1%/_temp","%WS1%/main.tex"].
[15:43:47.551][Build] env: undefined
[15:43:47.552][Build] root: %WS1%/main.tex
[15:43:47.552][Build] cwd: %WS1%
[15:43:47.566][Build] LaTeX build process spawned with PID 19675.
[15:43:47.723][Event] AUTO_CLEANED
[15:43:50.333][Build] Recipe returns with error code 12/null on PID 19675.
[15:43:50.333][Build] Does the executable exist? $PATH: /usr/local/texlive/2023/bin/x86_64-linux:/usr/local/bin:/usr/bin:/bin:/usr/local/sbin:/usr/bin/site_perl:/usr/bin/vendor_perl:/usr/bin/core_perl, $Path: undefined, $SHELL: /usr/bin/bash
[15:43:50.333][Build] Failure to make '_temp/main.pdf'
Latexmk: If appropriate, the -f option can be used to get latexmk
  to try to force complete processing.

[15:44:01.381][Extension] onDidSaveTextDocument triggered: file://%WS1%/main.tex
[15:44:01.382][Build] Auto build startedon saving file: %WS1%/main.tex .
[15:44:01.382][Event] AUTO_BUILD_INITIATED: {"type":"onSave","file":"%WS1%/main.tex"}
[15:44:01.382][Build] The document of the active editor: file://%WS1%/main.tex
[15:44:01.383][Build] The languageId of the document: latex
[15:44:01.383][Build] Building root file: %WS1%/main.tex
[15:44:01.383][Build][Recipe] Build root file %WS1%/main.tex
[15:44:01.394][Build][Recipe] Preparing to run recipe: LaTeXMk.
[15:44:01.394][Build][Recipe] Prepared 1 tools.
[15:44:01.398][Build][Recipe] outDir: %WS1%/_temp .
[15:44:01.399][Build] Recipe step 1 The command is latexmk:["-synctex=1","-shell-escape","-interaction=nonstopmode","-file-line-error","-pdf","-outdir=%WS1%/_temp","%WS1%/main.tex"].
[15:44:01.400][Build] env: undefined
[15:44:01.400][Build] root: %WS1%/main.tex
[15:44:01.400][Build] cwd: %WS1%
[15:44:01.415][Build] LaTeX build process spawned with PID 19737.
[15:44:01.448][Cacher][Watcher] "change" emitted on %WS1%/main.tex.
[15:44:01.449][Cacher] Caching %WS1%/main.tex .
[15:44:01.450][Cacher] Updated inputs of %WS1%/main.tex .
[15:44:01.450][Cacher] Parse LaTeX AST: %WS1%/main.tex .
[15:44:01.450][Event] FILE_CHANGED: "%WS1%/main.tex"
[15:44:01.454][Cacher] Parsed LaTeX AST: %WS1%/main.tex .
[15:44:01.455][File] kpsewhich cache hit on beamer.cls: /usr/local/texlive/2023/texmf-dist/tex/latex/beamer/beamer.cls .
[15:44:01.456][Cacher] Updated elements in 0.81 ms: %WS1%/main.tex .
[15:44:01.456][Event] FILE_PARSED: "%WS1%/main.tex"
[15:44:01.457][Structure] Structure force updated with 0 root sections for %WS1%/main.tex .
[15:44:01.457][Event] STRUCTURE_UPDATED
[15:44:02.920][Build] Recipe returns with error code 12/null on PID 19737.
[15:44:02.921][Build] Does the executable exist? $PATH: /usr/local/texlive/2023/bin/x86_64-linux:/usr/local/bin:/usr/bin:/bin:/usr/local/sbin:/usr/bin/site_perl:/usr/bin/vendor_perl:/usr/bin/core_perl, $Path: undefined, $SHELL: /usr/bin/bash
[15:44:02.921][Build] Failure to make '_temp/main.pdf'
Latexmk: If appropriate, the -f option can be used to get latexmk
  to try to force complete processing.

[15:44:02.921][Build] Cleaning auxiliary files and retrying build after toolchain error.
[15:44:02.922][Cleaner] Clean temporary files command The command is latexmk:["-outdir=%WS1%/_temp","-c","%WS1%/main.tex"].
[15:44:02.936][Build] Recipe step 1 The command is latexmk:["-synctex=1","-shell-escape","-interaction=nonstopmode","-file-line-error","-pdf","-outdir=%WS1%/_temp","%WS1%/main.tex"].
[15:44:02.937][Build] env: undefined
[15:44:02.937][Build] root: %WS1%/main.tex
[15:44:02.937][Build] cwd: %WS1%
[15:44:02.953][Build] LaTeX build process spawned with PID 19761.
[15:44:03.105][Event] AUTO_CLEANED
[15:44:05.619][Build] Recipe returns with error code 12/null on PID 19761.
[15:44:05.619][Build] Does the executable exist? $PATH: /usr/local/texlive/2023/bin/x86_64-linux:/usr/local/bin:/usr/bin:/bin:/usr/local/sbin:/usr/bin/site_perl:/usr/bin/vendor_perl:/usr/bin/core_perl, $Path: undefined, $SHELL: /usr/bin/bash
[15:44:05.620][Build] Failure to make '_temp/main.pdf'
Latexmk: If appropriate, the -f option can be used to get latexmk
  to try to force complete processing.

[15:44:09.622][Extension] onDidSaveTextDocument triggered: file://%WS1%/main.tex
[15:44:09.623][Build] Auto build startedon saving file: %WS1%/main.tex .
[15:44:09.623][Event] AUTO_BUILD_INITIATED: {"type":"onSave","file":"%WS1%/main.tex"}
[15:44:09.624][Build] The document of the active editor: file://%WS1%/main.tex
[15:44:09.624][Build] The languageId of the document: latex
[15:44:09.624][Build] Building root file: %WS1%/main.tex
[15:44:09.624][Build][Recipe] Build root file %WS1%/main.tex
[15:44:09.634][Build][Recipe] Preparing to run recipe: LaTeXMk.
[15:44:09.634][Build][Recipe] Prepared 1 tools.
[15:44:09.636][Build][Recipe] outDir: %WS1%/_temp .
[15:44:09.637][Build] Recipe step 1 The command is latexmk:["-synctex=1","-shell-escape","-interaction=nonstopmode","-file-line-error","-pdf","-outdir=%WS1%/_temp","%WS1%/main.tex"].
[15:44:09.637][Build] env: undefined
[15:44:09.637][Build] root: %WS1%/main.tex
[15:44:09.638][Build] cwd: %WS1%
[15:44:09.652][Build] LaTeX build process spawned with PID 19787.
[15:44:09.691][Cacher][Watcher] "change" emitted on %WS1%/main.tex.
[15:44:09.692][Cacher] Caching %WS1%/main.tex .
[15:44:09.693][Cacher] Updated inputs of %WS1%/main.tex .
[15:44:09.693][Cacher] Parse LaTeX AST: %WS1%/main.tex .
[15:44:09.694][Event] FILE_CHANGED: "%WS1%/main.tex"
[15:44:09.701][Cacher] Parsed LaTeX AST: %WS1%/main.tex .
[15:44:09.701][File] kpsewhich cache hit on beamer.cls: /usr/local/texlive/2023/texmf-dist/tex/latex/beamer/beamer.cls .
[15:44:09.702][Cacher] Updated elements in 1.01 ms: %WS1%/main.tex .
[15:44:09.703][Event] FILE_PARSED: "%WS1%/main.tex"
[15:44:09.704][Structure] Structure force updated with 0 root sections for %WS1%/main.tex .
[15:44:09.704][Event] STRUCTURE_UPDATED
[15:44:10.876][Build] Recipe returns with error code 12/null on PID 19787.
[15:44:10.877][Build] Does the executable exist? $PATH: /usr/local/texlive/2023/bin/x86_64-linux:/usr/local/bin:/usr/bin:/bin:/usr/local/sbin:/usr/bin/site_perl:/usr/bin/vendor_perl:/usr/bin/core_perl, $Path: undefined, $SHELL: /usr/bin/bash
[15:44:10.877][Build] Latexmk: If appropriate, the -f option can be used to get latexmk
  to try to force complete processing.

[15:44:10.878][Build] Cleaning auxiliary files and retrying build after toolchain error.
[15:44:10.879][Cleaner] Clean temporary files command The command is latexmk:["-outdir=%WS1%/_temp","-c","%WS1%/main.tex"].
[15:44:10.892][Build] Recipe step 1 The command is latexmk:["-synctex=1","-shell-escape","-interaction=nonstopmode","-file-line-error","-pdf","-outdir=%WS1%/_temp","%WS1%/main.tex"].
[15:44:10.893][Build] env: undefined
[15:44:10.893][Build] root: %WS1%/main.tex
[15:44:10.894][Build] cwd: %WS1%
[15:44:10.906][Build] LaTeX build process spawned with PID 19805.
[15:44:11.022][Event] AUTO_CLEANED
[15:44:12.330][Build] Recipe returns with error code 12/null on PID 19805.
[15:44:12.330][Build] Does the executable exist? $PATH: /usr/local/texlive/2023/bin/x86_64-linux:/usr/local/bin:/usr/bin:/bin:/usr/local/sbin:/usr/bin/site_perl:/usr/bin/vendor_perl:/usr/bin/core_perl, $Path: undefined, $SHELL: /usr/bin/bash
[15:44:12.330][Build] Latexmk: If appropriate, the -f option can be used to get latexmk
  to try to force complete processing.

[15:44:12.373][Extension] onDidSaveTextDocument triggered: file://%WS1%/main.tex
[15:44:12.374][Build] Auto build startedon saving file: %WS1%/main.tex .
[15:44:12.374][Event] AUTO_BUILD_INITIATED: {"type":"onSave","file":"%WS1%/main.tex"}
[15:44:12.374][Build] The document of the active editor: file://%WS1%/main.tex
[15:44:12.374][Build] The languageId of the document: latex
[15:44:12.375][Build] Building root file: %WS1%/main.tex
[15:44:12.375][Build][Recipe] Build root file %WS1%/main.tex
[15:44:12.381][Build][Recipe] Preparing to run recipe: LaTeXMk.
[15:44:12.381][Build][Recipe] Prepared 1 tools.
[15:44:12.383][Build][Recipe] outDir: %WS1%/_temp .
[15:44:12.384][Build] Recipe step 1 The command is latexmk:["-synctex=1","-shell-escape","-interaction=nonstopmode","-file-line-error","-pdf","-outdir=%WS1%/_temp","%WS1%/main.tex"].
[15:44:12.384][Build] env: undefined
[15:44:12.384][Build] root: %WS1%/main.tex
[15:44:12.385][Build] cwd: %WS1%
[15:44:12.400][Build] LaTeX build process spawned with PID 19817.
[15:44:12.493][Cacher][Watcher] "change" emitted on %WS1%/main.tex.
[15:44:12.495][Cacher] Caching %WS1%/main.tex .
[15:44:12.497][Cacher] Updated inputs of %WS1%/main.tex .
[15:44:12.498][Cacher] Parse LaTeX AST: %WS1%/main.tex .
[15:44:12.498][Event] FILE_CHANGED: "%WS1%/main.tex"
[15:44:12.503][Cacher] Parsed LaTeX AST: %WS1%/main.tex .
[15:44:12.504][File] kpsewhich cache hit on beamer.cls: /usr/local/texlive/2023/texmf-dist/tex/latex/beamer/beamer.cls .
[15:44:12.505][Cacher] Updated elements in 1.80 ms: %WS1%/main.tex .
[15:44:12.506][Event] FILE_PARSED: "%WS1%/main.tex"
[15:44:12.507][Structure] Structure force updated with 0 root sections for %WS1%/main.tex .
[15:44:12.507][Event] STRUCTURE_UPDATED
[15:44:14.017][Parser][TexLog] Logged 2 messages.
[15:44:14.019][Build] Recipe returns with error code 12/null on PID 19817.
[15:44:14.019][Build] Does the executable exist? $PATH: /usr/local/texlive/2023/bin/x86_64-linux:/usr/local/bin:/usr/bin:/bin:/usr/local/sbin:/usr/bin/site_perl:/usr/bin/vendor_perl:/usr/bin/core_perl, $Path: undefined, $SHELL: /usr/bin/bash
[15:44:14.019][Build] Latexmk: If appropriate, the -f option can be used to get latexmk
  to try to force complete processing.

[15:44:14.020][Build] Cleaning auxiliary files and retrying build after toolchain error.
[15:44:14.021][Cleaner] Clean temporary files command The command is latexmk:["-outdir=%WS1%/_temp","-c","%WS1%/main.tex"].
[15:44:14.035][Build] Recipe step 1 The command is latexmk:["-synctex=1","-shell-escape","-interaction=nonstopmode","-file-line-error","-pdf","-outdir=%WS1%/_temp","%WS1%/main.tex"].
[15:44:14.036][Build] env: undefined
[15:44:14.036][Build] root: %WS1%/main.tex
[15:44:14.037][Build] cwd: %WS1%
[15:44:14.053][Build] LaTeX build process spawned with PID 19821.
[15:44:14.212][Event] AUTO_CLEANED
[15:44:15.677][Parser][TexLog] Logged 3 messages.
[15:44:15.678][Build] Recipe returns with error code 12/null on PID 19821.
[15:44:15.679][Build] Does the executable exist? $PATH: /usr/local/texlive/2023/bin/x86_64-linux:/usr/local/bin:/usr/bin:/bin:/usr/local/sbin:/usr/bin/site_perl:/usr/bin/vendor_perl:/usr/bin/core_perl, $Path: undefined, $SHELL: /usr/bin/bash
[15:44:15.679][Build] Latexmk: If appropriate, the -f option can be used to get latexmk
  to try to force complete processing.

[15:44:20.966][Extension] onDidSaveTextDocument triggered: file://%WS1%/main.tex
[15:44:20.967][Build] Auto build startedon saving file: %WS1%/main.tex .
[15:44:20.968][Event] AUTO_BUILD_INITIATED: {"type":"onSave","file":"%WS1%/main.tex"}
[15:44:20.968][Build] The document of the active editor: file://%WS1%/main.tex
[15:44:20.969][Build] The languageId of the document: latex
[15:44:20.969][Build] Building root file: %WS1%/main.tex
[15:44:20.969][Build][Recipe] Build root file %WS1%/main.tex
[15:44:20.980][Build][Recipe] Preparing to run recipe: LaTeXMk.
[15:44:20.980][Build][Recipe] Prepared 1 tools.
[15:44:20.982][Build][Recipe] outDir: %WS1%/_temp .
[15:44:20.983][Build] Recipe step 1 The command is latexmk:["-synctex=1","-shell-escape","-interaction=nonstopmode","-file-line-error","-pdf","-outdir=%WS1%/_temp","%WS1%/main.tex"].
[15:44:20.983][Build] env: undefined
[15:44:20.984][Build] root: %WS1%/main.tex
[15:44:20.984][Build] cwd: %WS1%
[15:44:20.999][Build] LaTeX build process spawned with PID 19861.
[15:44:21.033][Cacher][Watcher] "change" emitted on %WS1%/main.tex.
[15:44:21.034][Cacher] Caching %WS1%/main.tex .
[15:44:21.035][Cacher] Updated inputs of %WS1%/main.tex .
[15:44:21.035][Cacher] Parse LaTeX AST: %WS1%/main.tex .
[15:44:21.036][Event] FILE_CHANGED: "%WS1%/main.tex"
[15:44:21.039][Cacher] Parsed LaTeX AST: %WS1%/main.tex .
[15:44:21.039][File] kpsewhich cache hit on beamer.cls: /usr/local/texlive/2023/texmf-dist/tex/latex/beamer/beamer.cls .
[15:44:21.040][Cacher] Updated elements in 0.78 ms: %WS1%/main.tex .
[15:44:21.040][Event] FILE_PARSED: "%WS1%/main.tex"
[15:44:21.041][Structure] Structure force updated with 0 root sections for %WS1%/main.tex .
[15:44:21.041][Event] STRUCTURE_UPDATED
[15:44:23.739][Build] Recipe returns with error code 12/null on PID 19861.
[15:44:23.739][Build] Does the executable exist? $PATH: /usr/local/texlive/2023/bin/x86_64-linux:/usr/local/bin:/usr/bin:/bin:/usr/local/sbin:/usr/bin/site_perl:/usr/bin/vendor_perl:/usr/bin/core_perl, $Path: undefined, $SHELL: /usr/bin/bash
[15:44:23.740][Build] Failure to make '_temp/main.pdf'
Latexmk: If appropriate, the -f option can be used to get latexmk
  to try to force complete processing.

[15:44:23.740][Build] Cleaning auxiliary files and retrying build after toolchain error.
[15:44:23.741][Cleaner] Clean temporary files command The command is latexmk:["-outdir=%WS1%/_temp","-c","%WS1%/main.tex"].
[15:44:23.754][Build] Recipe step 1 The command is latexmk:["-synctex=1","-shell-escape","-interaction=nonstopmode","-file-line-error","-pdf","-outdir=%WS1%/_temp","%WS1%/main.tex"].
[15:44:23.754][Build] env: undefined
[15:44:23.754][Build] root: %WS1%/main.tex
[15:44:23.755][Build] cwd: %WS1%
[15:44:23.766][Build] LaTeX build process spawned with PID 19875.
[15:44:23.878][Event] AUTO_CLEANED
[15:44:25.752][Extension] onDidSaveTextDocument triggered: file://%WS1%/main.tex
[15:44:25.753][Build] Auto build startedon saving file: %WS1%/main.tex .
[15:44:25.754][Event] AUTO_BUILD_INITIATED: {"type":"onSave","file":"%WS1%/main.tex"}
[15:44:25.755][Build] The document of the active editor: file://%WS1%/main.tex
[15:44:25.755][Build] The languageId of the document: latex
[15:44:25.755][Build] Building root file: %WS1%/main.tex
[15:44:25.756][Build][Recipe] Build root file %WS1%/main.tex
[15:44:25.772][Build][Recipe] Preparing to run recipe: LaTeXMk.
[15:44:25.773][Build][Recipe] Prepared 1 tools.
[15:44:25.775][Build][Recipe] outDir: %WS1%/_temp .
[15:44:25.890][Cacher][Watcher] "change" emitted on %WS1%/main.tex.
[15:44:25.892][Cacher] Caching %WS1%/main.tex .
[15:44:25.893][Cacher] Updated inputs of %WS1%/main.tex .
[15:44:25.894][Cacher] Parse LaTeX AST: %WS1%/main.tex .
[15:44:25.894][Event] FILE_CHANGED: "%WS1%/main.tex"
[15:44:25.902][Cacher] Parsed LaTeX AST: %WS1%/main.tex .
[15:44:25.903][File] kpsewhich cache hit on beamer.cls: /usr/local/texlive/2023/texmf-dist/tex/latex/beamer/beamer.cls .
[15:44:25.904][Cacher] Updated elements in 1.15 ms: %WS1%/main.tex .
[15:44:25.905][Event] FILE_PARSED: "%WS1%/main.tex"
[15:44:25.905][Structure] Structure force updated with 0 root sections for %WS1%/main.tex .
[15:44:25.906][Event] STRUCTURE_UPDATED
[15:44:28.997][Parser][TexLog] Logged 0 messages.
[15:44:28.998][Build] Finished a step in recipe with PID 19875.
[15:44:28.999][Build] Successfully built %WS1%/main.tex .
[15:44:28.999][Event] BUILD_DONE
[15:44:29.000][Viewer] Call refreshExistingViewer: "%WS1%/_temp/main.pdf" .
[15:44:29.000][Viewer] Not found PDF viewers to refresh: %WS1%/_temp/main.pdf
[15:44:29.001][Cacher] Parsing .fls %WS1%/_temp/main.fls .
[15:44:29.037][Cacher] Found .aux %WS1%/main.tex from .fls %WS1%/_temp/main.fls , parsing.
[15:44:29.038][Cacher] Parsed .aux %WS1%/main.tex .
[15:44:29.038][Cacher] Parsed .fls %WS1%/_temp/main.fls .
[15:44:29.039][Build] Recipe step 1 The command is latexmk:["-synctex=1","-shell-escape","-interaction=nonstopmode","-file-line-error","-pdf","-outdir=%WS1%/_temp","%WS1%/main.tex"].
[15:44:29.039][Build] env: undefined
[15:44:29.039][Build] root: %WS1%/main.tex
[15:44:29.039][Build] cwd: %WS1%
[15:44:29.053][Build] LaTeX build process spawned with PID 19909.
[15:44:29.226][Build] Finished a step in recipe with PID 19909.
[15:44:29.226][Build] Successfully built %WS1%/main.tex .
[15:44:29.228][Event] BUILD_DONE
[15:44:29.228][Viewer] Call refreshExistingViewer: "%WS1%/_temp/main.pdf" .
[15:44:29.229][Viewer] Not found PDF viewers to refresh: %WS1%/_temp/main.pdf
[15:44:29.230][Cacher] Parsing .fls %WS1%/_temp/main.fls .
[15:44:29.260][Cacher] Found .aux %WS1%/main.tex from .fls %WS1%/_temp/main.fls , parsing.
[15:44:29.261][Cacher] Parsed .aux %WS1%/main.tex .
[15:44:29.262][Cacher] Parsed .fls %WS1%/_temp/main.fls .
[10:59:03.386][Cacher][Watcher] Reset.
[10:59:03.387][Cacher][Watcher] Reset.
