2024-03-24 19:15:32.732 [info] Using settings sync service https://vscode-sync.trafficmanager.net/
2024-03-24 19:15:32.732 [info] Auto Sync is enabled.
2024-03-24 19:15:32.732 [info] Auto Sync: Suspended until auth token is available.
2024-03-24 19:15:35.879 [info] Deleting non existing profile from backup /home/christian/.config/Code/User/sync/extensions
2024-03-24 19:15:37.282 [info] Deleting non existing profile from backup /home/christian/.config/Code/User/sync/globalState
2024-03-24 19:15:38.175 [info] Deleting non existing profile from backup /home/christian/.config/Code/User/sync/keybindings
2024-03-24 19:15:38.741 [info] Deleting non existing profile from backup /home/christian/.config/Code/User/sync/profiles
2024-03-24 19:15:39.326 [info] Deleting non existing profile from backup /home/christian/.config/Code/User/sync/settings
2024-03-24 19:15:39.779 [info] Deleting non existing profile from backup /home/christian/.config/Code/User/sync/snippets
2024-03-24 19:15:39.798 [info] Deleting non existing profile from backup /home/christian/.config/Code/User/sync/tasks
2024-03-24 19:15:48.525 [info] Auto Sync: Triggered by Interval
2024-03-24 19:15:48.525 [info] Sync started.
2024-03-24 19:15:49.680 [info] Settings: Last sync resource does not exist locally.
2024-03-24 19:15:50.666 [info] Settings: No changes found during synchronizing settings.
2024-03-24 19:15:50.696 [info] Keybindings: Last sync resource does not exist locally.
2024-03-24 19:15:51.116 [info] Keybindings: No changes found during synchronizing keybindings.
2024-03-24 19:15:51.139 [info] Snippets: Last sync resource does not exist locally.
2024-03-24 19:15:51.391 [info] Snippets: No changes found during synchronizing snippets.
2024-03-24 19:15:51.400 [info] Tasks: Last sync resource does not exist locally.
2024-03-24 19:15:51.596 [info] Tasks: No changes found during synchronizing tasks.
2024-03-24 19:15:51.614 [info] GlobalState: Last sync resource does not exist locally.
2024-03-24 19:15:52.430 [info] GlobalState: Updated remote ui state. Updated: cpp.1.lastSessionDate,cpp.1.sessionCount,csharp.1.lastSessionDate,csharp.1.sessionCount,java.2.lastSessionDate,java.2.sessionCount,typescript.1.lastSessionDate,typescript.1.sessionCount.
2024-03-24 19:15:52.446 [info] GlobalState: Updated last synchronized ui state
2024-03-24 19:15:52.471 [info] Extensions: Last sync resource does not exist locally.
2024-03-24 19:15:53.400 [info] Extensions: No changes found during synchronizing extensions.
2024-03-24 19:15:53.418 [info] Profiles: Last sync resource does not exist locally.
2024-03-24 19:15:53.573 [info] Profiles: No changes found during synchronizing profiles.
2024-03-24 19:15:53.579 [info] Sync done. Took 5054ms
2024-03-24 19:16:01.785 [info] Auto Sync: Triggered by Activity
2024-03-24 19:16:01.785 [info] Sync started.
2024-03-24 19:16:02.108 [info] Settings: No changes found during synchronizing settings.
2024-03-24 19:16:02.253 [info] Keybindings: No changes found during synchronizing keybindings.
2024-03-24 19:16:02.295 [info] Snippets: No changes found during synchronizing snippets.
2024-03-24 19:16:02.319 [info] Tasks: No changes found during synchronizing tasks.
2024-03-24 19:16:02.874 [info] GlobalState: Updated remote ui state. Updated: workbench.statusbar.hidden.
2024-03-24 19:16:02.884 [info] GlobalState: Updated last synchronized ui state
2024-03-24 19:16:03.070 [info] Extensions: No changes found during synchronizing extensions.
2024-03-24 19:16:03.073 [info] Profiles: No changes found during synchronizing profiles.
2024-03-24 19:16:03.077 [info] Sync done. Took 1292ms
2024-03-24 19:16:04.313 [info] Auto Sync: Triggered by Activity
2024-03-24 19:16:04.314 [info] Sync started.
2024-03-24 19:16:04.454 [info] Settings: No changes found during synchronizing settings.
2024-03-24 19:16:04.461 [info] Keybindings: No changes found during synchronizing keybindings.
2024-03-24 19:16:04.475 [info] Snippets: No changes found during synchronizing snippets.
2024-03-24 19:16:04.483 [info] Tasks: No changes found during synchronizing tasks.
2024-03-24 19:16:04.492 [info] GlobalState: No changes found during synchronizing ui state.
2024-03-24 19:16:04.666 [info] Extensions: No changes found during synchronizing extensions.
2024-03-24 19:16:04.670 [info] Profiles: No changes found during synchronizing profiles.
2024-03-24 19:16:04.674 [info] Sync done. Took 360ms
2024-03-24 19:16:38.508 [info] Auto Sync: Triggered by Activity
2024-03-24 19:16:38.508 [info] Sync started.
2024-03-24 19:16:38.641 [info] Settings: No changes found during synchronizing settings.
2024-03-24 19:16:38.648 [info] Keybindings: No changes found during synchronizing keybindings.
2024-03-24 19:16:38.658 [info] Snippets: No changes found during synchronizing snippets.
2024-03-24 19:16:38.667 [info] Tasks: No changes found during synchronizing tasks.
2024-03-24 19:16:38.677 [info] GlobalState: No changes found during synchronizing ui state.
2024-03-24 19:16:38.870 [info] Extensions: No changes found during synchronizing extensions.
2024-03-24 19:16:38.875 [info] Profiles: No changes found during synchronizing profiles.
2024-03-24 19:16:38.878 [info] Sync done. Took 369ms
2024-03-24 19:16:50.677 [info] Auto Sync: Triggered by Activity
2024-03-24 19:16:50.680 [info] Sync started.
2024-03-24 19:16:51.091 [info] Settings: No changes found during synchronizing settings.
2024-03-24 19:16:51.111 [info] Keybindings: No changes found during synchronizing keybindings.
2024-03-24 19:16:51.134 [info] Snippets: No changes found during synchronizing snippets.
2024-03-24 19:16:51.150 [info] Tasks: No changes found during synchronizing tasks.
2024-03-24 19:16:51.554 [info] GlobalState: Updated remote ui state. Updated: fileBasedRecommendations/promptedRecommendations.
2024-03-24 19:16:51.559 [info] GlobalState: Updated last synchronized ui state
2024-03-24 19:16:51.957 [info] Extensions: Updated remote extensions. Added: ["mechatroner.rainbow-csv"].
2024-03-24 19:16:51.969 [info] Extensions: Updated last synchronized extensions.
2024-03-24 19:16:51.985 [info] Profiles: No changes found during synchronizing profiles.
2024-03-24 19:16:51.998 [info] Sync done. Took 1321ms
2024-03-24 19:16:53.038 [info] Auto Sync: Triggered by Activity
2024-03-24 19:16:53.039 [info] Sync started.
2024-03-24 19:16:53.194 [info] Settings: No changes found during synchronizing settings.
2024-03-24 19:16:53.205 [info] Keybindings: No changes found during synchronizing keybindings.
2024-03-24 19:16:53.226 [info] Snippets: No changes found during synchronizing snippets.
2024-03-24 19:16:53.236 [info] Tasks: No changes found during synchronizing tasks.
2024-03-24 19:16:53.251 [info] GlobalState: No changes found during synchronizing ui state.
2024-03-24 19:16:53.440 [info] Extensions: No changes found during synchronizing extensions.
2024-03-24 19:16:53.445 [info] Profiles: No changes found during synchronizing profiles.
2024-03-24 19:16:53.450 [info] Sync done. Took 413ms
2024-03-24 19:18:37.909 [info] Auto Sync: Triggered by Activity
2024-03-24 19:18:37.909 [info] Sync started.
2024-03-24 19:18:38.064 [info] Settings: No changes found during synchronizing settings.
2024-03-24 19:18:38.072 [info] Keybindings: No changes found during synchronizing keybindings.
2024-03-24 19:18:38.084 [info] Snippets: No changes found during synchronizing snippets.
2024-03-24 19:18:38.091 [info] Tasks: No changes found during synchronizing tasks.
2024-03-24 19:18:38.102 [info] GlobalState: No changes found during synchronizing ui state.
2024-03-24 19:18:38.376 [info] Extensions: No changes found during synchronizing extensions.
2024-03-24 19:18:38.383 [info] Profiles: No changes found during synchronizing profiles.
2024-03-24 19:18:38.391 [info] Sync done. Took 482ms
2024-03-24 19:21:41.585 [info] Auto Sync: Triggered by Activity
2024-03-24 19:21:41.585 [info] Sync started.
2024-03-24 19:21:42.222 [info] Settings: No changes found during synchronizing settings.
2024-03-24 19:21:42.241 [info] Keybindings: No changes found during synchronizing keybindings.
2024-03-24 19:21:42.277 [info] Snippets: No changes found during synchronizing snippets.
2024-03-24 19:21:42.289 [info] Tasks: No changes found during synchronizing tasks.
2024-03-24 19:21:42.305 [info] GlobalState: No changes found during synchronizing ui state.
2024-03-24 19:21:42.854 [info] Extensions: No changes found during synchronizing extensions.
2024-03-24 19:21:42.858 [info] Profiles: No changes found during synchronizing profiles.
2024-03-24 19:21:42.865 [info] Sync done. Took 1279ms
2024-03-24 19:23:11.526 [info] Auto Sync: Triggered by Activity
2024-03-24 19:23:11.526 [info] Sync started.
2024-03-24 19:23:11.665 [info] Settings: No changes found during synchronizing settings.
2024-03-24 19:23:11.678 [info] Keybindings: No changes found during synchronizing keybindings.
2024-03-24 19:23:11.691 [info] Snippets: No changes found during synchronizing snippets.
2024-03-24 19:23:11.699 [info] Tasks: No changes found during synchronizing tasks.
2024-03-24 19:23:11.712 [info] GlobalState: No changes found during synchronizing ui state.
2024-03-24 19:23:11.924 [info] Extensions: No changes found during synchronizing extensions.
2024-03-24 19:23:11.936 [info] Profiles: No changes found during synchronizing profiles.
2024-03-24 19:23:11.948 [info] Sync done. Took 416ms
2024-03-24 19:23:48.170 [info] Auto Sync: Triggered by Activity
2024-03-24 19:23:48.240 [info] Sync started.
2024-03-24 19:23:48.497 [info] Settings: No changes found during synchronizing settings.
2024-03-24 19:23:48.513 [info] Keybindings: No changes found during synchronizing keybindings.
2024-03-24 19:23:48.608 [info] Snippets: No changes found during synchronizing snippets.
2024-03-24 19:23:48.670 [info] Tasks: No changes found during synchronizing tasks.
2024-03-24 19:23:48.694 [info] GlobalState: No changes found during synchronizing ui state.
2024-03-24 19:23:49.348 [info] Extensions: No changes found during synchronizing extensions.
2024-03-24 19:23:49.349 [info] Profiles: No changes found during synchronizing profiles.
2024-03-24 19:23:49.351 [info] Sync done. Took 1457ms
2024-03-24 19:24:03.141 [info] Auto Sync: Triggered by Activity
2024-03-24 19:24:03.149 [info] Sync started.
2024-03-24 19:24:03.297 [info] Settings: No changes found during synchronizing settings.
2024-03-24 19:24:03.312 [info] Keybindings: No changes found during synchronizing keybindings.
2024-03-24 19:24:03.339 [info] Snippets: No changes found during synchronizing snippets.
2024-03-24 19:24:03.347 [info] Tasks: No changes found during synchronizing tasks.
2024-03-24 19:24:03.737 [info] GlobalState: Updated remote ui state. Updated: workbench.statusbar.hidden.
2024-03-24 19:24:03.744 [info] GlobalState: Updated last synchronized ui state
2024-03-24 19:24:04.121 [info] Extensions: No changes found during synchronizing extensions.
2024-03-24 19:24:04.130 [info] Profiles: No changes found during synchronizing profiles.
2024-03-24 19:24:04.138 [info] Sync done. Took 1002ms
2024-03-24 19:26:52.416 [info] Auto Sync: Triggered by Activity
2024-03-24 19:26:52.417 [info] Sync started.
2024-03-24 19:26:53.034 [info] Settings: No changes found during synchronizing settings.
2024-03-24 19:26:53.041 [info] Keybindings: No changes found during synchronizing keybindings.
2024-03-24 19:26:53.049 [info] Snippets: No changes found during synchronizing snippets.
2024-03-24 19:26:53.056 [info] Tasks: No changes found during synchronizing tasks.
2024-03-24 19:26:53.065 [info] GlobalState: No changes found during synchronizing ui state.
2024-03-24 19:26:53.243 [info] Extensions: No changes found during synchronizing extensions.
2024-03-24 19:26:53.247 [info] Profiles: No changes found during synchronizing profiles.
2024-03-24 19:26:53.251 [info] Sync done. Took 834ms
2024-03-24 19:27:47.115 [info] Auto Sync: Triggered by Activity
2024-03-24 19:27:47.116 [info] Sync started.
2024-03-24 19:27:47.248 [info] Settings: No changes found during synchronizing settings.
2024-03-24 19:27:47.256 [info] Keybindings: No changes found during synchronizing keybindings.
2024-03-24 19:27:47.272 [info] Snippets: No changes found during synchronizing snippets.
2024-03-24 19:27:47.282 [info] Tasks: No changes found during synchronizing tasks.
2024-03-24 19:27:47.291 [info] GlobalState: No changes found during synchronizing ui state.
2024-03-24 19:27:47.585 [info] Extensions: No changes found during synchronizing extensions.
2024-03-24 19:27:47.588 [info] Profiles: No changes found during synchronizing profiles.
2024-03-24 19:27:47.593 [info] Sync done. Took 477ms
2024-03-24 19:28:05.460 [info] Auto Sync: Triggered by Activity
2024-03-24 19:28:05.461 [info] Sync started.
2024-03-24 19:28:05.580 [info] Settings: No changes found during synchronizing settings.
2024-03-24 19:28:05.585 [info] Keybindings: No changes found during synchronizing keybindings.
2024-03-24 19:28:05.593 [info] Snippets: No changes found during synchronizing snippets.
2024-03-24 19:28:05.596 [info] Tasks: No changes found during synchronizing tasks.
2024-03-24 19:28:05.601 [info] GlobalState: No changes found during synchronizing ui state.
2024-03-24 19:28:05.720 [info] Extensions: No changes found during synchronizing extensions.
2024-03-24 19:28:05.724 [info] Profiles: No changes found during synchronizing profiles.
2024-03-24 19:28:05.727 [info] Sync done. Took 266ms
2024-03-24 19:28:20.063 [info] Auto Sync: Triggered by Activity
2024-03-24 19:28:20.064 [info] Sync started.
2024-03-24 19:28:20.201 [info] Settings: No changes found during synchronizing settings.
2024-03-24 19:28:20.209 [info] Keybindings: No changes found during synchronizing keybindings.
2024-03-24 19:28:20.217 [info] Snippets: No changes found during synchronizing snippets.
2024-03-24 19:28:20.222 [info] Tasks: No changes found during synchronizing tasks.
2024-03-24 19:28:20.229 [info] GlobalState: No changes found during synchronizing ui state.
2024-03-24 19:28:20.339 [info] Extensions: No changes found during synchronizing extensions.
2024-03-24 19:28:20.341 [info] Profiles: No changes found during synchronizing profiles.
2024-03-24 19:28:20.343 [info] Sync done. Took 280ms
2024-03-24 19:28:48.268 [info] Auto Sync: Triggered by Activity
2024-03-24 19:28:48.268 [info] Sync started.
2024-03-24 19:28:48.385 [info] Settings: No changes found during synchronizing settings.
2024-03-24 19:28:48.390 [info] Keybindings: No changes found during synchronizing keybindings.
2024-03-24 19:28:48.395 [info] Snippets: No changes found during synchronizing snippets.
2024-03-24 19:28:48.397 [info] Tasks: No changes found during synchronizing tasks.
2024-03-24 19:28:48.402 [info] GlobalState: No changes found during synchronizing ui state.
2024-03-24 19:28:48.496 [info] Extensions: No changes found during synchronizing extensions.
2024-03-24 19:28:48.503 [info] Profiles: No changes found during synchronizing profiles.
2024-03-24 19:28:48.505 [info] Sync done. Took 237ms
2024-03-24 19:29:26.295 [info] Auto Sync: Triggered by Activity
2024-03-24 19:29:26.295 [info] Sync started.
2024-03-24 19:29:26.434 [info] Settings: No changes found during synchronizing settings.
2024-03-24 19:29:26.437 [info] Keybindings: No changes found during synchronizing keybindings.
2024-03-24 19:29:26.442 [info] Snippets: No changes found during synchronizing snippets.
2024-03-24 19:29:26.445 [info] Tasks: No changes found during synchronizing tasks.
2024-03-24 19:29:26.450 [info] GlobalState: No changes found during synchronizing ui state.
2024-03-24 19:29:26.531 [info] Extensions: No changes found during synchronizing extensions.
2024-03-24 19:29:26.532 [info] Profiles: No changes found during synchronizing profiles.
2024-03-24 19:29:26.534 [info] Sync done. Took 239ms
2024-03-24 19:29:52.239 [info] Auto Sync: Triggered by Activity
2024-03-24 19:29:52.239 [info] Sync started.
2024-03-24 19:29:52.358 [info] Settings: No changes found during synchronizing settings.
2024-03-24 19:29:52.361 [info] Keybindings: No changes found during synchronizing keybindings.
2024-03-24 19:29:52.367 [info] Snippets: No changes found during synchronizing snippets.
2024-03-24 19:29:52.372 [info] Tasks: No changes found during synchronizing tasks.
2024-03-24 19:29:52.378 [info] GlobalState: No changes found during synchronizing ui state.
2024-03-24 19:29:52.513 [info] Extensions: No changes found during synchronizing extensions.
2024-03-24 19:29:52.516 [info] Profiles: No changes found during synchronizing profiles.
2024-03-24 19:29:52.518 [info] Sync done. Took 279ms
2024-03-24 19:30:44.041 [info] Auto Sync: Triggered by Activity
2024-03-24 19:30:44.042 [info] Sync started.
2024-03-24 19:30:44.168 [info] Settings: No changes found during synchronizing settings.
2024-03-24 19:30:44.173 [info] Keybindings: No changes found during synchronizing keybindings.
2024-03-24 19:30:44.180 [info] Snippets: No changes found during synchronizing snippets.
2024-03-24 19:30:44.186 [info] Tasks: No changes found during synchronizing tasks.
2024-03-24 19:30:44.192 [info] GlobalState: No changes found during synchronizing ui state.
2024-03-24 19:30:44.281 [info] Extensions: No changes found during synchronizing extensions.
2024-03-24 19:30:44.284 [info] Profiles: No changes found during synchronizing profiles.
2024-03-24 19:30:44.285 [info] Sync done. Took 244ms
2024-03-24 19:31:57.261 [info] Auto Sync: Triggered by Activity
2024-03-24 19:31:57.262 [info] Sync started.
2024-03-24 19:31:57.386 [info] Settings: No changes found during synchronizing settings.
2024-03-24 19:31:57.390 [info] Keybindings: No changes found during synchronizing keybindings.
2024-03-24 19:31:57.398 [info] Snippets: No changes found during synchronizing snippets.
2024-03-24 19:31:57.402 [info] Tasks: No changes found during synchronizing tasks.
2024-03-24 19:31:57.407 [info] GlobalState: No changes found during synchronizing ui state.
2024-03-24 19:31:57.532 [info] Extensions: No changes found during synchronizing extensions.
2024-03-24 19:31:57.533 [info] Profiles: No changes found during synchronizing profiles.
2024-03-24 19:31:57.535 [info] Sync done. Took 273ms
2024-03-24 19:32:34.717 [info] Auto Sync: Triggered by Activity
2024-03-24 19:32:34.718 [info] Sync started.
2024-03-24 19:32:34.883 [info] Settings: No changes found during synchronizing settings.
2024-03-24 19:32:34.895 [info] Keybindings: No changes found during synchronizing keybindings.
2024-03-24 19:32:34.920 [info] Snippets: No changes found during synchronizing snippets.
2024-03-24 19:32:34.946 [info] Tasks: No changes found during synchronizing tasks.
2024-03-24 19:32:34.958 [info] GlobalState: No changes found during synchronizing ui state.
2024-03-24 19:32:35.150 [info] Extensions: No changes found during synchronizing extensions.
2024-03-24 19:32:35.152 [info] Profiles: No changes found during synchronizing profiles.
2024-03-24 19:32:35.161 [info] Sync done. Took 444ms
2024-03-24 19:33:11.008 [info] Auto Sync: Triggered by Activity
2024-03-24 19:33:11.008 [info] Sync started.
2024-03-24 19:33:11.133 [info] Settings: No changes found during synchronizing settings.
2024-03-24 19:33:11.138 [info] Keybindings: No changes found during synchronizing keybindings.
2024-03-24 19:33:11.149 [info] Snippets: No changes found during synchronizing snippets.
2024-03-24 19:33:11.152 [info] Tasks: No changes found during synchronizing tasks.
2024-03-24 19:33:11.157 [info] GlobalState: No changes found during synchronizing ui state.
2024-03-24 19:33:11.280 [info] Extensions: No changes found during synchronizing extensions.
2024-03-24 19:33:11.282 [info] Profiles: No changes found during synchronizing profiles.
2024-03-24 19:33:11.284 [info] Sync done. Took 277ms
2024-03-24 19:33:27.388 [info] Auto Sync: Triggered by Activity
2024-03-24 19:33:27.388 [info] Sync started.
2024-03-24 19:33:27.509 [info] Settings: No changes found during synchronizing settings.
2024-03-24 19:33:27.513 [info] Keybindings: No changes found during synchronizing keybindings.
2024-03-24 19:33:27.518 [info] Snippets: No changes found during synchronizing snippets.
2024-03-24 19:33:27.521 [info] Tasks: No changes found during synchronizing tasks.
2024-03-24 19:33:27.527 [info] GlobalState: No changes found during synchronizing ui state.
2024-03-24 19:33:27.606 [info] Extensions: No changes found during synchronizing extensions.
2024-03-24 19:33:27.607 [info] Profiles: No changes found during synchronizing profiles.
2024-03-24 19:33:27.609 [info] Sync done. Took 221ms
2024-03-24 19:35:11.105 [info] Auto Sync: Triggered by Activity
2024-03-24 19:35:11.105 [info] Sync started.
2024-03-24 19:35:11.231 [info] Settings: No changes found during synchronizing settings.
2024-03-24 19:35:11.235 [info] Keybindings: No changes found during synchronizing keybindings.
2024-03-24 19:35:11.242 [info] Snippets: No changes found during synchronizing snippets.
2024-03-24 19:35:11.248 [info] Tasks: No changes found during synchronizing tasks.
2024-03-24 19:35:11.254 [info] GlobalState: No changes found during synchronizing ui state.
2024-03-24 19:35:11.383 [info] Extensions: No changes found during synchronizing extensions.
2024-03-24 19:35:11.385 [info] Profiles: No changes found during synchronizing profiles.
2024-03-24 19:35:11.387 [info] Sync done. Took 282ms
2024-03-24 19:35:34.872 [info] Auto Sync: Triggered by Activity
2024-03-24 19:35:34.872 [info] Sync started.
2024-03-24 19:35:34.997 [info] Settings: No changes found during synchronizing settings.
2024-03-24 19:35:35.001 [info] Keybindings: No changes found during synchronizing keybindings.
2024-03-24 19:35:35.009 [info] Snippets: No changes found during synchronizing snippets.
2024-03-24 19:35:35.014 [info] Tasks: No changes found during synchronizing tasks.
2024-03-24 19:35:35.018 [info] GlobalState: No changes found during synchronizing ui state.
2024-03-24 19:35:35.120 [info] Extensions: No changes found during synchronizing extensions.
2024-03-24 19:35:35.122 [info] Profiles: No changes found during synchronizing profiles.
2024-03-24 19:35:35.123 [info] Sync done. Took 252ms
2024-03-24 19:36:46.798 [info] Auto Sync: Triggered by Activity
2024-03-24 19:36:46.798 [info] Sync started.
2024-03-24 19:36:46.923 [info] Settings: No changes found during synchronizing settings.
2024-03-24 19:36:46.927 [info] Keybindings: No changes found during synchronizing keybindings.
2024-03-24 19:36:46.933 [info] Snippets: No changes found during synchronizing snippets.
2024-03-24 19:36:46.936 [info] Tasks: No changes found during synchronizing tasks.
2024-03-24 19:36:46.941 [info] GlobalState: No changes found during synchronizing ui state.
2024-03-24 19:36:47.035 [info] Extensions: No changes found during synchronizing extensions.
2024-03-24 19:36:47.037 [info] Profiles: No changes found during synchronizing profiles.
2024-03-24 19:36:47.038 [info] Sync done. Took 240ms
2024-03-24 19:37:22.471 [info] Auto Sync: Triggered by Activity
2024-03-24 19:37:22.473 [info] Sync started.
2024-03-24 19:37:22.592 [info] Settings: No changes found during synchronizing settings.
2024-03-24 19:37:22.595 [info] Keybindings: No changes found during synchronizing keybindings.
2024-03-24 19:37:22.602 [info] Snippets: No changes found during synchronizing snippets.
2024-03-24 19:37:22.606 [info] Tasks: No changes found during synchronizing tasks.
2024-03-24 19:37:22.613 [info] GlobalState: No changes found during synchronizing ui state.
2024-03-24 19:37:22.700 [info] Extensions: No changes found during synchronizing extensions.
2024-03-24 19:37:22.702 [info] Profiles: No changes found during synchronizing profiles.
2024-03-24 19:37:22.703 [info] Sync done. Took 232ms
2024-03-24 19:37:48.752 [info] Auto Sync: Triggered by Activity
2024-03-24 19:37:48.752 [info] Sync started.
2024-03-24 19:37:48.880 [info] Settings: No changes found during synchronizing settings.
2024-03-24 19:37:48.891 [info] Keybindings: No changes found during synchronizing keybindings.
2024-03-24 19:37:48.899 [info] Snippets: No changes found during synchronizing snippets.
2024-03-24 19:37:48.906 [info] Tasks: No changes found during synchronizing tasks.
2024-03-24 19:37:48.913 [info] GlobalState: No changes found during synchronizing ui state.
2024-03-24 19:37:49.031 [info] Extensions: No changes found during synchronizing extensions.
2024-03-24 19:37:49.032 [info] Profiles: No changes found during synchronizing profiles.
2024-03-24 19:37:49.034 [info] Sync done. Took 282ms
2024-03-24 19:38:02.210 [info] Auto Sync: Triggered by Activity
2024-03-24 19:38:02.211 [info] Sync started.
2024-03-24 19:38:02.334 [info] Settings: No changes found during synchronizing settings.
2024-03-24 19:38:02.338 [info] Keybindings: No changes found during synchronizing keybindings.
2024-03-24 19:38:02.342 [info] Snippets: No changes found during synchronizing snippets.
2024-03-24 19:38:02.345 [info] Tasks: No changes found during synchronizing tasks.
2024-03-24 19:38:02.350 [info] GlobalState: No changes found during synchronizing ui state.
2024-03-24 19:38:02.473 [info] Extensions: No changes found during synchronizing extensions.
2024-03-24 19:38:02.475 [info] Profiles: No changes found during synchronizing profiles.
2024-03-24 19:38:02.477 [info] Sync done. Took 267ms
2024-03-24 19:40:03.289 [info] Auto Sync: Triggered by Activity
2024-03-24 19:40:03.289 [info] Sync started.
2024-03-24 19:40:03.414 [info] Settings: No changes found during synchronizing settings.
2024-03-24 19:40:03.417 [info] Keybindings: No changes found during synchronizing keybindings.
2024-03-24 19:40:03.422 [info] Snippets: No changes found during synchronizing snippets.
2024-03-24 19:40:03.426 [info] Tasks: No changes found during synchronizing tasks.
2024-03-24 19:40:03.430 [info] GlobalState: No changes found during synchronizing ui state.
2024-03-24 19:40:03.522 [info] Extensions: No changes found during synchronizing extensions.
2024-03-24 19:40:03.523 [info] Profiles: No changes found during synchronizing profiles.
2024-03-24 19:40:03.525 [info] Sync done. Took 237ms
2024-03-24 19:40:28.145 [info] Auto Sync: Triggered by Activity
2024-03-24 19:40:28.145 [info] Sync started.
2024-03-24 19:40:28.266 [info] Settings: No changes found during synchronizing settings.
2024-03-24 19:40:28.270 [info] Keybindings: No changes found during synchronizing keybindings.
2024-03-24 19:40:28.280 [info] Snippets: No changes found during synchronizing snippets.
2024-03-24 19:40:28.284 [info] Tasks: No changes found during synchronizing tasks.
2024-03-24 19:40:28.290 [info] GlobalState: No changes found during synchronizing ui state.
2024-03-24 19:40:28.390 [info] Extensions: No changes found during synchronizing extensions.
2024-03-24 19:40:28.392 [info] Profiles: No changes found during synchronizing profiles.
2024-03-24 19:40:28.394 [info] Sync done. Took 249ms
2024-03-24 19:42:21.109 [info] Auto Sync: Triggered by Activity
2024-03-24 19:42:21.109 [info] Sync started.
2024-03-24 19:42:21.235 [info] Settings: No changes found during synchronizing settings.
2024-03-24 19:42:21.243 [info] Keybindings: No changes found during synchronizing keybindings.
2024-03-24 19:42:21.253 [info] Snippets: No changes found during synchronizing snippets.
2024-03-24 19:42:21.259 [info] Tasks: No changes found during synchronizing tasks.
2024-03-24 19:42:21.265 [info] GlobalState: No changes found during synchronizing ui state.
2024-03-24 19:42:21.442 [info] Extensions: No changes found during synchronizing extensions.
2024-03-24 19:42:21.445 [info] Profiles: No changes found during synchronizing profiles.
2024-03-24 19:42:21.448 [info] Sync done. Took 339ms
2024-03-24 19:43:13.177 [info] Auto Sync: Triggered by Activity
2024-03-24 19:43:13.177 [info] Sync started.
2024-03-24 19:43:13.308 [info] Settings: No changes found during synchronizing settings.
2024-03-24 19:43:13.312 [info] Keybindings: No changes found during synchronizing keybindings.
2024-03-24 19:43:13.318 [info] Snippets: No changes found during synchronizing snippets.
2024-03-24 19:43:13.323 [info] Tasks: No changes found during synchronizing tasks.
2024-03-24 19:43:13.328 [info] GlobalState: No changes found during synchronizing ui state.
2024-03-24 19:43:13.402 [info] Extensions: No changes found during synchronizing extensions.
2024-03-24 19:43:13.403 [info] Profiles: No changes found during synchronizing profiles.
2024-03-24 19:43:13.404 [info] Sync done. Took 228ms
2024-03-24 19:44:24.807 [info] Auto Sync: Triggered by Activity
2024-03-24 19:44:24.808 [info] Sync started.
2024-03-24 19:44:24.932 [info] Settings: No changes found during synchronizing settings.
2024-03-24 19:44:24.941 [info] Keybindings: No changes found during synchronizing keybindings.
2024-03-24 19:44:24.951 [info] Snippets: No changes found during synchronizing snippets.
2024-03-24 19:44:24.956 [info] Tasks: No changes found during synchronizing tasks.
2024-03-24 19:44:24.964 [info] GlobalState: No changes found during synchronizing ui state.
2024-03-24 19:44:25.107 [info] Extensions: No changes found during synchronizing extensions.
2024-03-24 19:44:25.109 [info] Profiles: No changes found during synchronizing profiles.
2024-03-24 19:44:25.112 [info] Sync done. Took 304ms
2024-03-24 19:44:40.985 [info] Auto Sync: Triggered by Activity
2024-03-24 19:44:40.985 [info] Sync started.
2024-03-24 19:44:41.106 [info] Settings: No changes found during synchronizing settings.
2024-03-24 19:44:41.116 [info] Keybindings: No changes found during synchronizing keybindings.
2024-03-24 19:44:41.126 [info] Snippets: No changes found during synchronizing snippets.
2024-03-24 19:44:41.131 [info] Tasks: No changes found during synchronizing tasks.
2024-03-24 19:44:41.139 [info] GlobalState: No changes found during synchronizing ui state.
2024-03-24 19:44:41.250 [info] Extensions: No changes found during synchronizing extensions.
2024-03-24 19:44:41.252 [info] Profiles: No changes found during synchronizing profiles.
2024-03-24 19:44:41.253 [info] Sync done. Took 270ms
2024-03-24 19:45:54.171 [info] Auto Sync: Triggered by Activity
2024-03-24 19:45:54.172 [info] Sync started.
2024-03-24 19:45:54.287 [info] Settings: No changes found during synchronizing settings.
2024-03-24 19:45:54.291 [info] Keybindings: No changes found during synchronizing keybindings.
2024-03-24 19:45:54.295 [info] Snippets: No changes found during synchronizing snippets.
2024-03-24 19:45:54.301 [info] Tasks: No changes found during synchronizing tasks.
2024-03-24 19:45:54.305 [info] GlobalState: No changes found during synchronizing ui state.
2024-03-24 19:45:54.409 [info] Extensions: No changes found during synchronizing extensions.
2024-03-24 19:45:54.412 [info] Profiles: No changes found during synchronizing profiles.
2024-03-24 19:45:54.415 [info] Sync done. Took 243ms
2024-03-24 19:46:29.211 [info] Auto Sync: Triggered by Activity
2024-03-24 19:46:29.212 [info] Sync started.
2024-03-24 19:46:29.329 [info] Settings: No changes found during synchronizing settings.
2024-03-24 19:46:29.333 [info] Keybindings: No changes found during synchronizing keybindings.
2024-03-24 19:46:29.339 [info] Snippets: No changes found during synchronizing snippets.
2024-03-24 19:46:29.343 [info] Tasks: No changes found during synchronizing tasks.
2024-03-24 19:46:29.347 [info] GlobalState: No changes found during synchronizing ui state.
2024-03-24 19:46:29.420 [info] Extensions: No changes found during synchronizing extensions.
2024-03-24 19:46:29.421 [info] Profiles: No changes found during synchronizing profiles.
2024-03-24 19:46:29.422 [info] Sync done. Took 211ms
2024-03-24 19:47:12.699 [info] Auto Sync: Triggered by Activity
2024-03-24 19:47:12.699 [info] Sync started.
2024-03-24 19:47:12.828 [info] Settings: No changes found during synchronizing settings.
2024-03-24 19:47:12.834 [info] Keybindings: No changes found during synchronizing keybindings.
2024-03-24 19:47:12.843 [info] Snippets: No changes found during synchronizing snippets.
2024-03-24 19:47:12.845 [info] Tasks: No changes found during synchronizing tasks.
2024-03-24 19:47:12.850 [info] GlobalState: No changes found during synchronizing ui state.
2024-03-24 19:47:12.939 [info] Extensions: No changes found during synchronizing extensions.
2024-03-24 19:47:12.940 [info] Profiles: No changes found during synchronizing profiles.
2024-03-24 19:47:12.942 [info] Sync done. Took 244ms
2024-03-24 19:47:53.470 [info] Auto Sync: Triggered by Activity
2024-03-24 19:47:53.471 [info] Sync started.
2024-03-24 19:47:53.608 [info] Settings: No changes found during synchronizing settings.
2024-03-24 19:47:53.621 [info] Keybindings: No changes found during synchronizing keybindings.
2024-03-24 19:47:53.633 [info] Snippets: No changes found during synchronizing snippets.
2024-03-24 19:47:53.638 [info] Tasks: No changes found during synchronizing tasks.
2024-03-24 19:47:53.645 [info] GlobalState: No changes found during synchronizing ui state.
2024-03-24 19:47:53.802 [info] Extensions: No changes found during synchronizing extensions.
2024-03-24 19:47:53.811 [info] Profiles: No changes found during synchronizing profiles.
2024-03-24 19:47:53.815 [info] Sync done. Took 346ms
2024-03-24 19:48:34.161 [info] Auto Sync: Triggered by Activity
2024-03-24 19:48:34.161 [info] Sync started.
2024-03-24 19:48:34.283 [info] Settings: No changes found during synchronizing settings.
2024-03-24 19:48:34.288 [info] Keybindings: No changes found during synchronizing keybindings.
2024-03-24 19:48:34.295 [info] Snippets: No changes found during synchronizing snippets.
2024-03-24 19:48:34.300 [info] Tasks: No changes found during synchronizing tasks.
2024-03-24 19:48:34.306 [info] GlobalState: No changes found during synchronizing ui state.
2024-03-24 19:48:34.418 [info] Extensions: No changes found during synchronizing extensions.
2024-03-24 19:48:34.420 [info] Profiles: No changes found during synchronizing profiles.
2024-03-24 19:48:34.421 [info] Sync done. Took 260ms
2024-03-24 19:48:50.405 [info] Auto Sync: Triggered by Activity
2024-03-24 19:48:50.406 [info] Sync started.
2024-03-24 19:48:50.544 [info] Settings: No changes found during synchronizing settings.
2024-03-24 19:48:50.547 [info] Keybindings: No changes found during synchronizing keybindings.
2024-03-24 19:48:50.552 [info] Snippets: No changes found during synchronizing snippets.
2024-03-24 19:48:50.557 [info] Tasks: No changes found during synchronizing tasks.
2024-03-24 19:48:50.562 [info] GlobalState: No changes found during synchronizing ui state.
2024-03-24 19:48:50.682 [info] Extensions: No changes found during synchronizing extensions.
2024-03-24 19:48:50.685 [info] Profiles: No changes found during synchronizing profiles.
2024-03-24 19:48:50.689 [info] Sync done. Took 282ms
2024-03-24 19:49:10.626 [info] Auto Sync: Triggered by Activity
2024-03-24 19:49:10.626 [info] Sync started.
2024-03-24 19:49:10.751 [info] Settings: No changes found during synchronizing settings.
2024-03-24 19:49:10.762 [info] Keybindings: No changes found during synchronizing keybindings.
2024-03-24 19:49:10.776 [info] Snippets: No changes found during synchronizing snippets.
2024-03-24 19:49:10.784 [info] Tasks: No changes found during synchronizing tasks.
2024-03-24 19:49:10.794 [info] GlobalState: No changes found during synchronizing ui state.
2024-03-24 19:49:10.939 [info] Extensions: No changes found during synchronizing extensions.
2024-03-24 19:49:10.944 [info] Profiles: No changes found during synchronizing profiles.
2024-03-24 19:49:10.945 [info] Sync done. Took 319ms
2024-03-24 19:50:26.441 [info] Auto Sync: Triggered by Activity
2024-03-24 19:50:26.442 [info] Sync started.
2024-03-24 19:50:26.581 [info] Settings: No changes found during synchronizing settings.
2024-03-24 19:50:26.586 [info] Keybindings: No changes found during synchronizing keybindings.
2024-03-24 19:50:26.593 [info] Snippets: No changes found during synchronizing snippets.
2024-03-24 19:50:26.597 [info] Tasks: No changes found during synchronizing tasks.
2024-03-24 19:50:26.603 [info] GlobalState: No changes found during synchronizing ui state.
2024-03-24 19:50:26.704 [info] Extensions: No changes found during synchronizing extensions.
2024-03-24 19:50:26.705 [info] Profiles: No changes found during synchronizing profiles.
2024-03-24 19:50:26.707 [info] Sync done. Took 265ms
2024-03-24 19:50:53.618 [info] Auto Sync: Triggered by Activity
2024-03-24 19:50:53.618 [info] Sync started.
2024-03-24 19:50:53.735 [info] Settings: No changes found during synchronizing settings.
2024-03-24 19:50:53.739 [info] Keybindings: No changes found during synchronizing keybindings.
2024-03-24 19:50:53.744 [info] Snippets: No changes found during synchronizing snippets.
2024-03-24 19:50:53.748 [info] Tasks: No changes found during synchronizing tasks.
2024-03-24 19:50:53.753 [info] GlobalState: No changes found during synchronizing ui state.
2024-03-24 19:50:53.847 [info] Extensions: No changes found during synchronizing extensions.
2024-03-24 19:50:53.849 [info] Profiles: No changes found during synchronizing profiles.
2024-03-24 19:50:53.851 [info] Sync done. Took 233ms
2024-03-24 19:51:13.273 [info] Auto Sync: Triggered by Activity
2024-03-24 19:51:13.274 [info] Sync started.
2024-03-24 19:51:13.398 [info] Settings: No changes found during synchronizing settings.
2024-03-24 19:51:13.402 [info] Keybindings: No changes found during synchronizing keybindings.
2024-03-24 19:51:13.408 [info] Snippets: No changes found during synchronizing snippets.
2024-03-24 19:51:13.411 [info] Tasks: No changes found during synchronizing tasks.
2024-03-24 19:51:13.416 [info] GlobalState: No changes found during synchronizing ui state.
2024-03-24 19:51:13.489 [info] Extensions: No changes found during synchronizing extensions.
2024-03-24 19:51:13.490 [info] Profiles: No changes found during synchronizing profiles.
2024-03-24 19:51:13.492 [info] Sync done. Took 218ms
2024-03-24 19:51:51.621 [info] Auto Sync: Triggered by Activity
2024-03-24 19:51:51.621 [info] Sync started.
2024-03-24 19:51:51.743 [info] Settings: No changes found during synchronizing settings.
2024-03-24 19:51:51.749 [info] Keybindings: No changes found during synchronizing keybindings.
2024-03-24 19:51:51.758 [info] Snippets: No changes found during synchronizing snippets.
2024-03-24 19:51:51.763 [info] Tasks: No changes found during synchronizing tasks.
2024-03-24 19:51:51.768 [info] GlobalState: No changes found during synchronizing ui state.
2024-03-24 19:51:51.886 [info] Extensions: No changes found during synchronizing extensions.
2024-03-24 19:51:51.888 [info] Profiles: No changes found during synchronizing profiles.
2024-03-24 19:51:51.890 [info] Sync done. Took 269ms
2024-03-24 19:52:49.721 [info] Auto Sync: Triggered by Activity
2024-03-24 19:52:49.721 [info] Sync started.
2024-03-24 19:52:49.846 [info] Settings: No changes found during synchronizing settings.
2024-03-24 19:52:49.852 [info] Keybindings: No changes found during synchronizing keybindings.
2024-03-24 19:52:49.860 [info] Snippets: No changes found during synchronizing snippets.
2024-03-24 19:52:49.864 [info] Tasks: No changes found during synchronizing tasks.
2024-03-24 19:52:49.870 [info] GlobalState: No changes found during synchronizing ui state.
2024-03-24 19:52:49.968 [info] Extensions: No changes found during synchronizing extensions.
2024-03-24 19:52:49.969 [info] Profiles: No changes found during synchronizing profiles.
2024-03-24 19:52:49.971 [info] Sync done. Took 251ms
2024-03-24 19:54:11.911 [info] Auto Sync: Triggered by Activity
2024-03-24 19:54:11.911 [info] Sync started.
2024-03-24 19:54:12.032 [info] Settings: No changes found during synchronizing settings.
2024-03-24 19:54:12.035 [info] Keybindings: No changes found during synchronizing keybindings.
2024-03-24 19:54:12.043 [info] Snippets: No changes found during synchronizing snippets.
2024-03-24 19:54:12.048 [info] Tasks: No changes found during synchronizing tasks.
2024-03-24 19:54:12.053 [info] GlobalState: No changes found during synchronizing ui state.
2024-03-24 19:54:12.174 [info] Extensions: No changes found during synchronizing extensions.
2024-03-24 19:54:12.177 [info] Profiles: No changes found during synchronizing profiles.
2024-03-24 19:54:12.178 [info] Sync done. Took 268ms
2024-03-24 19:55:08.345 [info] Auto Sync: Triggered by Activity
2024-03-24 19:55:08.345 [info] Sync started.
2024-03-24 19:55:08.472 [info] Settings: No changes found during synchronizing settings.
2024-03-24 19:55:08.477 [info] Keybindings: No changes found during synchronizing keybindings.
2024-03-24 19:55:08.484 [info] Snippets: No changes found during synchronizing snippets.
2024-03-24 19:55:08.489 [info] Tasks: No changes found during synchronizing tasks.
2024-03-24 19:55:08.495 [info] GlobalState: No changes found during synchronizing ui state.
2024-03-24 19:55:08.594 [info] Extensions: No changes found during synchronizing extensions.
2024-03-24 19:55:08.596 [info] Profiles: No changes found during synchronizing profiles.
2024-03-24 19:55:08.598 [info] Sync done. Took 253ms
2024-03-24 19:56:06.715 [info] Auto Sync: Triggered by Activity
2024-03-24 19:56:06.715 [info] Sync started.
2024-03-24 19:56:06.836 [info] Settings: No changes found during synchronizing settings.
2024-03-24 19:56:06.842 [info] Keybindings: No changes found during synchronizing keybindings.
2024-03-24 19:56:06.850 [info] Snippets: No changes found during synchronizing snippets.
2024-03-24 19:56:06.853 [info] Tasks: No changes found during synchronizing tasks.
2024-03-24 19:56:06.857 [info] GlobalState: No changes found during synchronizing ui state.
2024-03-24 19:56:06.943 [info] Extensions: No changes found during synchronizing extensions.
2024-03-24 19:56:06.945 [info] Profiles: No changes found during synchronizing profiles.
2024-03-24 19:56:06.946 [info] Sync done. Took 232ms
2024-03-24 19:59:21.998 [info] Auto Sync: Triggered by Activity
2024-03-24 19:59:21.999 [info] Sync started.
2024-03-24 19:59:22.681 [info] Settings: No changes found during synchronizing settings.
2024-03-24 19:59:22.691 [info] Keybindings: No changes found during synchronizing keybindings.
2024-03-24 19:59:22.701 [info] Snippets: No changes found during synchronizing snippets.
2024-03-24 19:59:22.707 [info] Tasks: No changes found during synchronizing tasks.
2024-03-24 19:59:22.714 [info] GlobalState: No changes found during synchronizing ui state.
2024-03-24 19:59:22.819 [info] Extensions: No changes found during synchronizing extensions.
2024-03-24 19:59:22.820 [info] Profiles: No changes found during synchronizing profiles.
2024-03-24 19:59:22.821 [info] Sync done. Took 826ms
2024-03-24 19:59:37.437 [info] Auto Sync: Triggered by Activity
2024-03-24 19:59:37.438 [info] Sync started.
2024-03-24 19:59:37.571 [info] Settings: No changes found during synchronizing settings.
2024-03-24 19:59:37.577 [info] Keybindings: No changes found during synchronizing keybindings.
2024-03-24 19:59:37.584 [info] Snippets: No changes found during synchronizing snippets.
2024-03-24 19:59:37.588 [info] Tasks: No changes found during synchronizing tasks.
2024-03-24 19:59:37.592 [info] GlobalState: No changes found during synchronizing ui state.
2024-03-24 19:59:37.712 [info] Extensions: No changes found during synchronizing extensions.
2024-03-24 19:59:37.713 [info] Profiles: No changes found during synchronizing profiles.
2024-03-24 19:59:37.716 [info] Sync done. Took 279ms
2024-03-24 20:00:04.835 [info] Auto Sync: Triggered by Activity
2024-03-24 20:00:04.836 [info] Sync started.
2024-03-24 20:00:04.971 [info] Settings: No changes found during synchronizing settings.
2024-03-24 20:00:04.983 [info] Keybindings: No changes found during synchronizing keybindings.
2024-03-24 20:00:04.996 [info] Snippets: No changes found during synchronizing snippets.
2024-03-24 20:00:04.999 [info] Tasks: No changes found during synchronizing tasks.
2024-03-24 20:00:05.013 [info] GlobalState: No changes found during synchronizing ui state.
2024-03-24 20:00:05.165 [info] Extensions: No changes found during synchronizing extensions.
2024-03-24 20:00:05.167 [info] Profiles: No changes found during synchronizing profiles.
2024-03-24 20:00:05.172 [info] Sync done. Took 337ms
2024-03-24 20:02:27.259 [info] Auto Sync: Triggered by Activity
2024-03-24 20:02:27.259 [info] Sync started.
2024-03-24 20:02:27.880 [info] Settings: No changes found during synchronizing settings.
2024-03-24 20:02:27.885 [info] Keybindings: No changes found during synchronizing keybindings.
2024-03-24 20:02:27.891 [info] Snippets: No changes found during synchronizing snippets.
2024-03-24 20:02:27.896 [info] Tasks: No changes found during synchronizing tasks.
2024-03-24 20:02:27.905 [info] GlobalState: No changes found during synchronizing ui state.
2024-03-24 20:02:28.056 [info] Extensions: No changes found during synchronizing extensions.
2024-03-24 20:02:28.059 [info] Profiles: No changes found during synchronizing profiles.
2024-03-24 20:02:28.061 [info] Sync done. Took 802ms
2024-03-24 20:02:42.640 [info] Auto Sync: Triggered by Activity
2024-03-24 20:02:42.640 [info] Sync started.
2024-03-24 20:02:42.785 [info] Settings: No changes found during synchronizing settings.
2024-03-24 20:02:42.789 [info] Keybindings: No changes found during synchronizing keybindings.
2024-03-24 20:02:42.794 [info] Snippets: No changes found during synchronizing snippets.
2024-03-24 20:02:42.798 [info] Tasks: No changes found during synchronizing tasks.
2024-03-24 20:02:42.802 [info] GlobalState: No changes found during synchronizing ui state.
2024-03-24 20:02:42.969 [info] Extensions: No changes found during synchronizing extensions.
2024-03-24 20:02:42.971 [info] Profiles: No changes found during synchronizing profiles.
2024-03-24 20:02:42.973 [info] Sync done. Took 333ms
2024-03-24 20:03:04.993 [info] Auto Sync: Triggered by Activity
2024-03-24 20:03:04.994 [info] Sync started.
2024-03-24 20:03:05.111 [info] Settings: No changes found during synchronizing settings.
2024-03-24 20:03:05.116 [info] Keybindings: No changes found during synchronizing keybindings.
2024-03-24 20:03:05.122 [info] Snippets: No changes found during synchronizing snippets.
2024-03-24 20:03:05.127 [info] Tasks: No changes found during synchronizing tasks.
2024-03-24 20:03:05.131 [info] GlobalState: No changes found during synchronizing ui state.
2024-03-24 20:03:05.217 [info] Extensions: No changes found during synchronizing extensions.
2024-03-24 20:03:05.219 [info] Profiles: No changes found during synchronizing profiles.
2024-03-24 20:03:05.220 [info] Sync done. Took 226ms
2024-03-24 20:05:48.842 [info] Auto Sync: Triggered by Activity
2024-03-24 20:05:48.842 [info] Sync started.
2024-03-24 20:05:49.475 [info] Settings: No changes found during synchronizing settings.
2024-03-24 20:05:49.483 [info] Keybindings: No changes found during synchronizing keybindings.
2024-03-24 20:05:49.495 [info] Snippets: No changes found during synchronizing snippets.
2024-03-24 20:05:49.499 [info] Tasks: No changes found during synchronizing tasks.
2024-03-24 20:05:49.506 [info] GlobalState: No changes found during synchronizing ui state.
2024-03-24 20:05:49.628 [info] Extensions: No changes found during synchronizing extensions.
2024-03-24 20:05:49.631 [info] Profiles: No changes found during synchronizing profiles.
2024-03-24 20:05:49.634 [info] Sync done. Took 792ms
2024-03-24 20:10:49.666 [info] Auto Sync: Triggered by Interval
2024-03-24 20:10:49.668 [info] Sync started.
2024-03-24 20:10:50.293 [info] Settings: No changes found during synchronizing settings.
2024-03-24 20:10:50.315 [info] Keybindings: No changes found during synchronizing keybindings.
2024-03-24 20:10:50.330 [info] Snippets: No changes found during synchronizing snippets.
2024-03-24 20:10:50.339 [info] Tasks: No changes found during synchronizing tasks.
2024-03-24 20:10:50.350 [info] GlobalState: No changes found during synchronizing ui state.
2024-03-24 20:10:50.577 [info] Extensions: No changes found during synchronizing extensions.
2024-03-24 20:10:50.582 [info] Profiles: No changes found during synchronizing profiles.
2024-03-24 20:10:50.587 [info] Sync done. Took 924ms
2024-03-24 20:15:50.604 [info] Auto Sync: Triggered by Interval
2024-03-24 20:15:50.605 [info] Sync started.
2024-03-24 20:15:51.284 [info] Settings: No changes found during synchronizing settings.
2024-03-24 20:15:51.299 [info] Keybindings: No changes found during synchronizing keybindings.
2024-03-24 20:15:51.324 [info] Snippets: No changes found during synchronizing snippets.
2024-03-24 20:15:51.339 [info] Tasks: No changes found during synchronizing tasks.
2024-03-24 20:15:51.352 [info] GlobalState: No changes found during synchronizing ui state.
2024-03-24 20:15:51.512 [info] Extensions: No changes found during synchronizing extensions.
2024-03-24 20:15:51.515 [info] Profiles: No changes found during synchronizing profiles.
2024-03-24 20:15:51.518 [info] Sync done. Took 915ms
2024-03-24 20:20:51.535 [info] Auto Sync: Triggered by Interval
2024-03-24 20:20:51.535 [info] Sync started.
2024-03-24 20:20:52.123 [info] Settings: No changes found during synchronizing settings.
2024-03-24 20:20:52.128 [info] Keybindings: No changes found during synchronizing keybindings.
2024-03-24 20:20:52.132 [info] Snippets: No changes found during synchronizing snippets.
2024-03-24 20:20:52.135 [info] Tasks: No changes found during synchronizing tasks.
2024-03-24 20:20:52.139 [info] GlobalState: No changes found during synchronizing ui state.
2024-03-24 20:20:52.298 [info] Extensions: No changes found during synchronizing extensions.
2024-03-24 20:20:52.300 [info] Profiles: No changes found during synchronizing profiles.
2024-03-24 20:20:52.303 [info] Sync done. Took 768ms
2024-03-24 20:22:40.416 [info] Auto Sync: Triggered by Activity
2024-03-24 20:22:40.416 [info] Sync started.
2024-03-24 20:22:40.550 [info] Settings: No changes found during synchronizing settings.
2024-03-24 20:22:40.554 [info] Keybindings: No changes found during synchronizing keybindings.
2024-03-24 20:22:40.561 [info] Snippets: No changes found during synchronizing snippets.
2024-03-24 20:22:40.565 [info] Tasks: No changes found during synchronizing tasks.
2024-03-24 20:22:40.572 [info] GlobalState: No changes found during synchronizing ui state.
2024-03-24 20:22:40.677 [info] Extensions: No changes found during synchronizing extensions.
2024-03-24 20:22:40.681 [info] Profiles: No changes found during synchronizing profiles.
2024-03-24 20:22:40.682 [info] Sync done. Took 266ms
