2024-02-06 03:02:43.552 [info] Log level: Info
2024-02-06 03:02:43.552 [info] Validating found git in: "git"
2024-02-06 03:02:43.552 [info] Using git "2.43.0" from "git"
2024-02-06 03:02:43.552 [info] > git rev-parse --show-toplevel [15ms]
2024-02-06 03:02:43.552 [info] > git rev-parse --git-dir --git-common-dir [10ms]
2024-02-06 03:02:43.552 [info] Open repository: /home/chris/Downloads/gatsby-starter-lumen-master
2024-02-06 03:02:43.858 [info] > git rev-parse --show-toplevel [268ms]
2024-02-06 03:02:43.867 [info] > git config --get commit.template [288ms]
2024-02-06 03:02:44.280 [info] > git rev-parse --show-toplevel [78ms]
2024-02-06 03:02:44.345 [info] > git for-each-ref --format=%(refname)%00%(upstream:short)%00%(objectname)%00%(upstream:track)%00%(upstream:remotename)%00%(upstream:remoteref) refs/heads/gatsby-test refs/remotes/gatsby-test [94ms]
2024-02-06 03:02:44.378 [info] > git rev-parse --show-toplevel [34ms]
2024-02-06 03:02:44.430 [info] > git status -z -uall [62ms]
2024-02-06 03:02:44.482 [info] > git rev-parse --show-toplevel [54ms]
2024-02-06 03:02:44.517 [info] > git config --get commit.template [36ms]
2024-02-06 03:02:44.521 [info] > git rev-parse --show-toplevel [7ms]
2024-02-06 03:02:44.615 [info] > git rev-parse --show-toplevel [44ms]
2024-02-06 03:02:44.615 [info] > git for-each-ref --format=%(refname)%00%(upstream:short)%00%(objectname)%00%(upstream:track)%00%(upstream:remotename)%00%(upstream:remoteref) refs/heads/gatsby-test refs/remotes/gatsby-test [63ms]
2024-02-06 03:02:44.944 [info] > git status -z -uall [301ms]
2024-02-06 03:02:44.945 [info] > git check-ignore -v -z --stdin [37ms]
2024-02-06 03:02:44.997 [info] > git rev-parse --show-toplevel [55ms]
2024-02-06 03:02:45.135 [info] > git rev-parse --show-toplevel [48ms]
2024-02-06 03:02:45.235 [info] > git show --textconv :content/pages/about/index.md [59ms]
2024-02-06 03:02:45.235 [info] > git ls-files --stage -- /home/chris/Downloads/gatsby-starter-lumen-master/content/pages/about/index.md [6ms]
2024-02-06 03:02:45.356 [info] > git cat-file -s 6639ae61dea3080ce0a96083a0f689cf7525551e [73ms]
2024-02-06 03:02:50.869 [info] > git config --get commit.template [19ms]
2024-02-06 03:02:50.870 [info] > git for-each-ref --format=%(refname)%00%(upstream:short)%00%(objectname)%00%(upstream:track)%00%(upstream:remotename)%00%(upstream:remoteref) refs/heads/gatsby-test refs/remotes/gatsby-test [3ms]
2024-02-06 03:02:50.897 [info] > git status -z -uall [12ms]
2024-02-06 03:02:55.937 [info] > git config --get commit.template [18ms]
2024-02-06 03:02:55.937 [info] > git for-each-ref --format=%(refname)%00%(upstream:short)%00%(objectname)%00%(upstream:track)%00%(upstream:remotename)%00%(upstream:remoteref) refs/heads/gatsby-test refs/remotes/gatsby-test [1ms]
2024-02-06 03:02:55.960 [info] > git status -z -uall [9ms]
2024-02-06 03:04:02.559 [info] > git config --get commit.template [2ms]
2024-02-06 03:04:02.579 [info] > git for-each-ref --format=%(refname)%00%(upstream:short)%00%(objectname)%00%(upstream:track)%00%(upstream:remotename)%00%(upstream:remoteref) refs/heads/gatsby-test refs/remotes/gatsby-test [3ms]
2024-02-06 03:04:02.612 [info] > git status -z -uall [15ms]
2024-02-06 03:04:09.066 [info] > git config --get commit.template [15ms]
2024-02-06 03:04:09.067 [info] > git for-each-ref --format=%(refname)%00%(upstream:short)%00%(objectname)%00%(upstream:track)%00%(upstream:remotename)%00%(upstream:remoteref) refs/heads/gatsby-test refs/remotes/gatsby-test [2ms]
2024-02-06 03:04:09.089 [info] > git status -z -uall [9ms]
2024-02-06 03:04:24.363 [info] > git config --get commit.template [14ms]
2024-02-06 03:04:24.364 [info] > git for-each-ref --format=%(refname)%00%(upstream:short)%00%(objectname)%00%(upstream:track)%00%(upstream:remotename)%00%(upstream:remoteref) refs/heads/gatsby-test refs/remotes/gatsby-test [2ms]
2024-02-06 03:04:24.389 [info] > git status -z -uall [9ms]
2024-02-06 03:04:29.445 [info] > git config --get commit.template [2ms]
2024-02-06 03:04:29.476 [info] > git for-each-ref --format=%(refname)%00%(upstream:short)%00%(objectname)%00%(upstream:track)%00%(upstream:remotename)%00%(upstream:remoteref) refs/heads/gatsby-test refs/remotes/gatsby-test [6ms]
2024-02-06 03:04:29.530 [info] > git status -z -uall [27ms]
2024-02-06 03:04:34.581 [info] > git config --get commit.template [17ms]
2024-02-06 03:04:34.582 [info] > git for-each-ref --format=%(refname)%00%(upstream:short)%00%(objectname)%00%(upstream:track)%00%(upstream:remotename)%00%(upstream:remoteref) refs/heads/gatsby-test refs/remotes/gatsby-test [2ms]
2024-02-06 03:04:34.603 [info] > git status -z -uall [10ms]
2024-02-06 03:04:39.638 [info] > git config --get commit.template [4ms]
2024-02-06 03:04:39.658 [info] > git for-each-ref --format=%(refname)%00%(upstream:short)%00%(objectname)%00%(upstream:track)%00%(upstream:remotename)%00%(upstream:remoteref) refs/heads/gatsby-test refs/remotes/gatsby-test [2ms]
2024-02-06 03:04:39.699 [info] > git status -z -uall [18ms]
2024-02-06 03:04:44.747 [info] > git config --get commit.template [17ms]
2024-02-06 03:04:44.748 [info] > git for-each-ref --format=%(refname)%00%(upstream:short)%00%(objectname)%00%(upstream:track)%00%(upstream:remotename)%00%(upstream:remoteref) refs/heads/gatsby-test refs/remotes/gatsby-test [3ms]
2024-02-06 03:04:44.774 [info] > git status -z -uall [11ms]
2024-02-06 03:04:49.833 [info] > git config --get commit.template [28ms]
2024-02-06 03:04:49.835 [info] > git for-each-ref --format=%(refname)%00%(upstream:short)%00%(objectname)%00%(upstream:track)%00%(upstream:remotename)%00%(upstream:remoteref) refs/heads/gatsby-test refs/remotes/gatsby-test [4ms]
2024-02-06 03:04:49.877 [info] > git status -z -uall [20ms]
