2024-02-06 03:02:35.725 [info] Using settings sync service https://vscode-sync.trafficmanager.net/
2024-02-06 03:02:35.725 [info] Auto Sync is enabled.
2024-02-06 03:02:35.725 [info] Auto Sync: Suspended until auth token is available.
2024-02-06 03:02:36.476 [info] Deleting non existing profile from backup /home/chris/.config/Code/User/sync/extensions
2024-02-06 03:02:36.719 [info] Deleting non existing profile from backup /home/chris/.config/Code/User/sync/globalState
2024-02-06 03:02:36.890 [info] Deleting non existing profile from backup /home/chris/.config/Code/User/sync/keybindings
2024-02-06 03:02:36.997 [info] Deleting non existing profile from backup /home/chris/.config/Code/User/sync/profiles
2024-02-06 03:02:36.998 [info] Deleting non existing profile from backup /home/chris/.config/Code/User/sync/settings
2024-02-06 03:02:37.121 [info] Deleting non existing profile from backup /home/chris/.config/Code/User/sync/snippets
2024-02-06 03:02:37.162 [info] Deleting non existing profile from backup /home/chris/.config/Code/User/sync/tasks
2024-02-06 03:02:46.399 [info] Auto Sync: Triggered by Interval
2024-02-06 03:02:46.400 [info] Sync started.
2024-02-06 03:02:47.454 [info] Settings: Last sync resource does not exist locally.
2024-02-06 03:02:47.703 [info] Settings: No changes found during synchronizing settings.
2024-02-06 03:02:47.712 [info] Keybindings: Last sync resource does not exist locally.
2024-02-06 03:02:47.991 [info] Keybindings: No changes found during synchronizing keybindings.
2024-02-06 03:02:48.001 [info] Snippets: Last sync resource does not exist locally.
2024-02-06 03:02:48.174 [info] Snippets: No changes found during synchronizing snippets.
2024-02-06 03:02:48.178 [info] Tasks: Last sync resource does not exist locally.
2024-02-06 03:02:48.336 [info] Tasks: No changes found during synchronizing tasks.
2024-02-06 03:02:48.342 [info] GlobalState: Last sync resource does not exist locally.
2024-02-06 03:02:49.087 [info] GlobalState: Updated remote ui state. Updated: cpp.1.lastSessionDate,cpp.1.sessionCount,csharp.1.lastSessionDate,csharp.1.sessionCount,java.2.lastSessionDate,java.2.sessionCount,typescript.1.lastSessionDate,typescript.1.sessionCount.
2024-02-06 03:02:49.134 [info] GlobalState: Updated last synchronized ui state
2024-02-06 03:02:49.140 [info] Extensions: Last sync resource does not exist locally.
2024-02-06 03:02:49.430 [info] Extensions: No changes found during synchronizing extensions.
2024-02-06 03:02:49.442 [info] Profiles: Last sync resource does not exist locally.
2024-02-06 03:02:49.591 [info] Profiles: No changes found during synchronizing profiles.
2024-02-06 03:02:49.594 [info] Sync done. Took 3203ms
