2024-01-10 05:45:24 Loading main app package /tmp/.mount_Obsidi3eaf7F/resources/obsidian.asar
2024-01-10 05:45:25 Checking for update using Github
2024-01-10 05:45:26 Success.
2024-01-10 05:45:26 Latest version is 1.5.3
2024-01-10 05:45:26 App is up to date.
2024-01-10 17:40:25 Loading main app package /tmp/.mount_Obsidia0U3j9/resources/obsidian.asar
2024-01-11 20:16:16 Loading main app package /tmp/.mount_ObsidiXQUMo0/resources/obsidian.asar
2024-01-12 05:41:57 Loading main app package /tmp/.mount_ObsidizJNZBj/resources/obsidian.asar
2024-01-12 08:06:53 Loading main app package /tmp/.mount_Obsidi9PAJDs/resources/obsidian.asar
2024-01-12 20:19:32 Loading main app package /tmp/.mount_ObsidipNMBNX/resources/obsidian.asar
2024-01-13 04:44:30 Loading main app package /tmp/.mount_Obsidi01QSAj/resources/obsidian.asar
2024-01-14 04:15:32 Loading main app package /tmp/.mount_Obsidi4ejvNh/resources/obsidian.asar
2024-01-15 18:03:46 Loading main app package /tmp/.mount_ObsidifD9pV9/resources/obsidian.asar
2024-01-16 23:30:04 Loading main app package /tmp/.mount_ObsidiWZIr7z/resources/obsidian.asar
2024-01-18 03:41:38 Loading main app package /tmp/.mount_ObsidiDckmXT/resources/obsidian.asar
2024-01-18 21:35:25 Loading main app package /tmp/.mount_ObsidiprB0nI/resources/obsidian.asar
2024-01-19 02:43:43 Loading main app package /tmp/.mount_Obsidi2T7KOQ/resources/obsidian.asar
2024-01-19 07:48:34 Loading main app package /tmp/.mount_ObsidiY2Wmat/resources/obsidian.asar
2024-01-19 22:38:18 Loading main app package /tmp/.mount_ObsidiEPXw1h/resources/obsidian.asar
2024-01-19 22:39:06 Loading main app package /tmp/.mount_ObsidiKSvODq/resources/obsidian.asar
2024-01-19 22:39:13 Checking for update using Github
2024-01-21 04:25:15 Loading main app package /tmp/.mount_Obsidiu0cRsS/resources/obsidian.asar
2024-01-21 11:26:51 Loading main app package /tmp/.mount_Obsidi3G1HSa/resources/obsidian.asar
2024-01-22 23:32:11 Loading main app package /tmp/.mount_ObsidiGJbYvt/resources/obsidian.asar
2024-01-23 01:58:41 Checking for update using Github
2024-01-23 01:58:42 Success.
2024-01-23 01:58:42 Latest version is 1.5.3
2024-01-23 01:58:42 App is up to date.
2024-01-23 18:44:19 Loading main app package /tmp/.mount_ObsidiCOgmTe/resources/obsidian.asar
2024-01-25 18:29:07 Loading main app package /tmp/.mount_ObsidiZioOF2/resources/obsidian.asar
2024-01-25 20:44:53 Loading main app package /tmp/.mount_ObsidiwJv7EI/resources/obsidian.asar
2024-01-26 21:24:22 Loading main app package /tmp/.mount_ObsidiewVFOG/resources/obsidian.asar
2024-01-26 22:22:05 Loading main app package /tmp/.mount_ObsidiY9bZv2/resources/obsidian.asar
2024-01-26 22:38:55 Loading main app package /tmp/.mount_ObsidibZ2lZ1/resources/obsidian.asar
2024-01-27 04:07:18 Loading main app package /tmp/.mount_Obsidix7Z1wM/resources/obsidian.asar
2024-01-27 04:59:02 Loading main app package /tmp/.mount_ObsidiM5hZik/resources/obsidian.asar
2024-01-27 05:31:49 Loading main app package /tmp/.mount_ObsidixEGxoX/resources/obsidian.asar
2024-01-27 06:54:51 Loading main app package /tmp/.mount_ObsidiKRDttS/resources/obsidian.asar
2024-01-28 02:22:13 Loading main app package /tmp/.mount_ObsidiBNQbe3/resources/obsidian.asar
2024-01-28 16:19:48 Loading main app package /tmp/.mount_Obsidit25Yg3/resources/obsidian.asar
2024-01-29 06:23:12 Loading main app package /tmp/.mount_ObsidiIrxX9O/resources/obsidian.asar
2024-01-29 22:38:28 Loading main app package /tmp/.mount_Obsidiir9A4N/resources/obsidian.asar
2024-01-30 15:21:22 Loading main app package /tmp/.mount_ObsidiITVece/resources/obsidian.asar
2024-01-30 20:14:14 Loading main app package /tmp/.mount_ObsidiqlghUy/resources/obsidian.asar
2024-01-31 16:10:06 Loading main app package /tmp/.mount_Obsidi1WFnjC/resources/obsidian.asar
2024-02-01 01:40:54 Loading main app package /tmp/.mount_ObsidiWgfuPJ/resources/obsidian.asar
2024-02-01 22:40:03 Loading main app package /tmp/.mount_ObsidiK3W1br/resources/obsidian.asar
2024-02-03 18:17:20 Loading main app package /tmp/.mount_ObsidiP7VAqV/resources/obsidian.asar
2024-02-04 01:47:50 Loading main app package /tmp/.mount_ObsidiluuIa2/resources/obsidian.asar
2024-02-04 06:53:16 Loading main app package /tmp/.mount_Obsidid8L0pd/resources/obsidian.asar
2024-02-04 20:33:19 Loading main app package /tmp/.mount_ObsidiuR7ExU/resources/obsidian.asar
2024-02-05 19:26:23 Loading main app package /tmp/.mount_Obsidi008BQe/resources/obsidian.asar
2024-02-06 01:57:27 Loading main app package /tmp/.mount_ObsidiUNTXJw/resources/obsidian.asar
2024-02-06 02:49:16 Loading main app package /tmp/.mount_ObsidiODphrf/resources/obsidian.asar
2024-02-06 02:58:46 Loading main app package /tmp/.mount_ObsidioFP0PJ/resources/obsidian.asar
2024-02-06 19:48:44 Loading main app package /tmp/.mount_ObsidiBb5I3m/resources/obsidian.asar
2024-02-07 20:50:53 Loading main app package /tmp/.mount_ObsidiAg1ovW/resources/obsidian.asar
2024-02-08 19:28:47 Loading main app package /tmp/.mount_ObsidiDLgeoT/resources/obsidian.asar
2024-02-09 15:08:40 Loading main app package /tmp/.mount_Obsidi8Sxnjd/resources/obsidian.asar
