2024-03-23 14:35:19.542 [info] Log level: Info
2024-03-23 14:35:19.542 [info] Validating found git in: "git"
2024-03-23 14:35:19.542 [info] Using git "2.44.0" from "git"
2024-03-23 14:35:19.542 [info] > git rev-parse --show-toplevel [21ms]
2024-03-23 14:35:19.542 [info] fatal: not a git repository (or any parent up to mount point /mnt)
Stopping at filesystem boundary (GIT_DISCOVERY_ACROSS_FILESYSTEM not set).
2024-03-23 14:35:19.542 [info] > git rev-parse --show-toplevel [30ms]
2024-03-23 14:35:19.542 [info] fatal: not a git repository (or any parent up to mount point /mnt)
Stopping at filesystem boundary (GIT_DISCOVERY_ACROSS_FILESYSTEM not set).
2024-03-23 14:35:19.545 [info] > git rev-parse --show-toplevel [55ms]
2024-03-23 14:35:19.545 [info] fatal: not a git repository (or any parent up to mount point /mnt)
Stopping at filesystem boundary (GIT_DISCOVERY_ACROSS_FILESYSTEM not set).
2024-03-23 14:35:19.594 [info] > git rev-parse --show-toplevel [15ms]
2024-03-23 14:35:19.596 [info] fatal: not a git repository (or any parent up to mount point /mnt)
Stopping at filesystem boundary (GIT_DISCOVERY_ACROSS_FILESYSTEM not set).
2024-03-23 14:35:19.646 [info] > git rev-parse --show-toplevel [13ms]
2024-03-23 14:35:19.646 [info] fatal: not a git repository (or any parent up to mount point /mnt)
Stopping at filesystem boundary (GIT_DISCOVERY_ACROSS_FILESYSTEM not set).
2024-03-23 14:35:19.690 [info] > git rev-parse --show-toplevel [8ms]
2024-03-23 14:35:19.690 [info] fatal: not a git repository (or any parent up to mount point /mnt)
Stopping at filesystem boundary (GIT_DISCOVERY_ACROSS_FILESYSTEM not set).
2024-03-23 14:35:53.691 [info] > git rev-parse --show-toplevel [5ms]
2024-03-23 14:35:53.691 [info] fatal: not a git repository (or any parent up to mount point /mnt)
Stopping at filesystem boundary (GIT_DISCOVERY_ACROSS_FILESYSTEM not set).
2024-03-23 14:35:56.215 [info] > git rev-parse --show-toplevel [23ms]
2024-03-23 14:35:56.215 [info] fatal: not a git repository (or any parent up to mount point /mnt)
Stopping at filesystem boundary (GIT_DISCOVERY_ACROSS_FILESYSTEM not set).
2024-03-23 14:37:09.682 [info] > git rev-parse --show-toplevel [6ms]
2024-03-23 14:37:09.682 [info] fatal: not a git repository (or any parent up to mount point /mnt)
Stopping at filesystem boundary (GIT_DISCOVERY_ACROSS_FILESYSTEM not set).
2024-03-23 14:37:36.723 [info] > git rev-parse --show-toplevel [21ms]
2024-03-23 14:37:36.723 [info] fatal: not a git repository (or any parent up to mount point /mnt)
Stopping at filesystem boundary (GIT_DISCOVERY_ACROSS_FILESYSTEM not set).
2024-03-23 14:37:39.738 [info] > git rev-parse --show-toplevel [4ms]
2024-03-23 14:37:39.738 [info] fatal: not a git repository (or any parent up to mount point /mnt)
Stopping at filesystem boundary (GIT_DISCOVERY_ACROSS_FILESYSTEM not set).
2024-03-23 14:37:58.283 [info] > git rev-parse --show-toplevel [6ms]
2024-03-23 14:37:58.283 [info] fatal: not a git repository (or any parent up to mount point /mnt)
Stopping at filesystem boundary (GIT_DISCOVERY_ACROSS_FILESYSTEM not set).
2024-03-23 14:39:42.526 [info] > git rev-parse --show-toplevel [9ms]
2024-03-23 14:39:42.526 [info] fatal: not a git repository (or any parent up to mount point /mnt)
Stopping at filesystem boundary (GIT_DISCOVERY_ACROSS_FILESYSTEM not set).
2024-03-23 14:39:50.142 [info] > git rev-parse --show-toplevel [7ms]
2024-03-23 14:39:50.142 [info] fatal: not a git repository (or any parent up to mount point /mnt)
Stopping at filesystem boundary (GIT_DISCOVERY_ACROSS_FILESYSTEM not set).
2024-03-23 14:39:54.071 [info] > git rev-parse --show-toplevel [12ms]
2024-03-23 14:39:54.071 [info] fatal: not a git repository (or any parent up to mount point /mnt)
Stopping at filesystem boundary (GIT_DISCOVERY_ACROSS_FILESYSTEM not set).
2024-03-23 14:40:01.710 [info] > git rev-parse --show-toplevel [6ms]
2024-03-23 14:40:01.710 [info] fatal: not a git repository (or any parent up to mount point /mnt)
Stopping at filesystem boundary (GIT_DISCOVERY_ACROSS_FILESYSTEM not set).
2024-03-23 14:41:17.664 [info] > git rev-parse --show-toplevel [8ms]
2024-03-23 14:41:17.664 [info] fatal: not a git repository (or any parent up to mount point /mnt)
Stopping at filesystem boundary (GIT_DISCOVERY_ACROSS_FILESYSTEM not set).
2024-03-23 14:41:21.595 [info] > git rev-parse --show-toplevel [12ms]
2024-03-23 14:41:21.595 [info] fatal: not a git repository (or any parent up to mount point /mnt)
Stopping at filesystem boundary (GIT_DISCOVERY_ACROSS_FILESYSTEM not set).
2024-03-23 15:23:31.363 [info] > git rev-parse --show-toplevel [3ms]
2024-03-23 15:23:31.363 [info] fatal: not a git repository (or any parent up to mount point /mnt)
Stopping at filesystem boundary (GIT_DISCOVERY_ACROSS_FILESYSTEM not set).
2024-03-23 15:23:34.433 [info] > git rev-parse --show-toplevel [4ms]
2024-03-23 15:23:34.434 [info] fatal: not a git repository (or any parent up to mount point /mnt)
Stopping at filesystem boundary (GIT_DISCOVERY_ACROSS_FILESYSTEM not set).
2024-03-23 15:27:08.126 [info] > git rev-parse --show-toplevel [5ms]
2024-03-23 15:27:08.126 [info] fatal: not a git repository (or any parent up to mount point /mnt)
Stopping at filesystem boundary (GIT_DISCOVERY_ACROSS_FILESYSTEM not set).
