2024-03-23 14:35:17.123 [info] Using settings sync service https://vscode-sync.trafficmanager.net/
2024-03-23 14:35:17.123 [info] Auto Sync is enabled.
2024-03-23 14:35:17.123 [info] Auto Sync: Suspended until auth token is available.
2024-03-23 14:35:19.445 [info] Deleting non existing profile from backup /home/christian/.config/Code/User/sync/profiles
2024-03-23 14:35:19.969 [info] Auto Sync: Triggered by Interval
2024-03-23 14:35:20.007 [info] Sync started.
2024-03-23 14:35:21.144 [info] Deleting non existing profile from backup /home/christian/.config/Code/User/sync/settings
2024-03-23 14:35:21.768 [info] Deleting non existing profile from backup /home/christian/.config/Code/User/sync/snippets
2024-03-23 14:35:21.978 [info] Settings: No changes found during synchronizing settings.
2024-03-23 14:35:22.086 [info] Deleting non existing profile from backup /home/christian/.config/Code/User/sync/tasks
2024-03-23 14:35:22.229 [info] Keybindings: Last sync resource does not exist locally.
2024-03-23 14:35:23.285 [info] Keybindings: No changes found during synchronizing keybindings.
2024-03-23 14:35:23.436 [info] Snippets: Last sync resource does not exist locally.
2024-03-23 14:35:23.615 [info] Snippets: No changes found during synchronizing snippets.
2024-03-23 14:35:23.748 [info] Tasks: Last sync resource does not exist locally.
2024-03-23 14:35:23.871 [info] Tasks: No changes found during synchronizing tasks.
2024-03-23 14:35:23.903 [info] GlobalState: Last sync resource does not exist locally.
2024-03-23 14:35:24.177 [info] GlobalState: No changes found during synchronizing ui state.
2024-03-23 14:35:24.180 [info] Extensions: Last sync resource does not exist locally.
2024-03-23 14:35:24.470 [info] Extensions: No changes found during synchronizing extensions.
2024-03-23 14:35:24.473 [info] Profiles: Last sync resource does not exist locally.
2024-03-23 14:35:24.593 [info] Profiles: No changes found during synchronizing profiles.
2024-03-23 14:35:24.597 [info] Sync done. Took 4675ms
2024-03-23 14:35:45.559 [info] Auto Sync: Triggered by Activity
2024-03-23 14:35:45.560 [info] Sync started.
2024-03-23 14:35:45.679 [info] Settings: Last sync resource does not exist locally.
2024-03-23 14:35:45.874 [info] Settings: No changes found during synchronizing settings.
2024-03-23 14:35:45.898 [info] Keybindings: No changes found during synchronizing keybindings.
2024-03-23 14:35:45.913 [info] Snippets: No changes found during synchronizing snippets.
2024-03-23 14:35:45.922 [info] Tasks: No changes found during synchronizing tasks.
2024-03-23 14:35:45.931 [info] GlobalState: No changes found during synchronizing ui state.
2024-03-23 14:35:46.110 [info] Extensions: No changes found during synchronizing extensions.
2024-03-23 14:35:46.110 [info] Profiles: No changes found during synchronizing profiles.
2024-03-23 14:35:46.110 [info] Sync done. Took 545ms
2024-03-23 14:36:29.193 [info] Auto Sync: Triggered by Activity
2024-03-23 14:36:29.194 [info] Sync started.
2024-03-23 14:36:29.468 [info] Settings: No changes found during synchronizing settings.
2024-03-23 14:36:29.504 [info] Keybindings: No changes found during synchronizing keybindings.
2024-03-23 14:36:29.549 [info] Snippets: No changes found during synchronizing snippets.
2024-03-23 14:36:29.570 [info] Tasks: No changes found during synchronizing tasks.
2024-03-23 14:36:29.592 [info] GlobalState: No changes found during synchronizing ui state.
2024-03-23 14:36:29.860 [info] Extensions: No changes found during synchronizing extensions.
2024-03-23 14:36:29.868 [info] Profiles: No changes found during synchronizing profiles.
2024-03-23 14:36:29.878 [info] Sync done. Took 684ms
2024-03-23 14:37:12.276 [info] Auto Sync: Triggered by Activity
2024-03-23 14:37:12.276 [info] Sync started.
2024-03-23 14:37:12.418 [info] Settings: No changes found during synchronizing settings.
2024-03-23 14:37:12.430 [info] Keybindings: No changes found during synchronizing keybindings.
2024-03-23 14:37:12.484 [info] Snippets: No changes found during synchronizing snippets.
2024-03-23 14:37:12.509 [info] Tasks: No changes found during synchronizing tasks.
2024-03-23 14:37:12.525 [info] GlobalState: No changes found during synchronizing ui state.
2024-03-23 14:37:13.057 [info] Extensions: No changes found during synchronizing extensions.
2024-03-23 14:37:13.062 [info] Profiles: No changes found during synchronizing profiles.
2024-03-23 14:37:13.066 [info] Sync done. Took 789ms
2024-03-23 14:37:30.103 [info] Auto Sync: Triggered by Activity
2024-03-23 14:37:30.103 [info] Sync started.
2024-03-23 14:37:30.269 [info] Settings: No changes found during synchronizing settings.
2024-03-23 14:37:30.295 [info] Keybindings: No changes found during synchronizing keybindings.
2024-03-23 14:37:30.315 [info] Snippets: No changes found during synchronizing snippets.
2024-03-23 14:37:30.329 [info] Tasks: No changes found during synchronizing tasks.
2024-03-23 14:37:30.341 [info] GlobalState: No changes found during synchronizing ui state.
2024-03-23 14:37:30.620 [info] Extensions: No changes found during synchronizing extensions.
2024-03-23 14:37:30.628 [info] Profiles: No changes found during synchronizing profiles.
2024-03-23 14:37:30.632 [info] Sync done. Took 528ms
2024-03-23 14:38:16.770 [info] Auto Sync: Triggered by Activity
2024-03-23 14:38:16.770 [info] Sync started.
2024-03-23 14:38:16.898 [info] Settings: No changes found during synchronizing settings.
2024-03-23 14:38:16.908 [info] Keybindings: No changes found during synchronizing keybindings.
2024-03-23 14:38:16.919 [info] Snippets: No changes found during synchronizing snippets.
2024-03-23 14:38:16.926 [info] Tasks: No changes found during synchronizing tasks.
2024-03-23 14:38:16.937 [info] GlobalState: No changes found during synchronizing ui state.
2024-03-23 14:38:17.174 [info] Extensions: No changes found during synchronizing extensions.
2024-03-23 14:38:17.177 [info] Profiles: No changes found during synchronizing profiles.
2024-03-23 14:38:17.180 [info] Sync done. Took 411ms
2024-03-23 14:39:21.045 [info] Auto Sync: Triggered by Activity
2024-03-23 14:39:21.046 [info] Sync started.
2024-03-23 14:39:21.179 [info] Settings: No changes found during synchronizing settings.
2024-03-23 14:39:21.187 [info] Keybindings: No changes found during synchronizing keybindings.
2024-03-23 14:39:21.198 [info] Snippets: No changes found during synchronizing snippets.
2024-03-23 14:39:21.207 [info] Tasks: No changes found during synchronizing tasks.
2024-03-23 14:39:21.216 [info] GlobalState: No changes found during synchronizing ui state.
2024-03-23 14:39:21.404 [info] Extensions: No changes found during synchronizing extensions.
2024-03-23 14:39:21.408 [info] Profiles: No changes found during synchronizing profiles.
2024-03-23 14:39:21.414 [info] Sync done. Took 368ms
2024-03-23 14:39:39.065 [info] Auto Sync: Triggered by Activity
2024-03-23 14:39:39.066 [info] Sync started.
2024-03-23 14:39:39.198 [info] Settings: No changes found during synchronizing settings.
2024-03-23 14:39:39.204 [info] Keybindings: No changes found during synchronizing keybindings.
2024-03-23 14:39:39.214 [info] Snippets: No changes found during synchronizing snippets.
2024-03-23 14:39:39.221 [info] Tasks: No changes found during synchronizing tasks.
2024-03-23 14:39:39.232 [info] GlobalState: No changes found during synchronizing ui state.
2024-03-23 14:39:39.465 [info] Extensions: No changes found during synchronizing extensions.
2024-03-23 14:39:39.470 [info] Profiles: No changes found during synchronizing profiles.
2024-03-23 14:39:39.473 [info] Sync done. Took 409ms
2024-03-23 14:41:17.835 [info] Auto Sync: Triggered by Activity
2024-03-23 14:41:17.836 [info] Sync started.
2024-03-23 14:41:18.005 [info] Settings: No changes found during synchronizing settings.
2024-03-23 14:41:18.009 [info] Keybindings: No changes found during synchronizing keybindings.
2024-03-23 14:41:18.024 [info] Snippets: No changes found during synchronizing snippets.
2024-03-23 14:41:18.033 [info] Tasks: No changes found during synchronizing tasks.
2024-03-23 14:41:18.042 [info] GlobalState: No changes found during synchronizing ui state.
2024-03-23 14:41:18.233 [info] Extensions: No changes found during synchronizing extensions.
2024-03-23 14:41:18.237 [info] Profiles: No changes found during synchronizing profiles.
2024-03-23 14:41:18.242 [info] Sync done. Took 407ms
2024-03-23 14:44:21.242 [info] Auto Sync: Triggered by Activity
2024-03-23 14:44:21.249 [info] Sync started.
2024-03-23 14:44:22.000 [info] Settings: No changes found during synchronizing settings.
2024-03-23 14:44:22.049 [info] Keybindings: No changes found during synchronizing keybindings.
2024-03-23 14:44:22.102 [info] Snippets: No changes found during synchronizing snippets.
2024-03-23 14:44:22.130 [info] Tasks: No changes found during synchronizing tasks.
2024-03-23 14:44:22.155 [info] GlobalState: No changes found during synchronizing ui state.
2024-03-23 14:44:22.656 [info] Extensions: No changes found during synchronizing extensions.
2024-03-23 14:44:22.659 [info] Profiles: No changes found during synchronizing profiles.
2024-03-23 14:44:22.663 [info] Sync done. Took 1422ms
2024-03-23 15:04:51.853 [info] Auto Sync: Triggered by Activity
2024-03-23 15:04:51.854 [info] Sync started.
2024-03-23 15:04:52.496 [info] Settings: No changes found during synchronizing settings.
2024-03-23 15:04:52.500 [info] Keybindings: No changes found during synchronizing keybindings.
2024-03-23 15:04:52.507 [info] Snippets: No changes found during synchronizing snippets.
2024-03-23 15:04:52.512 [info] Tasks: No changes found during synchronizing tasks.
2024-03-23 15:04:52.518 [info] GlobalState: No changes found during synchronizing ui state.
2024-03-23 15:04:52.621 [info] Extensions: No changes found during synchronizing extensions.
2024-03-23 15:04:52.624 [info] Profiles: No changes found during synchronizing profiles.
2024-03-23 15:04:52.627 [info] Sync done. Took 773ms
2024-03-23 15:09:52.645 [info] Auto Sync: Triggered by Interval
2024-03-23 15:09:52.645 [info] Sync started.
2024-03-23 15:09:53.800 [info] Settings: No changes found during synchronizing settings.
2024-03-23 15:09:53.810 [info] Keybindings: No changes found during synchronizing keybindings.
2024-03-23 15:09:53.823 [info] Snippets: No changes found during synchronizing snippets.
2024-03-23 15:09:53.826 [info] Tasks: No changes found during synchronizing tasks.
2024-03-23 15:09:53.831 [info] GlobalState: No changes found during synchronizing ui state.
2024-03-23 15:09:53.935 [info] Extensions: No changes found during synchronizing extensions.
2024-03-23 15:09:53.937 [info] Profiles: No changes found during synchronizing profiles.
2024-03-23 15:09:53.939 [info] Sync done. Took 1294ms
2024-03-23 15:14:53.984 [info] Auto Sync: Triggered by Interval
2024-03-23 15:14:53.984 [info] Sync started.
2024-03-23 15:14:54.854 [info] Settings: No changes found during synchronizing settings.
2024-03-23 15:14:54.858 [info] Keybindings: No changes found during synchronizing keybindings.
2024-03-23 15:14:54.864 [info] Snippets: No changes found during synchronizing snippets.
2024-03-23 15:14:54.868 [info] Tasks: No changes found during synchronizing tasks.
2024-03-23 15:14:54.872 [info] GlobalState: No changes found during synchronizing ui state.
2024-03-23 15:14:54.979 [info] Extensions: No changes found during synchronizing extensions.
2024-03-23 15:14:54.981 [info] Profiles: No changes found during synchronizing profiles.
2024-03-23 15:14:54.984 [info] Sync done. Took 1000ms
2024-03-23 15:15:18.974 [info] Auto Sync: Triggered by Activity
2024-03-23 15:15:18.974 [info] Sync started.
2024-03-23 15:15:19.123 [info] Settings: No changes found during synchronizing settings.
2024-03-23 15:15:19.127 [info] Keybindings: No changes found during synchronizing keybindings.
2024-03-23 15:15:19.132 [info] Snippets: No changes found during synchronizing snippets.
2024-03-23 15:15:19.136 [info] Tasks: No changes found during synchronizing tasks.
2024-03-23 15:15:19.142 [info] GlobalState: No changes found during synchronizing ui state.
2024-03-23 15:15:19.245 [info] Extensions: No changes found during synchronizing extensions.
2024-03-23 15:15:19.246 [info] Profiles: No changes found during synchronizing profiles.
2024-03-23 15:15:19.249 [info] Sync done. Took 275ms
2024-03-23 15:16:05.455 [info] Auto Sync: Triggered by Activity
2024-03-23 15:16:05.455 [info] Sync started.
2024-03-23 15:16:05.605 [info] Settings: No changes found during synchronizing settings.
2024-03-23 15:16:05.614 [info] Keybindings: No changes found during synchronizing keybindings.
2024-03-23 15:16:05.620 [info] Snippets: No changes found during synchronizing snippets.
2024-03-23 15:16:05.625 [info] Tasks: No changes found during synchronizing tasks.
2024-03-23 15:16:05.631 [info] GlobalState: No changes found during synchronizing ui state.
2024-03-23 15:16:05.756 [info] Extensions: No changes found during synchronizing extensions.
2024-03-23 15:16:05.759 [info] Profiles: No changes found during synchronizing profiles.
2024-03-23 15:16:05.761 [info] Sync done. Took 307ms
2024-03-23 15:16:28.614 [info] Auto Sync: Triggered by Activity
2024-03-23 15:16:28.614 [info] Sync started.
2024-03-23 15:16:28.743 [info] Settings: No changes found during synchronizing settings.
2024-03-23 15:16:28.747 [info] Keybindings: No changes found during synchronizing keybindings.
2024-03-23 15:16:28.753 [info] Snippets: No changes found during synchronizing snippets.
2024-03-23 15:16:28.757 [info] Tasks: No changes found during synchronizing tasks.
2024-03-23 15:16:28.762 [info] GlobalState: No changes found during synchronizing ui state.
2024-03-23 15:16:28.838 [info] Extensions: No changes found during synchronizing extensions.
2024-03-23 15:16:28.840 [info] Profiles: No changes found during synchronizing profiles.
2024-03-23 15:16:28.842 [info] Sync done. Took 228ms
2024-03-23 15:21:28.857 [info] Auto Sync: Triggered by Interval
2024-03-23 15:21:28.858 [info] Sync started.
2024-03-23 15:21:29.724 [info] Settings: No changes found during synchronizing settings.
2024-03-23 15:21:29.728 [info] Keybindings: No changes found during synchronizing keybindings.
2024-03-23 15:21:29.733 [info] Snippets: No changes found during synchronizing snippets.
2024-03-23 15:21:29.737 [info] Tasks: No changes found during synchronizing tasks.
2024-03-23 15:21:29.742 [info] GlobalState: No changes found during synchronizing ui state.
2024-03-23 15:21:29.859 [info] Extensions: No changes found during synchronizing extensions.
2024-03-23 15:21:29.861 [info] Profiles: No changes found during synchronizing profiles.
2024-03-23 15:21:29.864 [info] Sync done. Took 1005ms
2024-03-23 15:23:31.890 [info] Auto Sync: Triggered by Activity
2024-03-23 15:23:31.891 [info] Sync started.
2024-03-23 15:23:32.062 [info] Settings: No changes found during synchronizing settings.
2024-03-23 15:23:32.066 [info] Keybindings: No changes found during synchronizing keybindings.
2024-03-23 15:23:32.074 [info] Snippets: No changes found during synchronizing snippets.
2024-03-23 15:23:32.079 [info] Tasks: No changes found during synchronizing tasks.
2024-03-23 15:23:32.085 [info] GlobalState: No changes found during synchronizing ui state.
2024-03-23 15:23:32.193 [info] Extensions: No changes found during synchronizing extensions.
2024-03-23 15:23:32.195 [info] Profiles: No changes found during synchronizing profiles.
2024-03-23 15:23:32.197 [info] Sync done. Took 306ms
2024-03-23 15:27:11.080 [info] Auto Sync: Triggered by Activity
2024-03-23 15:27:11.080 [info] Sync started.
2024-03-23 15:27:11.825 [info] Settings: No changes found during synchronizing settings.
2024-03-23 15:27:11.829 [info] Keybindings: No changes found during synchronizing keybindings.
2024-03-23 15:27:11.834 [info] Snippets: No changes found during synchronizing snippets.
2024-03-23 15:27:11.838 [info] Tasks: No changes found during synchronizing tasks.
2024-03-23 15:27:11.841 [info] GlobalState: No changes found during synchronizing ui state.
2024-03-23 15:27:11.936 [info] Extensions: No changes found during synchronizing extensions.
2024-03-23 15:27:11.938 [info] Profiles: No changes found during synchronizing profiles.
2024-03-23 15:27:11.940 [info] Sync done. Took 860ms
2024-03-23 15:32:11.941 [info] Auto Sync: Triggered by Interval
2024-03-23 15:32:11.942 [info] Sync started.
2024-03-23 15:32:12.879 [info] Settings: No changes found during synchronizing settings.
2024-03-23 15:32:12.883 [info] Keybindings: No changes found during synchronizing keybindings.
2024-03-23 15:32:12.892 [info] Snippets: No changes found during synchronizing snippets.
2024-03-23 15:32:12.895 [info] Tasks: No changes found during synchronizing tasks.
2024-03-23 15:32:12.899 [info] GlobalState: No changes found during synchronizing ui state.
2024-03-23 15:32:12.983 [info] Extensions: No changes found during synchronizing extensions.
2024-03-23 15:32:12.984 [info] Profiles: No changes found during synchronizing profiles.
2024-03-23 15:32:12.986 [info] Sync done. Took 1045ms
2024-03-23 15:37:12.989 [info] Auto Sync: Triggered by Interval
2024-03-23 15:37:12.990 [info] Sync started.
2024-03-23 15:37:13.943 [info] Settings: No changes found during synchronizing settings.
2024-03-23 15:37:13.947 [info] Keybindings: No changes found during synchronizing keybindings.
2024-03-23 15:37:13.952 [info] Snippets: No changes found during synchronizing snippets.
2024-03-23 15:37:13.958 [info] Tasks: No changes found during synchronizing tasks.
2024-03-23 15:37:13.961 [info] GlobalState: No changes found during synchronizing ui state.
2024-03-23 15:37:14.052 [info] Extensions: No changes found during synchronizing extensions.
2024-03-23 15:37:14.055 [info] Profiles: No changes found during synchronizing profiles.
2024-03-23 15:37:14.058 [info] Sync done. Took 1070ms
2024-03-23 15:38:56.489 [info] Auto Sync: Triggered by Activity
2024-03-23 15:38:56.489 [info] Sync started.
2024-03-23 15:38:56.611 [info] Settings: No changes found during synchronizing settings.
2024-03-23 15:38:56.625 [info] Keybindings: No changes found during synchronizing keybindings.
2024-03-23 15:38:56.638 [info] Snippets: No changes found during synchronizing snippets.
2024-03-23 15:38:56.642 [info] Tasks: No changes found during synchronizing tasks.
2024-03-23 15:38:57.034 [info] GlobalState: Updated remote ui state. Updated: workbench.statusbar.hidden.
2024-03-23 15:38:57.037 [info] GlobalState: Updated last synchronized ui state
2024-03-23 15:38:57.138 [info] Extensions: No changes found during synchronizing extensions.
2024-03-23 15:38:57.140 [info] Profiles: No changes found during synchronizing profiles.
2024-03-23 15:38:57.143 [info] Sync done. Took 654ms
2024-03-23 15:39:24.694 [info] Auto Sync: Triggered by Activity
2024-03-23 15:39:24.697 [info] Sync started.
2024-03-23 15:39:24.908 [info] Settings: No changes found during synchronizing settings.
2024-03-23 15:39:24.914 [info] Keybindings: No changes found during synchronizing keybindings.
2024-03-23 15:39:24.921 [info] Snippets: No changes found during synchronizing snippets.
2024-03-23 15:39:24.925 [info] Tasks: No changes found during synchronizing tasks.
2024-03-23 15:39:24.931 [info] GlobalState: No changes found during synchronizing ui state.
2024-03-23 15:39:25.043 [info] Extensions: No changes found during synchronizing extensions.
2024-03-23 15:39:25.045 [info] Profiles: No changes found during synchronizing profiles.
2024-03-23 15:39:25.051 [info] Sync done. Took 354ms
2024-03-23 15:41:47.883 [info] Auto Sync: Triggered by Activity
2024-03-23 15:41:47.883 [info] Sync started.
2024-03-23 15:41:48.673 [info] Settings: No changes found during synchronizing settings.
2024-03-23 15:41:48.676 [info] Keybindings: No changes found during synchronizing keybindings.
2024-03-23 15:41:48.681 [info] Snippets: No changes found during synchronizing snippets.
2024-03-23 15:41:48.686 [info] Tasks: No changes found during synchronizing tasks.
2024-03-23 15:41:48.692 [info] GlobalState: No changes found during synchronizing ui state.
2024-03-23 15:41:48.815 [info] Extensions: No changes found during synchronizing extensions.
2024-03-23 15:41:48.818 [info] Profiles: No changes found during synchronizing profiles.
2024-03-23 15:41:48.822 [info] Sync done. Took 939ms
2024-03-23 15:42:04.900 [info] Auto Sync: Triggered by Activity
2024-03-23 15:42:04.927 [info] Sync started.
2024-03-23 15:42:05.107 [info] Settings: No changes found during synchronizing settings.
2024-03-23 15:42:05.112 [info] Keybindings: No changes found during synchronizing keybindings.
2024-03-23 15:42:05.119 [info] Snippets: No changes found during synchronizing snippets.
2024-03-23 15:42:05.125 [info] Tasks: No changes found during synchronizing tasks.
2024-03-23 15:42:05.544 [info] GlobalState: Updated remote ui state. Updated: workbench.statusbar.hidden.
2024-03-23 15:42:05.548 [info] GlobalState: Updated last synchronized ui state
2024-03-23 15:42:05.634 [info] Extensions: No changes found during synchronizing extensions.
2024-03-23 15:42:05.637 [info] Profiles: No changes found during synchronizing profiles.
2024-03-23 15:42:05.639 [info] Sync done. Took 752ms
2024-03-23 15:47:05.643 [info] Auto Sync: Triggered by Interval
2024-03-23 15:47:05.644 [info] Sync started.
2024-03-23 15:47:06.430 [info] Settings: No changes found during synchronizing settings.
2024-03-23 15:47:06.436 [info] Keybindings: No changes found during synchronizing keybindings.
2024-03-23 15:47:06.442 [info] Snippets: No changes found during synchronizing snippets.
2024-03-23 15:47:06.446 [info] Tasks: No changes found during synchronizing tasks.
2024-03-23 15:47:06.452 [info] GlobalState: No changes found during synchronizing ui state.
2024-03-23 15:47:06.557 [info] Extensions: No changes found during synchronizing extensions.
2024-03-23 15:47:06.563 [info] Profiles: No changes found during synchronizing profiles.
2024-03-23 15:47:06.569 [info] Sync done. Took 924ms
2024-03-23 15:52:06.572 [info] Auto Sync: Triggered by Interval
2024-03-23 15:52:06.572 [info] Sync started.
2024-03-23 15:52:07.570 [info] Settings: No changes found during synchronizing settings.
2024-03-23 15:52:07.573 [info] Keybindings: No changes found during synchronizing keybindings.
2024-03-23 15:52:07.577 [info] Snippets: No changes found during synchronizing snippets.
2024-03-23 15:52:07.583 [info] Tasks: No changes found during synchronizing tasks.
2024-03-23 15:52:07.588 [info] GlobalState: No changes found during synchronizing ui state.
2024-03-23 15:52:07.685 [info] Extensions: No changes found during synchronizing extensions.
2024-03-23 15:52:07.687 [info] Profiles: No changes found during synchronizing profiles.
2024-03-23 15:52:07.689 [info] Sync done. Took 1117ms
2024-03-23 15:57:07.692 [info] Auto Sync: Triggered by Interval
2024-03-23 15:57:07.692 [info] Sync started.
2024-03-23 15:57:08.331 [info] Settings: No changes found during synchronizing settings.
2024-03-23 15:57:08.336 [info] Keybindings: No changes found during synchronizing keybindings.
2024-03-23 15:57:08.340 [info] Snippets: No changes found during synchronizing snippets.
2024-03-23 15:57:08.343 [info] Tasks: No changes found during synchronizing tasks.
2024-03-23 15:57:08.350 [info] GlobalState: No changes found during synchronizing ui state.
2024-03-23 15:57:08.439 [info] Extensions: No changes found during synchronizing extensions.
2024-03-23 15:57:08.440 [info] Profiles: No changes found during synchronizing profiles.
2024-03-23 15:57:08.442 [info] Sync done. Took 749ms
2024-03-23 16:02:08.451 [info] Auto Sync: Triggered by Interval
2024-03-23 16:02:08.451 [info] Sync started.
2024-03-23 16:02:09.090 [info] Settings: No changes found during synchronizing settings.
2024-03-23 16:02:09.098 [info] Keybindings: No changes found during synchronizing keybindings.
2024-03-23 16:02:09.104 [info] Snippets: No changes found during synchronizing snippets.
2024-03-23 16:02:09.110 [info] Tasks: No changes found during synchronizing tasks.
2024-03-23 16:02:09.116 [info] GlobalState: No changes found during synchronizing ui state.
2024-03-23 16:02:09.246 [info] Extensions: No changes found during synchronizing extensions.
2024-03-23 16:02:09.248 [info] Profiles: No changes found during synchronizing profiles.
2024-03-23 16:02:09.250 [info] Sync done. Took 799ms
2024-03-23 16:07:09.259 [info] Auto Sync: Triggered by Interval
2024-03-23 16:07:09.259 [info] Sync started.
2024-03-23 16:07:10.229 [info] Settings: No changes found during synchronizing settings.
2024-03-23 16:07:10.234 [info] Keybindings: No changes found during synchronizing keybindings.
2024-03-23 16:07:10.242 [info] Snippets: No changes found during synchronizing snippets.
2024-03-23 16:07:10.246 [info] Tasks: No changes found during synchronizing tasks.
2024-03-23 16:07:10.252 [info] GlobalState: No changes found during synchronizing ui state.
2024-03-23 16:07:10.356 [info] Extensions: No changes found during synchronizing extensions.
2024-03-23 16:07:10.358 [info] Profiles: No changes found during synchronizing profiles.
2024-03-23 16:07:10.360 [info] Sync done. Took 1102ms
2024-03-23 16:12:10.370 [info] Auto Sync: Triggered by Interval
2024-03-23 16:12:10.371 [info] Sync started.
2024-03-23 16:12:11.385 [info] Settings: No changes found during synchronizing settings.
2024-03-23 16:12:11.389 [info] Keybindings: No changes found during synchronizing keybindings.
2024-03-23 16:12:11.395 [info] Snippets: No changes found during synchronizing snippets.
2024-03-23 16:12:11.401 [info] Tasks: No changes found during synchronizing tasks.
2024-03-23 16:12:11.408 [info] GlobalState: No changes found during synchronizing ui state.
2024-03-23 16:12:11.506 [info] Extensions: No changes found during synchronizing extensions.
2024-03-23 16:12:11.508 [info] Profiles: No changes found during synchronizing profiles.
2024-03-23 16:12:11.510 [info] Sync done. Took 1140ms
2024-03-23 16:15:08.379 [info] Auto Sync: Triggered by Activity
2024-03-23 16:15:08.380 [info] Sync started.
2024-03-23 16:15:09.452 [info] Settings: No changes found during synchronizing settings.
2024-03-23 16:15:09.457 [info] Keybindings: No changes found during synchronizing keybindings.
2024-03-23 16:15:09.462 [info] Snippets: No changes found during synchronizing snippets.
2024-03-23 16:15:09.466 [info] Tasks: No changes found during synchronizing tasks.
2024-03-23 16:15:09.472 [info] GlobalState: No changes found during synchronizing ui state.
2024-03-23 16:15:09.588 [info] Extensions: No changes found during synchronizing extensions.
2024-03-23 16:15:09.590 [info] Profiles: No changes found during synchronizing profiles.
2024-03-23 16:15:09.594 [info] Sync done. Took 1214ms
2024-03-23 16:16:08.791 [info] Auto Sync: Triggered by Activity
2024-03-23 16:16:08.791 [info] Sync started.
2024-03-23 16:16:08.945 [info] Settings: No changes found during synchronizing settings.
2024-03-23 16:16:08.949 [info] Keybindings: No changes found during synchronizing keybindings.
2024-03-23 16:16:08.954 [info] Snippets: No changes found during synchronizing snippets.
2024-03-23 16:16:08.958 [info] Tasks: No changes found during synchronizing tasks.
2024-03-23 16:16:08.963 [info] GlobalState: No changes found during synchronizing ui state.
2024-03-23 16:16:09.043 [info] Extensions: No changes found during synchronizing extensions.
2024-03-23 16:16:09.045 [info] Profiles: No changes found during synchronizing profiles.
2024-03-23 16:16:09.047 [info] Sync done. Took 256ms
2024-03-23 16:18:41.465 [info] Auto Sync: Triggered by Activity
2024-03-23 16:18:41.465 [info] Sync started.
2024-03-23 16:18:42.249 [info] Settings: No changes found during synchronizing settings.
2024-03-23 16:18:42.255 [info] Keybindings: No changes found during synchronizing keybindings.
2024-03-23 16:18:42.262 [info] Snippets: No changes found during synchronizing snippets.
2024-03-23 16:18:42.269 [info] Tasks: No changes found during synchronizing tasks.
2024-03-23 16:18:42.274 [info] GlobalState: No changes found during synchronizing ui state.
2024-03-23 16:18:42.385 [info] Extensions: No changes found during synchronizing extensions.
2024-03-23 16:18:42.387 [info] Profiles: No changes found during synchronizing profiles.
2024-03-23 16:18:42.390 [info] Sync done. Took 926ms
2024-03-23 16:23:42.409 [info] Auto Sync: Triggered by Interval
2024-03-23 16:23:42.409 [info] Sync started.
2024-03-23 16:23:43.086 [info] Settings: No changes found during synchronizing settings.
2024-03-23 16:23:43.090 [info] Keybindings: No changes found during synchronizing keybindings.
2024-03-23 16:23:43.097 [info] Snippets: No changes found during synchronizing snippets.
2024-03-23 16:23:43.101 [info] Tasks: No changes found during synchronizing tasks.
2024-03-23 16:23:43.106 [info] GlobalState: No changes found during synchronizing ui state.
2024-03-23 16:23:43.221 [info] Extensions: No changes found during synchronizing extensions.
2024-03-23 16:23:43.223 [info] Profiles: No changes found during synchronizing profiles.
2024-03-23 16:23:43.225 [info] Sync done. Took 815ms
2024-03-23 16:28:43.258 [info] Auto Sync: Triggered by Interval
2024-03-23 16:28:43.258 [info] Sync started.
2024-03-23 16:28:44.233 [info] Settings: No changes found during synchronizing settings.
2024-03-23 16:28:44.237 [info] Keybindings: No changes found during synchronizing keybindings.
2024-03-23 16:28:44.242 [info] Snippets: No changes found during synchronizing snippets.
2024-03-23 16:28:44.246 [info] Tasks: No changes found during synchronizing tasks.
2024-03-23 16:28:44.252 [info] GlobalState: No changes found during synchronizing ui state.
2024-03-23 16:28:44.349 [info] Extensions: No changes found during synchronizing extensions.
2024-03-23 16:28:44.351 [info] Profiles: No changes found during synchronizing profiles.
2024-03-23 16:28:44.353 [info] Sync done. Took 1095ms
2024-03-23 16:33:44.387 [info] Auto Sync: Triggered by Interval
2024-03-23 16:33:44.388 [info] Sync started.
2024-03-23 16:33:45.207 [info] Settings: No changes found during synchronizing settings.
2024-03-23 16:33:45.211 [info] Keybindings: No changes found during synchronizing keybindings.
2024-03-23 16:33:45.216 [info] Snippets: No changes found during synchronizing snippets.
2024-03-23 16:33:45.221 [info] Tasks: No changes found during synchronizing tasks.
2024-03-23 16:33:45.226 [info] GlobalState: No changes found during synchronizing ui state.
2024-03-23 16:33:45.337 [info] Extensions: No changes found during synchronizing extensions.
2024-03-23 16:33:45.339 [info] Profiles: No changes found during synchronizing profiles.
2024-03-23 16:33:45.342 [info] Sync done. Took 955ms
2024-03-23 16:38:45.374 [info] Auto Sync: Triggered by Interval
2024-03-23 16:38:45.375 [info] Sync started.
2024-03-23 16:38:46.076 [info] Settings: No changes found during synchronizing settings.
2024-03-23 16:38:46.080 [info] Keybindings: No changes found during synchronizing keybindings.
2024-03-23 16:38:46.087 [info] Snippets: No changes found during synchronizing snippets.
2024-03-23 16:38:46.092 [info] Tasks: No changes found during synchronizing tasks.
2024-03-23 16:38:46.099 [info] GlobalState: No changes found during synchronizing ui state.
2024-03-23 16:38:46.207 [info] Extensions: No changes found during synchronizing extensions.
2024-03-23 16:38:46.210 [info] Profiles: No changes found during synchronizing profiles.
2024-03-23 16:38:46.212 [info] Sync done. Took 838ms
2024-03-23 16:43:46.244 [info] Auto Sync: Triggered by Interval
2024-03-23 16:43:46.244 [info] Sync started.
2024-03-23 16:43:47.135 [info] Settings: No changes found during synchronizing settings.
2024-03-23 16:43:47.139 [info] Keybindings: No changes found during synchronizing keybindings.
2024-03-23 16:43:47.146 [info] Snippets: No changes found during synchronizing snippets.
2024-03-23 16:43:47.150 [info] Tasks: No changes found during synchronizing tasks.
2024-03-23 16:43:47.155 [info] GlobalState: No changes found during synchronizing ui state.
2024-03-23 16:43:47.272 [info] Extensions: No changes found during synchronizing extensions.
2024-03-23 16:43:47.275 [info] Profiles: No changes found during synchronizing profiles.
2024-03-23 16:43:47.277 [info] Sync done. Took 1033ms
2024-03-23 16:48:47.310 [info] Auto Sync: Triggered by Interval
2024-03-23 16:48:47.311 [info] Sync started.
2024-03-23 16:48:48.288 [info] Settings: No changes found during synchronizing settings.
2024-03-23 16:48:48.292 [info] Keybindings: No changes found during synchronizing keybindings.
2024-03-23 16:48:48.297 [info] Snippets: No changes found during synchronizing snippets.
2024-03-23 16:48:48.301 [info] Tasks: No changes found during synchronizing tasks.
2024-03-23 16:48:48.307 [info] GlobalState: No changes found during synchronizing ui state.
2024-03-23 16:48:48.408 [info] Extensions: No changes found during synchronizing extensions.
2024-03-23 16:48:48.411 [info] Profiles: No changes found during synchronizing profiles.
2024-03-23 16:48:48.413 [info] Sync done. Took 1102ms
2024-03-23 16:53:48.448 [info] Auto Sync: Triggered by Interval
2024-03-23 16:53:48.449 [info] Sync started.
2024-03-23 16:53:49.343 [info] Settings: No changes found during synchronizing settings.
2024-03-23 16:53:49.347 [info] Keybindings: No changes found during synchronizing keybindings.
2024-03-23 16:53:49.352 [info] Snippets: No changes found during synchronizing snippets.
2024-03-23 16:53:49.356 [info] Tasks: No changes found during synchronizing tasks.
2024-03-23 16:53:49.361 [info] GlobalState: No changes found during synchronizing ui state.
2024-03-23 16:53:49.457 [info] Extensions: No changes found during synchronizing extensions.
2024-03-23 16:53:49.460 [info] Profiles: No changes found during synchronizing profiles.
2024-03-23 16:53:49.463 [info] Sync done. Took 1015ms
2024-03-23 16:58:49.498 [info] Auto Sync: Triggered by Interval
2024-03-23 16:58:49.498 [info] Sync started.
2024-03-23 16:58:50.500 [info] Settings: No changes found during synchronizing settings.
2024-03-23 16:58:50.504 [info] Keybindings: No changes found during synchronizing keybindings.
2024-03-23 16:58:50.509 [info] Snippets: No changes found during synchronizing snippets.
2024-03-23 16:58:50.512 [info] Tasks: No changes found during synchronizing tasks.
2024-03-23 16:58:50.518 [info] GlobalState: No changes found during synchronizing ui state.
2024-03-23 16:58:50.611 [info] Extensions: No changes found during synchronizing extensions.
2024-03-23 16:58:50.613 [info] Profiles: No changes found during synchronizing profiles.
2024-03-23 16:58:50.615 [info] Sync done. Took 1117ms
2024-03-23 17:03:50.641 [info] Auto Sync: Triggered by Interval
2024-03-23 17:03:50.641 [info] Sync started.
2024-03-23 17:03:51.776 [info] Settings: No changes found during synchronizing settings.
2024-03-23 17:03:51.781 [info] Keybindings: No changes found during synchronizing keybindings.
2024-03-23 17:03:51.787 [info] Snippets: No changes found during synchronizing snippets.
2024-03-23 17:03:51.791 [info] Tasks: No changes found during synchronizing tasks.
2024-03-23 17:03:51.797 [info] GlobalState: No changes found during synchronizing ui state.
2024-03-23 17:03:51.904 [info] Extensions: No changes found during synchronizing extensions.
2024-03-23 17:03:51.906 [info] Profiles: No changes found during synchronizing profiles.
2024-03-23 17:03:51.908 [info] Sync done. Took 1267ms
2024-03-23 17:06:09.396 [info] Auto Sync: Triggered by Activity
2024-03-23 17:06:09.396 [info] Sync started.
2024-03-23 17:06:10.416 [info] Settings: No changes found during synchronizing settings.
2024-03-23 17:06:10.420 [info] Keybindings: No changes found during synchronizing keybindings.
2024-03-23 17:06:10.425 [info] Snippets: No changes found during synchronizing snippets.
2024-03-23 17:06:10.429 [info] Tasks: No changes found during synchronizing tasks.
2024-03-23 17:06:10.433 [info] GlobalState: No changes found during synchronizing ui state.
2024-03-23 17:06:10.518 [info] Extensions: No changes found during synchronizing extensions.
2024-03-23 17:06:10.520 [info] Profiles: No changes found during synchronizing profiles.
2024-03-23 17:06:10.522 [info] Sync done. Took 1126ms
2024-03-23 17:06:30.158 [info] Auto Sync: Triggered by Activity
2024-03-23 17:06:30.158 [info] Sync started.
2024-03-23 17:06:30.386 [info] Settings: No changes found during synchronizing settings.
2024-03-23 17:06:30.390 [info] Keybindings: No changes found during synchronizing keybindings.
2024-03-23 17:06:30.396 [info] Snippets: No changes found during synchronizing snippets.
2024-03-23 17:06:30.401 [info] Tasks: No changes found during synchronizing tasks.
2024-03-23 17:06:30.407 [info] GlobalState: No changes found during synchronizing ui state.
2024-03-23 17:06:30.506 [info] Extensions: No changes found during synchronizing extensions.
2024-03-23 17:06:30.508 [info] Profiles: No changes found during synchronizing profiles.
2024-03-23 17:06:30.510 [info] Sync done. Took 352ms
2024-03-23 17:09:28.037 [info] Auto Sync: Triggered by Activity
2024-03-23 17:09:28.037 [info] Sync started.
2024-03-23 17:09:28.975 [info] Settings: No changes found during synchronizing settings.
2024-03-23 17:09:28.982 [info] Keybindings: No changes found during synchronizing keybindings.
2024-03-23 17:09:28.990 [info] Snippets: No changes found during synchronizing snippets.
2024-03-23 17:09:28.994 [info] Tasks: No changes found during synchronizing tasks.
2024-03-23 17:09:29.000 [info] GlobalState: No changes found during synchronizing ui state.
2024-03-23 17:09:29.088 [info] Extensions: No changes found during synchronizing extensions.
2024-03-23 17:09:29.090 [info] Profiles: No changes found during synchronizing profiles.
2024-03-23 17:09:29.093 [info] Sync done. Took 1056ms
2024-03-23 17:10:01.287 [info] Auto Sync: Triggered by Activity
2024-03-23 17:10:01.288 [info] Sync started.
2024-03-23 17:10:02.570 [info] Settings: No changes found during synchronizing settings.
2024-03-23 17:10:02.576 [info] Keybindings: No changes found during synchronizing keybindings.
2024-03-23 17:10:02.586 [info] Snippets: No changes found during synchronizing snippets.
2024-03-23 17:10:02.592 [info] Tasks: No changes found during synchronizing tasks.
2024-03-23 17:10:02.602 [info] GlobalState: No changes found during synchronizing ui state.
2024-03-23 17:10:02.812 [info] Extensions: No changes found during synchronizing extensions.
2024-03-23 17:10:02.815 [info] Profiles: No changes found during synchronizing profiles.
2024-03-23 17:10:02.819 [info] Sync done. Took 1531ms
2024-03-24 10:59:06.356 [info] Auto Sync: Triggered by Activity
2024-03-24 10:59:06.357 [info] Sync started.
2024-03-24 10:59:07.261 [info] Settings: No changes found during synchronizing settings.
2024-03-24 10:59:07.271 [info] Keybindings: No changes found during synchronizing keybindings.
2024-03-24 10:59:07.284 [info] Snippets: No changes found during synchronizing snippets.
2024-03-24 10:59:07.291 [info] Tasks: No changes found during synchronizing tasks.
2024-03-24 10:59:07.299 [info] GlobalState: No changes found during synchronizing ui state.
2024-03-24 10:59:07.482 [info] Extensions: No changes found during synchronizing extensions.
2024-03-24 10:59:07.487 [info] Profiles: No changes found during synchronizing profiles.
2024-03-24 10:59:07.492 [info] Sync done. Took 1136ms
