2024-02-08 11:36:50.668 [info] Log level: Info
2024-02-08 11:36:50.668 [info] Validating found git in: "git"
2024-02-08 11:36:50.668 [info] Using git "2.43.0" from "git"
2024-02-08 11:36:50.668 [info] > git rev-parse --show-toplevel [209ms]
2024-02-08 11:36:50.668 [info] > git rev-parse --git-dir --git-common-dir [16ms]
2024-02-08 11:36:50.668 [info] Open repository: /home/chris/Documents/website/gatsby-starter-lumen-master
2024-02-08 11:36:50.672 [info] > git rev-parse --show-toplevel [14ms]
2024-02-08 11:36:50.677 [info] > git config --get commit.template [40ms]
2024-02-08 11:36:50.886 [info] > git rev-parse --show-toplevel [113ms]
2024-02-08 11:36:50.948 [info] > git rev-parse --show-toplevel [9ms]
2024-02-08 11:36:50.994 [info] > git rev-parse --show-toplevel [19ms]
2024-02-08 11:36:51.055 [info] > git rev-parse --show-toplevel [10ms]
2024-02-08 11:36:51.085 [info] > git rev-parse --show-toplevel [4ms]
2024-02-08 11:36:51.142 [info] > git rev-parse --show-toplevel [13ms]
2024-02-08 11:36:51.182 [info] > git rev-parse --show-toplevel [9ms]
2024-02-08 11:36:51.218 [info] > git for-each-ref --format=%(refname)%00%(upstream:short)%00%(objectname)%00%(upstream:track)%00%(upstream:remotename)%00%(upstream:remoteref) refs/heads/gatsby-test refs/remotes/gatsby-test [352ms]
2024-02-08 11:36:51.526 [info] > git status -z -uall [276ms]
2024-02-08 11:36:51.585 [info] > git config --get commit.template [6ms]
2024-02-08 11:36:51.619 [info] > git for-each-ref --format=%(refname)%00%(upstream:short)%00%(objectname)%00%(upstream:track)%00%(upstream:remotename)%00%(upstream:remoteref) refs/heads/gatsby-test refs/remotes/gatsby-test [6ms]
2024-02-08 11:36:51.660 [info] > git status -z -uall [14ms]
2024-02-08 11:36:52.286 [info] > git check-ignore -v -z --stdin [14ms]
2024-02-08 11:36:53.536 [info] > git check-ignore -v -z --stdin [14ms]
2024-02-08 11:36:59.674 [info] > git ls-files --stage -- /home/chris/Documents/website/gatsby-starter-lumen-master/src/templates/NotFoundTemplate/NotFoundTemplate.tsx [9ms]
2024-02-08 11:36:59.859 [info] > git show --textconv :src/templates/NotFoundTemplate/NotFoundTemplate.tsx [251ms]
2024-02-08 11:36:59.862 [info] > git cat-file -s 1cb47340cc972b5fbbc309030d4755718b203094 [124ms]
2024-02-08 11:37:24.147 [info] > git check-ignore -v -z --stdin [69ms]
2024-02-08 11:37:26.037 [info] > git check-ignore -v -z --stdin [302ms]
2024-02-08 11:37:26.284 [info] > git check-ignore -v -z --stdin [4ms]
2024-02-08 11:37:27.275 [info] > git check-ignore -v -z --stdin [117ms]
2024-02-08 11:37:29.090 [info] > git check-ignore -v -z --stdin [3ms]
2024-02-08 11:37:30.169 [info] > git check-ignore -v -z --stdin [5ms]
2024-02-08 11:37:32.406 [info] > git ls-files --stage -- /home/chris/Documents/website/gatsby-starter-lumen-master/content/pages/about/index.md [15ms]
2024-02-08 11:37:32.962 [info] > git show --textconv :content/pages/about/index.md [633ms]
2024-02-08 11:37:32.967 [info] > git cat-file -s c7e12b8dad251a0cf7c5ed05e1c54d4c9966c434 [524ms]
2024-02-08 11:37:42.913 [info] > git config --get commit.template [30ms]
2024-02-08 11:37:43.053 [info] > git for-each-ref --format=%(refname)%00%(upstream:short)%00%(objectname)%00%(upstream:track)%00%(upstream:remotename)%00%(upstream:remoteref) refs/heads/gatsby-test refs/remotes/gatsby-test [143ms]
2024-02-08 11:37:43.453 [info] > git status -z -uall [375ms]
2024-02-08 11:37:48.530 [info] > git config --get commit.template [28ms]
2024-02-08 11:37:48.531 [info] > git for-each-ref --format=%(refname)%00%(upstream:short)%00%(objectname)%00%(upstream:track)%00%(upstream:remotename)%00%(upstream:remoteref) refs/heads/gatsby-test refs/remotes/gatsby-test [5ms]
2024-02-08 11:37:48.565 [info] > git status -z -uall [10ms]
2024-02-08 11:37:53.747 [info] > git config --get commit.template [30ms]
2024-02-08 11:37:53.748 [info] > git for-each-ref --format=%(refname)%00%(upstream:short)%00%(objectname)%00%(upstream:track)%00%(upstream:remotename)%00%(upstream:remoteref) refs/heads/gatsby-test refs/remotes/gatsby-test [4ms]
2024-02-08 11:37:53.787 [info] > git status -z -uall [11ms]
2024-02-08 11:37:58.843 [info] > git config --get commit.template [25ms]
2024-02-08 11:37:58.846 [info] > git for-each-ref --format=%(refname)%00%(upstream:short)%00%(objectname)%00%(upstream:track)%00%(upstream:remotename)%00%(upstream:remoteref) refs/heads/gatsby-test refs/remotes/gatsby-test [4ms]
2024-02-08 11:37:58.880 [info] > git status -z -uall [11ms]
2024-02-08 11:38:03.931 [info] > git config --get commit.template [23ms]
2024-02-08 11:38:03.933 [info] > git for-each-ref --format=%(refname)%00%(upstream:short)%00%(objectname)%00%(upstream:track)%00%(upstream:remotename)%00%(upstream:remoteref) refs/heads/gatsby-test refs/remotes/gatsby-test [4ms]
2024-02-08 11:38:03.962 [info] > git status -z -uall [9ms]
2024-02-08 11:38:13.702 [info] > git config --get commit.template [33ms]
2024-02-08 11:38:13.704 [info] > git for-each-ref --format=%(refname)%00%(upstream:short)%00%(objectname)%00%(upstream:track)%00%(upstream:remotename)%00%(upstream:remoteref) refs/heads/gatsby-test refs/remotes/gatsby-test [4ms]
2024-02-08 11:38:13.742 [info] > git status -z -uall [10ms]
2024-02-08 11:38:18.810 [info] > git config --get commit.template [28ms]
2024-02-08 11:38:18.812 [info] > git for-each-ref --format=%(refname)%00%(upstream:short)%00%(objectname)%00%(upstream:track)%00%(upstream:remotename)%00%(upstream:remoteref) refs/heads/gatsby-test refs/remotes/gatsby-test [5ms]
2024-02-08 11:38:18.849 [info] > git status -z -uall [11ms]
2024-02-08 11:39:02.873 [info] > git config --get commit.template [6ms]
2024-02-08 11:39:02.915 [info] > git for-each-ref --format=%(refname)%00%(upstream:short)%00%(objectname)%00%(upstream:track)%00%(upstream:remotename)%00%(upstream:remoteref) refs/heads/gatsby-test refs/remotes/gatsby-test [8ms]
2024-02-08 11:39:02.963 [info] > git status -z -uall [14ms]
2024-02-08 11:39:08.021 [info] > git config --get commit.template [23ms]
2024-02-08 11:39:08.024 [info] > git for-each-ref --format=%(refname)%00%(upstream:short)%00%(objectname)%00%(upstream:track)%00%(upstream:remotename)%00%(upstream:remoteref) refs/heads/gatsby-test refs/remotes/gatsby-test [4ms]
2024-02-08 11:39:08.057 [info] > git status -z -uall [9ms]
2024-02-08 11:39:13.115 [info] > git config --get commit.template [24ms]
2024-02-08 11:39:13.117 [info] > git for-each-ref --format=%(refname)%00%(upstream:short)%00%(objectname)%00%(upstream:track)%00%(upstream:remotename)%00%(upstream:remoteref) refs/heads/gatsby-test refs/remotes/gatsby-test [4ms]
2024-02-08 11:39:13.153 [info] > git status -z -uall [11ms]
2024-02-08 12:48:33.432 [info] > git config --get commit.template [6ms]
2024-02-08 12:48:33.490 [info] > git for-each-ref --format=%(refname)%00%(upstream:short)%00%(objectname)%00%(upstream:track)%00%(upstream:remotename)%00%(upstream:remoteref) refs/heads/gatsby-test refs/remotes/gatsby-test [5ms]
2024-02-08 12:48:33.529 [info] > git status -z -uall [11ms]
2024-02-08 12:48:38.588 [info] > git config --get commit.template [28ms]
2024-02-08 12:48:38.591 [info] > git for-each-ref --format=%(refname)%00%(upstream:short)%00%(objectname)%00%(upstream:track)%00%(upstream:remotename)%00%(upstream:remoteref) refs/heads/gatsby-test refs/remotes/gatsby-test [4ms]
2024-02-08 12:48:38.624 [info] > git status -z -uall [10ms]
2024-02-08 12:48:42.102 [info] > git check-ignore -v -z --stdin [3ms]
2024-02-08 12:48:43.202 [info] > git check-ignore -v -z --stdin [4ms]
2024-02-08 12:48:43.680 [info] > git config --get commit.template [24ms]
2024-02-08 12:48:43.682 [info] > git for-each-ref --format=%(refname)%00%(upstream:short)%00%(objectname)%00%(upstream:track)%00%(upstream:remotename)%00%(upstream:remoteref) refs/heads/gatsby-test refs/remotes/gatsby-test [4ms]
2024-02-08 12:48:43.712 [info] > git status -z -uall [11ms]
2024-02-08 12:48:44.627 [info] > git check-ignore -v -z --stdin [5ms]
2024-02-08 12:48:47.293 [info] > git check-ignore -v -z --stdin [3ms]
2024-02-08 12:48:47.856 [info] > git check-ignore -v -z --stdin [4ms]
2024-02-08 12:48:49.951 [info] > git check-ignore -v -z --stdin [3ms]
2024-02-08 12:48:51.782 [info] > git check-ignore -v -z --stdin [3ms]
2024-02-08 12:48:53.455 [info] > git check-ignore -v -z --stdin [4ms]
2024-02-08 12:48:59.686 [info] > git check-ignore -v -z --stdin [4ms]
2024-02-08 13:00:18.004 [info] > git config --get commit.template [10ms]
2024-02-08 13:00:18.046 [info] > git for-each-ref --format=%(refname)%00%(upstream:short)%00%(objectname)%00%(upstream:track)%00%(upstream:remotename)%00%(upstream:remoteref) refs/heads/gatsby-test refs/remotes/gatsby-test [4ms]
2024-02-08 13:00:18.091 [info] > git status -z -uall [16ms]
2024-02-08 13:01:19.906 [info] > git config --get commit.template [7ms]
2024-02-08 13:01:19.966 [info] > git for-each-ref --format=%(refname)%00%(upstream:short)%00%(objectname)%00%(upstream:track)%00%(upstream:remotename)%00%(upstream:remoteref) refs/heads/gatsby-test refs/remotes/gatsby-test [4ms]
2024-02-08 13:01:20.029 [info] > git status -z -uall [14ms]
2024-02-08 13:12:55.674 [info] > git config --get commit.template [57ms]
2024-02-08 13:12:55.722 [info] > git for-each-ref --format=%(refname)%00%(upstream:short)%00%(objectname)%00%(upstream:track)%00%(upstream:remotename)%00%(upstream:remoteref) refs/heads/gatsby-test refs/remotes/gatsby-test [50ms]
2024-02-08 13:12:55.902 [info] > git status -z -uall [134ms]
2024-02-08 13:13:00.956 [info] > git config --get commit.template [24ms]
2024-02-08 13:13:00.958 [info] > git for-each-ref --format=%(refname)%00%(upstream:short)%00%(objectname)%00%(upstream:track)%00%(upstream:remotename)%00%(upstream:remoteref) refs/heads/gatsby-test refs/remotes/gatsby-test [3ms]
2024-02-08 13:13:00.991 [info] > git status -z -uall [10ms]
2024-02-08 13:13:20.009 [info] > git config --get commit.template [65ms]
2024-02-08 13:13:20.013 [info] > git for-each-ref --format=%(refname)%00%(upstream:short)%00%(objectname)%00%(upstream:track)%00%(upstream:remotename)%00%(upstream:remoteref) refs/heads/gatsby-test refs/remotes/gatsby-test [8ms]
2024-02-08 13:13:20.096 [info] > git status -z -uall [31ms]
2024-02-08 13:13:25.433 [info] > git config --get commit.template [4ms]
2024-02-08 13:13:25.481 [info] > git for-each-ref --format=%(refname)%00%(upstream:short)%00%(objectname)%00%(upstream:track)%00%(upstream:remotename)%00%(upstream:remoteref) refs/heads/gatsby-test refs/remotes/gatsby-test [4ms]
2024-02-08 13:13:25.527 [info] > git status -z -uall [13ms]
2024-02-08 13:13:30.600 [info] > git config --get commit.template [36ms]
2024-02-08 13:13:30.603 [info] > git for-each-ref --format=%(refname)%00%(upstream:short)%00%(objectname)%00%(upstream:track)%00%(upstream:remotename)%00%(upstream:remoteref) refs/heads/gatsby-test refs/remotes/gatsby-test [4ms]
2024-02-08 13:13:30.648 [info] > git status -z -uall [12ms]
2024-02-08 13:13:46.999 [info] > git config --get commit.template [34ms]
2024-02-08 13:13:47.000 [info] > git for-each-ref --format=%(refname)%00%(upstream:short)%00%(objectname)%00%(upstream:track)%00%(upstream:remotename)%00%(upstream:remoteref) refs/heads/gatsby-test refs/remotes/gatsby-test [5ms]
2024-02-08 13:13:47.042 [info] > git status -z -uall [10ms]
2024-02-08 13:13:53.823 [info] > git config --get commit.template [5ms]
2024-02-08 13:13:53.897 [info] > git for-each-ref --format=%(refname)%00%(upstream:short)%00%(objectname)%00%(upstream:track)%00%(upstream:remotename)%00%(upstream:remoteref) refs/heads/gatsby-test refs/remotes/gatsby-test [2ms]
2024-02-08 13:13:53.975 [info] > git status -z -uall [18ms]
2024-02-08 13:14:02.288 [info] > git config --get commit.template [8ms]
2024-02-08 13:14:02.376 [info] > git for-each-ref --format=%(refname)%00%(upstream:short)%00%(objectname)%00%(upstream:track)%00%(upstream:remotename)%00%(upstream:remoteref) refs/heads/gatsby-test refs/remotes/gatsby-test [12ms]
2024-02-08 13:14:02.443 [info] > git status -z -uall [19ms]
2024-02-08 13:14:08.228 [info] > git config --get commit.template [69ms]
2024-02-08 13:14:08.231 [info] > git for-each-ref --format=%(refname)%00%(upstream:short)%00%(objectname)%00%(upstream:track)%00%(upstream:remotename)%00%(upstream:remoteref) refs/heads/gatsby-test refs/remotes/gatsby-test [7ms]
2024-02-08 13:14:08.293 [info] > git status -z -uall [14ms]
2024-02-08 13:14:13.442 [info] > git config --get commit.template [52ms]
2024-02-08 13:14:13.449 [info] > git for-each-ref --format=%(refname)%00%(upstream:short)%00%(objectname)%00%(upstream:track)%00%(upstream:remotename)%00%(upstream:remoteref) refs/heads/gatsby-test refs/remotes/gatsby-test [9ms]
2024-02-08 13:14:13.539 [info] > git status -z -uall [17ms]
2024-02-08 13:14:18.631 [info] > git config --get commit.template [33ms]
2024-02-08 13:14:18.633 [info] > git for-each-ref --format=%(refname)%00%(upstream:short)%00%(objectname)%00%(upstream:track)%00%(upstream:remotename)%00%(upstream:remoteref) refs/heads/gatsby-test refs/remotes/gatsby-test [6ms]
2024-02-08 13:14:18.683 [info] > git status -z -uall [12ms]
2024-02-08 14:22:01.345 [info] > git check-ignore -v -z --stdin [2ms]
2024-02-08 14:22:09.034 [info] > git check-ignore -v -z --stdin [2ms]
2024-02-08 14:23:46.422 [info] > git config --get commit.template [20ms]
2024-02-08 14:23:46.424 [info] > git for-each-ref --format=%(refname)%00%(upstream:short)%00%(objectname)%00%(upstream:track)%00%(upstream:remotename)%00%(upstream:remoteref) refs/heads/gatsby-test refs/remotes/gatsby-test [3ms]
2024-02-08 14:23:46.444 [info] > git status -z -uall [6ms]
2024-02-08 14:23:51.477 [info] > git config --get commit.template [16ms]
2024-02-08 14:23:51.478 [info] > git for-each-ref --format=%(refname)%00%(upstream:short)%00%(objectname)%00%(upstream:track)%00%(upstream:remotename)%00%(upstream:remoteref) refs/heads/gatsby-test refs/remotes/gatsby-test [2ms]
2024-02-08 14:23:51.498 [info] > git status -z -uall [5ms]
2024-02-08 14:24:00.461 [info] > git config --get commit.template [1ms]
2024-02-08 14:24:00.480 [info] > git for-each-ref --format=%(refname)%00%(upstream:short)%00%(objectname)%00%(upstream:track)%00%(upstream:remotename)%00%(upstream:remoteref) refs/heads/gatsby-test refs/remotes/gatsby-test [3ms]
2024-02-08 14:24:00.501 [info] > git status -z -uall [6ms]
2024-02-08 14:24:05.602 [info] > git config --get commit.template [55ms]
2024-02-08 14:24:05.603 [info] > git for-each-ref --format=%(refname)%00%(upstream:short)%00%(objectname)%00%(upstream:track)%00%(upstream:remotename)%00%(upstream:remoteref) refs/heads/gatsby-test refs/remotes/gatsby-test [3ms]
2024-02-08 14:24:05.635 [info] > git status -z -uall [10ms]
2024-02-08 14:24:10.667 [info] > git config --get commit.template [2ms]
2024-02-08 14:24:10.691 [info] > git for-each-ref --format=%(refname)%00%(upstream:short)%00%(objectname)%00%(upstream:track)%00%(upstream:remotename)%00%(upstream:remoteref) refs/heads/gatsby-test refs/remotes/gatsby-test [5ms]
2024-02-08 14:24:10.733 [info] > git status -z -uall [25ms]
2024-02-08 14:24:15.772 [info] > git for-each-ref --format=%(refname)%00%(upstream:short)%00%(objectname)%00%(upstream:track)%00%(upstream:remotename)%00%(upstream:remoteref) refs/heads/gatsby-test refs/remotes/gatsby-test [1ms]
2024-02-08 14:24:15.772 [info] > git config --get commit.template [16ms]
2024-02-08 14:24:15.787 [info] > git status -z -uall [4ms]
2024-02-08 14:24:20.807 [info] > git config --get commit.template [3ms]
2024-02-08 14:24:20.822 [info] > git for-each-ref --format=%(refname)%00%(upstream:short)%00%(objectname)%00%(upstream:track)%00%(upstream:remotename)%00%(upstream:remoteref) refs/heads/gatsby-test refs/remotes/gatsby-test [2ms]
2024-02-08 14:24:20.841 [info] > git status -z -uall [6ms]
2024-02-08 14:27:53.767 [info] > git config --get commit.template [187ms]
2024-02-08 14:27:53.841 [info] > git for-each-ref --format=%(refname)%00%(upstream:short)%00%(objectname)%00%(upstream:track)%00%(upstream:remotename)%00%(upstream:remoteref) refs/heads/gatsby-test refs/remotes/gatsby-test [239ms]
2024-02-08 14:27:53.880 [info] > git status -z -uall [27ms]
2024-02-08 14:28:05.347 [info] > git config --get commit.template [20ms]
2024-02-08 14:28:05.431 [info] > git for-each-ref --format=%(refname)%00%(upstream:short)%00%(objectname)%00%(upstream:track)%00%(upstream:remotename)%00%(upstream:remoteref) refs/heads/gatsby-test refs/remotes/gatsby-test [87ms]
2024-02-08 14:28:05.794 [info] > git status -z -uall [347ms]
2024-02-08 14:28:10.932 [info] > git config --get commit.template [122ms]
2024-02-08 14:28:10.932 [info] > git for-each-ref --format=%(refname)%00%(upstream:short)%00%(objectname)%00%(upstream:track)%00%(upstream:remotename)%00%(upstream:remoteref) refs/heads/gatsby-test refs/remotes/gatsby-test [108ms]
2024-02-08 14:28:10.949 [info] > git status -z -uall [5ms]
2024-02-08 14:28:35.627 [info] > git config --get commit.template [15ms]
2024-02-08 14:28:35.628 [info] > git for-each-ref --format=%(refname)%00%(upstream:short)%00%(objectname)%00%(upstream:track)%00%(upstream:remotename)%00%(upstream:remoteref) refs/heads/gatsby-test refs/remotes/gatsby-test [2ms]
2024-02-08 14:28:35.645 [info] > git status -z -uall [4ms]
