ReadyRc files read:
  NONE
Latexmk: This is Latexmk, John Collins, 7 Jan. 2023. Version 4.79.
Latexmk: applying rule 'pdflatex'...
Rule 'pdflatex':  Reasons for rerun
Changed files or newly in use/created:
  /usr/local/texlive/2023/texmf-dist/tex/latex/amsmath/amsbsy.sty
  /usr/local/texlive/2023/texmf-dist/tex/latex/amsmath/amsgen.sty
  /usr/local/texlive/2023/texmf-dist/tex/latex/amsmath/amsmath.sty
  /usr/local/texlive/2023/texmf-dist/tex/latex/amsmath/amsopn.sty
  /usr/local/texlive/2023/texmf-dist/tex/latex/amsmath/amstext.sty
  /usr/local/texlive/2023/texmf-dist/tex/latex/base/atbegshi-ltx.sty
  /usr/local/texlive/2023/texmf-dist/tex/latex/base/atveryend-ltx.sty
  /usr/local/texlive/2023/texmf-dist/tex/latex/base/fontenc.sty
  /usr/local/texlive/2023/texmf-dist/tex/latex/base/ifthen.sty
  /usr/local/texlive/2023/texmf-dist/tex/latex/base/inputenc.sty
  /usr/local/texlive/2023/texmf-dist/tex/latex/base/size12.clo
  /usr/local/texlive/2023/texmf-dist/tex/latex/base/t1cmtt.fd
  /usr/local/texlive/2023/texmf-dist/tex/latex/base/textcomp.sty
  /usr/local/texlive/2023/texmf-dist/tex/latex/beamer/beamer.cls
  /usr/local/texlive/2023/texmf-dist/tex/latex/beamer/beamerbaseauxtemplates.sty
  /usr/local/texlive/2023/texmf-dist/tex/latex/beamer/beamerbaseboxes.sty
  /usr/local/texlive/2023/texmf-dist/tex/latex/beamer/beamerbasecolor.sty
  /usr/local/texlive/2023/texmf-dist/tex/latex/beamer/beamerbasecompatibility.sty
  /usr/local/texlive/2023/texmf-dist/tex/latex/beamer/beamerbasedecode.sty
  /usr/local/texlive/2023/texmf-dist/tex/latex/beamer/beamerbasefont.sty
  /usr/local/texlive/2023/texmf-dist/tex/latex/beamer/beamerbaseframe.sty
  /usr/local/texlive/2023/texmf-dist/tex/latex/beamer/beamerbaseframecomponents.sty
  /usr/local/texlive/2023/texmf-dist/tex/latex/beamer/beamerbaseframesize.sty
  /usr/local/texlive/2023/texmf-dist/tex/latex/beamer/beamerbaselocalstructure.sty
  /usr/local/texlive/2023/texmf-dist/tex/latex/beamer/beamerbasemisc.sty
  /usr/local/texlive/2023/texmf-dist/tex/latex/beamer/beamerbasemodes.sty
  /usr/local/texlive/2023/texmf-dist/tex/latex/beamer/beamerbasenavigation.sty
  /usr/local/texlive/2023/texmf-dist/tex/latex/beamer/beamerbasenavigationsymbols.tex
  /usr/local/texlive/2023/texmf-dist/tex/latex/beamer/beamerbasenotes.sty
  /usr/local/texlive/2023/texmf-dist/tex/latex/beamer/beamerbaseoptions.sty
  /usr/local/texlive/2023/texmf-dist/tex/latex/beamer/beamerbaseoverlay.sty
  /usr/local/texlive/2023/texmf-dist/tex/latex/beamer/beamerbaserequires.sty
  /usr/local/texlive/2023/texmf-dist/tex/latex/beamer/beamerbasesection.sty
  /usr/local/texlive/2023/texmf-dist/tex/latex/beamer/beamerbasetemplates.sty
  /usr/local/texlive/2023/texmf-dist/tex/latex/beamer/beamerbasethemes.sty
  /usr/local/texlive/2023/texmf-dist/tex/latex/beamer/beamerbasetheorems.sty
  /usr/local/texlive/2023/texmf-dist/tex/latex/beamer/beamerbasetitle.sty
  /usr/local/texlive/2023/texmf-dist/tex/latex/beamer/beamerbasetoc.sty
  /usr/local/texlive/2023/texmf-dist/tex/latex/beamer/beamerbasetranslator.sty
  /usr/local/texlive/2023/texmf-dist/tex/latex/beamer/beamerbasetwoscreens.sty
  /usr/local/texlive/2023/texmf-dist/tex/latex/beamer/beamerbaseverbatim.sty
  /usr/local/texlive/2023/texmf-dist/tex/latex/beamer/beamercolorthemedefault.sty
  /usr/local/texlive/2023/texmf-dist/tex/latex/beamer/beamercolorthemeorchid.sty
  /usr/local/texlive/2023/texmf-dist/tex/latex/beamer/beamercolorthemewhale.sty
  /usr/local/texlive/2023/texmf-dist/tex/latex/beamer/beamerfontthemedefault.sty
  /usr/local/texlive/2023/texmf-dist/tex/latex/beamer/beamerinnerthemedefault.sty
  /usr/local/texlive/2023/texmf-dist/tex/latex/beamer/beamerinnerthemerounded.sty
  /usr/local/texlive/2023/texmf-dist/tex/latex/beamer/beamerouterthemedefault.sty
  /usr/local/texlive/2023/texmf-dist/tex/latex/beamer/beamerouterthemeinfolines.sty
  /usr/local/texlive/2023/texmf-dist/tex/latex/beamer/beamerouterthemeshadow.sty
  /usr/local/texlive/2023/texmf-dist/tex/latex/beamer/beamerouterthemesplit.sty
  /usr/local/texlive/2023/texmf-dist/tex/latex/beamer/beamerthemeWarsaw.sty
  /usr/local/texlive/2023/texmf-dist/tex/latex/beamer/beamerthemedefault.sty
  /usr/local/texlive/2023/texmf-dist/tex/latex/caption/caption.sty
  /usr/local/texlive/2023/texmf-dist/tex/latex/caption/caption3.sty
  /usr/local/texlive/2023/texmf-dist/tex/latex/hyperref/hpdftex.def
  /usr/local/texlive/2023/texmf-dist/tex/latex/hyperref/hyperref.sty
  /usr/local/texlive/2023/texmf-dist/tex/latex/hyperref/nameref.sty
  /usr/local/texlive/2023/texmf-dist/tex/latex/hyperref/pd1enc.def
  /usr/local/texlive/2023/texmf-dist/tex/latex/hyperref/puenc.def
  /usr/local/texlive/2023/texmf-dist/tex/latex/koma-script/scrlfile-hook.sty
  /usr/local/texlive/2023/texmf-dist/tex/latex/koma-script/scrlfile.sty
  /usr/local/texlive/2023/texmf-dist/tex/latex/koma-script/scrlogo.sty
  /usr/local/texlive/2023/texmf-dist/tex/latex/l3backend/l3backend-pdftex.def
  /usr/local/texlive/2023/texmf-dist/tex/latex/l3kernel/expl3.sty
  /usr/local/texlive/2023/texmf-dist/tex/latex/tools/array.sty
  /usr/local/texlive/2023/texmf-dist/tex/latex/tools/calc.sty
  /usr/local/texlive/2023/texmf-dist/tex/latex/tools/enumerate.sty
  /usr/local/texlive/2023/texmf-dist/tex/latex/tools/multicol.sty
  /usr/local/texlive/2023/texmf-dist/tex/latex/tools/tabularx.sty
  /usr/local/texlive/2023/texmf-dist/web2c/texmf.cnf
  /usr/local/texlive/2023/texmf-var/fonts/map/pdftex/updmap/pdftex.map
  /usr/local/texlive/2023/texmf-var/web2c/pdftex/pdflatex.fmt
  preamble.tex
Category 'changed_user':
  /usr/local/texlive/2023/texmf-dist/tex/latex/amsmath/amsbsy.sty
  /usr/local/texlive/2023/texmf-dist/tex/latex/amsmath/amsgen.sty
  /usr/local/texlive/2023/texmf-dist/tex/latex/amsmath/amsmath.sty
  /usr/local/texlive/2023/texmf-dist/tex/latex/amsmath/amsopn.sty
  /usr/local/texlive/2023/texmf-dist/tex/latex/amsmath/amstext.sty
  /usr/local/texlive/2023/texmf-dist/tex/latex/base/atbegshi-ltx.sty
  /usr/local/texlive/2023/texmf-dist/tex/latex/base/atveryend-ltx.sty
  /usr/local/texlive/2023/texmf-dist/tex/latex/base/fontenc.sty
  /usr/local/texlive/2023/texmf-dist/tex/latex/base/ifthen.sty
  /usr/local/texlive/2023/texmf-dist/tex/latex/base/inputenc.sty
  /usr/local/texlive/2023/texmf-dist/tex/latex/base/size12.clo
  /usr/local/texlive/2023/texmf-dist/tex/latex/base/t1cmtt.fd
  /usr/local/texlive/2023/texmf-dist/tex/latex/base/textcomp.sty
  /usr/local/texlive/2023/texmf-dist/tex/latex/beamer/beamer.cls
  /usr/local/texlive/2023/texmf-dist/tex/latex/beamer/beamerbaseauxtemplates.sty
  /usr/local/texlive/2023/texmf-dist/tex/latex/beamer/beamerbaseboxes.sty
  /usr/local/texlive/2023/texmf-dist/tex/latex/beamer/beamerbasecolor.sty
  /usr/local/texlive/2023/texmf-dist/tex/latex/beamer/beamerbasecompatibility.sty
  /usr/local/texlive/2023/texmf-dist/tex/latex/beamer/beamerbasedecode.sty
  /usr/local/texlive/2023/texmf-dist/tex/latex/beamer/beamerbasefont.sty
  /usr/local/texlive/2023/texmf-dist/tex/latex/beamer/beamerbaseframe.sty
  /usr/local/texlive/2023/texmf-dist/tex/latex/beamer/beamerbaseframecomponents.sty
  /usr/local/texlive/2023/texmf-dist/tex/latex/beamer/beamerbaseframesize.sty
  /usr/local/texlive/2023/texmf-dist/tex/latex/beamer/beamerbaselocalstructure.sty
  /usr/local/texlive/2023/texmf-dist/tex/latex/beamer/beamerbasemisc.sty
  /usr/local/texlive/2023/texmf-dist/tex/latex/beamer/beamerbasemodes.sty
  /usr/local/texlive/2023/texmf-dist/tex/latex/beamer/beamerbasenavigation.sty
  /usr/local/texlive/2023/texmf-dist/tex/latex/beamer/beamerbasenavigationsymbols.tex
  /usr/local/texlive/2023/texmf-dist/tex/latex/beamer/beamerbasenotes.sty
  /usr/local/texlive/2023/texmf-dist/tex/latex/beamer/beamerbaseoptions.sty
  /usr/local/texlive/2023/texmf-dist/tex/latex/beamer/beamerbaseoverlay.sty
  /usr/local/texlive/2023/texmf-dist/tex/latex/beamer/beamerbaserequires.sty
  /usr/local/texlive/2023/texmf-dist/tex/latex/beamer/beamerbasesection.sty
  /usr/local/texlive/2023/texmf-dist/tex/latex/beamer/beamerbasetemplates.sty
  /usr/local/texlive/2023/texmf-dist/tex/latex/beamer/beamerbasethemes.sty
  /usr/local/texlive/2023/texmf-dist/tex/latex/beamer/beamerbasetheorems.sty
  /usr/local/texlive/2023/texmf-dist/tex/latex/beamer/beamerbasetitle.sty
  /usr/local/texlive/2023/texmf-dist/tex/latex/beamer/beamerbasetoc.sty
  /usr/local/texlive/2023/texmf-dist/tex/latex/beamer/beamerbasetranslator.sty
  /usr/local/texlive/2023/texmf-dist/tex/latex/beamer/beamerbasetwoscreens.sty
  /usr/local/texlive/2023/texmf-dist/tex/latex/beamer/beamerbaseverbatim.sty
  /usr/local/texlive/2023/texmf-dist/tex/latex/beamer/beamercolorthemedefault.sty
  /usr/local/texlive/2023/texmf-dist/tex/latex/beamer/beamercolorthemeorchid.sty
  /usr/local/texlive/2023/texmf-dist/tex/latex/beamer/beamercolorthemewhale.sty
  /usr/local/texlive/2023/texmf-dist/tex/latex/beamer/beamerfontthemedefault.sty
  /usr/local/texlive/2023/texmf-dist/tex/latex/beamer/beamerinnerthemedefault.sty
  /usr/local/texlive/2023/texmf-dist/tex/latex/beamer/beamerinnerthemerounded.sty
  /usr/local/texlive/2023/texmf-dist/tex/latex/beamer/beamerouterthemedefault.sty
  /usr/local/texlive/2023/texmf-dist/tex/latex/beamer/beamerouterthemeinfolines.sty
  /usr/local/texlive/2023/texmf-dist/tex/latex/beamer/beamerouterthemeshadow.sty
  /usr/local/texlive/2023/texmf-dist/tex/latex/beamer/beamerouterthemesplit.sty
  /usr/local/texlive/2023/texmf-dist/tex/latex/beamer/beamerthemeWarsaw.sty
  /usr/local/texlive/2023/texmf-dist/tex/latex/beamer/beamerthemedefault.sty
  /usr/local/texlive/2023/texmf-dist/tex/latex/caption/caption.sty
  /usr/local/texlive/2023/texmf-dist/tex/latex/caption/caption3.sty
  /usr/local/texlive/2023/texmf-dist/tex/latex/hyperref/hpdftex.def
  /usr/local/texlive/2023/texmf-dist/tex/latex/hyperref/hyperref.sty
  /usr/local/texlive/2023/texmf-dist/tex/latex/hyperref/nameref.sty
  /usr/local/texlive/2023/texmf-dist/tex/latex/hyperref/pd1enc.def
  /usr/local/texlive/2023/texmf-dist/tex/latex/hyperref/puenc.def
  /usr/local/texlive/2023/texmf-dist/tex/latex/koma-script/scrlfile-hook.sty
  /usr/local/texlive/2023/texmf-dist/tex/latex/koma-script/scrlfile.sty
  /usr/local/texlive/2023/texmf-dist/tex/latex/koma-script/scrlogo.sty
  /usr/local/texlive/2023/texmf-dist/tex/latex/l3backend/l3backend-pdftex.def
  /usr/local/texlive/2023/texmf-dist/tex/latex/l3kernel/expl3.sty
  /usr/local/texlive/2023/texmf-dist/tex/latex/tools/array.sty
  /usr/local/texlive/2023/texmf-dist/tex/latex/tools/calc.sty
  /usr/local/texlive/2023/texmf-dist/tex/latex/tools/enumerate.sty
  /usr/local/texlive/2023/texmf-dist/tex/latex/tools/multicol.sty
  /usr/local/texlive/2023/texmf-dist/tex/latex/tools/tabularx.sty
  /usr/local/texlive/2023/texmf-dist/web2c/texmf.cnf
  /usr/local/texlive/2023/texmf-var/fonts/map/pdftex/updmap/pdftex.map
  /usr/local/texlive/2023/texmf-var/web2c/pdftex/pdflatex.fmt
  preamble.tex

------------
Run number 1 of rule 'pdflatex'
------------
------------
Running 'pdflatex  -synctex=1 -shell-escape -interaction=nonstopmode -file-line-error -recorder -output-directory="_temp"  "/mnt/Mis archivos/Google Drive/8 Octavo Semestre/Decidability and Computability/Final project/presentation.tex"'
------------
This is pdfTeX, Version 3.141592653-2.6-1.40.25 (TeX Live 2023) (preloaded format=pdflatex)
 \write18 enabled.
entering extended mode
(/mnt/Mis archivos/Google Drive/8 Octavo Semestre/Decidability and Computability/Final project/presentation.tex
LaTeX2e <2022-11-01> patch level 1
L3 programming layer <2023-02-22> (/usr/local/texlive/2023/texmf-dist/tex/latex/beamer/beamer.cls
Document Class: beamer 2023/02/20 v3.69 A class for typesetting presentations
(/usr/local/texlive/2023/texmf-dist/tex/latex/beamer/beamerbasemodes.sty (/usr/local/texlive/2023/texmf-dist/tex/latex/etoolbox/etoolbox.sty) (/usr/local/texlive/2023/texmf-dist/tex/latex/beamer/beamerbasedecode.sty)) (/usr/local/texlive/2023/texmf-dist/tex/generic/iftex/iftex.sty) (/usr/local/texlive/2023/texmf-dist/tex/latex/beamer/beamerbaseoptions.sty (/usr/local/texlive/2023/texmf-dist/tex/latex/graphics/keyval.sty)) (/usr/local/texlive/2023/texmf-dist/tex/latex/geometry/geometry.sty (/usr/local/texlive/2023/texmf-dist/tex/generic/iftex/ifvtex.sty)) (/usr/local/texlive/2023/texmf-dist/tex/latex/pgf/math/pgfmath.sty (/usr/local/texlive/2023/texmf-dist/tex/latex/pgf/utilities/pgfrcs.sty (/usr/local/texlive/2023/texmf-dist/tex/generic/pgf/utilities/pgfutil-common.tex) (/usr/local/texlive/2023/texmf-dist/tex/generic/pgf/utilities/pgfutil-latex.def) (/usr/local/texlive/2023/texmf-dist/tex/generic/pgf/utilities/pgfrcs.code.tex (/usr/local/texlive/2023/texmf-dist/tex/generic/pgf/pgf.revision.tex))) (/usr/local/texlive/2023/texmf-dist/tex/latex/pgf/utilities/pgfkeys.sty (/usr/local/texlive/2023/texmf-dist/tex/generic/pgf/utilities/pgfkeys.code.tex (/usr/local/texlive/2023/texmf-dist/tex/generic/pgf/utilities/pgfkeyslibraryfiltered.code.tex))) (/usr/local/texlive/2023/texmf-dist/tex/generic/pgf/math/pgfmath.code.tex (/usr/local/texlive/2023/texmf-dist/tex/generic/pgf/math/pgfmathutil.code.tex) (/usr/local/texlive/2023/texmf-dist/tex/generic/pgf/math/pgfmathparser.code.tex) (/usr/local/texlive/2023/texmf-dist/tex/generic/pgf/math/pgfmathfunctions.code.tex) (/usr/local/texlive/2023/texmf-dist/tex/generic/pgf/math/pgfmathfunctions.basic.code.tex) (/usr/local/texlive/2023/texmf-dist/tex/generic/pgf/math/pgfmathfunctions.trigonometric.code.tex) (/usr/local/texlive/2023/texmf-dist/tex/generic/pgf/math/pgfmathfunctions.random.code.tex) (/usr/local/texlive/2023/texmf-dist/tex/generic/pgf/math/pgfmathfunctions.comparison.code.tex) (/usr/local/texlive/2023/texmf-dist/tex/generic/pgf/math/pgfmathfunctions.base.code.tex) (/usr/local/texlive/2023/texmf-dist/tex/generic/pgf/math/pgfmathfunctions.round.code.tex) (/usr/local/texlive/2023/texmf-dist/tex/generic/pgf/math/pgfmathfunctions.misc.code.tex) (/usr/local/texlive/2023/texmf-dist/tex/generic/pgf/math/pgfmathfunctions.integerarithmetics.code.tex) (/usr/local/texlive/2023/texmf-dist/tex/generic/pgf/math/pgfmathcalc.code.tex) (/usr/local/texlive/2023/texmf-dist/tex/generic/pgf/math/pgfmathfloat.code.tex))) (/usr/local/texlive/2023/texmf-dist/tex/latex/base/size12.clo) (/usr/local/texlive/2023/texmf-dist/tex/latex/pgf/basiclayer/pgfcore.sty (/usr/local/texlive/2023/texmf-dist/tex/latex/graphics/graphicx.sty (/usr/local/texlive/2023/texmf-dist/tex/latex/graphics/graphics.sty (/usr/local/texlive/2023/texmf-dist/tex/latex/graphics/trig.sty) (/usr/local/texlive/2023/texmf-dist/tex/latex/graphics-cfg/graphics.cfg) (/usr/local/texlive/2023/texmf-dist/tex/latex/graphics-def/pdftex.def))) (/usr/local/texlive/2023/texmf-dist/tex/latex/pgf/systemlayer/pgfsys.sty (/usr/local/texlive/2023/texmf-dist/tex/generic/pgf/systemlayer/pgfsys.code.tex (/usr/local/texlive/2023/texmf-dist/tex/generic/pgf/systemlayer/pgf.cfg) (/usr/local/texlive/2023/texmf-dist/tex/generic/pgf/systemlayer/pgfsys-pdftex.def (/usr/local/texlive/2023/texmf-dist/tex/generic/pgf/systemlayer/pgfsys-common-pdf.def))) (/usr/local/texlive/2023/texmf-dist/tex/generic/pgf/systemlayer/pgfsyssoftpath.code.tex) (/usr/local/texlive/2023/texmf-dist/tex/generic/pgf/systemlayer/pgfsysprotocol.code.tex)) (/usr/local/texlive/2023/texmf-dist/tex/latex/xcolor/xcolor.sty (/usr/local/texlive/2023/texmf-dist/tex/latex/graphics-cfg/color.cfg) (/usr/local/texlive/2023/texmf-dist/tex/latex/graphics/mathcolor.ltx)) (/usr/local/texlive/2023/texmf-dist/tex/generic/pgf/basiclayer/pgfcore.code.tex (/usr/local/texlive/2023/texmf-dist/tex/generic/pgf/math/pgfint.code.tex) (/usr/local/texlive/2023/texmf-dist/tex/generic/pgf/basiclayer/pgfcorepoints.code.tex) (/usr/local/texlive/2023/texmf-dist/tex/generic/pgf/basiclayer/pgfcorepathconstruct.code.tex) (/usr/local/texlive/2023/texmf-dist/tex/generic/pgf/basiclayer/pgfcorepathusage.code.tex) (/usr/local/texlive/2023/texmf-dist/tex/generic/pgf/basiclayer/pgfcorescopes.code.tex) (/usr/local/texlive/2023/texmf-dist/tex/generic/pgf/basiclayer/pgfcoregraphicstate.code.tex) (/usr/local/texlive/2023/texmf-dist/tex/generic/pgf/basiclayer/pgfcoretransformations.code.tex) (/usr/local/texlive/2023/texmf-dist/tex/generic/pgf/basiclayer/pgfcorequick.code.tex) (/usr/local/texlive/2023/texmf-dist/tex/generic/pgf/basiclayer/pgfcoreobjects.code.tex) (/usr/local/texlive/2023/texmf-dist/tex/generic/pgf/basiclayer/pgfcorepathprocessing.code.tex) (/usr/local/texlive/2023/texmf-dist/tex/generic/pgf/basiclayer/pgfcorearrows.code.tex) (/usr/local/texlive/2023/texmf-dist/tex/generic/pgf/basiclayer/pgfcoreshade.code.tex) (/usr/local/texlive/2023/texmf-dist/tex/generic/pgf/basiclayer/pgfcoreimage.code.tex) (/usr/local/texlive/2023/texmf-dist/tex/generic/pgf/basiclayer/pgfcoreexternal.code.tex) (/usr/local/texlive/2023/texmf-dist/tex/generic/pgf/basiclayer/pgfcorelayers.code.tex) (/usr/local/texlive/2023/texmf-dist/tex/generic/pgf/basiclayer/pgfcoretransparency.code.tex) (/usr/local/texlive/2023/texmf-dist/tex/generic/pgf/basiclayer/pgfcorepatterns.code.tex) (/usr/local/texlive/2023/texmf-dist/tex/generic/pgf/basiclayer/pgfcorerdf.code.tex))) (/usr/local/texlive/2023/texmf-dist/tex/latex/pgf/utilities/xxcolor.sty) (/usr/local/texlive/2023/texmf-dist/tex/latex/base/atbegshi-ltx.sty) (/usr/local/texlive/2023/texmf-dist/tex/latex/hyperref/hyperref.sty (/usr/local/texlive/2023/texmf-dist/tex/generic/ltxcmds/ltxcmds.sty) (/usr/local/texlive/2023/texmf-dist/tex/generic/pdftexcmds/pdftexcmds.sty (/usr/local/texlive/2023/texmf-dist/tex/generic/infwarerr/infwarerr.sty)) (/usr/local/texlive/2023/texmf-dist/tex/latex/kvsetkeys/kvsetkeys.sty) (/usr/local/texlive/2023/texmf-dist/tex/generic/kvdefinekeys/kvdefinekeys.sty) (/usr/local/texlive/2023/texmf-dist/tex/generic/pdfescape/pdfescape.sty) (/usr/local/texlive/2023/texmf-dist/tex/latex/hycolor/hycolor.sty) (/usr/local/texlive/2023/texmf-dist/tex/latex/letltxmacro/letltxmacro.sty) (/usr/local/texlive/2023/texmf-dist/tex/latex/auxhook/auxhook.sty) (/usr/local/texlive/2023/texmf-dist/tex/latex/hyperref/nameref.sty (/usr/local/texlive/2023/texmf-dist/tex/latex/refcount/refcount.sty) (/usr/local/texlive/2023/texmf-dist/tex/generic/gettitlestring/gettitlestring.sty (/usr/local/texlive/2023/texmf-dist/tex/latex/kvoptions/kvoptions.sty))) (/usr/local/texlive/2023/texmf-dist/tex/latex/hyperref/pd1enc.def) (/usr/local/texlive/2023/texmf-dist/tex/generic/intcalc/intcalc.sty) (/usr/local/texlive/2023/texmf-dist/tex/generic/etexcmds/etexcmds.sty) (/usr/local/texlive/2023/texmf-dist/tex/latex/hyperref/puenc.def) (/usr/local/texlive/2023/texmf-dist/tex/latex/url/url.sty) (/usr/local/texlive/2023/texmf-dist/tex/generic/bitset/bitset.sty (/usr/local/texlive/2023/texmf-dist/tex/generic/bigintcalc/bigintcalc.sty))

Package hyperref Message: Stopped early.

) (/usr/local/texlive/2023/texmf-dist/tex/latex/hyperref/hpdftex.def (/usr/local/texlive/2023/texmf-dist/tex/latex/base/atveryend-ltx.sty) (/usr/local/texlive/2023/texmf-dist/tex/latex/rerunfilecheck/rerunfilecheck.sty (/usr/local/texlive/2023/texmf-dist/tex/generic/uniquecounter/uniquecounter.sty))) (/usr/local/texlive/2023/texmf-dist/tex/latex/beamer/beamerbaserequires.sty (/usr/local/texlive/2023/texmf-dist/tex/latex/beamer/beamerbasecompatibility.sty) (/usr/local/texlive/2023/texmf-dist/tex/latex/beamer/beamerbasefont.sty (/usr/local/texlive/2023/texmf-dist/tex/latex/amsfonts/amssymb.sty (/usr/local/texlive/2023/texmf-dist/tex/latex/amsfonts/amsfonts.sty)) (/usr/local/texlive/2023/texmf-dist/tex/latex/sansmathaccent/sansmathaccent.sty (/usr/local/texlive/2023/texmf-dist/tex/latex/koma-script/scrlfile.sty (/usr/local/texlive/2023/texmf-dist/tex/latex/koma-script/scrlfile-hook.sty (/usr/local/texlive/2023/texmf-dist/tex/latex/koma-script/scrlogo.sty))))) (/usr/local/texlive/2023/texmf-dist/tex/latex/beamer/beamerbasetranslator.sty (/usr/local/texlive/2023/texmf-dist/tex/latex/translator/translator.sty)) (/usr/local/texlive/2023/texmf-dist/tex/latex/beamer/beamerbasemisc.sty) (/usr/local/texlive/2023/texmf-dist/tex/latex/beamer/beamerbasetwoscreens.sty) (/usr/local/texlive/2023/texmf-dist/tex/latex/beamer/beamerbaseoverlay.sty) (/usr/local/texlive/2023/texmf-dist/tex/latex/beamer/beamerbasetitle.sty) (/usr/local/texlive/2023/texmf-dist/tex/latex/beamer/beamerbasesection.sty) (/usr/local/texlive/2023/texmf-dist/tex/latex/beamer/beamerbaseframe.sty) (/usr/local/texlive/2023/texmf-dist/tex/latex/beamer/beamerbaseverbatim.sty) (/usr/local/texlive/2023/texmf-dist/tex/latex/beamer/beamerbaseframesize.sty) (/usr/local/texlive/2023/texmf-dist/tex/latex/beamer/beamerbaseframecomponents.sty) (/usr/local/texlive/2023/texmf-dist/tex/latex/beamer/beamerbasecolor.sty) (/usr/local/texlive/2023/texmf-dist/tex/latex/beamer/beamerbasenotes.sty) (/usr/local/texlive/2023/texmf-dist/tex/latex/beamer/beamerbasetoc.sty) (/usr/local/texlive/2023/texmf-dist/tex/latex/beamer/beamerbasetemplates.sty (/usr/local/texlive/2023/texmf-dist/tex/latex/beamer/beamerbaseauxtemplates.sty (/usr/local/texlive/2023/texmf-dist/tex/latex/beamer/beamerbaseboxes.sty))) (/usr/local/texlive/2023/texmf-dist/tex/latex/beamer/beamerbaselocalstructure.sty (/usr/local/texlive/2023/texmf-dist/tex/latex/tools/enumerate.sty)) (/usr/local/texlive/2023/texmf-dist/tex/latex/beamer/beamerbasenavigation.sty (/usr/local/texlive/2023/texmf-dist/tex/latex/beamer/beamerbasenavigationsymbols.tex)) (/usr/local/texlive/2023/texmf-dist/tex/latex/beamer/beamerbasetheorems.sty (/usr/local/texlive/2023/texmf-dist/tex/latex/amsmath/amsmath.sty
For additional information on amsmath, use the `?' option.
(/usr/local/texlive/2023/texmf-dist/tex/latex/amsmath/amstext.sty (/usr/local/texlive/2023/texmf-dist/tex/latex/amsmath/amsgen.sty)) (/usr/local/texlive/2023/texmf-dist/tex/latex/amsmath/amsbsy.sty) (/usr/local/texlive/2023/texmf-dist/tex/latex/amsmath/amsopn.sty)) (/usr/local/texlive/2023/texmf-dist/tex/latex/amscls/amsthm.sty)) (/usr/local/texlive/2023/texmf-dist/tex/latex/beamer/beamerbasethemes.sty)) (/usr/local/texlive/2023/texmf-dist/tex/latex/beamer/beamerthemedefault.sty (/usr/local/texlive/2023/texmf-dist/tex/latex/beamer/beamerfontthemedefault.sty) (/usr/local/texlive/2023/texmf-dist/tex/latex/beamer/beamercolorthemedefault.sty) (/usr/local/texlive/2023/texmf-dist/tex/latex/beamer/beamerinnerthemedefault.sty) (/usr/local/texlive/2023/texmf-dist/tex/latex/beamer/beamerouterthemedefault.sty))) (./preamble.tex (/usr/local/texlive/2023/texmf-dist/tex/latex/beamer/beamerthemeWarsaw.sty (/usr/local/texlive/2023/texmf-dist/tex/latex/beamer/beamerinnerthemerounded.sty) (/usr/local/texlive/2023/texmf-dist/tex/latex/beamer/beamerouterthemeshadow.sty (/usr/local/texlive/2023/texmf-dist/tex/latex/beamer/beamerouterthemesplit.sty)) (/usr/local/texlive/2023/texmf-dist/tex/latex/beamer/beamercolorthemeorchid.sty) (/usr/local/texlive/2023/texmf-dist/tex/latex/beamer/beamercolorthemewhale.sty)) (/usr/local/texlive/2023/texmf-dist/tex/latex/beamer/beamerouterthemeinfolines.sty) (/usr/local/texlive/2023/texmf-dist/tex/latex/base/fontenc.sty) (/usr/local/texlive/2023/texmf-dist/tex/latex/base/inputenc.sty) (/usr/local/texlive/2023/texmf-dist/tex/latex/polynom/polynom.sty) (/usr/local/texlive/2023/texmf-dist/tex/latex/lipsum/lipsum.sty (/usr/local/texlive/2023/texmf-dist/tex/latex/l3packages/l3keys2e/l3keys2e.sty (/usr/local/texlive/2023/texmf-dist/tex/latex/l3kernel/expl3.sty (/usr/local/texlive/2023/texmf-dist/tex/latex/l3backend/l3backend-pdftex.def))) (/usr/local/texlive/2023/texmf-dist/tex/latex/lipsum/lipsum.ltd.tex)) (/usr/local/texlive/2023/texmf-dist/tex/generic/systeme/systeme.sty (/usr/local/texlive/2023/texmf-dist/tex/generic/xstring/xstring.sty (/usr/local/texlive/2023/texmf-dist/tex/generic/xstring/xstring.tex)) (/usr/local/texlive/2023/texmf-dist/tex/generic/systeme/systeme.tex)) (/usr/local/texlive/2023/texmf-dist/tex/latex/float/float.sty) (/usr/local/texlive/2023/texmf-dist/tex/latex/base/ifthen.sty) (/usr/local/texlive/2023/texmf-dist/tex/latex/jknapltx/mathrsfs.sty) (/usr/local/texlive/2023/texmf-dist/tex/latex/units/units.sty (/usr/local/texlive/2023/texmf-dist/tex/latex/units/nicefrac.sty)) (/usr/local/texlive/2023/texmf-dist/tex/latex/tools/multicol.sty) (/usr/local/texlive/2023/texmf-dist/tex/latex/mdframed/mdframed.sty (/usr/local/texlive/2023/texmf-dist/tex/latex/l3packages/xparse/xparse.sty) (/usr/local/texlive/2023/texmf-dist/tex/latex/zref/zref-abspage.sty (/usr/local/texlive/2023/texmf-dist/tex/latex/zref/zref-base.sty)) (/usr/local/texlive/2023/texmf-dist/tex/latex/needspace/needspace.sty) (/usr/local/texlive/2023/texmf-dist/tex/latex/mdframed/md-frame-0.mdf)) (/usr/local/texlive/2023/texmf-dist/tex/latex/setspace/setspace.sty) (/usr/local/texlive/2023/texmf-dist/tex/latex/caption/caption.sty (/usr/local/texlive/2023/texmf-dist/tex/latex/caption/caption3.sty (/usr/local/texlive/2023/texmf-dist/tex/latex/caption/caption-beamer.sto))) (/usr/local/texlive/2023/texmf-dist/tex/latex/anyfontsize/anyfontsize.sty) (/usr/local/texlive/2023/texmf-dist/tex/latex/mathtools/mathtools.sty (/usr/local/texlive/2023/texmf-dist/tex/latex/tools/calc.sty) (/usr/local/texlive/2023/texmf-dist/tex/latex/mathtools/mhsetup.sty)) (/usr/local/texlive/2023/texmf-dist/tex/latex/fancyhdr/fancyhdr.sty) (/usr/local/texlive/2023/texmf-dist/tex/latex/booktabs/booktabs.sty) (/usr/local/texlive/2023/texmf-dist/tex/latex/multirow/multirow.sty) (/usr/local/texlive/2023/texmf-dist/tex/latex/csquotes/csquotes.sty (/usr/local/texlive/2023/texmf-dist/tex/latex/csquotes/csquotes.def) (/usr/local/texlive/2023/texmf-dist/tex/latex/csquotes/csquotes.cfg)) (/usr/local/texlive/2023/texmf-dist/tex/latex/microtype/microtype.sty (/usr/local/texlive/2023/texmf-dist/tex/latex/microtype/microtype-pdftex.def) (/usr/local/texlive/2023/texmf-dist/tex/latex/microtype/microtype.cfg)) (/usr/local/texlive/2023/texmf-dist/tex/latex/bookmark/bookmark.sty (/usr/local/texlive/2023/texmf-dist/tex/latex/bookmark/bkm-pdftex.def)) (/usr/local/texlive/2023/texmf-dist/tex/latex/emptypage/emptypage.sty) (/usr/local/texlive/2023/texmf-dist/tex/latex/blkarray/blkarray.sty) (/usr/local/texlive/2023/texmf-dist/tex/latex/oberdiek/aliascnt.sty) (/usr/local/texlive/2023/texmf-dist/tex/latex/doublestroke/dsfont.sty) (/usr/local/texlive/2023/texmf-dist/tex/latex/comment/comment.sty Excluding comment 'comment') (/usr/local/texlive/2023/texmf-dist/tex/latex/tools/tabularx.sty (/usr/local/texlive/2023/texmf-dist/tex/latex/tools/array.sty)) (/usr/local/texlive/2023/texmf-dist/tex/latex/pgf/frontendlayer/tikz.sty (/usr/local/texlive/2023/texmf-dist/tex/latex/pgf/basiclayer/pgf.sty (/usr/local/texlive/2023/texmf-dist/tex/generic/pgf/modules/pgfmoduleshapes.code.tex) (/usr/local/texlive/2023/texmf-dist/tex/generic/pgf/modules/pgfmoduleplot.code.tex) (/usr/local/texlive/2023/texmf-dist/tex/latex/pgf/compatibility/pgfcomp-version-0-65.sty) (/usr/local/texlive/2023/texmf-dist/tex/latex/pgf/compatibility/pgfcomp-version-1-18.sty)) (/usr/local/texlive/2023/texmf-dist/tex/latex/pgf/utilities/pgffor.sty (/usr/local/texlive/2023/texmf-dist/tex/generic/pgf/utilities/pgffor.code.tex)) (/usr/local/texlive/2023/texmf-dist/tex/generic/pgf/frontendlayer/tikz/tikz.code.tex (/usr/local/texlive/2023/texmf-dist/tex/generic/pgf/libraries/pgflibraryplothandlers.code.tex) (/usr/local/texlive/2023/texmf-dist/tex/generic/pgf/modules/pgfmodulematrix.code.tex) (/usr/local/texlive/2023/texmf-dist/tex/generic/pgf/frontendlayer/tikz/libraries/tikzlibrarytopaths.code.tex))) (/usr/local/texlive/2023/texmf-dist/tex/latex/listings/listings.sty (/usr/local/texlive/2023/texmf-dist/tex/latex/listings/lstmisc.sty) (/usr/local/texlive/2023/texmf-dist/tex/latex/listings/listings.cfg)) (/usr/local/texlive/2023/texmf-dist/tex/latex/base/textcomp.sty) (/usr/local/texlive/2023/texmf-dist/tex/latex/psnfss/helvet.sty) (/usr/local/texlive/2023/texmf-dist/tex/latex/cleveref/cleveref.sty

Package cleveref Warning: hyperref package loaded with implicit=false option - disabling cleveref's hyperref support. This situation is not supported by cleveref, and there's no guarantee anything will work. You're on your own! on input line 2370.

) (/usr/local/texlive/2023/texmf-dist/tex/latex/spalign/spalign.sty) (/usr/local/texlive/2023/texmf-dist/tex/latex/algorithmicx/algpseudocode.sty (/usr/local/texlive/2023/texmf-dist/tex/latex/algorithmicx/algorithmicx.sty
Document Style algorithmicx 1.2 - a greatly improved `algorithmic' style
)
Document Style - pseudocode environments for use with the `algorithmicx' style
) (/usr/local/texlive/2023/texmf-dist/tex/latex/accsupp/accsupp.sty (/usr/local/texlive/2023/texmf-dist/tex/latex/accsupp/accsupp-pdftex.def)) (/usr/local/texlive/2023/texmf-dist/tex/latex/listings/lstlang1.sty) (/usr/local/texlive/2023/texmf-dist/tex/latex/biblatex/biblatex.sty (/usr/local/texlive/2023/texmf-dist/tex/latex/logreq/logreq.sty (/usr/local/texlive/2023/texmf-dist/tex/latex/logreq/logreq.def)) (/usr/local/texlive/2023/texmf-dist/tex/latex/biblatex/blx-dm.def) (/usr/local/texlive/2023/texmf-dist/tex/latex/biblatex/blx-compat.def) (/usr/local/texlive/2023/texmf-dist/tex/latex/biblatex/biblatex.def) (/usr/local/texlive/2023/texmf-dist/tex/latex/biblatex-bwl/bwl-FU.bbx (/usr/local/texlive/2023/texmf-dist/tex/latex/biblatex/bbx/authoryear.bbx (/usr/local/texlive/2023/texmf-dist/tex/latex/biblatex/bbx/standard.bbx))) (/usr/local/texlive/2023/texmf-dist/tex/latex/biblatex-bwl/bwl-FU.cbx (/usr/local/texlive/2023/texmf-dist/tex/latex/biblatex/cbx/authoryear.cbx)) (/usr/local/texlive/2023/texmf-dist/tex/latex/biblatex/biblatex.cfg) (/usr/local/texlive/2023/texmf-dist/tex/latex/biblatex/blx-case-expl3.sty))) (/usr/local/texlive/2023/texmf-dist/tex/latex/psnfss/t1phv.fd) (_temp/presentation.aux)
*geometry* driver: auto-detecting
*geometry* detected driver: pdftex
(/usr/local/texlive/2023/texmf-dist/tex/context/base/mkii/supp-pdf.mkii
[Loading MPS to PDF converter (version 2006.09.02).]
) (/usr/local/texlive/2023/texmf-dist/tex/latex/epstopdf-pkg/epstopdf-base.sty (/usr/local/texlive/2023/texmf-dist/tex/latex/latexconfig/epstopdf-sys.cfg)) (/usr/local/texlive/2023/texmf-dist/tex/latex/translator/translator-basic-dictionary-English.dict) (/usr/local/texlive/2023/texmf-dist/tex/latex/translator/translator-bibliography-dictionary-English.dict) (/usr/local/texlive/2023/texmf-dist/tex/latex/translator/translator-environment-dictionary-English.dict) (/usr/local/texlive/2023/texmf-dist/tex/latex/translator/translator-months-dictionary-English.dict) (/usr/local/texlive/2023/texmf-dist/tex/latex/translator/translator-numbers-dictionary-English.dict) (/usr/local/texlive/2023/texmf-dist/tex/latex/translator/translator-theorem-dictionary-English.dict) (/usr/local/texlive/2023/texmf-dist/tex/latex/biblatex/lbx/english.lbx) (_temp/presentation.bbl) (_temp/presentation.nav) (./sources/avance01.tex [1{/usr/local/texlive/2023/texmf-var/fonts/map/pdftex/updmap/pdftex.map}{/usr/local/texlive/2023/texmf-dist/fonts/enc/dvips/base/8r.enc} <./images/two_heads.png> <./images/logoECMC.png>] (_temp/presentation.toc) (/usr/local/texlive/2023/texmf-dist/tex/latex/amsfonts/umsa.fd) (/usr/local/texlive/2023/texmf-dist/tex/latex/microtype/mt-msa.cfg) (/usr/local/texlive/2023/texmf-dist/tex/latex/amsfonts/umsb.fd) (/usr/local/texlive/2023/texmf-dist/tex/latex/microtype/mt-msb.cfg) (/usr/local/texlive/2023/texmf-dist/tex/latex/jknapltx/ursfs.fd) [2] [3] (/usr/local/texlive/2023/texmf-dist/tex/latex/doublestroke/Udsrom.fd) [4] [5] [6] [7 <./images/diagram_tm.png (PNG copy)>] (/usr/local/texlive/2023/texmf-dist/tex/latex/microtype/mt-cmr.cfg) [8{/usr/local/texlive/2023/texmf-dist/fonts/enc/dvips/cm-super/cm-super-t1.enc}] [9] [10 <./images/tounary.png>] [11 <./images/penrose_alg.png>] [12] [13 <./images/simulator.png (PNG copy)>] [14 <./images/exec_Cond.png (PNG copy)>] (/usr/local/texlive/2023/texmf-dist/tex/latex/base/t1cmtt.fd) [15] [16] [17 </usr/local/texlive/2023/texmf-dist/tex/latex/beamer/beamericonarticle.pdf>] [18]) (_temp/presentation.aux) )</usr/local/texlive/2023/texmf-dist/fonts/type1/public/amsfonts/cm/cmmi12.pfb></usr/local/texlive/2023/texmf-dist/fonts/type1/public/amsfonts/cm/cmss12.pfb></usr/local/texlive/2023/texmf-dist/fonts/type1/public/amsfonts/cm/cmss8.pfb></usr/local/texlive/2023/texmf-dist/fonts/type1/public/amsfonts/cm/cmsy10.pfb></usr/local/texlive/2023/texmf-dist/fonts/type1/public/amsfonts/cm/cmsy8.pfb></usr/local/texlive/2023/texmf-dist/fonts/type1/public/doublestroke/dsrom12.pfb></usr/local/texlive/2023/texmf-dist/fonts/type1/public/cm-super/sfrm1200.pfb></usr/local/texlive/2023/texmf-dist/fonts/type1/public/cm-super/sftt1200.pfb></usr/local/texlive/2023/texmf-dist/fonts/type1/urw/helvetic/uhvb8a.pfb></usr/local/texlive/2023/texmf-dist/fonts/type1/urw/helvetic/uhvr8a.pfb></usr/local/texlive/2023/texmf-dist/fonts/type1/urw/helvetic/uhvro8a.pfb>
Output written on _temp/presentation.pdf (18 pages, 562278 bytes).
SyncTeX written on _temp/presentation.synctex.gz.
Transcript written on _temp/presentation.log.
Latexmk: Getting log file '_temp/presentation.log'
Latexmk: Examining '_temp/presentation.fls'
Latexmk: Examining '_temp/presentation.log'
Latexmk: Found input bbl file '_temp/presentation.bbl'
Latexmk: Log file says output to '_temp/presentation.pdf'
Latexmk: Bibliography file(s) form .bcf file:
  ./references.bib
Latexmk: All targets () are up-to-date

