2024-03-23 15:38:52.543 [info] Added views:workbench.panel.output in workbench.panel.output
2024-03-23 15:38:52.544 [info] Added views:outline in workbench.view.explorer
2024-03-23 15:38:52.544 [info] Added views:workbench.scm in workbench.view.scm
2024-03-23 15:38:52.544 [info] Added views:workbench.view.search in workbench.view.search
2024-03-23 15:38:52.544 [info] Added views:workbench.panel.markers.view in workbench.views.service.panel.376bba1c-2f96-4647-89f9-60d3eb38f2a8
2024-03-23 15:38:52.544 [info] Added views:terminal in workbench.views.service.panel.f0cf5a34-4cd3-4d8e-b46b-2fdf344ac1cb
2024-03-23 15:38:52.544 [info] Added views:workbench.explorer.emptyView in workbench.view.explorer
2024-03-23 15:38:52.815 [info] Added views:workbench.debug.variablesView,workbench.debug.watchExpressionsView,workbench.debug.callStackView,workbench.debug.breakPointsView in workbench.view.debug
2024-03-23 15:38:53.746 [info] Added views:workbench.panel.repl.view in workbench.panel.repl
2024-03-23 15:38:53.748 [info] Removed views:workbench.debug.breakPointsView,workbench.debug.callStackView,workbench.debug.watchExpressionsView,workbench.debug.variablesView from workbench.view.debug
2024-03-23 15:38:53.749 [info] Added views:workbench.debug.welcome in workbench.view.debug
2024-03-23 15:38:53.861 [info] Added views:~remote.forwardedPorts in ~remote.forwardedPortsContainer
2024-03-23 15:42:01.378 [info] Added views:workbench.panel.output in workbench.panel.output
2024-03-23 15:42:01.378 [info] Added views:outline in workbench.view.explorer
2024-03-23 15:42:01.378 [info] Added views:workbench.scm in workbench.view.scm
2024-03-23 15:42:01.378 [info] Added views:workbench.view.search in workbench.view.search
2024-03-23 15:42:01.378 [info] Added views:workbench.panel.markers.view in workbench.views.service.panel.376bba1c-2f96-4647-89f9-60d3eb38f2a8
2024-03-23 15:42:01.378 [info] Added views:terminal in workbench.views.service.panel.f0cf5a34-4cd3-4d8e-b46b-2fdf344ac1cb
2024-03-23 15:42:01.378 [info] Added views:workbench.explorer.fileView in workbench.view.explorer
2024-03-23 15:42:02.185 [info] Added views:workbench.debug.variablesView,workbench.debug.watchExpressionsView,workbench.debug.callStackView,workbench.debug.breakPointsView in workbench.view.debug
2024-03-23 15:42:02.340 [info] Added views:~remote.forwardedPorts in ~remote.forwardedPortsContainer
2024-03-23 15:42:02.424 [info] Added views:workbench.panel.repl.view in workbench.panel.repl
2024-03-23 15:42:02.428 [info] Removed views:workbench.debug.breakPointsView,workbench.debug.callStackView,workbench.debug.watchExpressionsView,workbench.debug.variablesView from workbench.view.debug
2024-03-23 15:42:02.428 [info] Added views:workbench.debug.welcome in workbench.view.debug
2024-03-23 15:42:19.825 [info] Added views:latex-workshop-structure in workbench.views.service.sidebar.1f8dcf7b-ddd1-4600-96d3-f76df3e48165
2024-03-23 15:42:19.830 [info] Added views:latex-workshop-commands,latex-workshop-snippet-view in workbench.views.service.sidebar.bdb1b10b-2470-4c49-8536-f79c0cab8db6
