Visual Studio Code (1.86.1, undefined, desktop)
Jupyter Extension Version: 2024.1.1.
Python Extension not installed.
Pylance Extension not installed.
Platform: linux (x64).
Workspace folder /mnt/Mis archivos/Google Drive/9 Noveno Semestre/Neural networks/quiz1, Home = /home/christian
00:20:10.784 [info] Start refreshing Kernel Picker (1711603210783)
00:20:10.858 [info] Not using Pylance
00:20:10.903 [info] End refreshing Kernel Picker (1711603210783)
00:20:38.187 [info] Using Pylance
00:20:42.974 [info] End refreshing Kernel Picker (1711603210783)
00:20:45.059 [warn] Failed to get activated env vars for /bin/python in 108ms
00:20:45.094 [info] Process Execution: /bin/python -c "import site;print("USER_BASE_VALUE");print(site.USER_BASE);print("USER_BASE_VALUE");"
00:20:45.201 [info] Process Execution: /bin/python -m pip list
00:20:45.405 [info] Process Execution: /bin/python -c "import pip;print('6af208d0-cb9c-427f-b937-ff563e17efdf')"
00:20:46.206 [info] End refreshing Kernel Picker (1711603210783)
00:20:47.939 [info] No interpreter for Pylance for Notebook URI "/mnt/Mis archivos/Google Drive/9 Noveno Semestre/Neural networks/quiz1/sample.ipynb"
00:21:22.368 [error] Failed to parse URI  [TypeError: Invalid URL
	at new NodeError (node:internal/errors:405:5)
	at new URL (node:internal/url:616:13)
	at zF (~/.vscode/extensions/ms-toolsai.jupyter-2024.1.1-linux-x64/dist/extension.node.js:362:26089)
	at qC.parseUserUriAndGetValidationError (~/.vscode/extensions/ms-toolsai.jupyter-2024.1.1-linux-x64/dist/extension.node.js:362:23647)
	at g.value (~/.vscode/extensions/ms-toolsai.jupyter-2024.1.1-linux-x64/dist/extension.node.js:362:23402)
	at r.y (/opt/visual-studio-code/resources/app/out/vs/workbench/api/node/extensionHostProcess.js:80:1902)
	at r.fire (/opt/visual-studio-code/resources/app/out/vs/workbench/api/node/extensionHostProcess.js:80:2119)
	at u._fireDidAccept (/opt/visual-studio-code/resources/app/out/vs/workbench/api/node/extensionHostProcess.js:150:148246)
	at r.$onDidAccept (/opt/visual-studio-code/resources/app/out/vs/workbench/api/node/extensionHostProcess.js:150:146475)
	at d.S (/opt/visual-studio-code/resources/app/out/vs/workbench/api/node/extensionHostProcess.js:147:5520)
	at d.Q (/opt/visual-studio-code/resources/app/out/vs/workbench/api/node/extensionHostProcess.js:147:5286)
	at d.M (/opt/visual-studio-code/resources/app/out/vs/workbench/api/node/extensionHostProcess.js:147:4376)
	at d.L (/opt/visual-studio-code/resources/app/out/vs/workbench/api/node/extensionHostProcess.js:147:3455)
	at g.value (/opt/visual-studio-code/resources/app/out/vs/workbench/api/node/extensionHostProcess.js:147:2242)
	at r.y (/opt/visual-studio-code/resources/app/out/vs/workbench/api/node/extensionHostProcess.js:80:1902)
	at r.fire (/opt/visual-studio-code/resources/app/out/vs/workbench/api/node/extensionHostProcess.js:80:2119)
	at n.fire (/opt/visual-studio-code/resources/app/out/vs/workbench/api/node/extensionHostProcess.js:105:14073)
	at g.value (/opt/visual-studio-code/resources/app/out/vs/workbench/api/node/extensionHostProcess.js:173:8051)
	at r.y (/opt/visual-studio-code/resources/app/out/vs/workbench/api/node/extensionHostProcess.js:80:1902)
	at r.fire (/opt/visual-studio-code/resources/app/out/vs/workbench/api/node/extensionHostProcess.js:80:2119)
	at n.fire (/opt/visual-studio-code/resources/app/out/vs/workbench/api/node/extensionHostProcess.js:105:14073)
	at MessagePortMain.<anonymous> (/opt/visual-studio-code/resources/app/out/vs/workbench/api/node/extensionHostProcess.js:173:6331)
	at MessagePortMain.emit (node:events:514:28)
	at Object.emit (node:electron/js2c/utility_init:2:2285)] {
  input: '',
  code: 'ERR_INVALID_URL'
}
00:21:29.726 [info] Handle Execution of Cells 0 for /mnt/Mis archivos/Google Drive/9 Noveno Semestre/Neural networks/quiz1/sample.ipynb
00:21:29.740 [info] Starting Kernel startUsingPythonInterpreter, .jvsc74a57bd0e7370f93d1d0cde622a1f8e1c04877d8463912d04d973331ad4851f04de6915a./bin/python./bin/python.-m#ipykernel_launcher  (Python Path: /bin/python, Unknown, 2.7.0) for '/mnt/Mis archivos/Google Drive/9 Noveno Semestre/Neural networks/quiz1/sample.ipynb' (disableUI=false)
00:21:30.143 [warn] Failed to get activated env vars for /bin/python in 368ms
00:21:30.276 [info] Process Execution: /bin/python -c "import ipykernel; print(ipykernel.__version__); print("5dc3a68c-e34e-4080-9c3e-2a532b2ccb4d"); print(ipykernel.__file__)"
00:21:30.347 [info] Process Execution: /bin/python -m ipykernel_launcher --f=~/.local/share/jupyter/runtime/kernel-v2-885106QScemK0cOLE.json
    > cwd: /mnt/Mis archivos/Google Drive/9 Noveno Semestre/Neural networks/quiz1
00:21:30.347 [info] Kernel process 89880.
00:21:30.499 [warn] StdErr from Kernel Process /bin/python: No module named ipykernel_launcher
00:21:30.503 [error] Disposing kernel process due to an error Error: The kernel died. Error: /bin/python: No module named ipykernel_launcher... View Jupyter [log](command:jupyter.viewOutput) for further details.
    > Kernel Id = .jvsc74a57bd0e7370f93d1d0cde622a1f8e1c04877d8463912d04d973331ad4851f04de6915a./bin/python./bin/python.-m#ipykernel_launcher
    > Interpreter Id = /bin/python
    > at ChildProcess.<anonymous> (~/.vscode/extensions/ms-toolsai.jupyter-2024.1.1-linux-x64/dist/extension.node.js:276:2012)
    > stdErr = /bin/python: No module named ipykernel_launcher
00:21:30.503 [info] Dispose Kernel process 89880.
00:21:30.527 [error] Failed to connect raw kernel session: Error: The kernel died. Error: /bin/python: No module named ipykernel_launcher... View Jupyter [log](command:jupyter.viewOutput) for further details.
00:21:30.528 [error] Failed to connect raw kernel session: Error: The kernel died. Error: /bin/python: No module named ipykernel_launcher... View Jupyter [log](command:jupyter.viewOutput) for further details.
00:21:30.529 [warn] Failed to shutdown kernel, .jvsc74a57bd0e7370f93d1d0cde622a1f8e1c04877d8463912d04d973331ad4851f04de6915a./bin/python./bin/python.-m#ipykernel_launcher [TypeError: Cannot read properties of undefined (reading 'dispose')
	at J_.shutdown (~/.vscode/extensions/ms-toolsai.jupyter-2024.1.1-linux-x64/dist/extension.node.js:281:15465)
	at process.processTicksAndRejections (node:internal/process/task_queues:95:5)
	at async $_.shutdown (~/.vscode/extensions/ms-toolsai.jupyter-2024.1.1-linux-x64/dist/extension.node.js:281:24053)]
00:21:30.557 [warn] Error occurred while trying to start the kernel, options.disableUI=false Error: The kernel died. Error: /bin/python: No module named ipykernel_launcher... View Jupyter [log](command:jupyter.viewOutput) for further details.
    > Kernel Id = .jvsc74a57bd0e7370f93d1d0cde622a1f8e1c04877d8463912d04d973331ad4851f04de6915a./bin/python./bin/python.-m#ipykernel_launcher
    > Interpreter Id = /bin/python
    > at ChildProcess.<anonymous> (~/.vscode/extensions/ms-toolsai.jupyter-2024.1.1-linux-x64/dist/extension.node.js:276:2012)
    > stdErr = /bin/python: No module named ipykernel_launcher
00:21:30.559 [warn] Kernel Error, context = start Error: The kernel died. Error: /bin/python: No module named ipykernel_launcher... View Jupyter [log](command:jupyter.viewOutput) for further details.
    > Kernel Id = .jvsc74a57bd0e7370f93d1d0cde622a1f8e1c04877d8463912d04d973331ad4851f04de6915a./bin/python./bin/python.-m#ipykernel_launcher
    > Interpreter Id = /bin/python
    > at ChildProcess.<anonymous> (~/.vscode/extensions/ms-toolsai.jupyter-2024.1.1-linux-x64/dist/extension.node.js:276:2012)
    > stdErr = /bin/python: No module named ipykernel_launcher
00:21:30.695 [info] Process Execution: /bin/python -c "import ipykernel;print('6af208d0-cb9c-427f-b937-ff563e17efdf')"
00:21:30.912 [info] Check & install missing Kernel dependencies for /bin/python, ui.disabled=false for resource '/mnt/Mis archivos/Google Drive/9 Noveno Semestre/Neural networks/quiz1/sample.ipynb'
00:21:30.998 [info] Process Execution: /bin/python -c "import ipykernel;print('6af208d0-cb9c-427f-b937-ff563e17efdf')"
00:21:31.197 [info] Process Execution: /bin/python -c "import pip;print('6af208d0-cb9c-427f-b937-ff563e17efdf')"
00:21:36.368 [info] Process Execution: /bin/python -c "import pip;print('6af208d0-cb9c-427f-b937-ff563e17efdf')"
00:21:42.145 [info] Dispose Kernel '/mnt/Mis archivos/Google Drive/9 Noveno Semestre/Neural networks/quiz1/sample.ipynb' associated with '/mnt/Mis archivos/Google Drive/9 Noveno Semestre/Neural networks/quiz1/sample.ipynb'
00:21:42.151 [error] Error in execution Error: The kernel died. Error: /bin/python: No module named ipykernel_launcher... View Jupyter [log](command:jupyter.viewOutput) for further details.
    > Kernel Id = .jvsc74a57bd0e7370f93d1d0cde622a1f8e1c04877d8463912d04d973331ad4851f04de6915a./bin/python./bin/python.-m#ipykernel_launcher
    > Interpreter Id = /bin/python
    > at ChildProcess.<anonymous> (~/.vscode/extensions/ms-toolsai.jupyter-2024.1.1-linux-x64/dist/extension.node.js:276:2012)
    > stdErr = /bin/python: No module named ipykernel_launcher
00:21:42.155 [error] Error in execution (get message for cell) Error: The kernel died. Error: /bin/python: No module named ipykernel_launcher... View Jupyter [log](command:jupyter.viewOutput) for further details.
    > Kernel Id = .jvsc74a57bd0e7370f93d1d0cde622a1f8e1c04877d8463912d04d973331ad4851f04de6915a./bin/python./bin/python.-m#ipykernel_launcher
    > Interpreter Id = /bin/python
    > at ChildProcess.<anonymous> (~/.vscode/extensions/ms-toolsai.jupyter-2024.1.1-linux-x64/dist/extension.node.js:276:2012)
    > stdErr = /bin/python: No module named ipykernel_launcher
00:21:42.212 [info] Process Execution: /bin/python -c "import ipykernel;print('6af208d0-cb9c-427f-b937-ff563e17efdf')"
00:21:42.349 [info] End cell 0 execution after 0s, completed @ undefined, started @ undefined
00:59:39.957 [info] No interpreter for Pylance for Notebook URI "/mnt/Mis archivos/Google Drive/9 Noveno Semestre/Neural networks/quiz1/another.ipynb"
00:59:47.728 [info] Handle Execution of Cells 0 for /mnt/Mis archivos/Google Drive/9 Noveno Semestre/Neural networks/quiz1/another.ipynb
00:59:47.731 [info] Starting Kernel startUsingPythonInterpreter, .jvsc74a57bd0e7370f93d1d0cde622a1f8e1c04877d8463912d04d973331ad4851f04de6915a./bin/python./bin/python.-m#ipykernel_launcher  (Python Path: /bin/python, Unknown, 2.7.0) for '/mnt/Mis archivos/Google Drive/9 Noveno Semestre/Neural networks/quiz1/another.ipynb' (disableUI=false)
00:59:47.791 [warn] Failed to get activated env vars for /bin/python in 55ms
00:59:47.809 [info] Process Execution: /bin/python -c "import ipykernel; print(ipykernel.__version__); print("5dc3a68c-e34e-4080-9c3e-2a532b2ccb4d"); print(ipykernel.__file__)"
00:59:47.827 [info] Process Execution: /bin/python -m ipykernel_launcher --f=~/.local/share/jupyter/runtime/kernel-v2-88510JVJoqzKLEgFI.json
    > cwd: /mnt/Mis archivos/Google Drive/9 Noveno Semestre/Neural networks/quiz1
00:59:47.827 [info] Kernel process 102100.
00:59:47.862 [warn] Stderr output when getting ipykernel version & path Traceback (most recent call last):
    File "<string>", line 1, in <module>
    ModuleNotFoundError: No module named 'ipykernel' for /bin/python
00:59:47.873 [warn] Failed to get activated env vars for /bin/python in 121ms
00:59:47.891 [info] Process Execution: /bin/python -m pip list
00:59:47.897 [warn] StdErr from Kernel Process /bin/python: No module named ipykernel_launcher
00:59:47.899 [error] Disposing kernel process due to an error Error: The kernel died. Error: /bin/python: No module named ipykernel_launcher... View Jupyter [log](command:jupyter.viewOutput) for further details.
    > Kernel Id = .jvsc74a57bd0e7370f93d1d0cde622a1f8e1c04877d8463912d04d973331ad4851f04de6915a./bin/python./bin/python.-m#ipykernel_launcher
    > Interpreter Id = /bin/python
    > at ChildProcess.<anonymous> (~/.vscode/extensions/ms-toolsai.jupyter-2024.1.1-linux-x64/dist/extension.node.js:276:2012)
    > stdErr = /bin/python: No module named ipykernel_launcher
00:59:47.899 [info] Dispose Kernel process 102100.
00:59:47.902 [error] Failed to connect raw kernel session: Error: The kernel died. Error: /bin/python: No module named ipykernel_launcher... View Jupyter [log](command:jupyter.viewOutput) for further details.
00:59:47.902 [error] Failed to connect raw kernel session: Error: The kernel died. Error: /bin/python: No module named ipykernel_launcher... View Jupyter [log](command:jupyter.viewOutput) for further details.
00:59:47.903 [warn] Failed to shutdown kernel, .jvsc74a57bd0e7370f93d1d0cde622a1f8e1c04877d8463912d04d973331ad4851f04de6915a./bin/python./bin/python.-m#ipykernel_launcher [TypeError: Cannot read properties of undefined (reading 'dispose')
	at J_.shutdown (~/.vscode/extensions/ms-toolsai.jupyter-2024.1.1-linux-x64/dist/extension.node.js:281:15465)
	at process.processTicksAndRejections (node:internal/process/task_queues:95:5)
	at async $_.shutdown (~/.vscode/extensions/ms-toolsai.jupyter-2024.1.1-linux-x64/dist/extension.node.js:281:24053)]
00:59:47.905 [warn] Error occurred while trying to start the kernel, options.disableUI=false Error: The kernel died. Error: /bin/python: No module named ipykernel_launcher... View Jupyter [log](command:jupyter.viewOutput) for further details.
    > Kernel Id = .jvsc74a57bd0e7370f93d1d0cde622a1f8e1c04877d8463912d04d973331ad4851f04de6915a./bin/python./bin/python.-m#ipykernel_launcher
    > Interpreter Id = /bin/python
    > at ChildProcess.<anonymous> (~/.vscode/extensions/ms-toolsai.jupyter-2024.1.1-linux-x64/dist/extension.node.js:276:2012)
    > stdErr = /bin/python: No module named ipykernel_launcher
00:59:47.905 [warn] Kernel Error, context = start Error: The kernel died. Error: /bin/python: No module named ipykernel_launcher... View Jupyter [log](command:jupyter.viewOutput) for further details.
    > Kernel Id = .jvsc74a57bd0e7370f93d1d0cde622a1f8e1c04877d8463912d04d973331ad4851f04de6915a./bin/python./bin/python.-m#ipykernel_launcher
    > Interpreter Id = /bin/python
    > at ChildProcess.<anonymous> (~/.vscode/extensions/ms-toolsai.jupyter-2024.1.1-linux-x64/dist/extension.node.js:276:2012)
    > stdErr = /bin/python: No module named ipykernel_launcher
00:59:47.925 [info] Process Execution: /bin/python -c "import ipykernel;print('6af208d0-cb9c-427f-b937-ff563e17efdf')"
00:59:47.962 [info] Process Execution: /bin/python -c "import pip;print('6af208d0-cb9c-427f-b937-ff563e17efdf')"
00:59:47.963 [info] Check & install missing Kernel dependencies for /bin/python, ui.disabled=false for resource '/mnt/Mis archivos/Google Drive/9 Noveno Semestre/Neural networks/quiz1/another.ipynb'
00:59:47.985 [info] Process Execution: /bin/python -c "import ipykernel;print('6af208d0-cb9c-427f-b937-ff563e17efdf')"
00:59:48.042 [info] Process Execution: /bin/python -c "import pip;print('6af208d0-cb9c-427f-b937-ff563e17efdf')"
00:59:51.558 [info] Dispose Kernel '/mnt/Mis archivos/Google Drive/9 Noveno Semestre/Neural networks/quiz1/another.ipynb' associated with '/mnt/Mis archivos/Google Drive/9 Noveno Semestre/Neural networks/quiz1/another.ipynb'
00:59:51.560 [error] Error in execution Error: The kernel died. Error: /bin/python: No module named ipykernel_launcher... View Jupyter [log](command:jupyter.viewOutput) for further details.
    > Kernel Id = .jvsc74a57bd0e7370f93d1d0cde622a1f8e1c04877d8463912d04d973331ad4851f04de6915a./bin/python./bin/python.-m#ipykernel_launcher
    > Interpreter Id = /bin/python
    > at ChildProcess.<anonymous> (~/.vscode/extensions/ms-toolsai.jupyter-2024.1.1-linux-x64/dist/extension.node.js:276:2012)
    > stdErr = /bin/python: No module named ipykernel_launcher
00:59:51.561 [error] Error in execution (get message for cell) Error: The kernel died. Error: /bin/python: No module named ipykernel_launcher... View Jupyter [log](command:jupyter.viewOutput) for further details.
    > Kernel Id = .jvsc74a57bd0e7370f93d1d0cde622a1f8e1c04877d8463912d04d973331ad4851f04de6915a./bin/python./bin/python.-m#ipykernel_launcher
    > Interpreter Id = /bin/python
    > at ChildProcess.<anonymous> (~/.vscode/extensions/ms-toolsai.jupyter-2024.1.1-linux-x64/dist/extension.node.js:276:2012)
    > stdErr = /bin/python: No module named ipykernel_launcher
00:59:51.586 [info] Process Execution: /bin/python -c "import ipykernel;print('6af208d0-cb9c-427f-b937-ff563e17efdf')"
00:59:51.645 [info] End cell 0 execution after 0s, completed @ undefined, started @ undefined
02:20:13.173 [info] Disposing HostJupyterExecution
02:20:13.174 [info] Dispose Kernel '/mnt/Mis archivos/Google Drive/9 Noveno Semestre/Neural networks/quiz1/sample.ipynb' associated with '/mnt/Mis archivos/Google Drive/9 Noveno Semestre/Neural networks/quiz1/sample.ipynb'
02:20:13.174 [info] Dispose Kernel '/mnt/Mis archivos/Google Drive/9 Noveno Semestre/Neural networks/quiz1/another.ipynb' associated with '/mnt/Mis archivos/Google Drive/9 Noveno Semestre/Neural networks/quiz1/another.ipynb'
02:20:13.174 [info] Disposing HostJupyterExecution
