2024-03-24 19:15:57.906 [info] Extension host with pid 105342 started
2024-03-24 19:15:58.057 [info] ExtensionService#_doActivateExtension vscode.emmet, startup: false, activationEvent: 'onLanguage'
2024-03-24 19:15:58.186 [info] ExtensionService#_doActivateExtension vscode.git-base, startup: true, activationEvent: '*', root cause: vscode.git
2024-03-24 19:15:58.347 [info] ExtensionService#_doActivateExtension vscode.git, startup: true, activationEvent: '*'
2024-03-24 19:15:58.641 [info] ExtensionService#_doActivateExtension vscode.github, startup: true, activationEvent: '*'
2024-03-24 19:15:58.970 [info] Eager extensions activated
2024-03-24 19:15:59.478 [info] ExtensionService#_doActivateExtension vscode.debug-auto-launch, startup: false, activationEvent: 'onStartupFinished'
2024-03-24 19:15:59.509 [info] ExtensionService#_doActivateExtension vscode.merge-conflict, startup: false, activationEvent: 'onStartupFinished'
2024-03-24 19:16:01.721 [info] ExtensionService#_doActivateExtension vscode.github-authentication, startup: false, activationEvent: 'onAuthenticationRequest:github'
2024-03-24 19:16:51.172 [info] ExtensionService#_doActivateExtension mechatroner.rainbow-csv, startup: false, activationEvent: 'onLanguage:csv'
2024-03-24 19:23:51.244 [info] Extension host terminating: renderer closed the MessagePort
2024-03-24 19:23:51.306 [info] Extension host with pid 105342 exiting with code 0
2024-03-24 19:23:56.809 [info] Extension host with pid 107963 started
2024-03-24 19:23:56.809 [info] Skipping acquiring lock for /home/christian/.config/Code/User/workspaceStorage/54047a3281dd7a15566c3542efcf523b.
2024-03-24 19:23:57.104 [info] ExtensionService#_doActivateExtension vscode.git-base, startup: true, activationEvent: '*', root cause: vscode.git
2024-03-24 19:23:57.191 [info] ExtensionService#_doActivateExtension vscode.git, startup: true, activationEvent: '*'
2024-03-24 19:23:57.313 [info] ExtensionService#_doActivateExtension vscode.github, startup: true, activationEvent: '*'
2024-03-24 19:23:57.725 [info] Eager extensions activated
2024-03-24 19:23:57.851 [info] ExtensionService#_doActivateExtension vscode.debug-auto-launch, startup: false, activationEvent: 'onStartupFinished'
2024-03-24 19:23:57.868 [info] ExtensionService#_doActivateExtension vscode.merge-conflict, startup: false, activationEvent: 'onStartupFinished'
2024-03-24 19:23:59.688 [info] ExtensionService#_doActivateExtension vscode.github-authentication, startup: false, activationEvent: 'onAuthenticationRequest:github'
2024-03-24 19:24:05.906 [info] ExtensionService#_doActivateExtension mechatroner.rainbow-csv, startup: false, activationEvent: 'onLanguage:csv'
2024-03-24 19:24:05.922 [info] ExtensionService#_doActivateExtension vscode.emmet, startup: false, activationEvent: 'onLanguage'
2024-03-24 19:27:26.973 [info] ExtensionService#_doActivateExtension James-Yu.latex-workshop, startup: false, activationEvent: 'onLanguage:latex'
2024-03-24 19:27:28.627 [warning] DiagnosticCollection with name 'BibTeX' does already exist.
2024-03-24 20:22:40.673 [info] Extension host terminating: renderer closed the MessagePort
2024-03-24 20:22:40.792 [info] Extension host with pid 107963 exiting with code 0
