2024-02-07 14:59:04.937 [info] Extension host with pid 5652 started
2024-02-07 14:59:04.937 [info] Skipping acquiring lock for /home/chris/.config/Code/User/workspaceStorage/704cfc0ca932374b47478f68aadb2963.
2024-02-07 14:59:06.499 [info] ExtensionService#_doActivateExtension vscode.emmet, startup: false, activationEvent: 'onLanguage'
2024-02-07 14:59:06.762 [info] ExtensionService#_doActivateExtension James-Yu.latex-workshop, startup: false, activationEvent: 'onLanguage:latex'
2024-02-07 14:59:12.119 [warning] DiagnosticCollection with name 'BibTeX' does already exist.
2024-02-07 14:59:12.497 [info] ExtensionService#_doActivateExtension vscode.git-base, startup: true, activationEvent: '*', root cause: vscode.git
2024-02-07 14:59:12.685 [info] ExtensionService#_doActivateExtension yzhang.markdown-all-in-one, startup: true, activationEvent: 'workspaceContains:README.md'
2024-02-07 14:59:13.084 [info] ExtensionService#_doActivateExtension vscode.github-authentication, startup: false, activationEvent: 'onAuthenticationRequest:github'
2024-02-07 14:59:13.225 [info] ExtensionService#_doActivateExtension vscode.markdown-math, startup: false, activationEvent: 'api', root cause: yzhang.markdown-all-in-one
2024-02-07 14:59:13.308 [info] ExtensionService#_doActivateExtension vscode.git, startup: true, activationEvent: '*'
2024-02-07 14:59:13.408 [info] ExtensionService#_doActivateExtension vscode.github, startup: true, activationEvent: '*'
2024-02-07 14:59:13.998 [info] Eager extensions activated
2024-02-07 14:59:14.088 [info] ExtensionService#_doActivateExtension vscode.debug-auto-launch, startup: false, activationEvent: 'onStartupFinished'
2024-02-07 14:59:14.143 [info] ExtensionService#_doActivateExtension vscode.merge-conflict, startup: false, activationEvent: 'onStartupFinished'
2024-02-07 14:59:14.283 [info] ExtensionService#_doActivateExtension Equinusocio.vsc-material-theme, startup: false, activationEvent: 'onStartupFinished'
2024-02-07 14:59:14.680 [info] ExtensionService#_doActivateExtension equinusocio.vsc-material-theme-icons, startup: false, activationEvent: 'onStartupFinished'
2024-02-07 14:59:15.003 [info] ExtensionService#_doActivateExtension PKief.material-icon-theme, startup: false, activationEvent: 'onStartupFinished'
2024-02-07 14:59:15.301 [info] ExtensionService#_doActivateExtension vscode.json-language-features, startup: false, activationEvent: 'onLanguage:jsonc'
2024-02-07 14:59:15.448 [info] ExtensionService#_doActivateExtension vscode.typescript-language-features, startup: false, activationEvent: 'onLanguage:jsonc'
2024-02-07 15:40:27.069 [error] [James-Yu.latex-workshop] provider FAILED
2024-02-07 15:40:27.096 [error] TypeError: Cannot read properties of undefined (reading 'slice')
	at insertCursor (/home/chris/.vscode/extensions/james-yu.latex-workshop-9.18.0/out/src/preview/math/mathpreviewlib/cursorrenderer.js:64:57)
	at async Object.onTeX (/home/chris/.vscode/extensions/james-yu.latex-workshop-9.18.0/out/src/preview/math.js:67:13)
	at async HoverProvider.provideHover (/home/chris/.vscode/extensions/james-yu.latex-workshop-9.18.0/out/src/preview/hover.js:42:31)
	at async p.provideHover (/opt/visual-studio-code/resources/app/out/vs/workbench/api/node/extensionHostProcess.js:143:42365)
2024-02-07 21:05:19.393 [error] [James-Yu.latex-workshop] provider FAILED
2024-02-07 21:05:19.448 [error] TypeError: Cannot read properties of undefined (reading 'slice')
	at insertCursor (/home/chris/.vscode/extensions/james-yu.latex-workshop-9.18.0/out/src/preview/math/mathpreviewlib/cursorrenderer.js:64:57)
	at async Object.onTeX (/home/chris/.vscode/extensions/james-yu.latex-workshop-9.18.0/out/src/preview/math.js:67:13)
	at async HoverProvider.provideHover (/home/chris/.vscode/extensions/james-yu.latex-workshop-9.18.0/out/src/preview/hover.js:42:31)
	at async p.provideHover (/opt/visual-studio-code/resources/app/out/vs/workbench/api/node/extensionHostProcess.js:143:42365)
2024-02-07 21:05:20.158 [error] [James-Yu.latex-workshop] provider FAILED
2024-02-07 21:05:20.158 [error] TypeError: Cannot read properties of undefined (reading 'slice')
	at insertCursor (/home/chris/.vscode/extensions/james-yu.latex-workshop-9.18.0/out/src/preview/math/mathpreviewlib/cursorrenderer.js:64:57)
2024-02-07 21:09:06.242 [error] [James-Yu.latex-workshop] provider FAILED
2024-02-07 21:09:06.242 [error] TypeError: Cannot read properties of undefined (reading 'slice')
	at insertCursor (/home/chris/.vscode/extensions/james-yu.latex-workshop-9.18.0/out/src/preview/math/mathpreviewlib/cursorrenderer.js:64:57)
	at async Object.onTeX (/home/chris/.vscode/extensions/james-yu.latex-workshop-9.18.0/out/src/preview/math.js:67:13)
	at async HoverProvider.provideHover (/home/chris/.vscode/extensions/james-yu.latex-workshop-9.18.0/out/src/preview/hover.js:42:31)
	at async p.provideHover (/opt/visual-studio-code/resources/app/out/vs/workbench/api/node/extensionHostProcess.js:143:42365)
2024-02-07 21:23:11.993 [error] [James-Yu.latex-workshop] provider FAILED
2024-02-07 21:23:11.993 [error] TypeError: Cannot read properties of undefined (reading 'slice')
	at insertCursor (/home/chris/.vscode/extensions/james-yu.latex-workshop-9.18.0/out/src/preview/math/mathpreviewlib/cursorrenderer.js:64:57)
	at async Object.onTeX (/home/chris/.vscode/extensions/james-yu.latex-workshop-9.18.0/out/src/preview/math.js:67:13)
	at async HoverProvider.provideHover (/home/chris/.vscode/extensions/james-yu.latex-workshop-9.18.0/out/src/preview/hover.js:42:31)
	at async p.provideHover (/opt/visual-studio-code/resources/app/out/vs/workbench/api/node/extensionHostProcess.js:143:42365)
2024-02-07 21:23:13.883 [error] [James-Yu.latex-workshop] provider FAILED
2024-02-07 21:23:13.883 [error] TypeError: Cannot read properties of undefined (reading 'slice')
	at insertCursor (/home/chris/.vscode/extensions/james-yu.latex-workshop-9.18.0/out/src/preview/math/mathpreviewlib/cursorrenderer.js:64:57)
	at async Object.onTeX (/home/chris/.vscode/extensions/james-yu.latex-workshop-9.18.0/out/src/preview/math.js:67:13)
	at async HoverProvider.provideHover (/home/chris/.vscode/extensions/james-yu.latex-workshop-9.18.0/out/src/preview/hover.js:42:31)
	at async p.provideHover (/opt/visual-studio-code/resources/app/out/vs/workbench/api/node/extensionHostProcess.js:143:42365)
2024-02-07 21:23:16.027 [error] [James-Yu.latex-workshop] provider FAILED
2024-02-07 21:23:16.027 [error] TypeError: Cannot read properties of undefined (reading 'slice')
	at insertCursor (/home/chris/.vscode/extensions/james-yu.latex-workshop-9.18.0/out/src/preview/math/mathpreviewlib/cursorrenderer.js:64:57)
2024-02-07 21:41:33.978 [info] Extension host terminating: renderer closed the MessagePort
2024-02-07 21:41:34.138 [error] Canceled: Canceled
	at new g (/opt/visual-studio-code/resources/app/out/vs/workbench/api/node/extensionHostProcess.js:141:110274)
	at l.U (/opt/visual-studio-code/resources/app/out/vs/workbench/api/node/extensionHostProcess.js:150:10866)
	at P.<computed>.j.charCodeAt.P.<computed> (/opt/visual-studio-code/resources/app/out/vs/workbench/api/node/extensionHostProcess.js:150:8317)
	at d.g (/opt/visual-studio-code/resources/app/out/vs/workbench/api/node/extensionHostProcess.js:141:139555)
	at d.executeCommand (/opt/visual-studio-code/resources/app/out/vs/workbench/api/node/extensionHostProcess.js:141:138993)
	at p.registerCommand.description (/opt/visual-studio-code/resources/app/out/vs/workbench/api/node/extensionHostProcess.js:141:138317)
	at d.h (/opt/visual-studio-code/resources/app/out/vs/workbench/api/node/extensionHostProcess.js:141:140094)
	at d.g (/opt/visual-studio-code/resources/app/out/vs/workbench/api/node/extensionHostProcess.js:141:139086)
	at d.executeCommand (/opt/visual-studio-code/resources/app/out/vs/workbench/api/node/extensionHostProcess.js:141:138993)
	at Object.executeCommand (/opt/visual-studio-code/resources/app/out/vs/workbench/api/node/extensionHostProcess.js:158:21333)
	at f.I [as value] (/opt/visual-studio-code/resources/app/extensions/git/dist/main.js:2:924696)
	at n.y (/opt/visual-studio-code/resources/app/out/vs/workbench/api/node/extensionHostProcess.js:80:1902)
	at n.z (/opt/visual-studio-code/resources/app/out/vs/workbench/api/node/extensionHostProcess.js:80:1972)
	at n.fire (/opt/visual-studio-code/resources/app/out/vs/workbench/api/node/extensionHostProcess.js:80:2188)
	at Object.m [as dispose] (/opt/visual-studio-code/resources/app/extensions/git/dist/main.js:2:940613)
	at /opt/visual-studio-code/resources/app/extensions/git/dist/main.js:2:945566
	at Array.forEach (<anonymous>)
	at p.dispose (/opt/visual-studio-code/resources/app/extensions/git/dist/main.js:2:945552)
	at u.<anonymous> (/opt/visual-studio-code/resources/app/out/vs/workbench/api/node/extensionHostProcess.js:137:3620)
	at u.dispose (/opt/visual-studio-code/resources/app/out/vs/workbench/api/node/extensionHostProcess.js:137:3717)
	at u.<anonymous> (/opt/visual-studio-code/resources/app/extensions/git/dist/main.js:2:926708)
	at u.dispose (/opt/visual-studio-code/resources/app/out/vs/workbench/api/node/extensionHostProcess.js:137:3717)
	at s (/opt/visual-studio-code/resources/app/out/vs/workbench/api/node/extensionHostProcess.js:30:754)
	at f.cb (/opt/visual-studio-code/resources/app/out/vs/workbench/api/node/extensionHostProcess.js:154:9873)
	at /opt/visual-studio-code/resources/app/out/vs/workbench/api/node/extensionHostProcess.js:154:7808
	at Array.map (<anonymous>)
	at f.Y (/opt/visual-studio-code/resources/app/out/vs/workbench/api/node/extensionHostProcess.js:154:7795)
	at f.terminate (/opt/visual-studio-code/resources/app/out/vs/workbench/api/node/extensionHostProcess.js:154:8068)
	at s.terminate (/opt/visual-studio-code/resources/app/out/vs/workbench/api/node/extensionHostProcess.js:158:1513)
	at a (/opt/visual-studio-code/resources/app/out/vs/workbench/api/node/extensionHostProcess.js:171:9802)
	at MessagePortMain.<anonymous> (/opt/visual-studio-code/resources/app/out/vs/workbench/api/node/extensionHostProcess.js:171:6227)
	at MessagePortMain.emit (node:events:513:28)
	at MessagePortMain._internalPort.emit (node:electron/js2c/utility_init:2:367) setContext undefined
2024-02-07 21:41:34.139 [error] Canceled: Canceled
	at new g (/opt/visual-studio-code/resources/app/out/vs/workbench/api/node/extensionHostProcess.js:141:110274)
	at l.U (/opt/visual-studio-code/resources/app/out/vs/workbench/api/node/extensionHostProcess.js:150:10866)
	at P.<computed>.j.charCodeAt.P.<computed> (/opt/visual-studio-code/resources/app/out/vs/workbench/api/node/extensionHostProcess.js:150:8317)
	at d.g (/opt/visual-studio-code/resources/app/out/vs/workbench/api/node/extensionHostProcess.js:141:139555)
	at d.executeCommand (/opt/visual-studio-code/resources/app/out/vs/workbench/api/node/extensionHostProcess.js:141:138993)
	at p.registerCommand.description (/opt/visual-studio-code/resources/app/out/vs/workbench/api/node/extensionHostProcess.js:141:138317)
	at d.h (/opt/visual-studio-code/resources/app/out/vs/workbench/api/node/extensionHostProcess.js:141:140094)
	at d.g (/opt/visual-studio-code/resources/app/out/vs/workbench/api/node/extensionHostProcess.js:141:139086)
	at d.executeCommand (/opt/visual-studio-code/resources/app/out/vs/workbench/api/node/extensionHostProcess.js:141:138993)
	at Object.executeCommand (/opt/visual-studio-code/resources/app/out/vs/workbench/api/node/extensionHostProcess.js:158:21333)
	at set b [as b] (/opt/visual-studio-code/resources/app/extensions/github/dist/extension.js:2:322364)
	at /opt/visual-studio-code/resources/app/extensions/github/dist/extension.js:2:323005
	at f.value (/opt/visual-studio-code/resources/app/extensions/git/dist/main.js:2:1016450)
	at n.y (/opt/visual-studio-code/resources/app/out/vs/workbench/api/node/extensionHostProcess.js:80:1902)
	at n.z (/opt/visual-studio-code/resources/app/out/vs/workbench/api/node/extensionHostProcess.js:80:1972)
	at n.fire (/opt/visual-studio-code/resources/app/out/vs/workbench/api/node/extensionHostProcess.js:80:2188)
	at Object.m [as dispose] (/opt/visual-studio-code/resources/app/extensions/git/dist/main.js:2:940613)
	at /opt/visual-studio-code/resources/app/extensions/git/dist/main.js:2:945566
	at Array.forEach (<anonymous>)
	at p.dispose (/opt/visual-studio-code/resources/app/extensions/git/dist/main.js:2:945552)
	at u.<anonymous> (/opt/visual-studio-code/resources/app/out/vs/workbench/api/node/extensionHostProcess.js:137:3620)
	at u.dispose (/opt/visual-studio-code/resources/app/out/vs/workbench/api/node/extensionHostProcess.js:137:3717)
	at u.<anonymous> (/opt/visual-studio-code/resources/app/extensions/git/dist/main.js:2:926708)
	at u.dispose (/opt/visual-studio-code/resources/app/out/vs/workbench/api/node/extensionHostProcess.js:137:3717)
	at s (/opt/visual-studio-code/resources/app/out/vs/workbench/api/node/extensionHostProcess.js:30:754)
	at f.cb (/opt/visual-studio-code/resources/app/out/vs/workbench/api/node/extensionHostProcess.js:154:9873)
	at /opt/visual-studio-code/resources/app/out/vs/workbench/api/node/extensionHostProcess.js:154:7808
	at Array.map (<anonymous>)
	at f.Y (/opt/visual-studio-code/resources/app/out/vs/workbench/api/node/extensionHostProcess.js:154:7795)
	at f.terminate (/opt/visual-studio-code/resources/app/out/vs/workbench/api/node/extensionHostProcess.js:154:8068)
	at s.terminate (/opt/visual-studio-code/resources/app/out/vs/workbench/api/node/extensionHostProcess.js:158:1513)
	at a (/opt/visual-studio-code/resources/app/out/vs/workbench/api/node/extensionHostProcess.js:171:9802)
	at MessagePortMain.<anonymous> (/opt/visual-studio-code/resources/app/out/vs/workbench/api/node/extensionHostProcess.js:171:6227)
	at MessagePortMain.emit (node:events:513:28)
	at MessagePortMain._internalPort.emit (node:electron/js2c/utility_init:2:367) setContext undefined
2024-02-07 21:41:34.163 [info] Extension host with pid 5652 exiting with code 0
