2024-03-28 00:17:03.392 [info] Added views:workbench.panel.output in workbench.panel.output
2024-03-28 00:17:03.392 [info] Added views:outline in workbench.view.explorer
2024-03-28 00:17:03.392 [info] Added views:workbench.scm in workbench.view.scm
2024-03-28 00:17:03.392 [info] Added views:workbench.view.search in workbench.view.search
2024-03-28 00:17:03.392 [info] Added views:workbench.panel.markers.view in workbench.views.service.panel.376bba1c-2f96-4647-89f9-60d3eb38f2a8
2024-03-28 00:17:03.392 [info] Added views:terminal in workbench.views.service.panel.f0cf5a34-4cd3-4d8e-b46b-2fdf344ac1cb
2024-03-28 00:17:03.392 [info] Added views:workbench.explorer.emptyView in workbench.view.explorer
2024-03-28 00:17:03.974 [info] Added views:workbench.debug.variablesView,workbench.debug.watchExpressionsView,workbench.debug.callStackView,workbench.debug.breakPointsView in workbench.view.debug
2024-03-28 00:17:06.288 [info] Added views:workbench.panel.repl.view in workbench.panel.repl
2024-03-28 00:17:06.291 [info] Removed views:workbench.debug.breakPointsView,workbench.debug.callStackView,workbench.debug.watchExpressionsView,workbench.debug.variablesView from workbench.view.debug
2024-03-28 00:17:06.294 [info] Added views:workbench.debug.welcome in workbench.view.debug
2024-03-28 00:17:06.790 [info] Added views:~remote.forwardedPorts in ~remote.forwardedPortsContainer
2024-03-28 00:17:36.414 [info] Added views:workbench.panel.output in workbench.panel.output
2024-03-28 00:17:36.414 [info] Added views:outline in workbench.view.explorer
2024-03-28 00:17:36.414 [info] Added views:workbench.scm in workbench.view.scm
2024-03-28 00:17:36.414 [info] Added views:workbench.view.search in workbench.view.search
2024-03-28 00:17:36.414 [info] Added views:workbench.panel.markers.view in workbench.views.service.panel.376bba1c-2f96-4647-89f9-60d3eb38f2a8
2024-03-28 00:17:36.414 [info] Added views:terminal in workbench.views.service.panel.f0cf5a34-4cd3-4d8e-b46b-2fdf344ac1cb
2024-03-28 00:17:36.414 [info] Added views:workbench.explorer.fileView in workbench.view.explorer
2024-03-28 00:17:38.125 [info] Added views:workbench.debug.variablesView,workbench.debug.watchExpressionsView,workbench.debug.callStackView,workbench.debug.breakPointsView in workbench.view.debug
2024-03-28 00:17:38.213 [info] Added views:workbench.panel.repl.view in workbench.panel.repl
2024-03-28 00:17:38.217 [info] Removed views:workbench.debug.breakPointsView,workbench.debug.callStackView,workbench.debug.watchExpressionsView,workbench.debug.variablesView from workbench.view.debug
2024-03-28 00:17:38.218 [info] Added views:workbench.debug.welcome in workbench.view.debug
2024-03-28 00:17:38.493 [info] Added views:~remote.forwardedPorts in ~remote.forwardedPortsContainer
2024-03-28 00:20:10.916 [info] Added views:jupyterViewVariables,cell-tag in workbench.view.extension.jupyter-variables
2024-03-28 00:20:40.918 [info] Added views:workbench.view.testing in workbench.view.extension.test
2024-03-28 02:20:13.093 [info] Removed views:workbench.view.testing from workbench.view.extension.test
