2024-02-07 14:59:00.218 [warning] Via 'product.json#extensionEnabledApiProposals' extension 'ms-python.python' wants API proposal 'registerIssueDataProvider' but that proposal DOES NOT EXIST. Likely, the proposal has been finalized (check 'vscode.d.ts') or was abandoned.
2024-02-07 14:59:01.907 [info] Started local extension host with pid 5652.
2024-02-07 14:59:09.907 [info] Extension host (LocalProcess pid: 5652) is unresponsive.
2024-02-07 14:59:10.904 [info] [perf] Render performance baseline is 60ms
2024-02-07 14:59:12.241 [info] Extension host (LocalProcess pid: 5652) is responsive.
2024-02-07 15:40:27.122 [error] Cannot read properties of undefined (reading 'slice'): TypeError: Cannot read properties of undefined (reading 'slice')
	at insertCursor (/home/chris/.vscode/extensions/james-yu.latex-workshop-9.18.0/out/src/preview/math/mathpreviewlib/cursorrenderer.js:64:57)
	at async Object.onTeX (/home/chris/.vscode/extensions/james-yu.latex-workshop-9.18.0/out/src/preview/math.js:67:13)
	at async HoverProvider.provideHover (/home/chris/.vscode/extensions/james-yu.latex-workshop-9.18.0/out/src/preview/hover.js:42:31)
	at async p.provideHover (/opt/visual-studio-code/resources/app/out/vs/workbench/api/node/extensionHostProcess.js:143:42365)
2024-02-07 16:59:32.148 [error] Illegal value for lineNumber: Error: Illegal value for lineNumber
    at q.getLineContent (vscode-file://vscode-app/opt/visual-studio-code/resources/app/out/vs/workbench/workbench.desktop.main.js:730:4396)
    at o.update (vscode-file://vscode-app/opt/visual-studio-code/resources/app/out/vs/workbench/workbench.desktop.main.js:681:81713)
    at P.w (vscode-file://vscode-app/opt/visual-studio-code/resources/app/out/vs/workbench/workbench.desktop.main.js:744:53935)
2024-02-07 21:05:19.451 [error] Cannot read properties of undefined (reading 'slice'): TypeError: Cannot read properties of undefined (reading 'slice')
	at insertCursor (/home/chris/.vscode/extensions/james-yu.latex-workshop-9.18.0/out/src/preview/math/mathpreviewlib/cursorrenderer.js:64:57)
	at async Object.onTeX (/home/chris/.vscode/extensions/james-yu.latex-workshop-9.18.0/out/src/preview/math.js:67:13)
	at async HoverProvider.provideHover (/home/chris/.vscode/extensions/james-yu.latex-workshop-9.18.0/out/src/preview/hover.js:42:31)
	at async p.provideHover (/opt/visual-studio-code/resources/app/out/vs/workbench/api/node/extensionHostProcess.js:143:42365)
2024-02-07 21:05:20.162 [error] Cannot read properties of undefined (reading 'slice'): TypeError: Cannot read properties of undefined (reading 'slice')
	at insertCursor (/home/chris/.vscode/extensions/james-yu.latex-workshop-9.18.0/out/src/preview/math/mathpreviewlib/cursorrenderer.js:64:57)
2024-02-07 21:23:11.997 [error] Cannot read properties of undefined (reading 'slice'): TypeError: Cannot read properties of undefined (reading 'slice')
	at insertCursor (/home/chris/.vscode/extensions/james-yu.latex-workshop-9.18.0/out/src/preview/math/mathpreviewlib/cursorrenderer.js:64:57)
	at async Object.onTeX (/home/chris/.vscode/extensions/james-yu.latex-workshop-9.18.0/out/src/preview/math.js:67:13)
	at async HoverProvider.provideHover (/home/chris/.vscode/extensions/james-yu.latex-workshop-9.18.0/out/src/preview/hover.js:42:31)
	at async p.provideHover (/opt/visual-studio-code/resources/app/out/vs/workbench/api/node/extensionHostProcess.js:143:42365)
2024-02-07 21:23:13.907 [error] Cannot read properties of undefined (reading 'slice'): TypeError: Cannot read properties of undefined (reading 'slice')
	at insertCursor (/home/chris/.vscode/extensions/james-yu.latex-workshop-9.18.0/out/src/preview/math/mathpreviewlib/cursorrenderer.js:64:57)
	at async Object.onTeX (/home/chris/.vscode/extensions/james-yu.latex-workshop-9.18.0/out/src/preview/math.js:67:13)
	at async HoverProvider.provideHover (/home/chris/.vscode/extensions/james-yu.latex-workshop-9.18.0/out/src/preview/hover.js:42:31)
	at async p.provideHover (/opt/visual-studio-code/resources/app/out/vs/workbench/api/node/extensionHostProcess.js:143:42365)
2024-02-07 21:23:16.029 [error] Cannot read properties of undefined (reading 'slice'): TypeError: Cannot read properties of undefined (reading 'slice')
	at insertCursor (/home/chris/.vscode/extensions/james-yu.latex-workshop-9.18.0/out/src/preview/math/mathpreviewlib/cursorrenderer.js:64:57)
