2024-03-23 13:44:53.585 [info] Log level: Info
2024-03-23 13:44:53.585 [info] Validating found git in: "git"
2024-03-23 13:44:53.585 [info] Using git "2.44.0" from "git"
2024-03-23 13:44:53.585 [info] > git rev-parse --show-toplevel [21ms]
2024-03-23 13:44:53.585 [info] fatal: not a git repository (or any of the parent directories): .git
2024-03-23 13:44:53.585 [info] > git rev-parse --show-toplevel [33ms]
2024-03-23 13:44:53.585 [info] fatal: not a git repository (or any of the parent directories): .git
2024-03-23 13:44:53.585 [info] > git rev-parse --show-toplevel [15ms]
2024-03-23 13:44:53.585 [info] fatal: not a git repository (or any of the parent directories): .git
2024-03-23 13:44:53.852 [info] > git rev-parse --show-toplevel [221ms]
2024-03-23 13:44:53.852 [info] fatal: not a git repository (or any of the parent directories): .git
2024-03-23 13:44:53.893 [info] > git rev-parse --show-toplevel [4ms]
2024-03-23 13:44:53.895 [info] fatal: not a git repository (or any of the parent directories): .git
2024-03-23 13:44:53.983 [info] > git rev-parse --show-toplevel [56ms]
2024-03-23 13:44:53.983 [info] fatal: not a git repository (or any of the parent directories): .git
2024-03-23 13:44:54.039 [info] > git rev-parse --show-toplevel [12ms]
2024-03-23 13:44:54.039 [info] fatal: not a git repository (or any of the parent directories): .git
2024-03-23 13:44:54.111 [info] > git rev-parse --show-toplevel [14ms]
2024-03-23 13:44:54.111 [info] fatal: not a git repository (or any of the parent directories): .git
2024-03-23 13:44:54.204 [info] > git rev-parse --show-toplevel [18ms]
2024-03-23 13:44:54.204 [info] fatal: not a git repository (or any of the parent directories): .git
2024-03-23 13:44:54.249 [info] > git rev-parse --show-toplevel [11ms]
2024-03-23 13:44:54.252 [info] fatal: not a git repository (or any of the parent directories): .git
2024-03-23 13:44:54.354 [info] > git rev-parse --show-toplevel [16ms]
2024-03-23 13:44:54.355 [info] fatal: not a git repository (or any of the parent directories): .git
2024-03-23 13:44:54.525 [info] > git rev-parse --show-toplevel [112ms]
2024-03-23 13:44:54.527 [info] fatal: not a git repository (or any of the parent directories): .git
2024-03-23 13:44:54.595 [info] > git rev-parse --show-toplevel [14ms]
2024-03-23 13:44:54.595 [info] fatal: not a git repository (or any of the parent directories): .git
2024-03-23 13:44:54.637 [info] > git rev-parse --show-toplevel [6ms]
2024-03-23 13:44:54.637 [info] fatal: not a git repository (or any of the parent directories): .git
2024-03-23 13:44:54.691 [info] > git rev-parse --show-toplevel [6ms]
2024-03-23 13:44:54.691 [info] fatal: not a git repository (or any of the parent directories): .git
2024-03-23 13:44:54.732 [info] > git rev-parse --show-toplevel [8ms]
2024-03-23 13:44:54.732 [info] fatal: not a git repository (or any of the parent directories): .git
