2024-03-24 19:15:53.987 [info] Added views:workbench.panel.output in workbench.panel.output
2024-03-24 19:15:53.988 [info] Added views:outline in workbench.view.explorer
2024-03-24 19:15:53.988 [info] Added views:workbench.scm in workbench.view.scm
2024-03-24 19:15:53.988 [info] Added views:workbench.view.search in workbench.view.search
2024-03-24 19:15:53.988 [info] Added views:workbench.panel.markers.view in workbench.views.service.panel.376bba1c-2f96-4647-89f9-60d3eb38f2a8
2024-03-24 19:15:53.988 [info] Added views:terminal in workbench.views.service.panel.f0cf5a34-4cd3-4d8e-b46b-2fdf344ac1cb
2024-03-24 19:15:53.988 [info] Added views:workbench.explorer.emptyView in workbench.view.explorer
2024-03-24 19:15:54.805 [info] Added views:workbench.debug.variablesView,workbench.debug.watchExpressionsView,workbench.debug.callStackView,workbench.debug.breakPointsView in workbench.view.debug
2024-03-24 19:15:58.072 [info] Added views:workbench.panel.repl.view in workbench.panel.repl
2024-03-24 19:15:58.078 [info] Removed views:workbench.debug.breakPointsView,workbench.debug.callStackView,workbench.debug.watchExpressionsView,workbench.debug.variablesView from workbench.view.debug
2024-03-24 19:15:58.080 [info] Added views:workbench.debug.welcome in workbench.view.debug
2024-03-24 19:16:01.676 [info] Added views:~remote.forwardedPorts in ~remote.forwardedPortsContainer
2024-03-24 19:16:40.710 [info] Added views:workbench.views.extensions.installed,workbench.views.extensions.popular,extensions.recommendedList in workbench.view.extensions
2024-03-24 19:16:40.717 [info] Removed views:workbench.views.extensions.popular from workbench.view.extensions
2024-03-24 19:16:43.103 [info] Removed views:extensions.recommendedList,workbench.views.extensions.installed from workbench.view.extensions
2024-03-24 19:16:43.131 [info] Added views:workbench.views.extensions.marketplace in workbench.view.extensions
2024-03-24 19:23:54.118 [info] Added views:workbench.panel.output in workbench.panel.output
2024-03-24 19:23:54.121 [info] Added views:outline in workbench.view.explorer
2024-03-24 19:23:54.121 [info] Added views:workbench.scm in workbench.view.scm
2024-03-24 19:23:54.121 [info] Added views:workbench.view.search in workbench.view.search
2024-03-24 19:23:54.121 [info] Added views:workbench.panel.markers.view in workbench.views.service.panel.376bba1c-2f96-4647-89f9-60d3eb38f2a8
2024-03-24 19:23:54.121 [info] Added views:terminal in workbench.views.service.panel.f0cf5a34-4cd3-4d8e-b46b-2fdf344ac1cb
2024-03-24 19:23:54.121 [info] Added views:workbench.explorer.fileView in workbench.view.explorer
2024-03-24 19:23:56.839 [info] Added views:workbench.debug.variablesView,workbench.debug.watchExpressionsView,workbench.debug.callStackView,workbench.debug.breakPointsView in workbench.view.debug
2024-03-24 19:23:57.081 [info] Added views:workbench.panel.repl.view in workbench.panel.repl
2024-03-24 19:23:57.084 [info] Removed views:workbench.debug.breakPointsView,workbench.debug.callStackView,workbench.debug.watchExpressionsView,workbench.debug.variablesView from workbench.view.debug
2024-03-24 19:23:57.088 [info] Added views:workbench.debug.welcome in workbench.view.debug
2024-03-24 19:23:59.538 [info] Added views:~remote.forwardedPorts in ~remote.forwardedPortsContainer
2024-03-24 19:27:28.789 [info] Added views:latex-workshop-structure in workbench.views.service.sidebar.1f8dcf7b-ddd1-4600-96d3-f76df3e48165
2024-03-24 19:27:28.811 [info] Added views:latex-workshop-commands,latex-workshop-snippet-view in workbench.views.service.sidebar.bdb1b10b-2470-4c49-8536-f79c0cab8db6
