2024-02-06 14:47:35.314 [info] Log level: Info
2024-02-06 14:47:35.314 [info] Validating found git in: "git"
2024-02-06 14:47:35.850 [info] Using git "2.43.0" from "git"
2024-02-06 14:47:36.045 [info] > git rev-parse --show-toplevel [85ms]
2024-02-06 14:47:37.566 [info] > git rev-parse --git-dir --git-common-dir [225ms]
2024-02-06 14:47:37.682 [info] Open repository: /mnt/Mis archivos/Google Drive/Tesis pregrado/bachelor-thesis
2024-02-06 14:47:38.478 [info] > git rev-parse --show-toplevel [661ms]
2024-02-06 14:47:38.480 [info] > git config --get commit.template [720ms]
2024-02-06 14:47:38.570 [info] > git rev-parse --show-toplevel [48ms]
2024-02-06 14:47:38.604 [info] > git rev-parse --show-toplevel [5ms]
2024-02-06 14:47:38.856 [info] > git rev-parse --show-toplevel [164ms]
2024-02-06 14:47:38.889 [info] > git rev-parse --show-toplevel [8ms]
2024-02-06 14:47:38.918 [info] > git for-each-ref --format=%(refname)%00%(upstream:short)%00%(objectname)%00%(upstream:track)%00%(upstream:remotename)%00%(upstream:remoteref) refs/heads/main refs/remotes/main [351ms]
2024-02-06 14:47:38.921 [info] > git rev-parse --show-toplevel [6ms]
2024-02-06 14:47:39.060 [info] > git rev-parse --show-toplevel [107ms]
2024-02-06 14:47:39.138 [info] > git status -z -uall [143ms]
2024-02-06 14:47:39.138 [info] > git check-ignore -v -z --stdin [83ms]
2024-02-06 14:47:39.144 [info] > git show --textconv :sources/chap03.tex [48ms]
2024-02-06 14:47:39.144 [info] > git ls-files --stage -- /mnt/Mis archivos/Google Drive/Tesis pregrado/bachelor-thesis/sources/chap03.tex [19ms]
2024-02-06 14:47:39.223 [info] > git cat-file -s 9a70488f56e92eb9b131ad84b7d1c6f295655b3e [52ms]
2024-02-06 14:47:39.307 [info] > git config --get commit.template [84ms]
2024-02-06 14:47:39.509 [info] > git for-each-ref --format=%(refname)%00%(upstream:short)%00%(objectname)%00%(upstream:track)%00%(upstream:remotename)%00%(upstream:remoteref) refs/heads/main refs/remotes/main [170ms]
2024-02-06 14:47:39.945 [info] > git status -z -uall [47ms]
2024-02-06 15:12:44.564 [info] > git check-ignore -v -z --stdin [40ms]
2024-02-06 15:12:46.109 [info] > git show --textconv :bibliography.bib [139ms]
2024-02-06 15:12:46.112 [info] > git ls-files --stage -- /mnt/Mis archivos/Google Drive/Tesis pregrado/bachelor-thesis/bibliography.bib [53ms]
2024-02-06 15:12:46.147 [info] > git cat-file -s daab818a0c8eebc8cb5cd846d8f691f0db60fe60 [7ms]
2024-02-06 15:12:49.909 [info] > git config --get commit.template [30ms]
2024-02-06 15:12:49.916 [info] > git for-each-ref --format=%(refname)%00%(upstream:short)%00%(objectname)%00%(upstream:track)%00%(upstream:remotename)%00%(upstream:remoteref) refs/heads/main refs/remotes/main [10ms]
2024-02-06 15:12:50.253 [info] > git status -z -uall [308ms]
2024-02-06 15:18:13.105 [info] > git config --get commit.template [127ms]
2024-02-06 15:18:13.265 [info] > git for-each-ref --format=%(refname)%00%(upstream:short)%00%(objectname)%00%(upstream:track)%00%(upstream:remotename)%00%(upstream:remoteref) refs/heads/main refs/remotes/main [168ms]
2024-02-06 15:18:13.435 [info] > git status -z -uall [128ms]
2024-02-06 15:18:18.522 [info] > git config --get commit.template [30ms]
2024-02-06 15:18:18.573 [info] > git for-each-ref --format=%(refname)%00%(upstream:short)%00%(objectname)%00%(upstream:track)%00%(upstream:remotename)%00%(upstream:remoteref) refs/heads/main refs/remotes/main [53ms]
2024-02-06 15:18:18.691 [info] > git status -z -uall [79ms]
2024-02-06 15:18:23.772 [info] > git config --get commit.template [39ms]
2024-02-06 15:18:23.783 [info] > git for-each-ref --format=%(refname)%00%(upstream:short)%00%(objectname)%00%(upstream:track)%00%(upstream:remotename)%00%(upstream:remoteref) refs/heads/main refs/remotes/main [12ms]
2024-02-06 15:18:23.830 [info] > git status -z -uall [18ms]
2024-02-06 15:20:22.209 [info] > git config --get commit.template [48ms]
2024-02-06 15:20:22.247 [info] > git for-each-ref --format=%(refname)%00%(upstream:short)%00%(objectname)%00%(upstream:track)%00%(upstream:remotename)%00%(upstream:remoteref) refs/heads/main refs/remotes/main [39ms]
2024-02-06 15:20:22.301 [info] > git status -z -uall [28ms]
2024-02-06 15:20:30.698 [info] > git config --get commit.template [26ms]
2024-02-06 15:20:30.704 [info] > git for-each-ref --format=%(refname)%00%(upstream:short)%00%(objectname)%00%(upstream:track)%00%(upstream:remotename)%00%(upstream:remoteref) refs/heads/main refs/remotes/main [8ms]
2024-02-06 15:20:30.746 [info] > git status -z -uall [16ms]
2024-02-06 15:20:35.807 [info] > git config --get commit.template [25ms]
2024-02-06 15:20:35.814 [info] > git for-each-ref --format=%(refname)%00%(upstream:short)%00%(objectname)%00%(upstream:track)%00%(upstream:remotename)%00%(upstream:remoteref) refs/heads/main refs/remotes/main [8ms]
2024-02-06 15:20:35.854 [info] > git status -z -uall [16ms]
2024-02-06 15:20:40.915 [info] > git config --get commit.template [25ms]
2024-02-06 15:20:40.920 [info] > git for-each-ref --format=%(refname)%00%(upstream:short)%00%(objectname)%00%(upstream:track)%00%(upstream:remotename)%00%(upstream:remoteref) refs/heads/main refs/remotes/main [8ms]
2024-02-06 15:20:40.961 [info] > git status -z -uall [15ms]
2024-02-06 15:23:25.223 [info] > git config --get commit.template [27ms]
2024-02-06 15:23:25.230 [info] > git for-each-ref --format=%(refname)%00%(upstream:short)%00%(objectname)%00%(upstream:track)%00%(upstream:remotename)%00%(upstream:remoteref) refs/heads/main refs/remotes/main [8ms]
2024-02-06 15:23:25.271 [info] > git status -z -uall [15ms]
2024-02-06 15:23:30.338 [info] > git config --get commit.template [30ms]
2024-02-06 15:23:30.346 [info] > git for-each-ref --format=%(refname)%00%(upstream:short)%00%(objectname)%00%(upstream:track)%00%(upstream:remotename)%00%(upstream:remoteref) refs/heads/main refs/remotes/main [9ms]
2024-02-06 15:23:30.396 [info] > git status -z -uall [20ms]
2024-02-06 15:24:30.247 [info] > git show --textconv :sources/chap03.tex [54ms]
2024-02-06 15:24:30.253 [info] > git ls-files --stage -- /mnt/Mis archivos/Google Drive/Tesis pregrado/bachelor-thesis/sources/chap03.tex [9ms]
2024-02-06 15:24:30.293 [info] > git cat-file -s 9a70488f56e92eb9b131ad84b7d1c6f295655b3e [10ms]
2024-02-06 15:24:36.942 [info] > git check-ignore -v -z --stdin [7ms]
2024-02-06 15:24:37.833 [info] > git check-ignore -v -z --stdin [9ms]
2024-02-06 15:26:27.505 [info] > git config --get commit.template [47ms]
2024-02-06 15:26:27.534 [info] > git for-each-ref --format=%(refname)%00%(upstream:short)%00%(objectname)%00%(upstream:track)%00%(upstream:remotename)%00%(upstream:remoteref) refs/heads/main refs/remotes/main [33ms]
2024-02-06 15:26:27.642 [info] > git status -z -uall [73ms]
2024-02-06 15:26:27.643 [info] > git show --textconv :bibliography.bib [39ms]
2024-02-06 15:26:27.650 [info] > git ls-files --stage -- /mnt/Mis archivos/Google Drive/Tesis pregrado/bachelor-thesis/bibliography.bib [9ms]
2024-02-06 15:26:27.685 [info] > git cat-file -s daab818a0c8eebc8cb5cd846d8f691f0db60fe60 [7ms]
2024-02-06 15:26:41.969 [info] > git config --get commit.template [26ms]
2024-02-06 15:26:41.976 [info] > git for-each-ref --format=%(refname)%00%(upstream:short)%00%(objectname)%00%(upstream:track)%00%(upstream:remotename)%00%(upstream:remoteref) refs/heads/main refs/remotes/main [8ms]
2024-02-06 15:26:42.017 [info] > git status -z -uall [15ms]
2024-02-06 15:26:50.528 [info] > git config --get commit.template [32ms]
2024-02-06 15:26:50.537 [info] > git for-each-ref --format=%(refname)%00%(upstream:short)%00%(objectname)%00%(upstream:track)%00%(upstream:remotename)%00%(upstream:remoteref) refs/heads/main refs/remotes/main [10ms]
2024-02-06 15:26:50.579 [info] > git status -z -uall [16ms]
2024-02-06 16:11:38.938 [info] > git show --textconv :thesis.tex [34ms]
2024-02-06 16:11:38.982 [info] > git ls-files --stage -- /mnt/Mis archivos/Google Drive/Tesis pregrado/bachelor-thesis/thesis.tex [44ms]
2024-02-06 16:11:39.005 [info] > git cat-file -s 58ccc285ee317badc82bb58677a5ffa8ec3f6786 [3ms]
2024-02-06 16:11:39.991 [info] > git show --textconv :sources/chap03.tex [15ms]
2024-02-06 16:11:39.994 [info] > git ls-files --stage -- /mnt/Mis archivos/Google Drive/Tesis pregrado/bachelor-thesis/sources/chap03.tex [4ms]
2024-02-06 16:11:40.010 [info] > git cat-file -s 9a70488f56e92eb9b131ad84b7d1c6f295655b3e [3ms]
2024-02-06 16:11:41.911 [info] > git show --textconv :sources/chap02.tex [44ms]
2024-02-06 16:11:41.919 [info] > git ls-files --stage -- /mnt/Mis archivos/Google Drive/Tesis pregrado/bachelor-thesis/sources/chap02.tex [8ms]
2024-02-06 16:11:41.948 [info] > git cat-file -s fbb80b2f720b36c4ef152c3578762346a727e384 [6ms]
2024-02-06 16:50:19.858 [info] > git show --textconv :thesis.tex [16ms]
2024-02-06 16:50:19.861 [info] > git ls-files --stage -- /mnt/Mis archivos/Google Drive/Tesis pregrado/bachelor-thesis/thesis.tex [3ms]
2024-02-06 16:50:19.877 [info] > git cat-file -s 58ccc285ee317badc82bb58677a5ffa8ec3f6786 [3ms]
2024-02-06 16:50:25.098 [info] > git check-ignore -v -z --stdin [3ms]
2024-02-06 16:50:33.635 [info] > git check-ignore -v -z --stdin [8ms]
2024-02-06 16:50:41.175 [info] > git config --get commit.template [30ms]
2024-02-06 16:50:41.182 [info] > git for-each-ref --format=%(refname)%00%(upstream:short)%00%(objectname)%00%(upstream:track)%00%(upstream:remotename)%00%(upstream:remoteref) refs/heads/main refs/remotes/main [9ms]
2024-02-06 16:50:41.229 [info] > git status -z -uall [18ms]
2024-02-06 16:53:06.438 [info] > git check-ignore -v -z --stdin [14ms]
2024-02-06 16:53:15.022 [info] > git check-ignore -v -z --stdin [13ms]
2024-02-06 16:54:17.740 [info] > git config --get commit.template [45ms]
2024-02-06 16:54:17.785 [info] > git for-each-ref --format=%(refname)%00%(upstream:short)%00%(objectname)%00%(upstream:track)%00%(upstream:remotename)%00%(upstream:remoteref) refs/heads/main refs/remotes/main [50ms]
2024-02-06 16:54:17.823 [info] > git show --textconv :sources/chap03.tex [39ms]
2024-02-06 16:54:17.828 [info] > git ls-files --stage -- /mnt/Mis archivos/Google Drive/Tesis pregrado/bachelor-thesis/sources/chap03.tex [7ms]
2024-02-06 16:54:17.898 [info] > git cat-file -s 9a70488f56e92eb9b131ad84b7d1c6f295655b3e [36ms]
2024-02-06 16:54:17.921 [info] > git status -z -uall [26ms]
2024-02-06 16:54:27.234 [info] > git check-ignore -v -z --stdin [22ms]
2024-02-06 16:54:35.325 [info] > git config --get commit.template [32ms]
2024-02-06 16:54:35.333 [info] > git for-each-ref --format=%(refname)%00%(upstream:short)%00%(objectname)%00%(upstream:track)%00%(upstream:remotename)%00%(upstream:remoteref) refs/heads/main refs/remotes/main [10ms]
2024-02-06 16:54:35.379 [info] > git status -z -uall [17ms]
2024-02-06 16:54:47.899 [info] > git check-ignore -v -z --stdin [7ms]
2024-02-06 18:44:19.796 [info] > git config --get commit.template [105ms]
2024-02-06 18:44:20.490 [info] > git for-each-ref --format=%(refname)%00%(upstream:short)%00%(objectname)%00%(upstream:track)%00%(upstream:remotename)%00%(upstream:remoteref) refs/heads/main refs/remotes/main [939ms]
