2024-03-24 19:15:59.022 [info] Log level: Info
2024-03-24 19:15:59.022 [info] Validating found git in: "git"
2024-03-24 19:15:59.022 [info] Using git "2.44.0" from "git"
2024-03-24 19:16:03.406 [info] > git rev-parse --show-toplevel [4ms]
2024-03-24 19:16:03.406 [info] fatal: not a git repository (or any of the parent directories): .git
2024-03-24 19:16:35.879 [info] > git rev-parse --show-toplevel [19ms]
2024-03-24 19:16:35.879 [info] fatal: not a git repository (or any of the parent directories): .git
2024-03-24 19:16:51.932 [info] > git rev-parse --show-toplevel [12ms]
2024-03-24 19:16:51.932 [info] fatal: not a git repository (or any of the parent directories): .git
2024-03-24 19:23:57.906 [info] Log level: Info
2024-03-24 19:23:57.906 [info] Validating found git in: "git"
2024-03-24 19:23:57.906 [info] Using git "2.44.0" from "git"
2024-03-24 19:23:57.906 [info] > git rev-parse --show-toplevel [36ms]
2024-03-24 19:23:57.906 [info] fatal: not a git repository (or any parent up to mount point /mnt)
Stopping at filesystem boundary (GIT_DISCOVERY_ACROSS_FILESYSTEM not set).
2024-03-24 19:23:58.253 [info] > git rev-parse --show-toplevel [313ms]
2024-03-24 19:23:58.253 [info] fatal: not a git repository (or any parent up to mount point /mnt)
Stopping at filesystem boundary (GIT_DISCOVERY_ACROSS_FILESYSTEM not set).
2024-03-24 19:23:59.558 [info] > git rev-parse --show-toplevel [4ms]
2024-03-24 19:23:59.559 [info] fatal: not a git repository (or any parent up to mount point /mnt)
Stopping at filesystem boundary (GIT_DISCOVERY_ACROSS_FILESYSTEM not set).
2024-03-24 19:24:00.011 [info] > git rev-parse --show-toplevel [8ms]
2024-03-24 19:24:00.011 [info] fatal: not a git repository (or any parent up to mount point /mnt)
Stopping at filesystem boundary (GIT_DISCOVERY_ACROSS_FILESYSTEM not set).
2024-03-24 19:24:05.773 [info] > git rev-parse --show-toplevel [7ms]
2024-03-24 19:24:05.773 [info] fatal: not a git repository (or any of the parent directories): .git
2024-03-24 19:27:26.861 [info] > git rev-parse --show-toplevel [5ms]
2024-03-24 19:27:26.861 [info] fatal: not a git repository (or any parent up to mount point /mnt)
Stopping at filesystem boundary (GIT_DISCOVERY_ACROSS_FILESYSTEM not set).
2024-03-24 19:30:48.176 [info] > git rev-parse --show-toplevel [2ms]
2024-03-24 19:30:48.176 [info] fatal: not a git repository (or any of the parent directories): .git
2024-03-24 19:30:51.770 [info] > git rev-parse --show-toplevel [4ms]
2024-03-24 19:30:51.770 [info] fatal: not a git repository (or any parent up to mount point /mnt)
Stopping at filesystem boundary (GIT_DISCOVERY_ACROSS_FILESYSTEM not set).
2024-03-24 19:33:54.046 [info] > git rev-parse --show-toplevel [2ms]
2024-03-24 19:33:54.046 [info] fatal: not a git repository (or any of the parent directories): .git
2024-03-24 19:34:02.003 [info] > git rev-parse --show-toplevel [2ms]
2024-03-24 19:34:02.003 [info] fatal: not a git repository (or any parent up to mount point /mnt)
Stopping at filesystem boundary (GIT_DISCOVERY_ACROSS_FILESYSTEM not set).
2024-03-24 19:39:42.551 [info] > git rev-parse --show-toplevel [2ms]
2024-03-24 19:39:42.551 [info] fatal: not a git repository (or any of the parent directories): .git
2024-03-24 19:40:13.584 [info] > git rev-parse --show-toplevel [3ms]
2024-03-24 19:40:13.584 [info] fatal: not a git repository (or any parent up to mount point /mnt)
Stopping at filesystem boundary (GIT_DISCOVERY_ACROSS_FILESYSTEM not set).
2024-03-24 19:40:48.307 [info] > git rev-parse --show-toplevel [2ms]
2024-03-24 19:40:48.307 [info] fatal: not a git repository (or any of the parent directories): .git
2024-03-24 19:40:55.406 [info] > git rev-parse --show-toplevel [3ms]
2024-03-24 19:40:55.406 [info] fatal: not a git repository (or any parent up to mount point /mnt)
Stopping at filesystem boundary (GIT_DISCOVERY_ACROSS_FILESYSTEM not set).
2024-03-24 19:47:50.699 [info] > git rev-parse --show-toplevel [6ms]
2024-03-24 19:47:50.702 [info] fatal: not a git repository (or any of the parent directories): .git
2024-03-24 19:48:47.787 [info] > git rev-parse --show-toplevel [3ms]
2024-03-24 19:48:47.787 [info] fatal: not a git repository (or any parent up to mount point /mnt)
Stopping at filesystem boundary (GIT_DISCOVERY_ACROSS_FILESYSTEM not set).
2024-03-24 19:48:51.373 [info] > git rev-parse --show-toplevel [3ms]
2024-03-24 19:48:51.373 [info] fatal: not a git repository (or any parent up to mount point /mnt)
Stopping at filesystem boundary (GIT_DISCOVERY_ACROSS_FILESYSTEM not set).
2024-03-24 19:48:52.007 [info] > git rev-parse --show-toplevel [3ms]
2024-03-24 19:48:52.007 [info] fatal: not a git repository (or any parent up to mount point /mnt)
Stopping at filesystem boundary (GIT_DISCOVERY_ACROSS_FILESYSTEM not set).
2024-03-24 19:48:56.919 [info] > git rev-parse --show-toplevel [3ms]
2024-03-24 19:48:56.919 [info] fatal: not a git repository (or any parent up to mount point /mnt)
Stopping at filesystem boundary (GIT_DISCOVERY_ACROSS_FILESYSTEM not set).
2024-03-24 19:48:58.965 [info] > git rev-parse --show-toplevel [2ms]
2024-03-24 19:48:58.965 [info] fatal: not a git repository (or any parent up to mount point /mnt)
Stopping at filesystem boundary (GIT_DISCOVERY_ACROSS_FILESYSTEM not set).
2024-03-24 19:52:46.893 [info] > git rev-parse --show-toplevel [3ms]
2024-03-24 19:52:46.893 [info] fatal: not a git repository (or any parent up to mount point /mnt)
Stopping at filesystem boundary (GIT_DISCOVERY_ACROSS_FILESYSTEM not set).
2024-03-24 19:53:09.235 [info] > git rev-parse --show-toplevel [3ms]
2024-03-24 19:53:09.235 [info] fatal: not a git repository (or any parent up to mount point /mnt)
Stopping at filesystem boundary (GIT_DISCOVERY_ACROSS_FILESYSTEM not set).
2024-03-24 19:54:09.179 [info] > git rev-parse --show-toplevel [7ms]
2024-03-24 19:54:09.179 [info] fatal: not a git repository (or any of the parent directories): .git
2024-03-24 19:55:05.574 [info] > git rev-parse --show-toplevel [8ms]
2024-03-24 19:55:05.574 [info] fatal: not a git repository (or any parent up to mount point /mnt)
Stopping at filesystem boundary (GIT_DISCOVERY_ACROSS_FILESYSTEM not set).
2024-03-24 19:55:52.312 [info] > git rev-parse --show-toplevel [3ms]
2024-03-24 19:55:52.312 [info] fatal: not a git repository (or any of the parent directories): .git
2024-03-24 19:56:18.526 [info] > git rev-parse --show-toplevel [5ms]
2024-03-24 19:56:18.526 [info] fatal: not a git repository (or any parent up to mount point /mnt)
Stopping at filesystem boundary (GIT_DISCOVERY_ACROSS_FILESYSTEM not set).
2024-03-24 19:56:32.829 [info] > git rev-parse --show-toplevel [2ms]
2024-03-24 19:56:32.829 [info] fatal: not a git repository (or any parent up to mount point /mnt)
Stopping at filesystem boundary (GIT_DISCOVERY_ACROSS_FILESYSTEM not set).
2024-03-24 19:56:34.464 [info] > git rev-parse --show-toplevel [3ms]
2024-03-24 19:56:34.464 [info] fatal: not a git repository (or any parent up to mount point /mnt)
Stopping at filesystem boundary (GIT_DISCOVERY_ACROSS_FILESYSTEM not set).
2024-03-24 19:56:54.130 [info] > git rev-parse --show-toplevel [3ms]
2024-03-24 19:56:54.130 [info] fatal: not a git repository (or any of the parent directories): .git
2024-03-24 19:58:45.760 [info] > git rev-parse --show-toplevel [4ms]
2024-03-24 19:58:45.760 [info] fatal: not a git repository (or any parent up to mount point /mnt)
Stopping at filesystem boundary (GIT_DISCOVERY_ACROSS_FILESYSTEM not set).
2024-03-24 19:58:48.805 [info] > git rev-parse --show-toplevel [2ms]
2024-03-24 19:58:48.805 [info] fatal: not a git repository (or any of the parent directories): .git
2024-03-24 19:58:50.582 [info] > git rev-parse --show-toplevel [2ms]
2024-03-24 19:58:50.582 [info] fatal: not a git repository (or any parent up to mount point /mnt)
Stopping at filesystem boundary (GIT_DISCOVERY_ACROSS_FILESYSTEM not set).
2024-03-24 19:58:51.645 [info] > git rev-parse --show-toplevel [2ms]
2024-03-24 19:58:51.645 [info] fatal: not a git repository (or any of the parent directories): .git
2024-03-24 19:59:03.042 [info] > git rev-parse --show-toplevel [3ms]
2024-03-24 19:59:03.042 [info] fatal: not a git repository (or any parent up to mount point /mnt)
Stopping at filesystem boundary (GIT_DISCOVERY_ACROSS_FILESYSTEM not set).
2024-03-24 19:59:12.097 [info] > git rev-parse --show-toplevel [3ms]
2024-03-24 19:59:12.097 [info] fatal: not a git repository (or any parent up to mount point /mnt)
Stopping at filesystem boundary (GIT_DISCOVERY_ACROSS_FILESYSTEM not set).
2024-03-24 20:00:03.403 [info] > git rev-parse --show-toplevel [5ms]
2024-03-24 20:00:03.403 [info] fatal: not a git repository (or any of the parent directories): .git
2024-03-24 20:00:08.859 [info] > git rev-parse --show-toplevel [7ms]
2024-03-24 20:00:08.860 [info] fatal: not a git repository (or any parent up to mount point /mnt)
Stopping at filesystem boundary (GIT_DISCOVERY_ACROSS_FILESYSTEM not set).
